<?xml version="1.0" encoding="UTF-8"?>
<testsuite xmlns:xsi="http://www.w3.org/2001/XMLSchema-instance" xsi:noNamespaceSchemaLocation="https://maven.apache.org/surefire/maven-surefire-plugin/xsd/surefire-test-report-3.0.xsd" version="3.0" name="TestSuite" time="135.88" tests="4" errors="0" skipped="0" failures="0">
  <properties>
    <property name="sun.desktop" value="windows"/>
    <property name="awt.toolkit" value="sun.awt.windows.WToolkit"/>
    <property name="file.encoding.pkg" value="sun.io"/>
    <property name="java.specification.version" value="1.8"/>
    <property name="sun.cpu.isalist" value="amd64"/>
    <property name="sun.jnu.encoding" value="Cp1252"/>
    <property name="java.class.path" value="C:\Users\ANKIT\eclipse-workspace\AppiumFramework\target\test-classes;C:\Users\ANKIT\eclipse-workspace\AppiumFramework\target\classes;C:\Users\ANKIT\.m2\repository\junit\junit\4.11\junit-4.11.jar;C:\Users\ANKIT\.m2\repository\org\hamcrest\hamcrest-core\1.3\hamcrest-core-1.3.jar;C:\Users\ANKIT\.m2\repository\io\appium\java-client\7.5.1\java-client-7.5.1.jar;C:\Users\ANKIT\.m2\repository\org\seleniumhq\selenium\selenium-support\3.141.59\selenium-support-3.141.59.jar;C:\Users\ANKIT\.m2\repository\org\seleniumhq\selenium\selenium-api\3.141.59\selenium-api-3.141.59.jar;C:\Users\ANKIT\.m2\repository\com\google\code\gson\gson\2.8.6\gson-2.8.6.jar;C:\Users\ANKIT\.m2\repository\org\apache\httpcomponents\httpclient\4.5.13\httpclient-4.5.13.jar;C:\Users\ANKIT\.m2\repository\org\apache\httpcomponents\httpcore\4.4.13\httpcore-4.4.13.jar;C:\Users\ANKIT\.m2\repository\commons-codec\commons-codec\1.11\commons-codec-1.11.jar;C:\Users\ANKIT\.m2\repository\cglib\cglib\3.3.0\cglib-3.3.0.jar;C:\Users\ANKIT\.m2\repository\org\ow2\asm\asm\7.1\asm-7.1.jar;C:\Users\ANKIT\.m2\repository\org\springframework\spring-context\5.3.4\spring-context-5.3.4.jar;C:\Users\ANKIT\.m2\repository\org\springframework\spring-aop\5.3.4\spring-aop-5.3.4.jar;C:\Users\ANKIT\.m2\repository\org\springframework\spring-beans\5.3.4\spring-beans-5.3.4.jar;C:\Users\ANKIT\.m2\repository\org\springframework\spring-core\5.3.4\spring-core-5.3.4.jar;C:\Users\ANKIT\.m2\repository\org\springframework\spring-jcl\5.3.4\spring-jcl-5.3.4.jar;C:\Users\ANKIT\.m2\repository\org\springframework\spring-expression\5.3.4\spring-expression-5.3.4.jar;C:\Users\ANKIT\.m2\repository\org\aspectj\aspectjweaver\1.9.6\aspectjweaver-1.9.6.jar;C:\Users\ANKIT\.m2\repository\org\seleniumhq\selenium\selenium-java\3.141.59\selenium-java-3.141.59.jar;C:\Users\ANKIT\.m2\repository\org\seleniumhq\selenium\selenium-chrome-driver\3.141.59\selenium-chrome-driver-3.141.59.jar;C:\Users\ANKIT\.m2\repository\org\seleniumhq\selenium\selenium-edge-driver\3.141.59\selenium-edge-driver-3.141.59.jar;C:\Users\ANKIT\.m2\repository\org\seleniumhq\selenium\selenium-firefox-driver\3.141.59\selenium-firefox-driver-3.141.59.jar;C:\Users\ANKIT\.m2\repository\org\seleniumhq\selenium\selenium-ie-driver\3.141.59\selenium-ie-driver-3.141.59.jar;C:\Users\ANKIT\.m2\repository\org\seleniumhq\selenium\selenium-opera-driver\3.141.59\selenium-opera-driver-3.141.59.jar;C:\Users\ANKIT\.m2\repository\org\seleniumhq\selenium\selenium-remote-driver\3.141.59\selenium-remote-driver-3.141.59.jar;C:\Users\ANKIT\.m2\repository\org\seleniumhq\selenium\selenium-safari-driver\3.141.59\selenium-safari-driver-3.141.59.jar;C:\Users\ANKIT\.m2\repository\net\bytebuddy\byte-buddy\1.8.15\byte-buddy-1.8.15.jar;C:\Users\ANKIT\.m2\repository\org\apache\commons\commons-exec\1.3\commons-exec-1.3.jar;C:\Users\ANKIT\.m2\repository\com\google\guava\guava\25.0-jre\guava-25.0-jre.jar;C:\Users\ANKIT\.m2\repository\com\google\code\findbugs\jsr305\1.3.9\jsr305-1.3.9.jar;C:\Users\ANKIT\.m2\repository\org\checkerframework\checker-compat-qual\2.0.0\checker-compat-qual-2.0.0.jar;C:\Users\ANKIT\.m2\repository\com\google\errorprone\error_prone_annotations\2.1.3\error_prone_annotations-2.1.3.jar;C:\Users\ANKIT\.m2\repository\com\google\j2objc\j2objc-annotations\1.1\j2objc-annotations-1.1.jar;C:\Users\ANKIT\.m2\repository\org\codehaus\mojo\animal-sniffer-annotations\1.14\animal-sniffer-annotations-1.14.jar;C:\Users\ANKIT\.m2\repository\com\squareup\okhttp3\okhttp\3.11.0\okhttp-3.11.0.jar;C:\Users\ANKIT\.m2\repository\com\squareup\okio\okio\1.14.0\okio-1.14.0.jar;C:\Users\ANKIT\.m2\repository\org\testng\testng\7.4.0\testng-7.4.0.jar;C:\Users\ANKIT\.m2\repository\com\beust\jcommander\1.78\jcommander-1.78.jar;C:\Users\ANKIT\.m2\repository\org\webjars\jquery\3.5.1\jquery-3.5.1.jar;C:\Users\ANKIT\.m2\repository\org\slf4j\slf4j-simple\1.7.30\slf4j-simple-1.7.30.jar;C:\Users\ANKIT\.m2\repository\org\slf4j\slf4j-api\1.7.30\slf4j-api-1.7.30.jar;C:\Users\ANKIT\.m2\repository\org\apache\commons\commons-lang3\3.12.0\commons-lang3-3.12.0.jar;C:\Users\ANKIT\.m2\repository\commons-io\commons-io\2.8.0\commons-io-2.8.0.jar;C:\Users\ANKIT\.m2\repository\com\aventstack\extentreports\4.0.0\extentreports-4.0.0.jar;C:\Users\ANKIT\.m2\repository\org\freemarker\freemarker\2.3.23\freemarker-2.3.23.jar;C:\Users\ANKIT\.m2\repository\org\mongodb\mongodb-driver\3.3.0\mongodb-driver-3.3.0.jar;C:\Users\ANKIT\.m2\repository\org\mongodb\mongodb-driver-core\3.3.0\mongodb-driver-core-3.3.0.jar;C:\Users\ANKIT\.m2\repository\org\mongodb\bson\3.3.0\bson-3.3.0.jar;C:\Users\ANKIT\.m2\repository\org\apache\httpcomponents\httpmime\4.5.2\httpmime-4.5.2.jar;C:\Users\ANKIT\.m2\repository\commons-validator\commons-validator\1.7\commons-validator-1.7.jar;C:\Users\ANKIT\.m2\repository\commons-beanutils\commons-beanutils\1.9.4\commons-beanutils-1.9.4.jar;C:\Users\ANKIT\.m2\repository\commons-digester\commons-digester\2.1\commons-digester-2.1.jar;C:\Users\ANKIT\.m2\repository\commons-logging\commons-logging\1.2\commons-logging-1.2.jar;C:\Users\ANKIT\.m2\repository\commons-collections\commons-collections\3.2.2\commons-collections-3.2.2.jar;"/>
    <property name="java.vm.vendor" value="Oracle Corporation"/>
    <property name="sun.arch.data.model" value="64"/>
    <property name="user.variant" value=""/>
    <property name="java.vendor.url" value="http://java.oracle.com/"/>
    <property name="user.timezone" value="Asia/Calcutta"/>
    <property name="java.vm.specification.version" value="1.8"/>
    <property name="os.name" value="Windows 10"/>
    <property name="user.country" value="US"/>
    <property name="sun.java.launcher" value="SUN_STANDARD"/>
    <property name="sun.boot.library.path" value="C:\Program Files\Java\jdk1.8.0_161\jre\bin"/>
    <property name="sun.java.command" value="C:\Users\ANKIT\AppData\Local\Temp\surefire7871335400139715469\surefirebooter6516432560850875327.jar C:\Users\ANKIT\AppData\Local\Temp\surefire7871335400139715469 2021-04-28T13-47-50_312-jvmRun1 surefire8892326436877831665tmp surefire_07489316102839323567tmp"/>
    <property name="surefire.test.class.path" value="C:\Users\ANKIT\eclipse-workspace\AppiumFramework\target\test-classes;C:\Users\ANKIT\eclipse-workspace\AppiumFramework\target\classes;C:\Users\ANKIT\.m2\repository\junit\junit\4.11\junit-4.11.jar;C:\Users\ANKIT\.m2\repository\org\hamcrest\hamcrest-core\1.3\hamcrest-core-1.3.jar;C:\Users\ANKIT\.m2\repository\io\appium\java-client\7.5.1\java-client-7.5.1.jar;C:\Users\ANKIT\.m2\repository\org\seleniumhq\selenium\selenium-support\3.141.59\selenium-support-3.141.59.jar;C:\Users\ANKIT\.m2\repository\org\seleniumhq\selenium\selenium-api\3.141.59\selenium-api-3.141.59.jar;C:\Users\ANKIT\.m2\repository\com\google\code\gson\gson\2.8.6\gson-2.8.6.jar;C:\Users\ANKIT\.m2\repository\org\apache\httpcomponents\httpclient\4.5.13\httpclient-4.5.13.jar;C:\Users\ANKIT\.m2\repository\org\apache\httpcomponents\httpcore\4.4.13\httpcore-4.4.13.jar;C:\Users\ANKIT\.m2\repository\commons-codec\commons-codec\1.11\commons-codec-1.11.jar;C:\Users\ANKIT\.m2\repository\cglib\cglib\3.3.0\cglib-3.3.0.jar;C:\Users\ANKIT\.m2\repository\org\ow2\asm\asm\7.1\asm-7.1.jar;C:\Users\ANKIT\.m2\repository\org\springframework\spring-context\5.3.4\spring-context-5.3.4.jar;C:\Users\ANKIT\.m2\repository\org\springframework\spring-aop\5.3.4\spring-aop-5.3.4.jar;C:\Users\ANKIT\.m2\repository\org\springframework\spring-beans\5.3.4\spring-beans-5.3.4.jar;C:\Users\ANKIT\.m2\repository\org\springframework\spring-core\5.3.4\spring-core-5.3.4.jar;C:\Users\ANKIT\.m2\repository\org\springframework\spring-jcl\5.3.4\spring-jcl-5.3.4.jar;C:\Users\ANKIT\.m2\repository\org\springframework\spring-expression\5.3.4\spring-expression-5.3.4.jar;C:\Users\ANKIT\.m2\repository\org\aspectj\aspectjweaver\1.9.6\aspectjweaver-1.9.6.jar;C:\Users\ANKIT\.m2\repository\org\seleniumhq\selenium\selenium-java\3.141.59\selenium-java-3.141.59.jar;C:\Users\ANKIT\.m2\repository\org\seleniumhq\selenium\selenium-chrome-driver\3.141.59\selenium-chrome-driver-3.141.59.jar;C:\Users\ANKIT\.m2\repository\org\seleniumhq\selenium\selenium-edge-driver\3.141.59\selenium-edge-driver-3.141.59.jar;C:\Users\ANKIT\.m2\repository\org\seleniumhq\selenium\selenium-firefox-driver\3.141.59\selenium-firefox-driver-3.141.59.jar;C:\Users\ANKIT\.m2\repository\org\seleniumhq\selenium\selenium-ie-driver\3.141.59\selenium-ie-driver-3.141.59.jar;C:\Users\ANKIT\.m2\repository\org\seleniumhq\selenium\selenium-opera-driver\3.141.59\selenium-opera-driver-3.141.59.jar;C:\Users\ANKIT\.m2\repository\org\seleniumhq\selenium\selenium-remote-driver\3.141.59\selenium-remote-driver-3.141.59.jar;C:\Users\ANKIT\.m2\repository\org\seleniumhq\selenium\selenium-safari-driver\3.141.59\selenium-safari-driver-3.141.59.jar;C:\Users\ANKIT\.m2\repository\net\bytebuddy\byte-buddy\1.8.15\byte-buddy-1.8.15.jar;C:\Users\ANKIT\.m2\repository\org\apache\commons\commons-exec\1.3\commons-exec-1.3.jar;C:\Users\ANKIT\.m2\repository\com\google\guava\guava\25.0-jre\guava-25.0-jre.jar;C:\Users\ANKIT\.m2\repository\com\google\code\findbugs\jsr305\1.3.9\jsr305-1.3.9.jar;C:\Users\ANKIT\.m2\repository\org\checkerframework\checker-compat-qual\2.0.0\checker-compat-qual-2.0.0.jar;C:\Users\ANKIT\.m2\repository\com\google\errorprone\error_prone_annotations\2.1.3\error_prone_annotations-2.1.3.jar;C:\Users\ANKIT\.m2\repository\com\google\j2objc\j2objc-annotations\1.1\j2objc-annotations-1.1.jar;C:\Users\ANKIT\.m2\repository\org\codehaus\mojo\animal-sniffer-annotations\1.14\animal-sniffer-annotations-1.14.jar;C:\Users\ANKIT\.m2\repository\com\squareup\okhttp3\okhttp\3.11.0\okhttp-3.11.0.jar;C:\Users\ANKIT\.m2\repository\com\squareup\okio\okio\1.14.0\okio-1.14.0.jar;C:\Users\ANKIT\.m2\repository\org\testng\testng\7.4.0\testng-7.4.0.jar;C:\Users\ANKIT\.m2\repository\com\beust\jcommander\1.78\jcommander-1.78.jar;C:\Users\ANKIT\.m2\repository\org\webjars\jquery\3.5.1\jquery-3.5.1.jar;C:\Users\ANKIT\.m2\repository\org\slf4j\slf4j-simple\1.7.30\slf4j-simple-1.7.30.jar;C:\Users\ANKIT\.m2\repository\org\slf4j\slf4j-api\1.7.30\slf4j-api-1.7.30.jar;C:\Users\ANKIT\.m2\repository\org\apache\commons\commons-lang3\3.12.0\commons-lang3-3.12.0.jar;C:\Users\ANKIT\.m2\repository\commons-io\commons-io\2.8.0\commons-io-2.8.0.jar;C:\Users\ANKIT\.m2\repository\com\aventstack\extentreports\4.0.0\extentreports-4.0.0.jar;C:\Users\ANKIT\.m2\repository\org\freemarker\freemarker\2.3.23\freemarker-2.3.23.jar;C:\Users\ANKIT\.m2\repository\org\mongodb\mongodb-driver\3.3.0\mongodb-driver-3.3.0.jar;C:\Users\ANKIT\.m2\repository\org\mongodb\mongodb-driver-core\3.3.0\mongodb-driver-core-3.3.0.jar;C:\Users\ANKIT\.m2\repository\org\mongodb\bson\3.3.0\bson-3.3.0.jar;C:\Users\ANKIT\.m2\repository\org\apache\httpcomponents\httpmime\4.5.2\httpmime-4.5.2.jar;C:\Users\ANKIT\.m2\repository\commons-validator\commons-validator\1.7\commons-validator-1.7.jar;C:\Users\ANKIT\.m2\repository\commons-beanutils\commons-beanutils\1.9.4\commons-beanutils-1.9.4.jar;C:\Users\ANKIT\.m2\repository\commons-digester\commons-digester\2.1\commons-digester-2.1.jar;C:\Users\ANKIT\.m2\repository\commons-logging\commons-logging\1.2\commons-logging-1.2.jar;C:\Users\ANKIT\.m2\repository\commons-collections\commons-collections\3.2.2\commons-collections-3.2.2.jar;"/>
    <property name="sun.cpu.endian" value="little"/>
    <property name="user.home" value="C:\Users\ANKIT"/>
    <property name="user.language" value="en"/>
    <property name="java.specification.vendor" value="Oracle Corporation"/>
    <property name="java.home" value="C:\Program Files\Java\jdk1.8.0_161\jre"/>
    <property name="basedir" value="C:\Users\ANKIT\eclipse-workspace\AppiumFramework"/>
    <property name="file.separator" value="\"/>
    <property name="line.separator" value="&#10;"/>
    <property name="java.vm.specification.vendor" value="Oracle Corporation"/>
    <property name="java.specification.name" value="Java Platform API Specification"/>
    <property name="java.awt.graphicsenv" value="sun.awt.Win32GraphicsEnvironment"/>
    <property name="device" value="Android Device"/>
    <property name="surefire.real.class.path" value="C:\Users\ANKIT\AppData\Local\Temp\surefire7871335400139715469\surefirebooter6516432560850875327.jar"/>
    <property name="sun.boot.class.path" value="C:\Program Files\Java\jdk1.8.0_161\jre\lib\resources.jar;C:\Program Files\Java\jdk1.8.0_161\jre\lib\rt.jar;C:\Program Files\Java\jdk1.8.0_161\jre\lib\sunrsasign.jar;C:\Program Files\Java\jdk1.8.0_161\jre\lib\jsse.jar;C:\Program Files\Java\jdk1.8.0_161\jre\lib\jce.jar;C:\Program Files\Java\jdk1.8.0_161\jre\lib\charsets.jar;C:\Program Files\Java\jdk1.8.0_161\jre\lib\jfr.jar;C:\Program Files\Java\jdk1.8.0_161\jre\classes"/>
    <property name="user.script" value=""/>
    <property name="sun.management.compiler" value="HotSpot 64-Bit Tiered Compilers"/>
    <property name="java.runtime.version" value="1.8.0_161-b12"/>
    <property name="user.name" value="ANKIT"/>
    <property name="path.separator" value=";"/>
    <property name="os.version" value="10.0"/>
    <property name="java.endorsed.dirs" value="C:\Program Files\Java\jdk1.8.0_161\jre\lib\endorsed"/>
    <property name="java.runtime.name" value="Java(TM) SE Runtime Environment"/>
    <property name="file.encoding" value="Cp1252"/>
    <property name="java.vm.name" value="Java HotSpot(TM) 64-Bit Server VM"/>
    <property name="localRepository" value="C:\Users\ANKIT\.m2\repository"/>
    <property name="java.vendor.url.bug" value="http://bugreport.sun.com/bugreport/"/>
    <property name="java.io.tmpdir" value="C:\Users\ANKIT\AppData\Local\Temp\"/>
    <property name="java.version" value="1.8.0_161"/>
    <property name="user.dir" value="C:\Users\ANKIT\eclipse-workspace\AppiumFramework"/>
    <property name="os.arch" value="amd64"/>
    <property name="java.vm.specification.name" value="Java Virtual Machine Specification"/>
    <property name="java.awt.printerjob" value="sun.awt.windows.WPrinterJob"/>
    <property name="sun.os.patch.level" value=""/>
    <property name="java.library.path" value="C:\Program Files\Java\jdk1.8.0_161\jre\bin;C:\WINDOWS\Sun\Java\bin;C:\WINDOWS\system32;C:\WINDOWS;C:\Program Files\Microsoft MPI\Bin\;C:\oraclexe\app\oracle\product\11.2.0\server\bin;C:\ProgramData\Oracle\Java\javapath;C:\Windows\system32;C:\Windows;C:\Windows\System32\Wbem;C:\Windows\System32\WindowsPowerShell\v1.0\;C:\Program Files (x86)\NVIDIA Corporation\PhysX\Common;C:\WINDOWS\system32;C:\WINDOWS;C:\WINDOWS\System32\Wbem;C:\WINDOWS\System32\WindowsPowerShell\v1.0\;C:\Program Files\Git\cmd;C:\Program Files\Java\jdk1.8.0_161\bin;C:\WINDOWS\System32\OpenSSH\;C:\Program Files\MATLAB\MATLAB Production Server\R2015a\runtime\win64;C:\Program Files\MATLAB\MATLAB Production Server\R2015a\bin;C:\Program Files\MATLAB\MATLAB Production Server\R2015a\polyspace\bin;C:\Program Files (x86)\Microsoft SQL Server\100\Tools\Binn\;C:\Program Files\Microsoft SQL Server\100\Tools\Binn\;C:\Program Files\Microsoft SQL Server\100\DTS\Binn\;C:\Program Files\dotnet\;C:\Program Files\Microsoft SQL Server\130\Tools\Binn\;C:\Program Files\NVIDIA Corporation\NVIDIA NvDLISR;C:\WINDOWS\system32;C:\WINDOWS;C:\WINDOWS\System32\Wbem;C:\WINDOWS\System32\WindowsPowerShell\v1.0\;C:\WINDOWS\System32\OpenSSH\;C:\Users\ANKIT\Downloads\apache-maven-3.6.3-bin\apache-maven-3.6.3\bin;C:\Users\ANKIT\AppData\Local\Android\Sdk\tools\bin;C:\Users\ANKIT\AppData\Local\Android\Sdk\tools;C:\Users\ANKIT\AppData\Local\Android\Sdk\platform-tools;C:\Program Files\nodejs\;C:\Program Files\nodejs\node_modules\npm\bin;C:\Users\ANKIT\AppData\Local\Programs\Python\Python36\Scripts\;C:\Users\ANKIT\AppData\Local\Programs\Python\Python36\;C:\Users\ANKIT\AppData\Local\Microsoft\WindowsApps;C:\Users\ANKIT\AppData\Local\Programs\Microsoft VS Code\bin;C:\Users\ANKIT\AppData\Roaming\npm;."/>
    <property name="java.vm.info" value="mixed mode"/>
    <property name="java.vendor" value="Oracle Corporation"/>
    <property name="java.vm.version" value="25.161-b12"/>
    <property name="java.ext.dirs" value="C:\Program Files\Java\jdk1.8.0_161\jre\lib\ext;C:\WINDOWS\Sun\Java\lib\ext"/>
    <property name="sun.io.unicode.encoding" value="UnicodeLittle"/>
    <property name="java.class.version" value="52.0"/>
  </properties>
  <testcase name="VerifyCartTotal" classname="MobileAutomation.AppiumFramework.Ecommerce_TC" time="49.431">
    <system-out><![CDATA[&amp#27;[35m[Appium]&amp#27;[39m Welcome to Appium v1.20.2
&amp#27;[35m[Appium]&amp#27;[39m Appium REST http interface listener started on 0.0.0.0:4723
&amp#27;[35m[HTTP]&amp#27;[39m &amp#27;[37m-->&amp#27;[39m &amp#27;[37mGET&amp#27;[39m &amp#27;[37m/wd/hub/status&amp#27;[39m
&amp#27;[35m[HTTP]&amp#27;[39m &amp#27;[90m{}&amp#27;[39m
[debug] &amp#27;[35m[GENERIC]&amp#27;[39m Calling AppiumDriver.getStatus() with args: []
[debug] &amp#27;[35m[GENERIC]&amp#27;[39m Responding to client with driver.getStatus() result: {"build":{"version":"1.20.2"}}
&amp#27;[35m[HTTP]&amp#27;[39m &amp#27;[37m<-- GET /wd/hub/status &amp#27;[39m&amp#27;[32m200&amp#27;[39m &amp#27;[90m20 ms - 68&amp#27;[39m
&amp#27;[35m[HTTP]&amp#27;[39m &amp#27;[90m&amp#27;[39m
[debug] &amp#27;[35m[HTTP]&amp#27;[39m Request idempotency key: fe570b96-056e-4cca-bcbf-1f559c20dc34
&amp#27;[35m[HTTP]&amp#27;[39m &amp#27;[37m-->&amp#27;[39m &amp#27;[37mPOST&amp#27;[39m &amp#27;[37m/wd/hub/session&amp#27;[39m
&amp#27;[35m[HTTP]&amp#27;[39m &amp#27;[90m{"desiredCapabilities":{"app":"C:\\Users\\ANKIT\\eclipse-workspace\\AppiumFramework\\src\\General-Store.apk","automationName":"uiautomator2","platformName":"Android","deviceName":"Android Device"},"capabilities":{"firstMatch":[{"appium:app":"C:\\Users\\ANKIT\\eclipse-workspace\\AppiumFramework\\src\\General-Store.apk","appium:automationName":"uiautomator2","appium:deviceName":"Android Device","platformName":"android"}]}}&amp#27;[39m
[debug] &amp#27;[35m[W3C]&amp#27;[39m Calling AppiumDriver.createSession() with args: [{"app":"C:\\Users\\ANKIT\\eclipse-workspace\\AppiumFramework\\src\\General-Store.apk","automationName":"uiautomator2","platformName":"Android","deviceName":"Android Device"},null,{"firstMatch":[{"appium:app":"C:\\Users\\ANKIT\\eclipse-workspace\\AppiumFramework\\src\\General-Store.apk","appium:automationName":"uiautomator2","appium:deviceName":"Android Device","platformName":"android"}]}]
[debug] &amp#27;[35m[BaseDriver]&amp#27;[39m Event 'newSessionRequested' logged at 1619597878905 (13:47:58 GMT+0530 (India Standard Time))
&amp#27;[35m[Appium]&amp#27;[39m Appium v1.20.2 creating new AndroidUiautomator2Driver (v1.61.2) session
[debug] &amp#27;[35m[BaseDriver]&amp#27;[39m W3C capabilities and MJSONWP desired capabilities were provided
[debug] &amp#27;[35m[BaseDriver]&amp#27;[39m Creating session with W3C capabilities: {
[debug] &amp#27;[35m[BaseDriver]&amp#27;[39m   "alwaysMatch": {
[debug] &amp#27;[35m[BaseDriver]&amp#27;[39m     "platformName": "android",
[debug] &amp#27;[35m[BaseDriver]&amp#27;[39m     "appium:app": "C:\\Users\\ANKIT\\eclipse-workspace\\AppiumFramework\\src\\General-Store.apk",
[debug] &amp#27;[35m[BaseDriver]&amp#27;[39m     "appium:automationName": "uiautomator2",
[debug] &amp#27;[35m[BaseDriver]&amp#27;[39m     "appium:deviceName": "Android Device"
[debug] &amp#27;[35m[BaseDriver]&amp#27;[39m   },
[debug] &amp#27;[35m[BaseDriver]&amp#27;[39m   "firstMatch": [
[debug] &amp#27;[35m[BaseDriver]&amp#27;[39m     {}
[debug] &amp#27;[35m[BaseDriver]&amp#27;[39m   ]
[debug] &amp#27;[35m[BaseDriver]&amp#27;[39m }
&amp#27;[35m[BaseDriver]&amp#27;[39m Session created with session id: 644c8b8f-f4d4-44af-83fa-05315fb4c337
&amp#27;[35m[BaseDriver]&amp#27;[39m Using local app 'C:\Users\ANKIT\eclipse-workspace\AppiumFramework\src\General-Store.apk'
[debug] &amp#27;[35m[UiAutomator2]&amp#27;[39m Checking whether app is actually present
&amp#27;[35m[ADB]&amp#27;[39m Found 4 'build-tools' folders under 'C:\Users\ANKIT\AppData\Local\Android\Sdk' (newest first):
&amp#27;[35m[ADB]&amp#27;[39m     C:/Users/ANKIT/AppData/Local/Android/Sdk/build-tools/29.0.2
&amp#27;[35m[ADB]&amp#27;[39m     C:/Users/ANKIT/AppData/Local/Android/Sdk/build-tools/27.0.3
&amp#27;[35m[ADB]&amp#27;[39m     C:/Users/ANKIT/AppData/Local/Android/Sdk/build-tools/26.0.2
&amp#27;[35m[ADB]&amp#27;[39m     C:/Users/ANKIT/AppData/Local/Android/Sdk/build-tools/23.0.2
&amp#27;[35m[ADB]&amp#27;[39m Using 'adb.exe' from 'C:\Users\ANKIT\AppData\Local\Android\Sdk\platform-tools\adb.exe'
[debug] &amp#27;[35m[ADB]&amp#27;[39m Running 'C:\Users\ANKIT\AppData\Local\Android\Sdk\platform-tools\adb.exe -P 5037 start-server'
&amp#27;[35m[AndroidDriver]&amp#27;[39m Retrieving device list
[debug] &amp#27;[35m[ADB]&amp#27;[39m Trying to find a connected android device
[debug] &amp#27;[35m[ADB]&amp#27;[39m Getting connected devices
[debug] &amp#27;[35m[ADB]&amp#27;[39m Connected devices: [{"udid":"0ac1d17f","state":"device"}]
&amp#27;[35m[AndroidDriver]&amp#27;[39m Using device: 0ac1d17f
&amp#27;[35m[ADB]&amp#27;[39m Using 'adb.exe' from 'C:\Users\ANKIT\AppData\Local\Android\Sdk\platform-tools\adb.exe'
[debug] &amp#27;[35m[ADB]&amp#27;[39m Running 'C:\Users\ANKIT\AppData\Local\Android\Sdk\platform-tools\adb.exe -P 5037 start-server'
[debug] &amp#27;[35m[ADB]&amp#27;[39m Setting device id to 0ac1d17f
[debug] &amp#27;[35m[ADB]&amp#27;[39m Running 'C:\Users\ANKIT\AppData\Local\Android\Sdk\platform-tools\adb.exe -P 5037 -s 0ac1d17f shell getprop ro.build.version.sdk'
[debug] &amp#27;[35m[ADB]&amp#27;[39m Current device property 'ro.build.version.sdk': 30
&amp#27;[35m[ADB]&amp#27;[39m Getting device platform version
[debug] &amp#27;[35m[ADB]&amp#27;[39m Running 'C:\Users\ANKIT\AppData\Local\Android\Sdk\platform-tools\adb.exe -P 5037 -s 0ac1d17f shell getprop ro.build.version.release'
[debug] &amp#27;[35m[ADB]&amp#27;[39m Current device property 'ro.build.version.release': 11
[debug] &amp#27;[35m[ADB]&amp#27;[39m Device API level: 30
&amp#27;[35m[UiAutomator2]&amp#27;[39m Relaxing hidden api policy
[debug] &amp#27;[35m[ADB]&amp#27;[39m Running 'C:\Users\ANKIT\AppData\Local\Android\Sdk\platform-tools\adb.exe -P 5037 -s 0ac1d17f shell 'settings put global hidden_api_policy_pre_p_apps 1;settings put global hidden_api_policy_p_apps 1;settings put global hidden_api_policy 1''
[debug] &amp#27;[35m[AndroidDriver]&amp#27;[39m Parsing package and activity from app manifest
&amp#27;[35m[ADB]&amp#27;[39m Package name: 'com.androidsample.generalstore'
&amp#27;[35m[ADB]&amp#27;[39m Main activity name: 'com.androidsample.generalstore.SplashActivity'
[debug] &amp#27;[35m[AndroidDriver]&amp#27;[39m Parsed package and activity are: com.androidsample.generalstore/com.androidsample.generalstore.SplashActivity
[debug] &amp#27;[35m[ADB]&amp#27;[39m Running 'C:\Users\ANKIT\AppData\Local\Android\Sdk\platform-tools\adb.exe -P 5037 -s 0ac1d17f wait-for-device'
[debug] &amp#27;[35m[ADB]&amp#27;[39m Running 'C:\Users\ANKIT\AppData\Local\Android\Sdk\platform-tools\adb.exe -P 5037 -s 0ac1d17f shell echo ping'
[debug] &amp#27;[35m[AndroidDriver]&amp#27;[39m Pushing settings apk to device...
[debug] &amp#27;[35m[ADB]&amp#27;[39m Getting install status for io.appium.settings
[debug] &amp#27;[35m[ADB]&amp#27;[39m Running 'C:\Users\ANKIT\AppData\Local\Android\Sdk\platform-tools\adb.exe -P 5037 -s 0ac1d17f shell dumpsys package io.appium.settings'
[debug] &amp#27;[35m[ADB]&amp#27;[39m 'io.appium.settings' is installed
[debug] &amp#27;[35m[ADB]&amp#27;[39m Getting package info for 'io.appium.settings'
[debug] &amp#27;[35m[ADB]&amp#27;[39m Running 'C:\Users\ANKIT\AppData\Local\Android\Sdk\platform-tools\adb.exe -P 5037 -s 0ac1d17f shell dumpsys package io.appium.settings'
[debug] &amp#27;[35m[ADB]&amp#27;[39m The version name of the installed 'io.appium.settings' is greater or equal to the application version name ('3.2.1' >= '3.2.1')
[debug] &amp#27;[35m[ADB]&amp#27;[39m There is no need to install/upgrade 'C:\Users\ANKIT\AppData\Roaming\npm\node_modules\appium\node_modules\io.appium.settings\apks\settings_apk-debug.apk'
[debug] &amp#27;[35m[ADB]&amp#27;[39m Getting IDs of all 'io.appium.settings' processes
[debug] &amp#27;[35m[ADB]&amp#27;[39m Running 'C:\Users\ANKIT\AppData\Local\Android\Sdk\platform-tools\adb.exe -P 5037 -s 0ac1d17f shell 'pgrep --help; echo $?''
[debug] &amp#27;[35m[ADB]&amp#27;[39m Running 'C:\Users\ANKIT\AppData\Local\Android\Sdk\platform-tools\adb.exe -P 5037 -s 0ac1d17f shell pgrep -f \(\[\[:blank:\]\]\|\^\)io\.appium\.settings\(\[\[:blank:\]\]\|\$\)'
[debug] &amp#27;[35m[AndroidDriver]&amp#27;[39m io.appium.settings is already running. There is no need to reset its permissions.
[debug] &amp#27;[35m[ADB]&amp#27;[39m Running 'C:\Users\ANKIT\AppData\Local\Android\Sdk\platform-tools\adb.exe -P 5037 -s 0ac1d17f shell appops set io.appium.settings android:mock_location allow'
[debug] &amp#27;[35m[Logcat]&amp#27;[39m Starting logs capture with command: C:\\Users\\ANKIT\\AppData\\Local\\Android\\Sdk\\platform-tools\\adb.exe -P 5037 -s 0ac1d17f logcat -v threadtime
[debug] &amp#27;[35m[UiAutomator2]&amp#27;[39m Forwarding UiAutomator2 Server port 6790 to local port 8200
[debug] &amp#27;[35m[ADB]&amp#27;[39m Forwarding system: 8200 to device: 6790
[debug] &amp#27;[35m[ADB]&amp#27;[39m Running 'C:\Users\ANKIT\AppData\Local\Android\Sdk\platform-tools\adb.exe -P 5037 -s 0ac1d17f forward tcp:8200 tcp:6790'
[debug] &amp#27;[35m[ADB]&amp#27;[39m Getting install status for io.appium.uiautomator2.server
[debug] &amp#27;[35m[ADB]&amp#27;[39m Running 'C:\Users\ANKIT\AppData\Local\Android\Sdk\platform-tools\adb.exe -P 5037 -s 0ac1d17f shell dumpsys package io.appium.uiautomator2.server'
[debug] &amp#27;[35m[ADB]&amp#27;[39m 'io.appium.uiautomator2.server' is installed
[debug] &amp#27;[35m[ADB]&amp#27;[39m Getting package info for 'io.appium.uiautomator2.server'
[debug] &amp#27;[35m[ADB]&amp#27;[39m Running 'C:\Users\ANKIT\AppData\Local\Android\Sdk\platform-tools\adb.exe -P 5037 -s 0ac1d17f shell dumpsys package io.appium.uiautomator2.server'
[debug] &amp#27;[35m[ADB]&amp#27;[39m The version name of the installed 'io.appium.uiautomator2.server' is greater or equal to the application version name ('4.17.4' >= '4.17.4')
[debug] &amp#27;[35m[UiAutomator2]&amp#27;[39m io.appium.uiautomator2.server installation state: sameVersionInstalled
[debug] &amp#27;[35m[ADB]&amp#27;[39m Checking app cert for C:\Users\ANKIT\AppData\Roaming\npm\node_modules\appium\node_modules\appium-uiautomator2-server\apks\appium-uiautomator2-server-v4.17.4.apk
&amp#27;[35m[ADB]&amp#27;[39m Using 'apksigner.jar' from 'C:\Users\ANKIT\AppData\Local\Android\Sdk\build-tools\29.0.2\lib\apksigner.jar'
[debug] &amp#27;[35m[ADB]&amp#27;[39m Starting apksigner: 'C:\\Program Files\\Java\\jdk1.8.0_161\\bin\\java.exe' -Xmx1024M -Xss1m -jar C:\\Users\\ANKIT\\AppData\\Local\\Android\\Sdk\\build-tools\\29.0.2\\lib\\apksigner.jar verify --print-certs C:\\Users\\ANKIT\\AppData\\Roaming\\npm\\node_modules\\appium\\node_modules\\appium-uiautomator2-server\\apks\\appium-uiautomator2-server-v4.17.4.apk
[debug] &amp#27;[35m[ADB]&amp#27;[39m apksigner stdout: Signer #1 certificate DN: EMAILADDRESS=android@android.com, CN=Android, OU=Android, O=Android, L=Mountain View, ST=California, C=US
[debug] &amp#27;[35m[ADB]&amp#27;[39m Signer #1 certificate SHA-256 digest: a40da80a59d170caa950cf15c18c454d47a39b26989d8b640ecd745ba71bf5dc
[debug] &amp#27;[35m[ADB]&amp#27;[39m Signer #1 certificate SHA-1 digest: 61ed377e85d386a8dfee6b864bd85b0bfaa5af81
[debug] &amp#27;[35m[ADB]&amp#27;[39m Signer #1 certificate MD5 digest: e89b158e4bcf988ebd09eb83f5378e87
[debug] &amp#27;[35m[ADB]&amp#27;[39m 
[debug] &amp#27;[35m[ADB]&amp#27;[39m sha256 hash did match for 'appium-uiautomator2-server-v4.17.4.apk'
&amp#27;[35m[ADB]&amp#27;[39m 'C:\Users\ANKIT\AppData\Roaming\npm\node_modules\appium\node_modules\appium-uiautomator2-server\apks\appium-uiautomator2-server-v4.17.4.apk' is signed with the default certificate
[debug] &amp#27;[35m[ADB]&amp#27;[39m Getting install status for io.appium.uiautomator2.server.test
[debug] &amp#27;[35m[ADB]&amp#27;[39m Running 'C:\Users\ANKIT\AppData\Local\Android\Sdk\platform-tools\adb.exe -P 5037 -s 0ac1d17f shell dumpsys package io.appium.uiautomator2.server.test'
[debug] &amp#27;[35m[ADB]&amp#27;[39m 'io.appium.uiautomator2.server.test' is installed
[debug] &amp#27;[35m[ADB]&amp#27;[39m Checking app cert for C:\Users\ANKIT\AppData\Roaming\npm\node_modules\appium\node_modules\appium-uiautomator2-server\apks\appium-uiautomator2-server-debug-androidTest.apk
[debug] &amp#27;[35m[ADB]&amp#27;[39m Starting apksigner: 'C:\\Program Files\\Java\\jdk1.8.0_161\\bin\\java.exe' -Xmx1024M -Xss1m -jar C:\\Users\\ANKIT\\AppData\\Local\\Android\\Sdk\\build-tools\\29.0.2\\lib\\apksigner.jar verify --print-certs C:\\Users\\ANKIT\\AppData\\Roaming\\npm\\node_modules\\appium\\node_modules\\appium-uiautomator2-server\\apks\\appium-uiautomator2-server-debug-androidTest.apk
[debug] &amp#27;[35m[ADB]&amp#27;[39m apksigner stdout: Signer #1 certificate DN: EMAILADDRESS=android@android.com, CN=Android, OU=Android, O=Android, L=Mountain View, ST=California, C=US
[debug] &amp#27;[35m[ADB]&amp#27;[39m Signer #1 certificate SHA-256 digest: a40da80a59d170caa950cf15c18c454d47a39b26989d8b640ecd745ba71bf5dc
[debug] &amp#27;[35m[ADB]&amp#27;[39m Signer #1 certificate SHA-1 digest: 61ed377e85d386a8dfee6b864bd85b0bfaa5af81
[debug] &amp#27;[35m[ADB]&amp#27;[39m Signer #1 certificate MD5 digest: e89b158e4bcf988ebd09eb83f5378e87
[debug] &amp#27;[35m[ADB]&amp#27;[39m 
[debug] &amp#27;[35m[ADB]&amp#27;[39m sha256 hash did match for 'appium-uiautomator2-server-debug-androidTest.apk'
&amp#27;[35m[ADB]&amp#27;[39m 'C:\Users\ANKIT\AppData\Roaming\npm\node_modules\appium\node_modules\appium-uiautomator2-server\apks\appium-uiautomator2-server-debug-androidTest.apk' is signed with the default certificate
&amp#27;[35m[UiAutomator2]&amp#27;[39m Server packages are not going to be (re)installed
[debug] &amp#27;[35m[UiAutomator2]&amp#27;[39m Waiting up to 30000ms for services to be available
[debug] &amp#27;[35m[ADB]&amp#27;[39m Running 'C:\Users\ANKIT\AppData\Local\Android\Sdk\platform-tools\adb.exe -P 5037 -s 0ac1d17f shell pm list instrumentation'
[debug] &amp#27;[35m[UiAutomator2]&amp#27;[39m Instrumentation target 'io.appium.uiautomator2.server.test/androidx.test.runner.AndroidJUnitRunner' is available
&amp#27;[35m[ADB]&amp#27;[39m Adding packages ["io.appium.settings","io.appium.uiautomator2.server","io.appium.uiautomator2.server.test"] to Doze whitelist
[debug] &amp#27;[35m[ADB]&amp#27;[39m Got the following command chunks to execute: [["dumpsys","deviceidle","whitelist","+io.appium.settings",";","dumpsys","deviceidle","whitelist","+io.appium.uiautomator2.server",";","dumpsys","deviceidle","whitelist","+io.appium.uiautomator2.server.test",";"]]
[debug] &amp#27;[35m[ADB]&amp#27;[39m Running 'C:\Users\ANKIT\AppData\Local\Android\Sdk\platform-tools\adb.exe -P 5037 -s 0ac1d17f shell dumpsys deviceidle whitelist +io.appium.settings ; dumpsys deviceidle whitelist +io.appium.uiautomator2.server ; dumpsys deviceidle whitelist +io.appium.uiautomator2.server.test ;'
[debug] &amp#27;[35m[ADB]&amp#27;[39m Checking app cert for C:\Users\ANKIT\eclipse-workspace\AppiumFramework\src\General-Store.apk
[debug] &amp#27;[35m[ADB]&amp#27;[39m Starting apksigner: 'C:\\Program Files\\Java\\jdk1.8.0_161\\bin\\java.exe' -Xmx1024M -Xss1m -jar C:\\Users\\ANKIT\\AppData\\Local\\Android\\Sdk\\build-tools\\29.0.2\\lib\\apksigner.jar verify --print-certs C:\\Users\\ANKIT\\eclipse-workspace\\AppiumFramework\\src\\General-Store.apk
[debug] &amp#27;[35m[ADB]&amp#27;[39m apksigner stdout: Signer #1 certificate DN: EMAILADDRESS=android@android.com, CN=Android, OU=Android, O=Android, L=Mountain View, ST=California, C=US
[debug] &amp#27;[35m[ADB]&amp#27;[39m Signer #1 certificate SHA-256 digest: a40da80a59d170caa950cf15c18c454d47a39b26989d8b640ecd745ba71bf5dc
[debug] &amp#27;[35m[ADB]&amp#27;[39m Signer #1 certificate SHA-1 digest: 61ed377e85d386a8dfee6b864bd85b0bfaa5af81
[debug] &amp#27;[35m[ADB]&amp#27;[39m Signer #1 certificate MD5 digest: e89b158e4bcf988ebd09eb83f5378e87
[debug] &amp#27;[35m[ADB]&amp#27;[39m 
[debug] &amp#27;[35m[ADB]&amp#27;[39m sha256 hash did match for 'General-Store.apk'
&amp#27;[35m[ADB]&amp#27;[39m 'C:\Users\ANKIT\eclipse-workspace\AppiumFramework\src\General-Store.apk' is signed with the default certificate
[debug] &amp#27;[35m[ADB]&amp#27;[39m Getting install status for com.androidsample.generalstore
[debug] &amp#27;[35m[ADB]&amp#27;[39m Running 'C:\Users\ANKIT\AppData\Local\Android\Sdk\platform-tools\adb.exe -P 5037 -s 0ac1d17f shell dumpsys package com.androidsample.generalstore'
[debug] &amp#27;[35m[ADB]&amp#27;[39m 'com.androidsample.generalstore' is installed
[debug] &amp#27;[35m[ADB]&amp#27;[39m Getting package info for 'com.androidsample.generalstore'
[debug] &amp#27;[35m[ADB]&amp#27;[39m Running 'C:\Users\ANKIT\AppData\Local\Android\Sdk\platform-tools\adb.exe -P 5037 -s 0ac1d17f shell dumpsys package com.androidsample.generalstore'
[debug] &amp#27;[35m[ADB]&amp#27;[39m The version name of the installed 'com.androidsample.generalstore' is greater or equal to the application version name ('1.0.0' >= '1.0.0')
[debug] &amp#27;[35m[ADB]&amp#27;[39m There is no need to install/upgrade 'C:\Users\ANKIT\eclipse-workspace\AppiumFramework\src\General-Store.apk'
&amp#27;[35m[AndroidDriver]&amp#27;[39m Performing fast reset on 'com.androidsample.generalstore'
[debug] &amp#27;[35m[ADB]&amp#27;[39m Getting install status for com.androidsample.generalstore
[debug] &amp#27;[35m[ADB]&amp#27;[39m Running 'C:\Users\ANKIT\AppData\Local\Android\Sdk\platform-tools\adb.exe -P 5037 -s 0ac1d17f shell dumpsys package com.androidsample.generalstore'
[debug] &amp#27;[35m[ADB]&amp#27;[39m 'com.androidsample.generalstore' is installed
[debug] &amp#27;[35m[ADB]&amp#27;[39m Running 'C:\Users\ANKIT\AppData\Local\Android\Sdk\platform-tools\adb.exe -P 5037 -s 0ac1d17f shell am force-stop com.androidsample.generalstore'
[debug] &amp#27;[35m[ADB]&amp#27;[39m Running 'C:\Users\ANKIT\AppData\Local\Android\Sdk\platform-tools\adb.exe -P 5037 -s 0ac1d17f shell pm clear com.androidsample.generalstore'
[debug] &amp#27;[35m[AndroidDriver]&amp#27;[39m Performed fast reset on the installed 'com.androidsample.generalstore' application (stop and clear)
[debug] &amp#27;[35m[UiAutomator2]&amp#27;[39m Performing shallow cleanup of automation leftovers
[debug] &amp#27;[35m[UiAutomator2]&amp#27;[39m The following obsolete sessions are still running: [null]
[debug] &amp#27;[35m[UiAutomator2]&amp#27;[39m Cleaning up the obsolete sessions
[debug] &amp#27;[35m[ADB]&amp#27;[39m Running 'C:\Users\ANKIT\AppData\Local\Android\Sdk\platform-tools\adb.exe -P 5037 -s 0ac1d17f shell am force-stop io.appium.uiautomator2.server.test'
&amp#27;[35m[UiAutomator2]&amp#27;[39m Starting UIAutomator2 server 4.17.4
&amp#27;[35m[UiAutomator2]&amp#27;[39m Using UIAutomator2 server from 'C:\Users\ANKIT\AppData\Roaming\npm\node_modules\appium\node_modules\appium-uiautomator2-server\apks\appium-uiautomator2-server-v4.17.4.apk' and test from 'C:\Users\ANKIT\AppData\Roaming\npm\node_modules\appium\node_modules\appium-uiautomator2-server\apks\appium-uiautomator2-server-debug-androidTest.apk'
&amp#27;[35m[UiAutomator2]&amp#27;[39m Waiting up to 30000ms for UiAutomator2 to be online...
[debug] &amp#27;[35m[ADB]&amp#27;[39m Creating ADB subprocess with args: ["-P",5037,"-s","0ac1d17f","shell","am","instrument","-w","io.appium.uiautomator2.server.test/androidx.test.runner.AndroidJUnitRunner"]
[debug] &amp#27;[35m[WD Proxy]&amp#27;[39m Matched '/status' to command name 'getStatus'
[debug] &amp#27;[35m[WD Proxy]&amp#27;[39m Proxying [GET /status] to [GET http://127.0.0.1:8200/wd/hub/status] with no body
&amp#27;[35m[WD Proxy]&amp#27;[39m Error: read ECONNRESET
&amp#27;[35m[WD Proxy]&amp#27;[39m     at TCP.onStreamRead (internal/stream_base_commons.js:209:20)
[debug] &amp#27;[35m[WD Proxy]&amp#27;[39m Matched '/status' to command name 'getStatus'
[debug] &amp#27;[35m[WD Proxy]&amp#27;[39m Proxying [GET /status] to [GET http://127.0.0.1:8200/wd/hub/status] with no body
&amp#27;[35m[WD Proxy]&amp#27;[39m Error: read ECONNRESET
&amp#27;[35m[WD Proxy]&amp#27;[39m     at TCP.onStreamRead (internal/stream_base_commons.js:209:20)
[debug] &amp#27;[35m[Instrumentation]&amp#27;[39m io.appium.uiautomator2.server.test.AppiumUiAutomator2Server:
[debug] &amp#27;[35m[WD Proxy]&amp#27;[39m Matched '/status' to command name 'getStatus'
[debug] &amp#27;[35m[WD Proxy]&amp#27;[39m Proxying [GET /status] to [GET http://127.0.0.1:8200/wd/hub/status] with no body
&amp#27;[35m[WD Proxy]&amp#27;[39m Error: read ECONNRESET
&amp#27;[35m[WD Proxy]&amp#27;[39m     at TCP.onStreamRead (internal/stream_base_commons.js:209:20)
[debug] &amp#27;[35m[WD Proxy]&amp#27;[39m Matched '/status' to command name 'getStatus'
[debug] &amp#27;[35m[WD Proxy]&amp#27;[39m Proxying [GET /status] to [GET http://127.0.0.1:8200/wd/hub/status] with no body
[debug] &amp#27;[35m[WD Proxy]&amp#27;[39m Got response with status 200: {"sessionId":"None","value":{"message":"UiAutomator2 Server is ready to accept commands","ready":true}}
[debug] &amp#27;[35m[UiAutomator2]&amp#27;[39m The initialization of the instrumentation process took 3152ms
[debug] &amp#27;[35m[WD Proxy]&amp#27;[39m Matched '/session' to command name 'createSession'
[debug] &amp#27;[35m[WD Proxy]&amp#27;[39m Proxying [POST /session] to [POST http://127.0.0.1:8200/wd/hub/session] with body: {"capabilities":{"firstMatch":[{"platform":"LINUX","webStorageEnabled":false,"takesScreenshot":true,"javascriptEnabled":true,"databaseEnabled":false,"networkConnectionEnabled":true,"locationContextEnabled":false,"warnings":{},"desired":{"platformName":"android","app":"C:\\Users\\ANKIT\\eclipse-workspace\\AppiumFramework\\src\\General-Store.apk","automationName":"uiautomator2","deviceName":"Android Device"},"platformName":"android","app":"C:\\Users\\ANKIT\\eclipse-workspace\\AppiumFramework\\src\\General-Store.apk","automationName":"uiautomator2","deviceName":"0ac1d17f","deviceUDID":"0ac1d17f","appPackage":"com.androidsample.generalstore"}],"alwaysMatch":{}}}
[debug] &amp#27;[35m[WD Proxy]&amp#27;[39m Got response with status 200: {"sessionId":"b99f2d84-67e3-4a57-a0c0-a9520c0547d2","value":{"capabilities":{"firstMatch":[{"platform":"LINUX","webStorageEnabled":false,"takesScreenshot":true,"javascriptEnabled":true,"databaseEnabled":false,"networkConnectionEnabled":true,"locationContextEnabled":false,"warnings":{},"desired":{"platformName":"android","app":"C:\\Users\\ANKIT\\eclipse-workspace\\AppiumFramework\\src\\General-Store.apk","automationName":"uiautomator2","deviceName":"Android Device"},"platformName":"android","app":"C:\\Users\\ANKIT\\eclipse-workspace\\AppiumFramework\\src\\General-Store.apk","automationName":"uiautomator2","deviceName":"0ac1d17f","deviceUDID":"0ac1d17f","appPackage":"com.androidsample.generalstore"}],"alwaysMatch":{}},"sessionId":"b99f2d84-67e3-4a57-a0c0-a9520c0547d2"}}
&amp#27;[35m[WD Proxy]&amp#27;[39m Determined the downstream protocol as 'W3C'
[debug] &amp#27;[35m[WD Proxy]&amp#27;[39m Proxying [GET /appium/device/info] to [GET http://127.0.0.1:8200/wd/hub/session/b99f2d84-67e3-4a57-a0c0-a9520c0547d2/appium/device/info] with no body
[debug] &amp#27;[35m[WD Proxy]&amp#27;[39m Got response with status 200: {"sessionId":"b99f2d84-67e3-4a57-a0c0-a9520c0547d2","value":{"androidId":"f268737f93d1eeb4","apiVersion":"30","bluetooth":{"state":"OFF"},"brand":"OnePlus","carrierName":"Jio 4G","displayDensity":450,"locale":"en_IN","manufacturer":"OnePlus","model":"HD1901","networks":[{"capabilities":{"SSID":null,"linkDownBandwidthKbps":14,"linkUpstreamBandwidthKbps":14,"networkCapabilities":"NET_CAPABILITY_IMS,NET_CAPABILITY_NOT_METERED,NET_CAPABILITY_TRUSTED,NET_CAPABILITY_NOT_VPN,NET_CAPABILITY_VALIDATED,NET_CAPABILITY_NOT_ROAMING,NET_CAPABILITY_FOREGROUND,NET_CAPABILITY_NOT_CONGESTED,NET_CAPABILITY_NOT_SUSPENDED","signalStrength":-2147483648,"transportTypes":"TRANSPORT_CELLULAR"},"detailedState":"CONNECTED","extraInfo":"ims","isAvailable":true,"isConnected":true,"isFailover":false,"isRoaming":false,"state":"CONNECTED","subtype":13,"subtypeName":"LTE","type":0,"typeName":"MOBILE"},{"capabilities":{"SSID":null,"linkDownBandwidthKbps":99000,"linkUpstreamBandwidthKbps":94050,"networkCapabilities":"NET_CAPABILITY_NOT_METE...
[debug] &amp#27;[35m[ADB]&amp#27;[39m Running 'C:\Users\ANKIT\AppData\Local\Android\Sdk\platform-tools\adb.exe -P 5037 -s 0ac1d17f shell dumpsys window'
&amp#27;[35m[AndroidDriver]&amp#27;[39m Screen already unlocked, doing nothing
&amp#27;[35m[UiAutomator2]&amp#27;[39m Starting 'com.androidsample.generalstore/com.androidsample.generalstore.SplashActivity and waiting for 'com.androidsample.generalstore/com.androidsample.generalstore.SplashActivity'
[debug] &amp#27;[35m[ADB]&amp#27;[39m Running 'C:\Users\ANKIT\AppData\Local\Android\Sdk\platform-tools\adb.exe -P 5037 -s 0ac1d17f shell am start -W -n com.androidsample.generalstore/com.androidsample.generalstore.SplashActivity -S -a android.intent.action.MAIN -c android.intent.category.LAUNCHER -f 0x10200000'
[debug] &amp#27;[35m[ADB]&amp#27;[39m Waiting up to 20000ms for activity matching pkg: 'com.androidsample.generalstore' and activity: 'com.androidsample.generalstore.SplashActivity' to be focused
[debug] &amp#27;[35m[ADB]&amp#27;[39m Possible activities, to be checked: 'com.androidsample.generalstore.SplashActivity', 'com.androidsample.generalstore.com.androidsample.generalstore.SplashActivity'
[debug] &amp#27;[35m[ADB]&amp#27;[39m Getting focused package and activity
[debug] &amp#27;[35m[ADB]&amp#27;[39m Running 'C:\Users\ANKIT\AppData\Local\Android\Sdk\platform-tools\adb.exe -P 5037 -s 0ac1d17f shell dumpsys window displays'
[debug] &amp#27;[35m[ADB]&amp#27;[39m Found package: 'com.androidsample.generalstore' and fully qualified activity name : 'com.androidsample.generalstore.SplashActivity'
[debug] &amp#27;[35m[WD Proxy]&amp#27;[39m Proxying [GET /appium/device/pixel_ratio] to [GET http://127.0.0.1:8200/wd/hub/session/b99f2d84-67e3-4a57-a0c0-a9520c0547d2/appium/device/pixel_ratio] with no body
[debug] &amp#27;[35m[WD Proxy]&amp#27;[39m Got response with status 200: {"sessionId":"b99f2d84-67e3-4a57-a0c0-a9520c0547d2","value":2.8125}
[debug] &amp#27;[35m[WD Proxy]&amp#27;[39m Matched '/appium/device/system_bars' to command name 'getSystemBars'
[debug] &amp#27;[35m[WD Proxy]&amp#27;[39m Proxying [GET /appium/device/system_bars] to [GET http://127.0.0.1:8200/wd/hub/session/b99f2d84-67e3-4a57-a0c0-a9520c0547d2/appium/device/system_bars] with no body
[debug] &amp#27;[35m[WD Proxy]&amp#27;[39m Got response with status 200: {"sessionId":"b99f2d84-67e3-4a57-a0c0-a9520c0547d2","value":{"statusBar":80}}
[debug] &amp#27;[35m[WD Proxy]&amp#27;[39m Matched '/window/current/size' to command name 'getWindowSize'
[debug] &amp#27;[35m[WD Proxy]&amp#27;[39m Proxying [GET /window/current/size] to [GET http://127.0.0.1:8200/wd/hub/session/b99f2d84-67e3-4a57-a0c0-a9520c0547d2/window/current/size] with no body
[debug] &amp#27;[35m[WD Proxy]&amp#27;[39m Got response with status 200: {"sessionId":"b99f2d84-67e3-4a57-a0c0-a9520c0547d2","value":{"height":2332,"width":1080}}
&amp#27;[35m[Appium]&amp#27;[39m New AndroidUiautomator2Driver session created successfully, session 644c8b8f-f4d4-44af-83fa-05315fb4c337 added to master session list
[debug] &amp#27;[35m[BaseDriver]&amp#27;[39m Event 'newSessionStarted' logged at 1619597901989 (13:48:21 GMT+0530 (India Standard Time))
[debug] &amp#27;[35m[W3C (644c8b8f)]&amp#27;[39m Cached the protocol value 'W3C' for the new session 644c8b8f-f4d4-44af-83fa-05315fb4c337
[debug] &amp#27;[35m[W3C (644c8b8f)]&amp#27;[39m Responding to client with driver.createSession() result: {"capabilities":{"platform":"LINUX","webStorageEnabled":false,"takesScreenshot":true,"javascriptEnabled":true,"databaseEnabled":false,"networkConnectionEnabled":true,"locationContextEnabled":false,"warnings":{},"desired":{"platformName":"android","app":"C:\\Users\\ANKIT\\eclipse-workspace\\AppiumFramework\\src\\General-Store.apk","automationName":"uiautomator2","deviceName":"Android Device"},"platformName":"android","app":"C:\\Users\\ANKIT\\eclipse-workspace\\AppiumFramework\\src\\General-Store.apk","automationName":"uiautomator2","deviceName":"0ac1d17f","deviceUDID":"0ac1d17f","appPackage":"com.androidsample.generalstore","deviceApiLevel":30,"platformVersion":"11","deviceScreenSize":"1080x2400","deviceScreenDensity":450,"deviceModel":"HD1901","deviceManufacturer":"OnePlus","pixelRatio":2.8125,"statBarHeight":80,"viewportRect":{"left":0,"top":80,"width":1080,"height":2252}}}
&amp#27;[35m[HTTP]&amp#27;[39m &amp#27;[37m<-- POST /wd/hub/session &amp#27;[39m&amp#27;[32m200&amp#27;[39m &amp#27;[90m23089 ms - 948&amp#27;[39m
&amp#27;[35m[HTTP]&amp#27;[39m &amp#27;[90m&amp#27;[39m
&amp#27;[35m[HTTP]&amp#27;[39m &amp#27;[37m-->&amp#27;[39m &amp#27;[37mPOST&amp#27;[39m &amp#27;[37m/wd/hub/session/644c8b8f-f4d4-44af-83fa-05315fb4c337/timeouts&amp#27;[39m
&amp#27;[35m[HTTP]&amp#27;[39m &amp#27;[90m{"implicit":20000}&amp#27;[39m
[debug] &amp#27;[35m[W3C (644c8b8f)]&amp#27;[39m Calling AppiumDriver.timeouts() with args: [null,null,null,null,20000,"644c8b8f-f4d4-44af-83fa-05315fb4c337"]
[debug] &amp#27;[35m[BaseDriver]&amp#27;[39m W3C timeout argument: {"implicit":20000}}
[debug] &amp#27;[35m[BaseDriver]&amp#27;[39m Set implicit wait to 20000ms
[debug] &amp#27;[35m[W3C (644c8b8f)]&amp#27;[39m Responding to client with driver.timeouts() result: null
&amp#27;[35m[HTTP]&amp#27;[39m &amp#27;[37m<-- POST /wd/hub/session/644c8b8f-f4d4-44af-83fa-05315fb4c337/timeouts &amp#27;[39m&amp#27;[32m200&amp#27;[39m &amp#27;[90m9 ms - 14&amp#27;[39m
&amp#27;[35m[HTTP]&amp#27;[39m &amp#27;[90m&amp#27;[39m
&amp#27;[35m[HTTP]&amp#27;[39m &amp#27;[37m-->&amp#27;[39m &amp#27;[37mGET&amp#27;[39m &amp#27;[37m/wd/hub/session/644c8b8f-f4d4-44af-83fa-05315fb4c337/context&amp#27;[39m
&amp#27;[35m[HTTP]&amp#27;[39m &amp#27;[90m{}&amp#27;[39m
[debug] &amp#27;[35m[W3C (644c8b8f)]&amp#27;[39m Calling AppiumDriver.getCurrentContext() with args: ["644c8b8f-f4d4-44af-83fa-05315fb4c337"]
[debug] &amp#27;[35m[W3C (644c8b8f)]&amp#27;[39m Responding to client with driver.getCurrentContext() result: "NATIVE_APP"
&amp#27;[35m[HTTP]&amp#27;[39m &amp#27;[37m<-- GET /wd/hub/session/644c8b8f-f4d4-44af-83fa-05315fb4c337/context &amp#27;[39m&amp#27;[32m200&amp#27;[39m &amp#27;[90m14 ms - 22&amp#27;[39m
&amp#27;[35m[HTTP]&amp#27;[39m &amp#27;[90m&amp#27;[39m
&amp#27;[35m[HTTP]&amp#27;[39m &amp#27;[37m-->&amp#27;[39m &amp#27;[37mPOST&amp#27;[39m &amp#27;[37m/wd/hub/session/644c8b8f-f4d4-44af-83fa-05315fb4c337/element&amp#27;[39m
&amp#27;[35m[HTTP]&amp#27;[39m &amp#27;[90m{"using":"id","value":"com.androidsample.generalstore:id/nameField"}&amp#27;[39m
[debug] &amp#27;[35m[W3C (644c8b8f)]&amp#27;[39m Calling AppiumDriver.findElement() with args: ["id","com.androidsample.generalstore:id/nameField","644c8b8f-f4d4-44af-83fa-05315fb4c337"]
[debug] &amp#27;[35m[BaseDriver]&amp#27;[39m Valid locator strategies for this request: xpath, id, class name, accessibility id, css selector, -android uiautomator
[debug] &amp#27;[35m[BaseDriver]&amp#27;[39m Waiting up to 20000 ms for condition
[debug] &amp#27;[35m[WD Proxy]&amp#27;[39m Matched '/element' to command name 'findElement'
[debug] &amp#27;[35m[WD Proxy]&amp#27;[39m Proxying [POST /element] to [POST http://127.0.0.1:8200/wd/hub/session/b99f2d84-67e3-4a57-a0c0-a9520c0547d2/element] with body: {"strategy":"id","selector":"com.androidsample.generalstore:id/nameField","context":"","multiple":false}
&amp#27;[35m[WD Proxy]&amp#27;[39m Got response with status 404: {"sessionId":"b99f2d84-67e3-4a57-a0c0-a9520c0547d2","value":{"error":"no such element","message":"An element could not be located on the page using the given search parameters","stacktrace":"io.appium.uiautomator2.common.exceptions.ElementNotFoundException: An element could not be located on the page using the given search parameters\n\tat io.appium.uiautomator2.handler.FindElement.safeHandle(FindElement.java:70)\n\tat io.appium.uiautomator2.handler.request.SafeRequestHandler.handle(SafeRequestHandler.java:41)\n\tat io.appium.uiautomator2.server.AppiumServlet.handleRequest(AppiumServlet.java:261)\n\tat io.appium.uiautomator2.server.AppiumServlet.handleHttpRequest(AppiumServlet.java:255)\n\tat io.appium.uiautomator2.http.ServerHandler.channelRead(ServerHandler.java:68)\n\tat io.netty.channel.AbstractChannelHandlerContext.invokeChannelRead(AbstractChannelHandlerContext.java:366)\n\tat io.netty.channel.AbstractChannelHandlerContext.invokeChannelRead(AbstractChannelHandlerContext.java:352)\n\tat io.netty.chann...
[debug] &amp#27;[35m[W3C]&amp#27;[39m Matched W3C error code 'no such element' to NoSuchElementError
[debug] &amp#27;[35m[BaseDriver]&amp#27;[39m Waited for 32 ms so far
[debug] &amp#27;[35m[WD Proxy]&amp#27;[39m Matched '/element' to command name 'findElement'
[debug] &amp#27;[35m[WD Proxy]&amp#27;[39m Proxying [POST /element] to [POST http://127.0.0.1:8200/wd/hub/session/b99f2d84-67e3-4a57-a0c0-a9520c0547d2/element] with body: {"strategy":"id","selector":"com.androidsample.generalstore:id/nameField","context":"","multiple":false}
&amp#27;[35m[WD Proxy]&amp#27;[39m Got response with status 404: {"sessionId":"b99f2d84-67e3-4a57-a0c0-a9520c0547d2","value":{"error":"no such element","message":"An element could not be located on the page using the given search parameters","stacktrace":"io.appium.uiautomator2.common.exceptions.ElementNotFoundException: An element could not be located on the page using the given search parameters\n\tat io.appium.uiautomator2.handler.FindElement.safeHandle(FindElement.java:70)\n\tat io.appium.uiautomator2.handler.request.SafeRequestHandler.handle(SafeRequestHandler.java:41)\n\tat io.appium.uiautomator2.server.AppiumServlet.handleRequest(AppiumServlet.java:261)\n\tat io.appium.uiautomator2.server.AppiumServlet.handleHttpRequest(AppiumServlet.java:255)\n\tat io.appium.uiautomator2.http.ServerHandler.channelRead(ServerHandler.java:68)\n\tat io.netty.channel.AbstractChannelHandlerContext.invokeChannelRead(AbstractChannelHandlerContext.java:366)\n\tat io.netty.channel.AbstractChannelHandlerContext.invokeChannelRead(AbstractChannelHandlerContext.java:352)\n\tat io.netty.chann...
[debug] &amp#27;[35m[W3C]&amp#27;[39m Matched W3C error code 'no such element' to NoSuchElementError
[debug] &amp#27;[35m[BaseDriver]&amp#27;[39m Waited for 548 ms so far
[debug] &amp#27;[35m[WD Proxy]&amp#27;[39m Matched '/element' to command name 'findElement'
[debug] &amp#27;[35m[WD Proxy]&amp#27;[39m Proxying [POST /element] to [POST http://127.0.0.1:8200/wd/hub/session/b99f2d84-67e3-4a57-a0c0-a9520c0547d2/element] with body: {"strategy":"id","selector":"com.androidsample.generalstore:id/nameField","context":"","multiple":false}
&amp#27;[35m[WD Proxy]&amp#27;[39m Got response with status 404: {"sessionId":"b99f2d84-67e3-4a57-a0c0-a9520c0547d2","value":{"error":"no such element","message":"An element could not be located on the page using the given search parameters","stacktrace":"io.appium.uiautomator2.common.exceptions.ElementNotFoundException: An element could not be located on the page using the given search parameters\n\tat io.appium.uiautomator2.handler.FindElement.safeHandle(FindElement.java:70)\n\tat io.appium.uiautomator2.handler.request.SafeRequestHandler.handle(SafeRequestHandler.java:41)\n\tat io.appium.uiautomator2.server.AppiumServlet.handleRequest(AppiumServlet.java:261)\n\tat io.appium.uiautomator2.server.AppiumServlet.handleHttpRequest(AppiumServlet.java:255)\n\tat io.appium.uiautomator2.http.ServerHandler.channelRead(ServerHandler.java:68)\n\tat io.netty.channel.AbstractChannelHandlerContext.invokeChannelRead(AbstractChannelHandlerContext.java:366)\n\tat io.netty.channel.AbstractChannelHandlerContext.invokeChannelRead(AbstractChannelHandlerContext.java:352)\n\tat io.netty.chann...
[debug] &amp#27;[35m[W3C]&amp#27;[39m Matched W3C error code 'no such element' to NoSuchElementError
[debug] &amp#27;[35m[BaseDriver]&amp#27;[39m Waited for 1085 ms so far
[debug] &amp#27;[35m[WD Proxy]&amp#27;[39m Matched '/element' to command name 'findElement'
[debug] &amp#27;[35m[WD Proxy]&amp#27;[39m Proxying [POST /element] to [POST http://127.0.0.1:8200/wd/hub/session/b99f2d84-67e3-4a57-a0c0-a9520c0547d2/element] with body: {"strategy":"id","selector":"com.androidsample.generalstore:id/nameField","context":"","multiple":false}
&amp#27;[35m[WD Proxy]&amp#27;[39m Got response with status 404: {"sessionId":"b99f2d84-67e3-4a57-a0c0-a9520c0547d2","value":{"error":"no such element","message":"An element could not be located on the page using the given search parameters","stacktrace":"io.appium.uiautomator2.common.exceptions.ElementNotFoundException: An element could not be located on the page using the given search parameters\n\tat io.appium.uiautomator2.handler.FindElement.safeHandle(FindElement.java:70)\n\tat io.appium.uiautomator2.handler.request.SafeRequestHandler.handle(SafeRequestHandler.java:41)\n\tat io.appium.uiautomator2.server.AppiumServlet.handleRequest(AppiumServlet.java:261)\n\tat io.appium.uiautomator2.server.AppiumServlet.handleHttpRequest(AppiumServlet.java:255)\n\tat io.appium.uiautomator2.http.ServerHandler.channelRead(ServerHandler.java:68)\n\tat io.netty.channel.AbstractChannelHandlerContext.invokeChannelRead(AbstractChannelHandlerContext.java:366)\n\tat io.netty.channel.AbstractChannelHandlerContext.invokeChannelRead(AbstractChannelHandlerContext.java:352)\n\tat io.netty.chann...
[debug] &amp#27;[35m[W3C]&amp#27;[39m Matched W3C error code 'no such element' to NoSuchElementError
[debug] &amp#27;[35m[BaseDriver]&amp#27;[39m Waited for 1635 ms so far
[debug] &amp#27;[35m[WD Proxy]&amp#27;[39m Matched '/element' to command name 'findElement'
[debug] &amp#27;[35m[WD Proxy]&amp#27;[39m Proxying [POST /element] to [POST http://127.0.0.1:8200/wd/hub/session/b99f2d84-67e3-4a57-a0c0-a9520c0547d2/element] with body: {"strategy":"id","selector":"com.androidsample.generalstore:id/nameField","context":"","multiple":false}
&amp#27;[35m[WD Proxy]&amp#27;[39m Got response with status 404: {"sessionId":"b99f2d84-67e3-4a57-a0c0-a9520c0547d2","value":{"error":"no such element","message":"An element could not be located on the page using the given search parameters","stacktrace":"io.appium.uiautomator2.common.exceptions.ElementNotFoundException: An element could not be located on the page using the given search parameters\n\tat io.appium.uiautomator2.handler.FindElement.safeHandle(FindElement.java:70)\n\tat io.appium.uiautomator2.handler.request.SafeRequestHandler.handle(SafeRequestHandler.java:41)\n\tat io.appium.uiautomator2.server.AppiumServlet.handleRequest(AppiumServlet.java:261)\n\tat io.appium.uiautomator2.server.AppiumServlet.handleHttpRequest(AppiumServlet.java:255)\n\tat io.appium.uiautomator2.http.ServerHandler.channelRead(ServerHandler.java:68)\n\tat io.netty.channel.AbstractChannelHandlerContext.invokeChannelRead(AbstractChannelHandlerContext.java:366)\n\tat io.netty.channel.AbstractChannelHandlerContext.invokeChannelRead(AbstractChannelHandlerContext.java:352)\n\tat io.netty.chann...
[debug] &amp#27;[35m[W3C]&amp#27;[39m Matched W3C error code 'no such element' to NoSuchElementError
[debug] &amp#27;[35m[BaseDriver]&amp#27;[39m Waited for 2244 ms so far
[debug] &amp#27;[35m[WD Proxy]&amp#27;[39m Matched '/element' to command name 'findElement'
[debug] &amp#27;[35m[WD Proxy]&amp#27;[39m Proxying [POST /element] to [POST http://127.0.0.1:8200/wd/hub/session/b99f2d84-67e3-4a57-a0c0-a9520c0547d2/element] with body: {"strategy":"id","selector":"com.androidsample.generalstore:id/nameField","context":"","multiple":false}
[debug] &amp#27;[35m[WD Proxy]&amp#27;[39m Got response with status 200: {"sessionId":"b99f2d84-67e3-4a57-a0c0-a9520c0547d2","value":{"ELEMENT":"72409e0b-9b7a-4800-8636-2c5b233ed7be","element-6066-11e4-a52e-4f735466cecf":"72409e0b-9b7a-4800-8636-2c5b233ed7be"}}
[debug] &amp#27;[35m[W3C (644c8b8f)]&amp#27;[39m Responding to client with driver.findElement() result: {"element-6066-11e4-a52e-4f735466cecf":"72409e0b-9b7a-4800-8636-2c5b233ed7be","ELEMENT":"72409e0b-9b7a-4800-8636-2c5b233ed7be"}
&amp#27;[35m[HTTP]&amp#27;[39m &amp#27;[37m<-- POST /wd/hub/session/644c8b8f-f4d4-44af-83fa-05315fb4c337/element &amp#27;[39m&amp#27;[32m200&amp#27;[39m &amp#27;[90m2914 ms - 137&amp#27;[39m
&amp#27;[35m[HTTP]&amp#27;[39m &amp#27;[90m&amp#27;[39m
&amp#27;[35m[HTTP]&amp#27;[39m &amp#27;[37m-->&amp#27;[39m &amp#27;[37mPOST&amp#27;[39m &amp#27;[37m/wd/hub/session/644c8b8f-f4d4-44af-83fa-05315fb4c337/element/72409e0b-9b7a-4800-8636-2c5b233ed7be/value&amp#27;[39m
&amp#27;[35m[HTTP]&amp#27;[39m &amp#27;[90m{"id":"72409e0b-9b7a-4800-8636-2c5b233ed7be","text":"Ankit","value":["A","n","k","i","t"]}&amp#27;[39m
[debug] &amp#27;[35m[W3C (644c8b8f)]&amp#27;[39m Calling AppiumDriver.setValue() with args: [["A","n","k","i","t"],"72409e0b-9b7a-4800-8636-2c5b233ed7be","644c8b8f-f4d4-44af-83fa-05315fb4c337"]
[debug] &amp#27;[35m[WD Proxy]&amp#27;[39m Matched '/element/72409e0b-9b7a-4800-8636-2c5b233ed7be/value' to command name 'setValue'
[debug] &amp#27;[35m[Protocol Converter]&amp#27;[39m Added 'value' property ["A","n","k","i","t"] to 'setValue' request body
[debug] &amp#27;[35m[WD Proxy]&amp#27;[39m Proxying [POST /element/72409e0b-9b7a-4800-8636-2c5b233ed7be/value] to [POST http://127.0.0.1:8200/wd/hub/session/b99f2d84-67e3-4a57-a0c0-a9520c0547d2/element/72409e0b-9b7a-4800-8636-2c5b233ed7be/value] with body: {"elementId":"72409e0b-9b7a-4800-8636-2c5b233ed7be","text":"Ankit","replace":false,"value":["A","n","k","i","t"]}
[debug] &amp#27;[35m[WD Proxy]&amp#27;[39m Got response with status 200: {"sessionId":"b99f2d84-67e3-4a57-a0c0-a9520c0547d2","value":null}
[debug] &amp#27;[35m[W3C (644c8b8f)]&amp#27;[39m Responding to client with driver.setValue() result: null
&amp#27;[35m[HTTP]&amp#27;[39m &amp#27;[37m<-- POST /wd/hub/session/644c8b8f-f4d4-44af-83fa-05315fb4c337/element/72409e0b-9b7a-4800-8636-2c5b233ed7be/value &amp#27;[39m&amp#27;[32m200&amp#27;[39m &amp#27;[90m89 ms - 14&amp#27;[39m
&amp#27;[35m[HTTP]&amp#27;[39m &amp#27;[90m&amp#27;[39m
&amp#27;[35m[HTTP]&amp#27;[39m &amp#27;[37m-->&amp#27;[39m &amp#27;[37mPOST&amp#27;[39m &amp#27;[37m/wd/hub/session/644c8b8f-f4d4-44af-83fa-05315fb4c337/appium/device/hide_keyboard&amp#27;[39m
&amp#27;[35m[HTTP]&amp#27;[39m &amp#27;[90m{}&amp#27;[39m
[debug] &amp#27;[35m[W3C (644c8b8f)]&amp#27;[39m Calling AppiumDriver.hideKeyboard() with args: [null,null,null,null,"644c8b8f-f4d4-44af-83fa-05315fb4c337"]
[debug] &amp#27;[35m[ADB]&amp#27;[39m Running 'C:\Users\ANKIT\AppData\Local\Android\Sdk\platform-tools\adb.exe -P 5037 -s 0ac1d17f shell dumpsys input_method'
&amp#27;[35m[AndroidDriver]&amp#27;[39m Keyboard has no UI; no closing necessary
[debug] &amp#27;[35m[W3C (644c8b8f)]&amp#27;[39m Responding to client with driver.hideKeyboard() result: null
&amp#27;[35m[HTTP]&amp#27;[39m &amp#27;[37m<-- POST /wd/hub/session/644c8b8f-f4d4-44af-83fa-05315fb4c337/appium/device/hide_keyboard &amp#27;[39m&amp#27;[32m200&amp#27;[39m &amp#27;[90m1729 ms - 14&amp#27;[39m
&amp#27;[35m[HTTP]&amp#27;[39m &amp#27;[90m&amp#27;[39m
&amp#27;[35m[HTTP]&amp#27;[39m &amp#27;[37m-->&amp#27;[39m &amp#27;[37mPOST&amp#27;[39m &amp#27;[37m/wd/hub/session/644c8b8f-f4d4-44af-83fa-05315fb4c337/element&amp#27;[39m
&amp#27;[35m[HTTP]&amp#27;[39m &amp#27;[90m{"using":"xpath","value":"//android.widget.RadioButton[@text='Male']"}&amp#27;[39m
[debug] &amp#27;[35m[W3C (644c8b8f)]&amp#27;[39m Calling AppiumDriver.findElement() with args: ["xpath","//android.widget.RadioButton[@text='Male']","644c8b8f-f4d4-44af-83fa-05315fb4c337"]
[debug] &amp#27;[35m[BaseDriver]&amp#27;[39m Valid locator strategies for this request: xpath, id, class name, accessibility id, css selector, -android uiautomator
[debug] &amp#27;[35m[BaseDriver]&amp#27;[39m Waiting up to 20000 ms for condition
[debug] &amp#27;[35m[WD Proxy]&amp#27;[39m Matched '/element' to command name 'findElement'
[debug] &amp#27;[35m[WD Proxy]&amp#27;[39m Proxying [POST /element] to [POST http://127.0.0.1:8200/wd/hub/session/b99f2d84-67e3-4a57-a0c0-a9520c0547d2/element] with body: {"strategy":"xpath","selector":"//android.widget.RadioButton[@text='Male']","context":"","multiple":false}
[debug] &amp#27;[35m[WD Proxy]&amp#27;[39m Got response with status 200: {"sessionId":"b99f2d84-67e3-4a57-a0c0-a9520c0547d2","value":{"ELEMENT":"d3e05c63-e02e-4696-b5a3-48716dd8c384","element-6066-11e4-a52e-4f735466cecf":"d3e05c63-e02e-4696-b5a3-48716dd8c384"}}
[debug] &amp#27;[35m[W3C (644c8b8f)]&amp#27;[39m Responding to client with driver.findElement() result: {"element-6066-11e4-a52e-4f735466cecf":"d3e05c63-e02e-4696-b5a3-48716dd8c384","ELEMENT":"d3e05c63-e02e-4696-b5a3-48716dd8c384"}
&amp#27;[35m[HTTP]&amp#27;[39m &amp#27;[37m<-- POST /wd/hub/session/644c8b8f-f4d4-44af-83fa-05315fb4c337/element &amp#27;[39m&amp#27;[32m200&amp#27;[39m &amp#27;[90m129 ms - 137&amp#27;[39m
&amp#27;[35m[HTTP]&amp#27;[39m &amp#27;[90m&amp#27;[39m
&amp#27;[35m[HTTP]&amp#27;[39m &amp#27;[37m-->&amp#27;[39m &amp#27;[37mPOST&amp#27;[39m &amp#27;[37m/wd/hub/session/644c8b8f-f4d4-44af-83fa-05315fb4c337/element/d3e05c63-e02e-4696-b5a3-48716dd8c384/click&amp#27;[39m
&amp#27;[35m[HTTP]&amp#27;[39m &amp#27;[90m{"id":"d3e05c63-e02e-4696-b5a3-48716dd8c384"}&amp#27;[39m
[debug] &amp#27;[35m[W3C (644c8b8f)]&amp#27;[39m Calling AppiumDriver.click() with args: ["d3e05c63-e02e-4696-b5a3-48716dd8c384","644c8b8f-f4d4-44af-83fa-05315fb4c337"]
[debug] &amp#27;[35m[WD Proxy]&amp#27;[39m Matched '/element/d3e05c63-e02e-4696-b5a3-48716dd8c384/click' to command name 'click'
[debug] &amp#27;[35m[WD Proxy]&amp#27;[39m Proxying [POST /element/d3e05c63-e02e-4696-b5a3-48716dd8c384/click] to [POST http://127.0.0.1:8200/wd/hub/session/b99f2d84-67e3-4a57-a0c0-a9520c0547d2/element/d3e05c63-e02e-4696-b5a3-48716dd8c384/click] with body: {"element":"d3e05c63-e02e-4696-b5a3-48716dd8c384"}
[debug] &amp#27;[35m[WD Proxy]&amp#27;[39m Got response with status 200: {"sessionId":"b99f2d84-67e3-4a57-a0c0-a9520c0547d2","value":null}
[debug] &amp#27;[35m[W3C (644c8b8f)]&amp#27;[39m Responding to client with driver.click() result: null
&amp#27;[35m[HTTP]&amp#27;[39m &amp#27;[37m<-- POST /wd/hub/session/644c8b8f-f4d4-44af-83fa-05315fb4c337/element/d3e05c63-e02e-4696-b5a3-48716dd8c384/click &amp#27;[39m&amp#27;[32m200&amp#27;[39m &amp#27;[90m104 ms - 14&amp#27;[39m
&amp#27;[35m[HTTP]&amp#27;[39m &amp#27;[90m&amp#27;[39m
&amp#27;[35m[HTTP]&amp#27;[39m &amp#27;[37m-->&amp#27;[39m &amp#27;[37mGET&amp#27;[39m &amp#27;[37m/wd/hub/session/644c8b8f-f4d4-44af-83fa-05315fb4c337/context&amp#27;[39m
&amp#27;[35m[HTTP]&amp#27;[39m &amp#27;[90m{}&amp#27;[39m
[debug] &amp#27;[35m[W3C (644c8b8f)]&amp#27;[39m Calling AppiumDriver.getCurrentContext() with args: ["644c8b8f-f4d4-44af-83fa-05315fb4c337"]
[debug] &amp#27;[35m[W3C (644c8b8f)]&amp#27;[39m Responding to client with driver.getCurrentContext() result: "NATIVE_APP"
&amp#27;[35m[HTTP]&amp#27;[39m &amp#27;[37m<-- GET /wd/hub/session/644c8b8f-f4d4-44af-83fa-05315fb4c337/context &amp#27;[39m&amp#27;[32m200&amp#27;[39m &amp#27;[90m3 ms - 22&amp#27;[39m
&amp#27;[35m[HTTP]&amp#27;[39m &amp#27;[90m&amp#27;[39m
&amp#27;[35m[HTTP]&amp#27;[39m &amp#27;[37m-->&amp#27;[39m &amp#27;[37mPOST&amp#27;[39m &amp#27;[37m/wd/hub/session/644c8b8f-f4d4-44af-83fa-05315fb4c337/element&amp#27;[39m
&amp#27;[35m[HTTP]&amp#27;[39m &amp#27;[90m{"using":"id","value":"android:id/text1"}&amp#27;[39m
[debug] &amp#27;[35m[W3C (644c8b8f)]&amp#27;[39m Calling AppiumDriver.findElement() with args: ["id","android:id/text1","644c8b8f-f4d4-44af-83fa-05315fb4c337"]
[debug] &amp#27;[35m[BaseDriver]&amp#27;[39m Valid locator strategies for this request: xpath, id, class name, accessibility id, css selector, -android uiautomator
[debug] &amp#27;[35m[BaseDriver]&amp#27;[39m Waiting up to 20000 ms for condition
[debug] &amp#27;[35m[WD Proxy]&amp#27;[39m Matched '/element' to command name 'findElement'
[debug] &amp#27;[35m[WD Proxy]&amp#27;[39m Proxying [POST /element] to [POST http://127.0.0.1:8200/wd/hub/session/b99f2d84-67e3-4a57-a0c0-a9520c0547d2/element] with body: {"strategy":"id","selector":"android:id/text1","context":"","multiple":false}
[debug] &amp#27;[35m[WD Proxy]&amp#27;[39m Got response with status 200: {"sessionId":"b99f2d84-67e3-4a57-a0c0-a9520c0547d2","value":{"ELEMENT":"45f1a96c-b8df-43a4-9f3b-1440c39718e9","element-6066-11e4-a52e-4f735466cecf":"45f1a96c-b8df-43a4-9f3b-1440c39718e9"}}
[debug] &amp#27;[35m[W3C (644c8b8f)]&amp#27;[39m Responding to client with driver.findElement() result: {"element-6066-11e4-a52e-4f735466cecf":"45f1a96c-b8df-43a4-9f3b-1440c39718e9","ELEMENT":"45f1a96c-b8df-43a4-9f3b-1440c39718e9"}
&amp#27;[35m[HTTP]&amp#27;[39m &amp#27;[37m<-- POST /wd/hub/session/644c8b8f-f4d4-44af-83fa-05315fb4c337/element &amp#27;[39m&amp#27;[32m200&amp#27;[39m &amp#27;[90m537 ms - 137&amp#27;[39m
&amp#27;[35m[HTTP]&amp#27;[39m &amp#27;[90m&amp#27;[39m
&amp#27;[35m[HTTP]&amp#27;[39m &amp#27;[37m-->&amp#27;[39m &amp#27;[37mPOST&amp#27;[39m &amp#27;[37m/wd/hub/session/644c8b8f-f4d4-44af-83fa-05315fb4c337/element/45f1a96c-b8df-43a4-9f3b-1440c39718e9/click&amp#27;[39m
&amp#27;[35m[HTTP]&amp#27;[39m &amp#27;[90m{"id":"45f1a96c-b8df-43a4-9f3b-1440c39718e9"}&amp#27;[39m
[debug] &amp#27;[35m[W3C (644c8b8f)]&amp#27;[39m Calling AppiumDriver.click() with args: ["45f1a96c-b8df-43a4-9f3b-1440c39718e9","644c8b8f-f4d4-44af-83fa-05315fb4c337"]
[debug] &amp#27;[35m[WD Proxy]&amp#27;[39m Matched '/element/45f1a96c-b8df-43a4-9f3b-1440c39718e9/click' to command name 'click'
[debug] &amp#27;[35m[WD Proxy]&amp#27;[39m Proxying [POST /element/45f1a96c-b8df-43a4-9f3b-1440c39718e9/click] to [POST http://127.0.0.1:8200/wd/hub/session/b99f2d84-67e3-4a57-a0c0-a9520c0547d2/element/45f1a96c-b8df-43a4-9f3b-1440c39718e9/click] with body: {"element":"45f1a96c-b8df-43a4-9f3b-1440c39718e9"}
[debug] &amp#27;[35m[WD Proxy]&amp#27;[39m Got response with status 200: {"sessionId":"b99f2d84-67e3-4a57-a0c0-a9520c0547d2","value":null}
[debug] &amp#27;[35m[W3C (644c8b8f)]&amp#27;[39m Responding to client with driver.click() result: null
&amp#27;[35m[HTTP]&amp#27;[39m &amp#27;[37m<-- POST /wd/hub/session/644c8b8f-f4d4-44af-83fa-05315fb4c337/element/45f1a96c-b8df-43a4-9f3b-1440c39718e9/click &amp#27;[39m&amp#27;[32m200&amp#27;[39m &amp#27;[90m100 ms - 14&amp#27;[39m
&amp#27;[35m[HTTP]&amp#27;[39m &amp#27;[90m&amp#27;[39m
&amp#27;[35m[HTTP]&amp#27;[39m &amp#27;[37m-->&amp#27;[39m &amp#27;[37mPOST&amp#27;[39m &amp#27;[37m/wd/hub/session/644c8b8f-f4d4-44af-83fa-05315fb4c337/element&amp#27;[39m
&amp#27;[35m[HTTP]&amp#27;[39m &amp#27;[90m{"using":"-android uiautomator","value":"new UiScrollable(new UiSelector()).scrollIntoView(text(\"Argentina\"));"}&amp#27;[39m
[debug] &amp#27;[35m[W3C (644c8b8f)]&amp#27;[39m Calling AppiumDriver.findElement() with args: ["-android uiautomator","new UiScrollable(new UiSelector()).scrollIntoView(text(\"Argentina\"));","644c8b8f-f4d4-44af-83fa-05315fb4c337"]
[debug] &amp#27;[35m[BaseDriver]&amp#27;[39m Valid locator strategies for this request: xpath, id, class name, accessibility id, css selector, -android uiautomator
[debug] &amp#27;[35m[BaseDriver]&amp#27;[39m Waiting up to 20000 ms for condition
[debug] &amp#27;[35m[WD Proxy]&amp#27;[39m Matched '/element' to command name 'findElement'
[debug] &amp#27;[35m[WD Proxy]&amp#27;[39m Proxying [POST /element] to [POST http://127.0.0.1:8200/wd/hub/session/b99f2d84-67e3-4a57-a0c0-a9520c0547d2/element] with body: {"strategy":"-android uiautomator","selector":"new UiScrollable(new UiSelector()).scrollIntoView(text(\"Argentina\"));","context":"","multiple":false}
[debug] &amp#27;[35m[WD Proxy]&amp#27;[39m Got response with status 200: {"sessionId":"b99f2d84-67e3-4a57-a0c0-a9520c0547d2","value":{"ELEMENT":"9811cca0-e270-422a-9a0e-555050a0554f","element-6066-11e4-a52e-4f735466cecf":"9811cca0-e270-422a-9a0e-555050a0554f"}}
[debug] &amp#27;[35m[W3C (644c8b8f)]&amp#27;[39m Responding to client with driver.findElement() result: {"element-6066-11e4-a52e-4f735466cecf":"9811cca0-e270-422a-9a0e-555050a0554f","ELEMENT":"9811cca0-e270-422a-9a0e-555050a0554f"}
&amp#27;[35m[HTTP]&amp#27;[39m &amp#27;[37m<-- POST /wd/hub/session/644c8b8f-f4d4-44af-83fa-05315fb4c337/element &amp#27;[39m&amp#27;[32m200&amp#27;[39m &amp#27;[90m982 ms - 137&amp#27;[39m
&amp#27;[35m[HTTP]&amp#27;[39m &amp#27;[90m&amp#27;[39m
&amp#27;[35m[HTTP]&amp#27;[39m &amp#27;[37m-->&amp#27;[39m &amp#27;[37mPOST&amp#27;[39m &amp#27;[37m/wd/hub/session/644c8b8f-f4d4-44af-83fa-05315fb4c337/element/9811cca0-e270-422a-9a0e-555050a0554f/click&amp#27;[39m
&amp#27;[35m[HTTP]&amp#27;[39m &amp#27;[90m{"id":"9811cca0-e270-422a-9a0e-555050a0554f"}&amp#27;[39m
[debug] &amp#27;[35m[W3C (644c8b8f)]&amp#27;[39m Calling AppiumDriver.click() with args: ["9811cca0-e270-422a-9a0e-555050a0554f","644c8b8f-f4d4-44af-83fa-05315fb4c337"]
[debug] &amp#27;[35m[WD Proxy]&amp#27;[39m Matched '/element/9811cca0-e270-422a-9a0e-555050a0554f/click' to command name 'click'
[debug] &amp#27;[35m[WD Proxy]&amp#27;[39m Proxying [POST /element/9811cca0-e270-422a-9a0e-555050a0554f/click] to [POST http://127.0.0.1:8200/wd/hub/session/b99f2d84-67e3-4a57-a0c0-a9520c0547d2/element/9811cca0-e270-422a-9a0e-555050a0554f/click] with body: {"element":"9811cca0-e270-422a-9a0e-555050a0554f"}
[debug] &amp#27;[35m[WD Proxy]&amp#27;[39m Got response with status 200: {"sessionId":"b99f2d84-67e3-4a57-a0c0-a9520c0547d2","value":null}
[debug] &amp#27;[35m[W3C (644c8b8f)]&amp#27;[39m Responding to client with driver.click() result: null
&amp#27;[35m[HTTP]&amp#27;[39m &amp#27;[37m<-- POST /wd/hub/session/644c8b8f-f4d4-44af-83fa-05315fb4c337/element/9811cca0-e270-422a-9a0e-555050a0554f/click &amp#27;[39m&amp#27;[32m200&amp#27;[39m &amp#27;[90m710 ms - 14&amp#27;[39m
&amp#27;[35m[HTTP]&amp#27;[39m &amp#27;[90m&amp#27;[39m
&amp#27;[35m[HTTP]&amp#27;[39m &amp#27;[37m-->&amp#27;[39m &amp#27;[37mGET&amp#27;[39m &amp#27;[37m/wd/hub/session/644c8b8f-f4d4-44af-83fa-05315fb4c337/context&amp#27;[39m
&amp#27;[35m[HTTP]&amp#27;[39m &amp#27;[90m{}&amp#27;[39m
[debug] &amp#27;[35m[W3C (644c8b8f)]&amp#27;[39m Calling AppiumDriver.getCurrentContext() with args: ["644c8b8f-f4d4-44af-83fa-05315fb4c337"]
[debug] &amp#27;[35m[W3C (644c8b8f)]&amp#27;[39m Responding to client with driver.getCurrentContext() result: "NATIVE_APP"
&amp#27;[35m[HTTP]&amp#27;[39m &amp#27;[37m<-- GET /wd/hub/session/644c8b8f-f4d4-44af-83fa-05315fb4c337/context &amp#27;[39m&amp#27;[32m200&amp#27;[39m &amp#27;[90m3 ms - 22&amp#27;[39m
&amp#27;[35m[HTTP]&amp#27;[39m &amp#27;[90m&amp#27;[39m
&amp#27;[35m[HTTP]&amp#27;[39m &amp#27;[37m-->&amp#27;[39m &amp#27;[37mPOST&amp#27;[39m &amp#27;[37m/wd/hub/session/644c8b8f-f4d4-44af-83fa-05315fb4c337/element&amp#27;[39m
&amp#27;[35m[HTTP]&amp#27;[39m &amp#27;[90m{"using":"id","value":"com.androidsample.generalstore:id/btnLetsShop"}&amp#27;[39m
[debug] &amp#27;[35m[W3C (644c8b8f)]&amp#27;[39m Calling AppiumDriver.findElement() with args: ["id","com.androidsample.generalstore:id/btnLetsShop","644c8b8f-f4d4-44af-83fa-05315fb4c337"]
[debug] &amp#27;[35m[BaseDriver]&amp#27;[39m Valid locator strategies for this request: xpath, id, class name, accessibility id, css selector, -android uiautomator
[debug] &amp#27;[35m[BaseDriver]&amp#27;[39m Waiting up to 20000 ms for condition
[debug] &amp#27;[35m[WD Proxy]&amp#27;[39m Matched '/element' to command name 'findElement'
[debug] &amp#27;[35m[WD Proxy]&amp#27;[39m Proxying [POST /element] to [POST http://127.0.0.1:8200/wd/hub/session/b99f2d84-67e3-4a57-a0c0-a9520c0547d2/element] with body: {"strategy":"id","selector":"com.androidsample.generalstore:id/btnLetsShop","context":"","multiple":false}
[debug] &amp#27;[35m[WD Proxy]&amp#27;[39m Got response with status 200: {"sessionId":"b99f2d84-67e3-4a57-a0c0-a9520c0547d2","value":{"ELEMENT":"8604f7f2-c158-4cf6-bc18-aa384c238657","element-6066-11e4-a52e-4f735466cecf":"8604f7f2-c158-4cf6-bc18-aa384c238657"}}
[debug] &amp#27;[35m[W3C (644c8b8f)]&amp#27;[39m Responding to client with driver.findElement() result: {"element-6066-11e4-a52e-4f735466cecf":"8604f7f2-c158-4cf6-bc18-aa384c238657","ELEMENT":"8604f7f2-c158-4cf6-bc18-aa384c238657"}
&amp#27;[35m[HTTP]&amp#27;[39m &amp#27;[37m<-- POST /wd/hub/session/644c8b8f-f4d4-44af-83fa-05315fb4c337/element &amp#27;[39m&amp#27;[32m200&amp#27;[39m &amp#27;[90m513 ms - 137&amp#27;[39m
&amp#27;[35m[HTTP]&amp#27;[39m &amp#27;[90m&amp#27;[39m
&amp#27;[35m[HTTP]&amp#27;[39m &amp#27;[37m-->&amp#27;[39m &amp#27;[37mPOST&amp#27;[39m &amp#27;[37m/wd/hub/session/644c8b8f-f4d4-44af-83fa-05315fb4c337/element/8604f7f2-c158-4cf6-bc18-aa384c238657/click&amp#27;[39m
&amp#27;[35m[HTTP]&amp#27;[39m &amp#27;[90m{"id":"8604f7f2-c158-4cf6-bc18-aa384c238657"}&amp#27;[39m
[debug] &amp#27;[35m[W3C (644c8b8f)]&amp#27;[39m Calling AppiumDriver.click() with args: ["8604f7f2-c158-4cf6-bc18-aa384c238657","644c8b8f-f4d4-44af-83fa-05315fb4c337"]
[debug] &amp#27;[35m[WD Proxy]&amp#27;[39m Matched '/element/8604f7f2-c158-4cf6-bc18-aa384c238657/click' to command name 'click'
[debug] &amp#27;[35m[WD Proxy]&amp#27;[39m Proxying [POST /element/8604f7f2-c158-4cf6-bc18-aa384c238657/click] to [POST http://127.0.0.1:8200/wd/hub/session/b99f2d84-67e3-4a57-a0c0-a9520c0547d2/element/8604f7f2-c158-4cf6-bc18-aa384c238657/click] with body: {"element":"8604f7f2-c158-4cf6-bc18-aa384c238657"}
[debug] &amp#27;[35m[WD Proxy]&amp#27;[39m Got response with status 200: {"sessionId":"b99f2d84-67e3-4a57-a0c0-a9520c0547d2","value":null}
[debug] &amp#27;[35m[W3C (644c8b8f)]&amp#27;[39m Responding to client with driver.click() result: null
&amp#27;[35m[HTTP]&amp#27;[39m &amp#27;[37m<-- POST /wd/hub/session/644c8b8f-f4d4-44af-83fa-05315fb4c337/element/8604f7f2-c158-4cf6-bc18-aa384c238657/click &amp#27;[39m&amp#27;[32m200&amp#27;[39m &amp#27;[90m135 ms - 14&amp#27;[39m
&amp#27;[35m[HTTP]&amp#27;[39m &amp#27;[90m&amp#27;[39m
&amp#27;[35m[HTTP]&amp#27;[39m &amp#27;[37m-->&amp#27;[39m &amp#27;[37mPOST&amp#27;[39m &amp#27;[37m/wd/hub/session/644c8b8f-f4d4-44af-83fa-05315fb4c337/element&amp#27;[39m
&amp#27;[35m[HTTP]&amp#27;[39m &amp#27;[90m{"using":"-android uiautomator","value":"new UiScrollable(new UiSelector().resourceId(\"com.androidsample.generalstore:id/rvProductList\")).scrollIntoView(new UiSelector().textMatches(\"Jordan Lift Off\").instance(0))"}&amp#27;[39m
[debug] &amp#27;[35m[W3C (644c8b8f)]&amp#27;[39m Calling AppiumDriver.findElement() with args: ["-android uiautomator","new UiScrollable(new UiSelector().resourceId(\"com.androidsample.generalstore:id/rvProductList\")).scrollIntoView(new UiSelector().textMatches(\"Jordan Lift Off\").instance(0))","644c8b8f-f4d4-44af-83fa-05315fb4c337"]
[debug] &amp#27;[35m[BaseDriver]&amp#27;[39m Valid locator strategies for this request: xpath, id, class name, accessibility id, css selector, -android uiautomator
[debug] &amp#27;[35m[BaseDriver]&amp#27;[39m Waiting up to 20000 ms for condition
[debug] &amp#27;[35m[WD Proxy]&amp#27;[39m Matched '/element' to command name 'findElement'
[debug] &amp#27;[35m[WD Proxy]&amp#27;[39m Proxying [POST /element] to [POST http://127.0.0.1:8200/wd/hub/session/b99f2d84-67e3-4a57-a0c0-a9520c0547d2/element] with body: {"strategy":"-android uiautomator","selector":"new UiScrollable(new UiSelector().resourceId(\"com.androidsample.generalstore:id/rvProductList\")).scrollIntoView(new UiSelector().textMatches(\"Jordan Lift Off\").instance(0))","context":"","multiple":false}
[debug] &amp#27;[35m[WD Proxy]&amp#27;[39m Got response with status 200: {"sessionId":"b99f2d84-67e3-4a57-a0c0-a9520c0547d2","value":{"ELEMENT":"04ccf782-9974-40d1-b554-0a4a3c44d09b","element-6066-11e4-a52e-4f735466cecf":"04ccf782-9974-40d1-b554-0a4a3c44d09b"}}
[debug] &amp#27;[35m[W3C (644c8b8f)]&amp#27;[39m Responding to client with driver.findElement() result: {"element-6066-11e4-a52e-4f735466cecf":"04ccf782-9974-40d1-b554-0a4a3c44d09b","ELEMENT":"04ccf782-9974-40d1-b554-0a4a3c44d09b"}
&amp#27;[35m[HTTP]&amp#27;[39m &amp#27;[37m<-- POST /wd/hub/session/644c8b8f-f4d4-44af-83fa-05315fb4c337/element &amp#27;[39m&amp#27;[32m200&amp#27;[39m &amp#27;[90m6898 ms - 137&amp#27;[39m
&amp#27;[35m[HTTP]&amp#27;[39m &amp#27;[90m&amp#27;[39m
&amp#27;[35m[HTTP]&amp#27;[39m &amp#27;[37m-->&amp#27;[39m &amp#27;[37mGET&amp#27;[39m &amp#27;[37m/wd/hub/session/644c8b8f-f4d4-44af-83fa-05315fb4c337/context&amp#27;[39m
&amp#27;[35m[HTTP]&amp#27;[39m &amp#27;[90m{}&amp#27;[39m
[debug] &amp#27;[35m[W3C (644c8b8f)]&amp#27;[39m Calling AppiumDriver.getCurrentContext() with args: ["644c8b8f-f4d4-44af-83fa-05315fb4c337"]
[debug] &amp#27;[35m[W3C (644c8b8f)]&amp#27;[39m Responding to client with driver.getCurrentContext() result: "NATIVE_APP"
&amp#27;[35m[HTTP]&amp#27;[39m &amp#27;[37m<-- GET /wd/hub/session/644c8b8f-f4d4-44af-83fa-05315fb4c337/context &amp#27;[39m&amp#27;[32m200&amp#27;[39m &amp#27;[90m3 ms - 22&amp#27;[39m
&amp#27;[35m[HTTP]&amp#27;[39m &amp#27;[90m&amp#27;[39m
&amp#27;[35m[HTTP]&amp#27;[39m &amp#27;[37m-->&amp#27;[39m &amp#27;[37mPOST&amp#27;[39m &amp#27;[37m/wd/hub/session/644c8b8f-f4d4-44af-83fa-05315fb4c337/elements&amp#27;[39m
&amp#27;[35m[HTTP]&amp#27;[39m &amp#27;[90m{"using":"id","value":"com.androidsample.generalstore:id/productName"}&amp#27;[39m
[debug] &amp#27;[35m[W3C (644c8b8f)]&amp#27;[39m Calling AppiumDriver.findElements() with args: ["id","com.androidsample.generalstore:id/productName","644c8b8f-f4d4-44af-83fa-05315fb4c337"]
[debug] &amp#27;[35m[BaseDriver]&amp#27;[39m Valid locator strategies for this request: xpath, id, class name, accessibility id, css selector, -android uiautomator
[debug] &amp#27;[35m[BaseDriver]&amp#27;[39m Waiting up to 20000 ms for condition
[debug] &amp#27;[35m[WD Proxy]&amp#27;[39m Matched '/elements' to command name 'findElements'
[debug] &amp#27;[35m[WD Proxy]&amp#27;[39m Proxying [POST /elements] to [POST http://127.0.0.1:8200/wd/hub/session/b99f2d84-67e3-4a57-a0c0-a9520c0547d2/elements] with body: {"strategy":"id","selector":"com.androidsample.generalstore:id/productName","context":"","multiple":true}
[debug] &amp#27;[35m[WD Proxy]&amp#27;[39m Got response with status 200: {"sessionId":"b99f2d84-67e3-4a57-a0c0-a9520c0547d2","value":[{"ELEMENT":"a5db2a7b-8799-45a1-ba5f-d2e5fb04386a","element-6066-11e4-a52e-4f735466cecf":"a5db2a7b-8799-45a1-ba5f-d2e5fb04386a"},{"ELEMENT":"3279ab1d-1da8-4d2c-b8c2-3ab1584d6c22","element-6066-11e4-a52e-4f735466cecf":"3279ab1d-1da8-4d2c-b8c2-3ab1584d6c22"},{"ELEMENT":"a7877ad3-688f-46ff-a07e-0bd86c7db919","element-6066-11e4-a52e-4f735466cecf":"a7877ad3-688f-46ff-a07e-0bd86c7db919"}]}
[debug] &amp#27;[35m[W3C (644c8b8f)]&amp#27;[39m Responding to client with driver.findElements() result: [{"element-6066-11e4-a52e-4f735466cecf":"a5db2a7b-8799-45a1-ba5f-d2e5fb04386a","ELEMENT":"a5db2a7b-8799-45a1-ba5f-d2e5fb04386a"},{"element-6066-11e4-a52e-4f735466cecf":"3279ab1d-1da8-4d2c-b8c2-3ab1584d6c22","ELEMENT":"3279ab1d-1da8-4d2c-b8c2-3ab1584d6c22"},{"element-6066-11e4-a52e-4f735466cecf":"a7877ad3-688f-46ff-a07e-0bd86c7db919","ELEMENT":"a7877ad3-688f-46ff-a07e-0bd86c7db919"}]
&amp#27;[35m[HTTP]&amp#27;[39m &amp#27;[37m<-- POST /wd/hub/session/644c8b8f-f4d4-44af-83fa-05315fb4c337/elements &amp#27;[39m&amp#27;[32m200&amp#27;[39m &amp#27;[90m99 ms - 395&amp#27;[39m
&amp#27;[35m[HTTP]&amp#27;[39m &amp#27;[90m&amp#27;[39m
&amp#27;[35m[HTTP]&amp#27;[39m &amp#27;[37m-->&amp#27;[39m &amp#27;[37mGET&amp#27;[39m &amp#27;[37m/wd/hub/session/644c8b8f-f4d4-44af-83fa-05315fb4c337/context&amp#27;[39m
&amp#27;[35m[HTTP]&amp#27;[39m &amp#27;[90m{}&amp#27;[39m
[debug] &amp#27;[35m[W3C (644c8b8f)]&amp#27;[39m Calling AppiumDriver.getCurrentContext() with args: ["644c8b8f-f4d4-44af-83fa-05315fb4c337"]
[debug] &amp#27;[35m[W3C (644c8b8f)]&amp#27;[39m Responding to client with driver.getCurrentContext() result: "NATIVE_APP"
&amp#27;[35m[HTTP]&amp#27;[39m &amp#27;[37m<-- GET /wd/hub/session/644c8b8f-f4d4-44af-83fa-05315fb4c337/context &amp#27;[39m&amp#27;[32m200&amp#27;[39m &amp#27;[90m4 ms - 22&amp#27;[39m
&amp#27;[35m[HTTP]&amp#27;[39m &amp#27;[90m&amp#27;[39m
&amp#27;[35m[HTTP]&amp#27;[39m &amp#27;[37m-->&amp#27;[39m &amp#27;[37mPOST&amp#27;[39m &amp#27;[37m/wd/hub/session/644c8b8f-f4d4-44af-83fa-05315fb4c337/elements&amp#27;[39m
&amp#27;[35m[HTTP]&amp#27;[39m &amp#27;[90m{"using":"id","value":"com.androidsample.generalstore:id/productName"}&amp#27;[39m
[debug] &amp#27;[35m[W3C (644c8b8f)]&amp#27;[39m Calling AppiumDriver.findElements() with args: ["id","com.androidsample.generalstore:id/productName","644c8b8f-f4d4-44af-83fa-05315fb4c337"]
[debug] &amp#27;[35m[BaseDriver]&amp#27;[39m Valid locator strategies for this request: xpath, id, class name, accessibility id, css selector, -android uiautomator
[debug] &amp#27;[35m[BaseDriver]&amp#27;[39m Waiting up to 20000 ms for condition
[debug] &amp#27;[35m[WD Proxy]&amp#27;[39m Matched '/elements' to command name 'findElements'
[debug] &amp#27;[35m[WD Proxy]&amp#27;[39m Proxying [POST /elements] to [POST http://127.0.0.1:8200/wd/hub/session/b99f2d84-67e3-4a57-a0c0-a9520c0547d2/elements] with body: {"strategy":"id","selector":"com.androidsample.generalstore:id/productName","context":"","multiple":true}
[debug] &amp#27;[35m[WD Proxy]&amp#27;[39m Got response with status 200: {"sessionId":"b99f2d84-67e3-4a57-a0c0-a9520c0547d2","value":[{"ELEMENT":"bab524b7-acde-4668-af65-8ba4ac72b452","element-6066-11e4-a52e-4f735466cecf":"bab524b7-acde-4668-af65-8ba4ac72b452"},{"ELEMENT":"ce3c298f-c10d-4245-b822-900df8e018eb","element-6066-11e4-a52e-4f735466cecf":"ce3c298f-c10d-4245-b822-900df8e018eb"},{"ELEMENT":"eb6ae6ac-b11c-4d41-b716-b42d066c8437","element-6066-11e4-a52e-4f735466cecf":"eb6ae6ac-b11c-4d41-b716-b42d066c8437"}]}
[debug] &amp#27;[35m[W3C (644c8b8f)]&amp#27;[39m Responding to client with driver.findElements() result: [{"element-6066-11e4-a52e-4f735466cecf":"bab524b7-acde-4668-af65-8ba4ac72b452","ELEMENT":"bab524b7-acde-4668-af65-8ba4ac72b452"},{"element-6066-11e4-a52e-4f735466cecf":"ce3c298f-c10d-4245-b822-900df8e018eb","ELEMENT":"ce3c298f-c10d-4245-b822-900df8e018eb"},{"element-6066-11e4-a52e-4f735466cecf":"eb6ae6ac-b11c-4d41-b716-b42d066c8437","ELEMENT":"eb6ae6ac-b11c-4d41-b716-b42d066c8437"}]
&amp#27;[35m[HTTP]&amp#27;[39m &amp#27;[37m<-- POST /wd/hub/session/644c8b8f-f4d4-44af-83fa-05315fb4c337/elements &amp#27;[39m&amp#27;[32m200&amp#27;[39m &amp#27;[90m82 ms - 395&amp#27;[39m
&amp#27;[35m[HTTP]&amp#27;[39m &amp#27;[90m&amp#27;[39m
&amp#27;[35m[HTTP]&amp#27;[39m &amp#27;[37m-->&amp#27;[39m &amp#27;[37mGET&amp#27;[39m &amp#27;[37m/wd/hub/session/644c8b8f-f4d4-44af-83fa-05315fb4c337/element/bab524b7-acde-4668-af65-8ba4ac72b452/text&amp#27;[39m
&amp#27;[35m[HTTP]&amp#27;[39m &amp#27;[90m{}&amp#27;[39m
&amp#27;[35m[W3C (644c8b8f)]&amp#27;[39m Driver proxy active, passing request on via HTTP proxy
[debug] &amp#27;[35m[WD Proxy]&amp#27;[39m Matched '/wd/hub/session/644c8b8f-f4d4-44af-83fa-05315fb4c337/element/bab524b7-acde-4668-af65-8ba4ac72b452/text' to command name 'getText'
[debug] &amp#27;[35m[WD Proxy]&amp#27;[39m Proxying [GET /wd/hub/session/644c8b8f-f4d4-44af-83fa-05315fb4c337/element/bab524b7-acde-4668-af65-8ba4ac72b452/text] to [GET http://127.0.0.1:8200/wd/hub/session/b99f2d84-67e3-4a57-a0c0-a9520c0547d2/element/bab524b7-acde-4668-af65-8ba4ac72b452/text] with no body
[debug] &amp#27;[35m[WD Proxy]&amp#27;[39m Got response with status 200: {"sessionId":"b99f2d84-67e3-4a57-a0c0-a9520c0547d2","value":"Air Jordan 9 Retro"}
&amp#27;[35m[WD Proxy]&amp#27;[39m Replacing sessionId b99f2d84-67e3-4a57-a0c0-a9520c0547d2 with 644c8b8f-f4d4-44af-83fa-05315fb4c337
&amp#27;[35m[HTTP]&amp#27;[39m &amp#27;[37m<-- GET /wd/hub/session/644c8b8f-f4d4-44af-83fa-05315fb4c337/element/bab524b7-acde-4668-af65-8ba4ac72b452/text &amp#27;[39m&amp#27;[32m200&amp#27;[39m &amp#27;[90m34 ms - 81&amp#27;[39m
&amp#27;[35m[HTTP]&amp#27;[39m &amp#27;[90m&amp#27;[39m
&amp#27;[35m[HTTP]&amp#27;[39m &amp#27;[37m-->&amp#27;[39m &amp#27;[37mGET&amp#27;[39m &amp#27;[37m/wd/hub/session/644c8b8f-f4d4-44af-83fa-05315fb4c337/context&amp#27;[39m
&amp#27;[35m[HTTP]&amp#27;[39m &amp#27;[90m{}&amp#27;[39m
[debug] &amp#27;[35m[W3C (644c8b8f)]&amp#27;[39m Calling AppiumDriver.getCurrentContext() with args: ["644c8b8f-f4d4-44af-83fa-05315fb4c337"]
[debug] &amp#27;[35m[W3C (644c8b8f)]&amp#27;[39m Responding to client with driver.getCurrentContext() result: "NATIVE_APP"
&amp#27;[35m[HTTP]&amp#27;[39m &amp#27;[37m<-- GET /wd/hub/session/644c8b8f-f4d4-44af-83fa-05315fb4c337/context &amp#27;[39m&amp#27;[32m200&amp#27;[39m &amp#27;[90m3 ms - 22&amp#27;[39m
&amp#27;[35m[HTTP]&amp#27;[39m &amp#27;[90m&amp#27;[39m
&amp#27;[35m[HTTP]&amp#27;[39m &amp#27;[37m-->&amp#27;[39m &amp#27;[37mPOST&amp#27;[39m &amp#27;[37m/wd/hub/session/644c8b8f-f4d4-44af-83fa-05315fb4c337/elements&amp#27;[39m
&amp#27;[35m[HTTP]&amp#27;[39m &amp#27;[90m{"using":"id","value":"com.androidsample.generalstore:id/productName"}&amp#27;[39m
[debug] &amp#27;[35m[W3C (644c8b8f)]&amp#27;[39m Calling AppiumDriver.findElements() with args: ["id","com.androidsample.generalstore:id/productName","644c8b8f-f4d4-44af-83fa-05315fb4c337"]
[debug] &amp#27;[35m[BaseDriver]&amp#27;[39m Valid locator strategies for this request: xpath, id, class name, accessibility id, css selector, -android uiautomator
[debug] &amp#27;[35m[BaseDriver]&amp#27;[39m Waiting up to 20000 ms for condition
[debug] &amp#27;[35m[WD Proxy]&amp#27;[39m Matched '/elements' to command name 'findElements'
[debug] &amp#27;[35m[WD Proxy]&amp#27;[39m Proxying [POST /elements] to [POST http://127.0.0.1:8200/wd/hub/session/b99f2d84-67e3-4a57-a0c0-a9520c0547d2/elements] with body: {"strategy":"id","selector":"com.androidsample.generalstore:id/productName","context":"","multiple":true}
[debug] &amp#27;[35m[WD Proxy]&amp#27;[39m Got response with status 200: {"sessionId":"b99f2d84-67e3-4a57-a0c0-a9520c0547d2","value":[{"ELEMENT":"4f642561-bdc3-4f9c-a6b1-90969a3d6bf6","element-6066-11e4-a52e-4f735466cecf":"4f642561-bdc3-4f9c-a6b1-90969a3d6bf6"},{"ELEMENT":"c39ff54e-ffec-441a-aceb-92b6536c16b4","element-6066-11e4-a52e-4f735466cecf":"c39ff54e-ffec-441a-aceb-92b6536c16b4"},{"ELEMENT":"5f23404e-7b16-4716-8555-3c287d0bb82c","element-6066-11e4-a52e-4f735466cecf":"5f23404e-7b16-4716-8555-3c287d0bb82c"}]}
[debug] &amp#27;[35m[W3C (644c8b8f)]&amp#27;[39m Responding to client with driver.findElements() result: [{"element-6066-11e4-a52e-4f735466cecf":"4f642561-bdc3-4f9c-a6b1-90969a3d6bf6","ELEMENT":"4f642561-bdc3-4f9c-a6b1-90969a3d6bf6"},{"element-6066-11e4-a52e-4f735466cecf":"c39ff54e-ffec-441a-aceb-92b6536c16b4","ELEMENT":"c39ff54e-ffec-441a-aceb-92b6536c16b4"},{"element-6066-11e4-a52e-4f735466cecf":"5f23404e-7b16-4716-8555-3c287d0bb82c","ELEMENT":"5f23404e-7b16-4716-8555-3c287d0bb82c"}]
&amp#27;[35m[HTTP]&amp#27;[39m &amp#27;[37m<-- POST /wd/hub/session/644c8b8f-f4d4-44af-83fa-05315fb4c337/elements &amp#27;[39m&amp#27;[32m200&amp#27;[39m &amp#27;[90m84 ms - 395&amp#27;[39m
&amp#27;[35m[HTTP]&amp#27;[39m &amp#27;[90m&amp#27;[39m
&amp#27;[35m[HTTP]&amp#27;[39m &amp#27;[37m-->&amp#27;[39m &amp#27;[37mGET&amp#27;[39m &amp#27;[37m/wd/hub/session/644c8b8f-f4d4-44af-83fa-05315fb4c337/context&amp#27;[39m
&amp#27;[35m[HTTP]&amp#27;[39m &amp#27;[90m{}&amp#27;[39m
[debug] &amp#27;[35m[W3C (644c8b8f)]&amp#27;[39m Calling AppiumDriver.getCurrentContext() with args: ["644c8b8f-f4d4-44af-83fa-05315fb4c337"]
[debug] &amp#27;[35m[W3C (644c8b8f)]&amp#27;[39m Responding to client with driver.getCurrentContext() result: "NATIVE_APP"
&amp#27;[35m[HTTP]&amp#27;[39m &amp#27;[37m<-- GET /wd/hub/session/644c8b8f-f4d4-44af-83fa-05315fb4c337/context &amp#27;[39m&amp#27;[32m200&amp#27;[39m &amp#27;[90m2 ms - 22&amp#27;[39m
&amp#27;[35m[HTTP]&amp#27;[39m &amp#27;[90m&amp#27;[39m
&amp#27;[35m[HTTP]&amp#27;[39m &amp#27;[37m-->&amp#27;[39m &amp#27;[37mPOST&amp#27;[39m &amp#27;[37m/wd/hub/session/644c8b8f-f4d4-44af-83fa-05315fb4c337/elements&amp#27;[39m
&amp#27;[35m[HTTP]&amp#27;[39m &amp#27;[90m{"using":"id","value":"com.androidsample.generalstore:id/productName"}&amp#27;[39m
[debug] &amp#27;[35m[W3C (644c8b8f)]&amp#27;[39m Calling AppiumDriver.findElements() with args: ["id","com.androidsample.generalstore:id/productName","644c8b8f-f4d4-44af-83fa-05315fb4c337"]
[debug] &amp#27;[35m[BaseDriver]&amp#27;[39m Valid locator strategies for this request: xpath, id, class name, accessibility id, css selector, -android uiautomator
[debug] &amp#27;[35m[BaseDriver]&amp#27;[39m Waiting up to 20000 ms for condition
[debug] &amp#27;[35m[WD Proxy]&amp#27;[39m Matched '/elements' to command name 'findElements'
[debug] &amp#27;[35m[WD Proxy]&amp#27;[39m Proxying [POST /elements] to [POST http://127.0.0.1:8200/wd/hub/session/b99f2d84-67e3-4a57-a0c0-a9520c0547d2/elements] with body: {"strategy":"id","selector":"com.androidsample.generalstore:id/productName","context":"","multiple":true}
[debug] &amp#27;[35m[WD Proxy]&amp#27;[39m Got response with status 200: {"sessionId":"b99f2d84-67e3-4a57-a0c0-a9520c0547d2","value":[{"ELEMENT":"c314c485-6cd7-450c-891a-d641343019a4","element-6066-11e4-a52e-4f735466cecf":"c314c485-6cd7-450c-891a-d641343019a4"},{"ELEMENT":"fbe34b27-16e6-4bd8-bee8-ba1bc8a7fc93","element-6066-11e4-a52e-4f735466cecf":"fbe34b27-16e6-4bd8-bee8-ba1bc8a7fc93"},{"ELEMENT":"c78b9046-f13b-4396-834b-a0f55c4cf0da","element-6066-11e4-a52e-4f735466cecf":"c78b9046-f13b-4396-834b-a0f55c4cf0da"}]}
[debug] &amp#27;[35m[W3C (644c8b8f)]&amp#27;[39m Responding to client with driver.findElements() result: [{"element-6066-11e4-a52e-4f735466cecf":"c314c485-6cd7-450c-891a-d641343019a4","ELEMENT":"c314c485-6cd7-450c-891a-d641343019a4"},{"element-6066-11e4-a52e-4f735466cecf":"fbe34b27-16e6-4bd8-bee8-ba1bc8a7fc93","ELEMENT":"fbe34b27-16e6-4bd8-bee8-ba1bc8a7fc93"},{"element-6066-11e4-a52e-4f735466cecf":"c78b9046-f13b-4396-834b-a0f55c4cf0da","ELEMENT":"c78b9046-f13b-4396-834b-a0f55c4cf0da"}]
&amp#27;[35m[HTTP]&amp#27;[39m &amp#27;[37m<-- POST /wd/hub/session/644c8b8f-f4d4-44af-83fa-05315fb4c337/elements &amp#27;[39m&amp#27;[32m200&amp#27;[39m &amp#27;[90m121 ms - 395&amp#27;[39m
&amp#27;[35m[HTTP]&amp#27;[39m &amp#27;[90m&amp#27;[39m
&amp#27;[35m[HTTP]&amp#27;[39m &amp#27;[37m-->&amp#27;[39m &amp#27;[37mGET&amp#27;[39m &amp#27;[37m/wd/hub/session/644c8b8f-f4d4-44af-83fa-05315fb4c337/element/fbe34b27-16e6-4bd8-bee8-ba1bc8a7fc93/text&amp#27;[39m
&amp#27;[35m[HTTP]&amp#27;[39m &amp#27;[90m{}&amp#27;[39m
&amp#27;[35m[W3C (644c8b8f)]&amp#27;[39m Driver proxy active, passing request on via HTTP proxy
[debug] &amp#27;[35m[WD Proxy]&amp#27;[39m Matched '/wd/hub/session/644c8b8f-f4d4-44af-83fa-05315fb4c337/element/fbe34b27-16e6-4bd8-bee8-ba1bc8a7fc93/text' to command name 'getText'
[debug] &amp#27;[35m[WD Proxy]&amp#27;[39m Proxying [GET /wd/hub/session/644c8b8f-f4d4-44af-83fa-05315fb4c337/element/fbe34b27-16e6-4bd8-bee8-ba1bc8a7fc93/text] to [GET http://127.0.0.1:8200/wd/hub/session/b99f2d84-67e3-4a57-a0c0-a9520c0547d2/element/fbe34b27-16e6-4bd8-bee8-ba1bc8a7fc93/text] with no body
[debug] &amp#27;[35m[WD Proxy]&amp#27;[39m Got response with status 200: {"sessionId":"b99f2d84-67e3-4a57-a0c0-a9520c0547d2","value":"Jordan 6 Rings"}
&amp#27;[35m[WD Proxy]&amp#27;[39m Replacing sessionId b99f2d84-67e3-4a57-a0c0-a9520c0547d2 with 644c8b8f-f4d4-44af-83fa-05315fb4c337
&amp#27;[35m[HTTP]&amp#27;[39m &amp#27;[37m<-- GET /wd/hub/session/644c8b8f-f4d4-44af-83fa-05315fb4c337/element/fbe34b27-16e6-4bd8-bee8-ba1bc8a7fc93/text &amp#27;[39m&amp#27;[32m200&amp#27;[39m &amp#27;[90m44 ms - 77&amp#27;[39m
&amp#27;[35m[HTTP]&amp#27;[39m &amp#27;[90m&amp#27;[39m
&amp#27;[35m[HTTP]&amp#27;[39m &amp#27;[37m-->&amp#27;[39m &amp#27;[37mGET&amp#27;[39m &amp#27;[37m/wd/hub/session/644c8b8f-f4d4-44af-83fa-05315fb4c337/context&amp#27;[39m
&amp#27;[35m[HTTP]&amp#27;[39m &amp#27;[90m{}&amp#27;[39m
[debug] &amp#27;[35m[W3C (644c8b8f)]&amp#27;[39m Calling AppiumDriver.getCurrentContext() with args: ["644c8b8f-f4d4-44af-83fa-05315fb4c337"]
[debug] &amp#27;[35m[W3C (644c8b8f)]&amp#27;[39m Responding to client with driver.getCurrentContext() result: "NATIVE_APP"
&amp#27;[35m[HTTP]&amp#27;[39m &amp#27;[37m<-- GET /wd/hub/session/644c8b8f-f4d4-44af-83fa-05315fb4c337/context &amp#27;[39m&amp#27;[32m200&amp#27;[39m &amp#27;[90m3 ms - 22&amp#27;[39m
&amp#27;[35m[HTTP]&amp#27;[39m &amp#27;[90m&amp#27;[39m
&amp#27;[35m[HTTP]&amp#27;[39m &amp#27;[37m-->&amp#27;[39m &amp#27;[37mPOST&amp#27;[39m &amp#27;[37m/wd/hub/session/644c8b8f-f4d4-44af-83fa-05315fb4c337/elements&amp#27;[39m
&amp#27;[35m[HTTP]&amp#27;[39m &amp#27;[90m{"using":"id","value":"com.androidsample.generalstore:id/productName"}&amp#27;[39m
[debug] &amp#27;[35m[W3C (644c8b8f)]&amp#27;[39m Calling AppiumDriver.findElements() with args: ["id","com.androidsample.generalstore:id/productName","644c8b8f-f4d4-44af-83fa-05315fb4c337"]
[debug] &amp#27;[35m[BaseDriver]&amp#27;[39m Valid locator strategies for this request: xpath, id, class name, accessibility id, css selector, -android uiautomator
[debug] &amp#27;[35m[BaseDriver]&amp#27;[39m Waiting up to 20000 ms for condition
[debug] &amp#27;[35m[WD Proxy]&amp#27;[39m Matched '/elements' to command name 'findElements'
[debug] &amp#27;[35m[WD Proxy]&amp#27;[39m Proxying [POST /elements] to [POST http://127.0.0.1:8200/wd/hub/session/b99f2d84-67e3-4a57-a0c0-a9520c0547d2/elements] with body: {"strategy":"id","selector":"com.androidsample.generalstore:id/productName","context":"","multiple":true}
[debug] &amp#27;[35m[WD Proxy]&amp#27;[39m Got response with status 200: {"sessionId":"b99f2d84-67e3-4a57-a0c0-a9520c0547d2","value":[{"ELEMENT":"a9c85cdc-f0e2-4901-9415-7144e3d6b456","element-6066-11e4-a52e-4f735466cecf":"a9c85cdc-f0e2-4901-9415-7144e3d6b456"},{"ELEMENT":"0e276dcf-ed55-4d7d-8954-9bb42be9fa91","element-6066-11e4-a52e-4f735466cecf":"0e276dcf-ed55-4d7d-8954-9bb42be9fa91"},{"ELEMENT":"c8c50887-0572-4056-abed-e7208a14aade","element-6066-11e4-a52e-4f735466cecf":"c8c50887-0572-4056-abed-e7208a14aade"}]}
[debug] &amp#27;[35m[W3C (644c8b8f)]&amp#27;[39m Responding to client with driver.findElements() result: [{"element-6066-11e4-a52e-4f735466cecf":"a9c85cdc-f0e2-4901-9415-7144e3d6b456","ELEMENT":"a9c85cdc-f0e2-4901-9415-7144e3d6b456"},{"element-6066-11e4-a52e-4f735466cecf":"0e276dcf-ed55-4d7d-8954-9bb42be9fa91","ELEMENT":"0e276dcf-ed55-4d7d-8954-9bb42be9fa91"},{"element-6066-11e4-a52e-4f735466cecf":"c8c50887-0572-4056-abed-e7208a14aade","ELEMENT":"c8c50887-0572-4056-abed-e7208a14aade"}]
&amp#27;[35m[HTTP]&amp#27;[39m &amp#27;[37m<-- POST /wd/hub/session/644c8b8f-f4d4-44af-83fa-05315fb4c337/elements &amp#27;[39m&amp#27;[32m200&amp#27;[39m &amp#27;[90m82 ms - 395&amp#27;[39m
&amp#27;[35m[HTTP]&amp#27;[39m &amp#27;[90m&amp#27;[39m
&amp#27;[35m[HTTP]&amp#27;[39m &amp#27;[37m-->&amp#27;[39m &amp#27;[37mGET&amp#27;[39m &amp#27;[37m/wd/hub/session/644c8b8f-f4d4-44af-83fa-05315fb4c337/context&amp#27;[39m
&amp#27;[35m[HTTP]&amp#27;[39m &amp#27;[90m{}&amp#27;[39m
[debug] &amp#27;[35m[W3C (644c8b8f)]&amp#27;[39m Calling AppiumDriver.getCurrentContext() with args: ["644c8b8f-f4d4-44af-83fa-05315fb4c337"]
[debug] &amp#27;[35m[W3C (644c8b8f)]&amp#27;[39m Responding to client with driver.getCurrentContext() result: "NATIVE_APP"
&amp#27;[35m[HTTP]&amp#27;[39m &amp#27;[37m<-- GET /wd/hub/session/644c8b8f-f4d4-44af-83fa-05315fb4c337/context &amp#27;[39m&amp#27;[32m200&amp#27;[39m &amp#27;[90m2 ms - 22&amp#27;[39m
&amp#27;[35m[HTTP]&amp#27;[39m &amp#27;[90m&amp#27;[39m
&amp#27;[35m[HTTP]&amp#27;[39m &amp#27;[37m-->&amp#27;[39m &amp#27;[37mPOST&amp#27;[39m &amp#27;[37m/wd/hub/session/644c8b8f-f4d4-44af-83fa-05315fb4c337/elements&amp#27;[39m
&amp#27;[35m[HTTP]&amp#27;[39m &amp#27;[90m{"using":"id","value":"com.androidsample.generalstore:id/productName"}&amp#27;[39m
[debug] &amp#27;[35m[W3C (644c8b8f)]&amp#27;[39m Calling AppiumDriver.findElements() with args: ["id","com.androidsample.generalstore:id/productName","644c8b8f-f4d4-44af-83fa-05315fb4c337"]
[debug] &amp#27;[35m[BaseDriver]&amp#27;[39m Valid locator strategies for this request: xpath, id, class name, accessibility id, css selector, -android uiautomator
[debug] &amp#27;[35m[BaseDriver]&amp#27;[39m Waiting up to 20000 ms for condition
[debug] &amp#27;[35m[WD Proxy]&amp#27;[39m Matched '/elements' to command name 'findElements'
[debug] &amp#27;[35m[WD Proxy]&amp#27;[39m Proxying [POST /elements] to [POST http://127.0.0.1:8200/wd/hub/session/b99f2d84-67e3-4a57-a0c0-a9520c0547d2/elements] with body: {"strategy":"id","selector":"com.androidsample.generalstore:id/productName","context":"","multiple":true}
[debug] &amp#27;[35m[WD Proxy]&amp#27;[39m Got response with status 200: {"sessionId":"b99f2d84-67e3-4a57-a0c0-a9520c0547d2","value":[{"ELEMENT":"a8ae5cfc-57c0-49c8-a240-879abbb588ea","element-6066-11e4-a52e-4f735466cecf":"a8ae5cfc-57c0-49c8-a240-879abbb588ea"},{"ELEMENT":"fe23af7e-532c-4b8b-983e-b18d3247b804","element-6066-11e4-a52e-4f735466cecf":"fe23af7e-532c-4b8b-983e-b18d3247b804"},{"ELEMENT":"ff7d1699-04a1-4efd-8241-17ceaf335cbf","element-6066-11e4-a52e-4f735466cecf":"ff7d1699-04a1-4efd-8241-17ceaf335cbf"}]}
[debug] &amp#27;[35m[W3C (644c8b8f)]&amp#27;[39m Responding to client with driver.findElements() result: [{"element-6066-11e4-a52e-4f735466cecf":"a8ae5cfc-57c0-49c8-a240-879abbb588ea","ELEMENT":"a8ae5cfc-57c0-49c8-a240-879abbb588ea"},{"element-6066-11e4-a52e-4f735466cecf":"fe23af7e-532c-4b8b-983e-b18d3247b804","ELEMENT":"fe23af7e-532c-4b8b-983e-b18d3247b804"},{"element-6066-11e4-a52e-4f735466cecf":"ff7d1699-04a1-4efd-8241-17ceaf335cbf","ELEMENT":"ff7d1699-04a1-4efd-8241-17ceaf335cbf"}]
&amp#27;[35m[HTTP]&amp#27;[39m &amp#27;[37m<-- POST /wd/hub/session/644c8b8f-f4d4-44af-83fa-05315fb4c337/elements &amp#27;[39m&amp#27;[32m200&amp#27;[39m &amp#27;[90m75 ms - 395&amp#27;[39m
&amp#27;[35m[HTTP]&amp#27;[39m &amp#27;[90m&amp#27;[39m
&amp#27;[35m[HTTP]&amp#27;[39m &amp#27;[37m-->&amp#27;[39m &amp#27;[37mGET&amp#27;[39m &amp#27;[37m/wd/hub/session/644c8b8f-f4d4-44af-83fa-05315fb4c337/element/ff7d1699-04a1-4efd-8241-17ceaf335cbf/text&amp#27;[39m
&amp#27;[35m[HTTP]&amp#27;[39m &amp#27;[90m{}&amp#27;[39m
&amp#27;[35m[W3C (644c8b8f)]&amp#27;[39m Driver proxy active, passing request on via HTTP proxy
[debug] &amp#27;[35m[WD Proxy]&amp#27;[39m Matched '/wd/hub/session/644c8b8f-f4d4-44af-83fa-05315fb4c337/element/ff7d1699-04a1-4efd-8241-17ceaf335cbf/text' to command name 'getText'
[debug] &amp#27;[35m[WD Proxy]&amp#27;[39m Proxying [GET /wd/hub/session/644c8b8f-f4d4-44af-83fa-05315fb4c337/element/ff7d1699-04a1-4efd-8241-17ceaf335cbf/text] to [GET http://127.0.0.1:8200/wd/hub/session/b99f2d84-67e3-4a57-a0c0-a9520c0547d2/element/ff7d1699-04a1-4efd-8241-17ceaf335cbf/text] with no body
[debug] &amp#27;[35m[WD Proxy]&amp#27;[39m Got response with status 200: {"sessionId":"b99f2d84-67e3-4a57-a0c0-a9520c0547d2","value":"Jordan Lift Off"}
&amp#27;[35m[WD Proxy]&amp#27;[39m Replacing sessionId b99f2d84-67e3-4a57-a0c0-a9520c0547d2 with 644c8b8f-f4d4-44af-83fa-05315fb4c337
&amp#27;[35m[HTTP]&amp#27;[39m &amp#27;[37m<-- GET /wd/hub/session/644c8b8f-f4d4-44af-83fa-05315fb4c337/element/ff7d1699-04a1-4efd-8241-17ceaf335cbf/text &amp#27;[39m&amp#27;[32m200&amp#27;[39m &amp#27;[90m31 ms - 78&amp#27;[39m
&amp#27;[35m[HTTP]&amp#27;[39m &amp#27;[90m&amp#27;[39m
&amp#27;[35m[HTTP]&amp#27;[39m &amp#27;[37m-->&amp#27;[39m &amp#27;[37mGET&amp#27;[39m &amp#27;[37m/wd/hub/session/644c8b8f-f4d4-44af-83fa-05315fb4c337/context&amp#27;[39m
&amp#27;[35m[HTTP]&amp#27;[39m &amp#27;[90m{}&amp#27;[39m
[debug] &amp#27;[35m[W3C (644c8b8f)]&amp#27;[39m Calling AppiumDriver.getCurrentContext() with args: ["644c8b8f-f4d4-44af-83fa-05315fb4c337"]
[debug] &amp#27;[35m[W3C (644c8b8f)]&amp#27;[39m Responding to client with driver.getCurrentContext() result: "NATIVE_APP"
&amp#27;[35m[HTTP]&amp#27;[39m &amp#27;[37m<-- GET /wd/hub/session/644c8b8f-f4d4-44af-83fa-05315fb4c337/context &amp#27;[39m&amp#27;[32m200&amp#27;[39m &amp#27;[90m5 ms - 22&amp#27;[39m
&amp#27;[35m[HTTP]&amp#27;[39m &amp#27;[90m&amp#27;[39m
&amp#27;[35m[HTTP]&amp#27;[39m &amp#27;[37m-->&amp#27;[39m &amp#27;[37mPOST&amp#27;[39m &amp#27;[37m/wd/hub/session/644c8b8f-f4d4-44af-83fa-05315fb4c337/elements&amp#27;[39m
&amp#27;[35m[HTTP]&amp#27;[39m &amp#27;[90m{"using":"id","value":"com.androidsample.generalstore:id/productPrice"}&amp#27;[39m
[debug] &amp#27;[35m[W3C (644c8b8f)]&amp#27;[39m Calling AppiumDriver.findElements() with args: ["id","com.androidsample.generalstore:id/productPrice","644c8b8f-f4d4-44af-83fa-05315fb4c337"]
[debug] &amp#27;[35m[BaseDriver]&amp#27;[39m Valid locator strategies for this request: xpath, id, class name, accessibility id, css selector, -android uiautomator
[debug] &amp#27;[35m[BaseDriver]&amp#27;[39m Waiting up to 20000 ms for condition
[debug] &amp#27;[35m[WD Proxy]&amp#27;[39m Matched '/elements' to command name 'findElements'
[debug] &amp#27;[35m[WD Proxy]&amp#27;[39m Proxying [POST /elements] to [POST http://127.0.0.1:8200/wd/hub/session/b99f2d84-67e3-4a57-a0c0-a9520c0547d2/elements] with body: {"strategy":"id","selector":"com.androidsample.generalstore:id/productPrice","context":"","multiple":true}
[debug] &amp#27;[35m[WD Proxy]&amp#27;[39m Got response with status 200: {"sessionId":"b99f2d84-67e3-4a57-a0c0-a9520c0547d2","value":[{"ELEMENT":"e4374f4d-82d2-4ca0-8d70-a7ff8b5687b9","element-6066-11e4-a52e-4f735466cecf":"e4374f4d-82d2-4ca0-8d70-a7ff8b5687b9"},{"ELEMENT":"233bf5c5-e28e-491c-b3fb-2d692a4fe428","element-6066-11e4-a52e-4f735466cecf":"233bf5c5-e28e-491c-b3fb-2d692a4fe428"},{"ELEMENT":"6f4adcce-099b-4cf6-ba85-6110c9f47c81","element-6066-11e4-a52e-4f735466cecf":"6f4adcce-099b-4cf6-ba85-6110c9f47c81"}]}
[debug] &amp#27;[35m[W3C (644c8b8f)]&amp#27;[39m Responding to client with driver.findElements() result: [{"element-6066-11e4-a52e-4f735466cecf":"e4374f4d-82d2-4ca0-8d70-a7ff8b5687b9","ELEMENT":"e4374f4d-82d2-4ca0-8d70-a7ff8b5687b9"},{"element-6066-11e4-a52e-4f735466cecf":"233bf5c5-e28e-491c-b3fb-2d692a4fe428","ELEMENT":"233bf5c5-e28e-491c-b3fb-2d692a4fe428"},{"element-6066-11e4-a52e-4f735466cecf":"6f4adcce-099b-4cf6-ba85-6110c9f47c81","ELEMENT":"6f4adcce-099b-4cf6-ba85-6110c9f47c81"}]
&amp#27;[35m[HTTP]&amp#27;[39m &amp#27;[37m<-- POST /wd/hub/session/644c8b8f-f4d4-44af-83fa-05315fb4c337/elements &amp#27;[39m&amp#27;[32m200&amp#27;[39m &amp#27;[90m68 ms - 395&amp#27;[39m
&amp#27;[35m[HTTP]&amp#27;[39m &amp#27;[90m&amp#27;[39m
&amp#27;[35m[HTTP]&amp#27;[39m &amp#27;[37m-->&amp#27;[39m &amp#27;[37mGET&amp#27;[39m &amp#27;[37m/wd/hub/session/644c8b8f-f4d4-44af-83fa-05315fb4c337/element/6f4adcce-099b-4cf6-ba85-6110c9f47c81/text&amp#27;[39m
&amp#27;[35m[HTTP]&amp#27;[39m &amp#27;[90m{}&amp#27;[39m
&amp#27;[35m[W3C (644c8b8f)]&amp#27;[39m Driver proxy active, passing request on via HTTP proxy
[debug] &amp#27;[35m[WD Proxy]&amp#27;[39m Matched '/wd/hub/session/644c8b8f-f4d4-44af-83fa-05315fb4c337/element/6f4adcce-099b-4cf6-ba85-6110c9f47c81/text' to command name 'getText'
[debug] &amp#27;[35m[WD Proxy]&amp#27;[39m Proxying [GET /wd/hub/session/644c8b8f-f4d4-44af-83fa-05315fb4c337/element/6f4adcce-099b-4cf6-ba85-6110c9f47c81/text] to [GET http://127.0.0.1:8200/wd/hub/session/b99f2d84-67e3-4a57-a0c0-a9520c0547d2/element/6f4adcce-099b-4cf6-ba85-6110c9f47c81/text] with no body
[debug] &amp#27;[35m[WD Proxy]&amp#27;[39m Got response with status 200: {"sessionId":"b99f2d84-67e3-4a57-a0c0-a9520c0547d2","value":"$115.0"}
&amp#27;[35m[WD Proxy]&amp#27;[39m Replacing sessionId b99f2d84-67e3-4a57-a0c0-a9520c0547d2 with 644c8b8f-f4d4-44af-83fa-05315fb4c337
&amp#27;[35m[HTTP]&amp#27;[39m &amp#27;[37m<-- GET /wd/hub/session/644c8b8f-f4d4-44af-83fa-05315fb4c337/element/6f4adcce-099b-4cf6-ba85-6110c9f47c81/text &amp#27;[39m&amp#27;[32m200&amp#27;[39m &amp#27;[90m43 ms - 69&amp#27;[39m
&amp#27;[35m[HTTP]&amp#27;[39m &amp#27;[90m&amp#27;[39m
&amp#27;[35m[HTTP]&amp#27;[39m &amp#27;[37m-->&amp#27;[39m &amp#27;[37mGET&amp#27;[39m &amp#27;[37m/wd/hub/session/644c8b8f-f4d4-44af-83fa-05315fb4c337/context&amp#27;[39m
&amp#27;[35m[HTTP]&amp#27;[39m &amp#27;[90m{}&amp#27;[39m
[debug] &amp#27;[35m[W3C (644c8b8f)]&amp#27;[39m Calling AppiumDriver.getCurrentContext() with args: ["644c8b8f-f4d4-44af-83fa-05315fb4c337"]
[debug] &amp#27;[35m[W3C (644c8b8f)]&amp#27;[39m Responding to client with driver.getCurrentContext() result: "NATIVE_APP"
&amp#27;[35m[HTTP]&amp#27;[39m &amp#27;[37m<-- GET /wd/hub/session/644c8b8f-f4d4-44af-83fa-05315fb4c337/context &amp#27;[39m&amp#27;[32m200&amp#27;[39m &amp#27;[90m3 ms - 22&amp#27;[39m
&amp#27;[35m[HTTP]&amp#27;[39m &amp#27;[90m&amp#27;[39m
&amp#27;[35m[HTTP]&amp#27;[39m &amp#27;[37m-->&amp#27;[39m &amp#27;[37mPOST&amp#27;[39m &amp#27;[37m/wd/hub/session/644c8b8f-f4d4-44af-83fa-05315fb4c337/elements&amp#27;[39m
&amp#27;[35m[HTTP]&amp#27;[39m &amp#27;[90m{"using":"id","value":"com.androidsample.generalstore:id/productAddCart"}&amp#27;[39m
[debug] &amp#27;[35m[W3C (644c8b8f)]&amp#27;[39m Calling AppiumDriver.findElements() with args: ["id","com.androidsample.generalstore:id/productAddCart","644c8b8f-f4d4-44af-83fa-05315fb4c337"]
[debug] &amp#27;[35m[BaseDriver]&amp#27;[39m Valid locator strategies for this request: xpath, id, class name, accessibility id, css selector, -android uiautomator
[debug] &amp#27;[35m[BaseDriver]&amp#27;[39m Waiting up to 20000 ms for condition
[debug] &amp#27;[35m[WD Proxy]&amp#27;[39m Matched '/elements' to command name 'findElements'
[debug] &amp#27;[35m[WD Proxy]&amp#27;[39m Proxying [POST /elements] to [POST http://127.0.0.1:8200/wd/hub/session/b99f2d84-67e3-4a57-a0c0-a9520c0547d2/elements] with body: {"strategy":"id","selector":"com.androidsample.generalstore:id/productAddCart","context":"","multiple":true}
[debug] &amp#27;[35m[WD Proxy]&amp#27;[39m Got response with status 200: {"sessionId":"b99f2d84-67e3-4a57-a0c0-a9520c0547d2","value":[{"ELEMENT":"dfbb7f1e-f4e3-4b6c-9aec-d4aee35fad74","element-6066-11e4-a52e-4f735466cecf":"dfbb7f1e-f4e3-4b6c-9aec-d4aee35fad74"},{"ELEMENT":"eafa849f-2daa-43ac-8f3d-bce9c9759665","element-6066-11e4-a52e-4f735466cecf":"eafa849f-2daa-43ac-8f3d-bce9c9759665"},{"ELEMENT":"8e626cf0-090c-4c75-a5a8-2199b5072c22","element-6066-11e4-a52e-4f735466cecf":"8e626cf0-090c-4c75-a5a8-2199b5072c22"}]}
[debug] &amp#27;[35m[W3C (644c8b8f)]&amp#27;[39m Responding to client with driver.findElements() result: [{"element-6066-11e4-a52e-4f735466cecf":"dfbb7f1e-f4e3-4b6c-9aec-d4aee35fad74","ELEMENT":"dfbb7f1e-f4e3-4b6c-9aec-d4aee35fad74"},{"element-6066-11e4-a52e-4f735466cecf":"eafa849f-2daa-43ac-8f3d-bce9c9759665","ELEMENT":"eafa849f-2daa-43ac-8f3d-bce9c9759665"},{"element-6066-11e4-a52e-4f735466cecf":"8e626cf0-090c-4c75-a5a8-2199b5072c22","ELEMENT":"8e626cf0-090c-4c75-a5a8-2199b5072c22"}]
&amp#27;[35m[HTTP]&amp#27;[39m &amp#27;[37m<-- POST /wd/hub/session/644c8b8f-f4d4-44af-83fa-05315fb4c337/elements &amp#27;[39m&amp#27;[32m200&amp#27;[39m &amp#27;[90m101 ms - 395&amp#27;[39m
&amp#27;[35m[HTTP]&amp#27;[39m &amp#27;[90m&amp#27;[39m
&amp#27;[35m[HTTP]&amp#27;[39m &amp#27;[37m-->&amp#27;[39m &amp#27;[37mPOST&amp#27;[39m &amp#27;[37m/wd/hub/session/644c8b8f-f4d4-44af-83fa-05315fb4c337/element/8e626cf0-090c-4c75-a5a8-2199b5072c22/click&amp#27;[39m
&amp#27;[35m[HTTP]&amp#27;[39m &amp#27;[90m{"id":"8e626cf0-090c-4c75-a5a8-2199b5072c22"}&amp#27;[39m
[debug] &amp#27;[35m[W3C (644c8b8f)]&amp#27;[39m Calling AppiumDriver.click() with args: ["8e626cf0-090c-4c75-a5a8-2199b5072c22","644c8b8f-f4d4-44af-83fa-05315fb4c337"]
[debug] &amp#27;[35m[WD Proxy]&amp#27;[39m Matched '/element/8e626cf0-090c-4c75-a5a8-2199b5072c22/click' to command name 'click'
[debug] &amp#27;[35m[WD Proxy]&amp#27;[39m Proxying [POST /element/8e626cf0-090c-4c75-a5a8-2199b5072c22/click] to [POST http://127.0.0.1:8200/wd/hub/session/b99f2d84-67e3-4a57-a0c0-a9520c0547d2/element/8e626cf0-090c-4c75-a5a8-2199b5072c22/click] with body: {"element":"8e626cf0-090c-4c75-a5a8-2199b5072c22"}
[debug] &amp#27;[35m[WD Proxy]&amp#27;[39m Got response with status 200: {"sessionId":"b99f2d84-67e3-4a57-a0c0-a9520c0547d2","value":null}
[debug] &amp#27;[35m[W3C (644c8b8f)]&amp#27;[39m Responding to client with driver.click() result: null
&amp#27;[35m[HTTP]&amp#27;[39m &amp#27;[37m<-- POST /wd/hub/session/644c8b8f-f4d4-44af-83fa-05315fb4c337/element/8e626cf0-090c-4c75-a5a8-2199b5072c22/click &amp#27;[39m&amp#27;[32m200&amp#27;[39m &amp#27;[90m606 ms - 14&amp#27;[39m
&amp#27;[35m[HTTP]&amp#27;[39m &amp#27;[90m&amp#27;[39m
&amp#27;[35m[HTTP]&amp#27;[39m &amp#27;[37m-->&amp#27;[39m &amp#27;[37mPOST&amp#27;[39m &amp#27;[37m/wd/hub/session/644c8b8f-f4d4-44af-83fa-05315fb4c337/element&amp#27;[39m
&amp#27;[35m[HTTP]&amp#27;[39m &amp#27;[90m{"using":"-android uiautomator","value":"new UiScrollable(new UiSelector().resourceId(\"com.androidsample.generalstore:id/rvProductList\")).scrollIntoView(new UiSelector().textMatches(\"Jordan 6 Rings\").instance(0))"}&amp#27;[39m
[debug] &amp#27;[35m[W3C (644c8b8f)]&amp#27;[39m Calling AppiumDriver.findElement() with args: ["-android uiautomator","new UiScrollable(new UiSelector().resourceId(\"com.androidsample.generalstore:id/rvProductList\")).scrollIntoView(new UiSelector().textMatches(\"Jordan 6 Rings\").instance(0))","644c8b8f-f4d4-44af-83fa-05315fb4c337"]
[debug] &amp#27;[35m[BaseDriver]&amp#27;[39m Valid locator strategies for this request: xpath, id, class name, accessibility id, css selector, -android uiautomator
[debug] &amp#27;[35m[BaseDriver]&amp#27;[39m Waiting up to 20000 ms for condition
[debug] &amp#27;[35m[WD Proxy]&amp#27;[39m Matched '/element' to command name 'findElement'
[debug] &amp#27;[35m[WD Proxy]&amp#27;[39m Proxying [POST /element] to [POST http://127.0.0.1:8200/wd/hub/session/b99f2d84-67e3-4a57-a0c0-a9520c0547d2/element] with body: {"strategy":"-android uiautomator","selector":"new UiScrollable(new UiSelector().resourceId(\"com.androidsample.generalstore:id/rvProductList\")).scrollIntoView(new UiSelector().textMatches(\"Jordan 6 Rings\").instance(0))","context":"","multiple":false}
[debug] &amp#27;[35m[WD Proxy]&amp#27;[39m Got response with status 200: {"sessionId":"b99f2d84-67e3-4a57-a0c0-a9520c0547d2","value":{"ELEMENT":"9aaad689-b266-4689-8ea2-862f501645f0","element-6066-11e4-a52e-4f735466cecf":"9aaad689-b266-4689-8ea2-862f501645f0"}}
[debug] &amp#27;[35m[W3C (644c8b8f)]&amp#27;[39m Responding to client with driver.findElement() result: {"element-6066-11e4-a52e-4f735466cecf":"9aaad689-b266-4689-8ea2-862f501645f0","ELEMENT":"9aaad689-b266-4689-8ea2-862f501645f0"}
&amp#27;[35m[HTTP]&amp#27;[39m &amp#27;[37m<-- POST /wd/hub/session/644c8b8f-f4d4-44af-83fa-05315fb4c337/element &amp#27;[39m&amp#27;[32m200&amp#27;[39m &amp#27;[90m130 ms - 137&amp#27;[39m
&amp#27;[35m[HTTP]&amp#27;[39m &amp#27;[90m&amp#27;[39m
&amp#27;[35m[HTTP]&amp#27;[39m &amp#27;[37m-->&amp#27;[39m &amp#27;[37mGET&amp#27;[39m &amp#27;[37m/wd/hub/session/644c8b8f-f4d4-44af-83fa-05315fb4c337/context&amp#27;[39m
&amp#27;[35m[HTTP]&amp#27;[39m &amp#27;[90m{}&amp#27;[39m
[debug] &amp#27;[35m[W3C (644c8b8f)]&amp#27;[39m Calling AppiumDriver.getCurrentContext() with args: ["644c8b8f-f4d4-44af-83fa-05315fb4c337"]
[debug] &amp#27;[35m[W3C (644c8b8f)]&amp#27;[39m Responding to client with driver.getCurrentContext() result: "NATIVE_APP"
&amp#27;[35m[HTTP]&amp#27;[39m &amp#27;[37m<-- GET /wd/hub/session/644c8b8f-f4d4-44af-83fa-05315fb4c337/context &amp#27;[39m&amp#27;[32m200&amp#27;[39m &amp#27;[90m6 ms - 22&amp#27;[39m
&amp#27;[35m[HTTP]&amp#27;[39m &amp#27;[90m&amp#27;[39m
&amp#27;[35m[HTTP]&amp#27;[39m &amp#27;[37m-->&amp#27;[39m &amp#27;[37mPOST&amp#27;[39m &amp#27;[37m/wd/hub/session/644c8b8f-f4d4-44af-83fa-05315fb4c337/elements&amp#27;[39m
&amp#27;[35m[HTTP]&amp#27;[39m &amp#27;[90m{"using":"id","value":"com.androidsample.generalstore:id/productName"}&amp#27;[39m
[debug] &amp#27;[35m[W3C (644c8b8f)]&amp#27;[39m Calling AppiumDriver.findElements() with args: ["id","com.androidsample.generalstore:id/productName","644c8b8f-f4d4-44af-83fa-05315fb4c337"]
[debug] &amp#27;[35m[BaseDriver]&amp#27;[39m Valid locator strategies for this request: xpath, id, class name, accessibility id, css selector, -android uiautomator
[debug] &amp#27;[35m[BaseDriver]&amp#27;[39m Waiting up to 20000 ms for condition
[debug] &amp#27;[35m[WD Proxy]&amp#27;[39m Matched '/elements' to command name 'findElements'
[debug] &amp#27;[35m[WD Proxy]&amp#27;[39m Proxying [POST /elements] to [POST http://127.0.0.1:8200/wd/hub/session/b99f2d84-67e3-4a57-a0c0-a9520c0547d2/elements] with body: {"strategy":"id","selector":"com.androidsample.generalstore:id/productName","context":"","multiple":true}
[debug] &amp#27;[35m[WD Proxy]&amp#27;[39m Got response with status 200: {"sessionId":"b99f2d84-67e3-4a57-a0c0-a9520c0547d2","value":[{"ELEMENT":"0c2f3394-c759-443b-85e7-fe0408592011","element-6066-11e4-a52e-4f735466cecf":"0c2f3394-c759-443b-85e7-fe0408592011"},{"ELEMENT":"d54cbfd5-3b6d-446b-8c43-0323acb8e860","element-6066-11e4-a52e-4f735466cecf":"d54cbfd5-3b6d-446b-8c43-0323acb8e860"},{"ELEMENT":"1270a861-377d-4187-b06a-abb628a62de6","element-6066-11e4-a52e-4f735466cecf":"1270a861-377d-4187-b06a-abb628a62de6"}]}
[debug] &amp#27;[35m[W3C (644c8b8f)]&amp#27;[39m Responding to client with driver.findElements() result: [{"element-6066-11e4-a52e-4f735466cecf":"0c2f3394-c759-443b-85e7-fe0408592011","ELEMENT":"0c2f3394-c759-443b-85e7-fe0408592011"},{"element-6066-11e4-a52e-4f735466cecf":"d54cbfd5-3b6d-446b-8c43-0323acb8e860","ELEMENT":"d54cbfd5-3b6d-446b-8c43-0323acb8e860"},{"element-6066-11e4-a52e-4f735466cecf":"1270a861-377d-4187-b06a-abb628a62de6","ELEMENT":"1270a861-377d-4187-b06a-abb628a62de6"}]
&amp#27;[35m[HTTP]&amp#27;[39m &amp#27;[37m<-- POST /wd/hub/session/644c8b8f-f4d4-44af-83fa-05315fb4c337/elements &amp#27;[39m&amp#27;[32m200&amp#27;[39m &amp#27;[90m89 ms - 395&amp#27;[39m
&amp#27;[35m[HTTP]&amp#27;[39m &amp#27;[90m&amp#27;[39m
&amp#27;[35m[HTTP]&amp#27;[39m &amp#27;[37m-->&amp#27;[39m &amp#27;[37mGET&amp#27;[39m &amp#27;[37m/wd/hub/session/644c8b8f-f4d4-44af-83fa-05315fb4c337/context&amp#27;[39m
&amp#27;[35m[HTTP]&amp#27;[39m &amp#27;[90m{}&amp#27;[39m
[debug] &amp#27;[35m[W3C (644c8b8f)]&amp#27;[39m Calling AppiumDriver.getCurrentContext() with args: ["644c8b8f-f4d4-44af-83fa-05315fb4c337"]
[debug] &amp#27;[35m[W3C (644c8b8f)]&amp#27;[39m Responding to client with driver.getCurrentContext() result: "NATIVE_APP"
&amp#27;[35m[HTTP]&amp#27;[39m &amp#27;[37m<-- GET /wd/hub/session/644c8b8f-f4d4-44af-83fa-05315fb4c337/context &amp#27;[39m&amp#27;[32m200&amp#27;[39m &amp#27;[90m3 ms - 22&amp#27;[39m
&amp#27;[35m[HTTP]&amp#27;[39m &amp#27;[90m&amp#27;[39m
&amp#27;[35m[HTTP]&amp#27;[39m &amp#27;[37m-->&amp#27;[39m &amp#27;[37mPOST&amp#27;[39m &amp#27;[37m/wd/hub/session/644c8b8f-f4d4-44af-83fa-05315fb4c337/elements&amp#27;[39m
&amp#27;[35m[HTTP]&amp#27;[39m &amp#27;[90m{"using":"id","value":"com.androidsample.generalstore:id/productName"}&amp#27;[39m
[debug] &amp#27;[35m[W3C (644c8b8f)]&amp#27;[39m Calling AppiumDriver.findElements() with args: ["id","com.androidsample.generalstore:id/productName","644c8b8f-f4d4-44af-83fa-05315fb4c337"]
[debug] &amp#27;[35m[BaseDriver]&amp#27;[39m Valid locator strategies for this request: xpath, id, class name, accessibility id, css selector, -android uiautomator
[debug] &amp#27;[35m[BaseDriver]&amp#27;[39m Waiting up to 20000 ms for condition
[debug] &amp#27;[35m[WD Proxy]&amp#27;[39m Matched '/elements' to command name 'findElements'
[debug] &amp#27;[35m[WD Proxy]&amp#27;[39m Proxying [POST /elements] to [POST http://127.0.0.1:8200/wd/hub/session/b99f2d84-67e3-4a57-a0c0-a9520c0547d2/elements] with body: {"strategy":"id","selector":"com.androidsample.generalstore:id/productName","context":"","multiple":true}
[debug] &amp#27;[35m[WD Proxy]&amp#27;[39m Got response with status 200: {"sessionId":"b99f2d84-67e3-4a57-a0c0-a9520c0547d2","value":[{"ELEMENT":"323e05aa-525e-4ac5-91e2-f164196e368b","element-6066-11e4-a52e-4f735466cecf":"323e05aa-525e-4ac5-91e2-f164196e368b"},{"ELEMENT":"640f731b-d69e-4031-9800-2afcda70e83f","element-6066-11e4-a52e-4f735466cecf":"640f731b-d69e-4031-9800-2afcda70e83f"},{"ELEMENT":"5defc6f6-1a65-401b-806c-f7d6541c0e7a","element-6066-11e4-a52e-4f735466cecf":"5defc6f6-1a65-401b-806c-f7d6541c0e7a"}]}
[debug] &amp#27;[35m[W3C (644c8b8f)]&amp#27;[39m Responding to client with driver.findElements() result: [{"element-6066-11e4-a52e-4f735466cecf":"323e05aa-525e-4ac5-91e2-f164196e368b","ELEMENT":"323e05aa-525e-4ac5-91e2-f164196e368b"},{"element-6066-11e4-a52e-4f735466cecf":"640f731b-d69e-4031-9800-2afcda70e83f","ELEMENT":"640f731b-d69e-4031-9800-2afcda70e83f"},{"element-6066-11e4-a52e-4f735466cecf":"5defc6f6-1a65-401b-806c-f7d6541c0e7a","ELEMENT":"5defc6f6-1a65-401b-806c-f7d6541c0e7a"}]
&amp#27;[35m[HTTP]&amp#27;[39m &amp#27;[37m<-- POST /wd/hub/session/644c8b8f-f4d4-44af-83fa-05315fb4c337/elements &amp#27;[39m&amp#27;[32m200&amp#27;[39m &amp#27;[90m79 ms - 395&amp#27;[39m
&amp#27;[35m[HTTP]&amp#27;[39m &amp#27;[90m&amp#27;[39m
&amp#27;[35m[HTTP]&amp#27;[39m &amp#27;[37m-->&amp#27;[39m &amp#27;[37mGET&amp#27;[39m &amp#27;[37m/wd/hub/session/644c8b8f-f4d4-44af-83fa-05315fb4c337/element/323e05aa-525e-4ac5-91e2-f164196e368b/text&amp#27;[39m
&amp#27;[35m[HTTP]&amp#27;[39m &amp#27;[90m{}&amp#27;[39m
&amp#27;[35m[W3C (644c8b8f)]&amp#27;[39m Driver proxy active, passing request on via HTTP proxy
[debug] &amp#27;[35m[WD Proxy]&amp#27;[39m Matched '/wd/hub/session/644c8b8f-f4d4-44af-83fa-05315fb4c337/element/323e05aa-525e-4ac5-91e2-f164196e368b/text' to command name 'getText'
[debug] &amp#27;[35m[WD Proxy]&amp#27;[39m Proxying [GET /wd/hub/session/644c8b8f-f4d4-44af-83fa-05315fb4c337/element/323e05aa-525e-4ac5-91e2-f164196e368b/text] to [GET http://127.0.0.1:8200/wd/hub/session/b99f2d84-67e3-4a57-a0c0-a9520c0547d2/element/323e05aa-525e-4ac5-91e2-f164196e368b/text] with no body
[debug] &amp#27;[35m[WD Proxy]&amp#27;[39m Got response with status 200: {"sessionId":"b99f2d84-67e3-4a57-a0c0-a9520c0547d2","value":"Air Jordan 9 Retro"}
&amp#27;[35m[WD Proxy]&amp#27;[39m Replacing sessionId b99f2d84-67e3-4a57-a0c0-a9520c0547d2 with 644c8b8f-f4d4-44af-83fa-05315fb4c337
&amp#27;[35m[HTTP]&amp#27;[39m &amp#27;[37m<-- GET /wd/hub/session/644c8b8f-f4d4-44af-83fa-05315fb4c337/element/323e05aa-525e-4ac5-91e2-f164196e368b/text &amp#27;[39m&amp#27;[32m200&amp#27;[39m &amp#27;[90m44 ms - 81&amp#27;[39m
&amp#27;[35m[HTTP]&amp#27;[39m &amp#27;[90m&amp#27;[39m
&amp#27;[35m[HTTP]&amp#27;[39m &amp#27;[37m-->&amp#27;[39m &amp#27;[37mGET&amp#27;[39m &amp#27;[37m/wd/hub/session/644c8b8f-f4d4-44af-83fa-05315fb4c337/context&amp#27;[39m
&amp#27;[35m[HTTP]&amp#27;[39m &amp#27;[90m{}&amp#27;[39m
[debug] &amp#27;[35m[W3C (644c8b8f)]&amp#27;[39m Calling AppiumDriver.getCurrentContext() with args: ["644c8b8f-f4d4-44af-83fa-05315fb4c337"]
[debug] &amp#27;[35m[W3C (644c8b8f)]&amp#27;[39m Responding to client with driver.getCurrentContext() result: "NATIVE_APP"
&amp#27;[35m[HTTP]&amp#27;[39m &amp#27;[37m<-- GET /wd/hub/session/644c8b8f-f4d4-44af-83fa-05315fb4c337/context &amp#27;[39m&amp#27;[32m200&amp#27;[39m &amp#27;[90m3 ms - 22&amp#27;[39m
&amp#27;[35m[HTTP]&amp#27;[39m &amp#27;[90m&amp#27;[39m
&amp#27;[35m[HTTP]&amp#27;[39m &amp#27;[37m-->&amp#27;[39m &amp#27;[37mPOST&amp#27;[39m &amp#27;[37m/wd/hub/session/644c8b8f-f4d4-44af-83fa-05315fb4c337/elements&amp#27;[39m
&amp#27;[35m[HTTP]&amp#27;[39m &amp#27;[90m{"using":"id","value":"com.androidsample.generalstore:id/productName"}&amp#27;[39m
[debug] &amp#27;[35m[W3C (644c8b8f)]&amp#27;[39m Calling AppiumDriver.findElements() with args: ["id","com.androidsample.generalstore:id/productName","644c8b8f-f4d4-44af-83fa-05315fb4c337"]
[debug] &amp#27;[35m[BaseDriver]&amp#27;[39m Valid locator strategies for this request: xpath, id, class name, accessibility id, css selector, -android uiautomator
[debug] &amp#27;[35m[BaseDriver]&amp#27;[39m Waiting up to 20000 ms for condition
[debug] &amp#27;[35m[WD Proxy]&amp#27;[39m Matched '/elements' to command name 'findElements'
[debug] &amp#27;[35m[WD Proxy]&amp#27;[39m Proxying [POST /elements] to [POST http://127.0.0.1:8200/wd/hub/session/b99f2d84-67e3-4a57-a0c0-a9520c0547d2/elements] with body: {"strategy":"id","selector":"com.androidsample.generalstore:id/productName","context":"","multiple":true}
[debug] &amp#27;[35m[WD Proxy]&amp#27;[39m Got response with status 200: {"sessionId":"b99f2d84-67e3-4a57-a0c0-a9520c0547d2","value":[{"ELEMENT":"fd81becc-1a9d-49d3-8419-bbe1f3c66cc1","element-6066-11e4-a52e-4f735466cecf":"fd81becc-1a9d-49d3-8419-bbe1f3c66cc1"},{"ELEMENT":"3c5de44f-be0d-48fb-a9c5-376f3601fc28","element-6066-11e4-a52e-4f735466cecf":"3c5de44f-be0d-48fb-a9c5-376f3601fc28"},{"ELEMENT":"c6938838-0d77-4f9d-b131-55f8a1c77043","element-6066-11e4-a52e-4f735466cecf":"c6938838-0d77-4f9d-b131-55f8a1c77043"}]}
[debug] &amp#27;[35m[W3C (644c8b8f)]&amp#27;[39m Responding to client with driver.findElements() result: [{"element-6066-11e4-a52e-4f735466cecf":"fd81becc-1a9d-49d3-8419-bbe1f3c66cc1","ELEMENT":"fd81becc-1a9d-49d3-8419-bbe1f3c66cc1"},{"element-6066-11e4-a52e-4f735466cecf":"3c5de44f-be0d-48fb-a9c5-376f3601fc28","ELEMENT":"3c5de44f-be0d-48fb-a9c5-376f3601fc28"},{"element-6066-11e4-a52e-4f735466cecf":"c6938838-0d77-4f9d-b131-55f8a1c77043","ELEMENT":"c6938838-0d77-4f9d-b131-55f8a1c77043"}]
&amp#27;[35m[HTTP]&amp#27;[39m &amp#27;[37m<-- POST /wd/hub/session/644c8b8f-f4d4-44af-83fa-05315fb4c337/elements &amp#27;[39m&amp#27;[32m200&amp#27;[39m &amp#27;[90m86 ms - 395&amp#27;[39m
&amp#27;[35m[HTTP]&amp#27;[39m &amp#27;[90m&amp#27;[39m
&amp#27;[35m[HTTP]&amp#27;[39m &amp#27;[37m-->&amp#27;[39m &amp#27;[37mGET&amp#27;[39m &amp#27;[37m/wd/hub/session/644c8b8f-f4d4-44af-83fa-05315fb4c337/context&amp#27;[39m
&amp#27;[35m[HTTP]&amp#27;[39m &amp#27;[90m{}&amp#27;[39m
[debug] &amp#27;[35m[W3C (644c8b8f)]&amp#27;[39m Calling AppiumDriver.getCurrentContext() with args: ["644c8b8f-f4d4-44af-83fa-05315fb4c337"]
[debug] &amp#27;[35m[W3C (644c8b8f)]&amp#27;[39m Responding to client with driver.getCurrentContext() result: "NATIVE_APP"
&amp#27;[35m[HTTP]&amp#27;[39m &amp#27;[37m<-- GET /wd/hub/session/644c8b8f-f4d4-44af-83fa-05315fb4c337/context &amp#27;[39m&amp#27;[32m200&amp#27;[39m &amp#27;[90m3 ms - 22&amp#27;[39m
&amp#27;[35m[HTTP]&amp#27;[39m &amp#27;[90m&amp#27;[39m
&amp#27;[35m[HTTP]&amp#27;[39m &amp#27;[37m-->&amp#27;[39m &amp#27;[37mPOST&amp#27;[39m &amp#27;[37m/wd/hub/session/644c8b8f-f4d4-44af-83fa-05315fb4c337/elements&amp#27;[39m
&amp#27;[35m[HTTP]&amp#27;[39m &amp#27;[90m{"using":"id","value":"com.androidsample.generalstore:id/productName"}&amp#27;[39m
[debug] &amp#27;[35m[W3C (644c8b8f)]&amp#27;[39m Calling AppiumDriver.findElements() with args: ["id","com.androidsample.generalstore:id/productName","644c8b8f-f4d4-44af-83fa-05315fb4c337"]
[debug] &amp#27;[35m[BaseDriver]&amp#27;[39m Valid locator strategies for this request: xpath, id, class name, accessibility id, css selector, -android uiautomator
[debug] &amp#27;[35m[BaseDriver]&amp#27;[39m Waiting up to 20000 ms for condition
[debug] &amp#27;[35m[WD Proxy]&amp#27;[39m Matched '/elements' to command name 'findElements'
[debug] &amp#27;[35m[WD Proxy]&amp#27;[39m Proxying [POST /elements] to [POST http://127.0.0.1:8200/wd/hub/session/b99f2d84-67e3-4a57-a0c0-a9520c0547d2/elements] with body: {"strategy":"id","selector":"com.androidsample.generalstore:id/productName","context":"","multiple":true}
[debug] &amp#27;[35m[WD Proxy]&amp#27;[39m Got response with status 200: {"sessionId":"b99f2d84-67e3-4a57-a0c0-a9520c0547d2","value":[{"ELEMENT":"d4847f55-a927-4bde-add4-98a0d311233c","element-6066-11e4-a52e-4f735466cecf":"d4847f55-a927-4bde-add4-98a0d311233c"},{"ELEMENT":"4a4a6e48-04c0-46d8-b512-ee4935dcc7e7","element-6066-11e4-a52e-4f735466cecf":"4a4a6e48-04c0-46d8-b512-ee4935dcc7e7"},{"ELEMENT":"62eb078d-efd5-4d71-bff0-88d07a5a0b57","element-6066-11e4-a52e-4f735466cecf":"62eb078d-efd5-4d71-bff0-88d07a5a0b57"}]}
[debug] &amp#27;[35m[W3C (644c8b8f)]&amp#27;[39m Responding to client with driver.findElements() result: [{"element-6066-11e4-a52e-4f735466cecf":"d4847f55-a927-4bde-add4-98a0d311233c","ELEMENT":"d4847f55-a927-4bde-add4-98a0d311233c"},{"element-6066-11e4-a52e-4f735466cecf":"4a4a6e48-04c0-46d8-b512-ee4935dcc7e7","ELEMENT":"4a4a6e48-04c0-46d8-b512-ee4935dcc7e7"},{"element-6066-11e4-a52e-4f735466cecf":"62eb078d-efd5-4d71-bff0-88d07a5a0b57","ELEMENT":"62eb078d-efd5-4d71-bff0-88d07a5a0b57"}]
&amp#27;[35m[HTTP]&amp#27;[39m &amp#27;[37m<-- POST /wd/hub/session/644c8b8f-f4d4-44af-83fa-05315fb4c337/elements &amp#27;[39m&amp#27;[32m200&amp#27;[39m &amp#27;[90m69 ms - 395&amp#27;[39m
&amp#27;[35m[HTTP]&amp#27;[39m &amp#27;[90m&amp#27;[39m
&amp#27;[35m[HTTP]&amp#27;[39m &amp#27;[37m-->&amp#27;[39m &amp#27;[37mGET&amp#27;[39m &amp#27;[37m/wd/hub/session/644c8b8f-f4d4-44af-83fa-05315fb4c337/element/4a4a6e48-04c0-46d8-b512-ee4935dcc7e7/text&amp#27;[39m
&amp#27;[35m[HTTP]&amp#27;[39m &amp#27;[90m{}&amp#27;[39m
&amp#27;[35m[W3C (644c8b8f)]&amp#27;[39m Driver proxy active, passing request on via HTTP proxy
[debug] &amp#27;[35m[WD Proxy]&amp#27;[39m Matched '/wd/hub/session/644c8b8f-f4d4-44af-83fa-05315fb4c337/element/4a4a6e48-04c0-46d8-b512-ee4935dcc7e7/text' to command name 'getText'
[debug] &amp#27;[35m[WD Proxy]&amp#27;[39m Proxying [GET /wd/hub/session/644c8b8f-f4d4-44af-83fa-05315fb4c337/element/4a4a6e48-04c0-46d8-b512-ee4935dcc7e7/text] to [GET http://127.0.0.1:8200/wd/hub/session/b99f2d84-67e3-4a57-a0c0-a9520c0547d2/element/4a4a6e48-04c0-46d8-b512-ee4935dcc7e7/text] with no body
[debug] &amp#27;[35m[WD Proxy]&amp#27;[39m Got response with status 200: {"sessionId":"b99f2d84-67e3-4a57-a0c0-a9520c0547d2","value":"Jordan 6 Rings"}
&amp#27;[35m[WD Proxy]&amp#27;[39m Replacing sessionId b99f2d84-67e3-4a57-a0c0-a9520c0547d2 with 644c8b8f-f4d4-44af-83fa-05315fb4c337
&amp#27;[35m[HTTP]&amp#27;[39m &amp#27;[37m<-- GET /wd/hub/session/644c8b8f-f4d4-44af-83fa-05315fb4c337/element/4a4a6e48-04c0-46d8-b512-ee4935dcc7e7/text &amp#27;[39m&amp#27;[32m200&amp#27;[39m &amp#27;[90m41 ms - 77&amp#27;[39m
&amp#27;[35m[HTTP]&amp#27;[39m &amp#27;[90m&amp#27;[39m
&amp#27;[35m[HTTP]&amp#27;[39m &amp#27;[37m-->&amp#27;[39m &amp#27;[37mGET&amp#27;[39m &amp#27;[37m/wd/hub/session/644c8b8f-f4d4-44af-83fa-05315fb4c337/context&amp#27;[39m
&amp#27;[35m[HTTP]&amp#27;[39m &amp#27;[90m{}&amp#27;[39m
[debug] &amp#27;[35m[W3C (644c8b8f)]&amp#27;[39m Calling AppiumDriver.getCurrentContext() with args: ["644c8b8f-f4d4-44af-83fa-05315fb4c337"]
[debug] &amp#27;[35m[W3C (644c8b8f)]&amp#27;[39m Responding to client with driver.getCurrentContext() result: "NATIVE_APP"
&amp#27;[35m[HTTP]&amp#27;[39m &amp#27;[37m<-- GET /wd/hub/session/644c8b8f-f4d4-44af-83fa-05315fb4c337/context &amp#27;[39m&amp#27;[32m200&amp#27;[39m &amp#27;[90m2 ms - 22&amp#27;[39m
&amp#27;[35m[HTTP]&amp#27;[39m &amp#27;[90m&amp#27;[39m
&amp#27;[35m[HTTP]&amp#27;[39m &amp#27;[37m-->&amp#27;[39m &amp#27;[37mPOST&amp#27;[39m &amp#27;[37m/wd/hub/session/644c8b8f-f4d4-44af-83fa-05315fb4c337/elements&amp#27;[39m
&amp#27;[35m[HTTP]&amp#27;[39m &amp#27;[90m{"using":"id","value":"com.androidsample.generalstore:id/productPrice"}&amp#27;[39m
[debug] &amp#27;[35m[W3C (644c8b8f)]&amp#27;[39m Calling AppiumDriver.findElements() with args: ["id","com.androidsample.generalstore:id/productPrice","644c8b8f-f4d4-44af-83fa-05315fb4c337"]
[debug] &amp#27;[35m[BaseDriver]&amp#27;[39m Valid locator strategies for this request: xpath, id, class name, accessibility id, css selector, -android uiautomator
[debug] &amp#27;[35m[BaseDriver]&amp#27;[39m Waiting up to 20000 ms for condition
[debug] &amp#27;[35m[WD Proxy]&amp#27;[39m Matched '/elements' to command name 'findElements'
[debug] &amp#27;[35m[WD Proxy]&amp#27;[39m Proxying [POST /elements] to [POST http://127.0.0.1:8200/wd/hub/session/b99f2d84-67e3-4a57-a0c0-a9520c0547d2/elements] with body: {"strategy":"id","selector":"com.androidsample.generalstore:id/productPrice","context":"","multiple":true}
[debug] &amp#27;[35m[WD Proxy]&amp#27;[39m Got response with status 200: {"sessionId":"b99f2d84-67e3-4a57-a0c0-a9520c0547d2","value":[{"ELEMENT":"b77ebad0-a08d-4a71-aa95-8f527b9c9301","element-6066-11e4-a52e-4f735466cecf":"b77ebad0-a08d-4a71-aa95-8f527b9c9301"},{"ELEMENT":"c16d1fc7-799e-4e2f-b7f2-fb82ceaa4978","element-6066-11e4-a52e-4f735466cecf":"c16d1fc7-799e-4e2f-b7f2-fb82ceaa4978"},{"ELEMENT":"c370f3a6-60c1-4fe2-a68e-a681ea364daa","element-6066-11e4-a52e-4f735466cecf":"c370f3a6-60c1-4fe2-a68e-a681ea364daa"}]}
[debug] &amp#27;[35m[W3C (644c8b8f)]&amp#27;[39m Responding to client with driver.findElements() result: [{"element-6066-11e4-a52e-4f735466cecf":"b77ebad0-a08d-4a71-aa95-8f527b9c9301","ELEMENT":"b77ebad0-a08d-4a71-aa95-8f527b9c9301"},{"element-6066-11e4-a52e-4f735466cecf":"c16d1fc7-799e-4e2f-b7f2-fb82ceaa4978","ELEMENT":"c16d1fc7-799e-4e2f-b7f2-fb82ceaa4978"},{"element-6066-11e4-a52e-4f735466cecf":"c370f3a6-60c1-4fe2-a68e-a681ea364daa","ELEMENT":"c370f3a6-60c1-4fe2-a68e-a681ea364daa"}]
&amp#27;[35m[HTTP]&amp#27;[39m &amp#27;[37m<-- POST /wd/hub/session/644c8b8f-f4d4-44af-83fa-05315fb4c337/elements &amp#27;[39m&amp#27;[32m200&amp#27;[39m &amp#27;[90m90 ms - 395&amp#27;[39m
&amp#27;[35m[HTTP]&amp#27;[39m &amp#27;[90m&amp#27;[39m
&amp#27;[35m[HTTP]&amp#27;[39m &amp#27;[37m-->&amp#27;[39m &amp#27;[37mGET&amp#27;[39m &amp#27;[37m/wd/hub/session/644c8b8f-f4d4-44af-83fa-05315fb4c337/element/c16d1fc7-799e-4e2f-b7f2-fb82ceaa4978/text&amp#27;[39m
&amp#27;[35m[HTTP]&amp#27;[39m &amp#27;[90m{}&amp#27;[39m
&amp#27;[35m[W3C (644c8b8f)]&amp#27;[39m Driver proxy active, passing request on via HTTP proxy
[debug] &amp#27;[35m[WD Proxy]&amp#27;[39m Matched '/wd/hub/session/644c8b8f-f4d4-44af-83fa-05315fb4c337/element/c16d1fc7-799e-4e2f-b7f2-fb82ceaa4978/text' to command name 'getText'
[debug] &amp#27;[35m[WD Proxy]&amp#27;[39m Proxying [GET /wd/hub/session/644c8b8f-f4d4-44af-83fa-05315fb4c337/element/c16d1fc7-799e-4e2f-b7f2-fb82ceaa4978/text] to [GET http://127.0.0.1:8200/wd/hub/session/b99f2d84-67e3-4a57-a0c0-a9520c0547d2/element/c16d1fc7-799e-4e2f-b7f2-fb82ceaa4978/text] with no body
[debug] &amp#27;[35m[WD Proxy]&amp#27;[39m Got response with status 200: {"sessionId":"b99f2d84-67e3-4a57-a0c0-a9520c0547d2","value":"$165.0"}
&amp#27;[35m[WD Proxy]&amp#27;[39m Replacing sessionId b99f2d84-67e3-4a57-a0c0-a9520c0547d2 with 644c8b8f-f4d4-44af-83fa-05315fb4c337
&amp#27;[35m[HTTP]&amp#27;[39m &amp#27;[37m<-- GET /wd/hub/session/644c8b8f-f4d4-44af-83fa-05315fb4c337/element/c16d1fc7-799e-4e2f-b7f2-fb82ceaa4978/text &amp#27;[39m&amp#27;[32m200&amp#27;[39m &amp#27;[90m48 ms - 69&amp#27;[39m
&amp#27;[35m[HTTP]&amp#27;[39m &amp#27;[90m&amp#27;[39m
&amp#27;[35m[HTTP]&amp#27;[39m &amp#27;[37m-->&amp#27;[39m &amp#27;[37mGET&amp#27;[39m &amp#27;[37m/wd/hub/session/644c8b8f-f4d4-44af-83fa-05315fb4c337/context&amp#27;[39m
&amp#27;[35m[HTTP]&amp#27;[39m &amp#27;[90m{}&amp#27;[39m
[debug] &amp#27;[35m[W3C (644c8b8f)]&amp#27;[39m Calling AppiumDriver.getCurrentContext() with args: ["644c8b8f-f4d4-44af-83fa-05315fb4c337"]
[debug] &amp#27;[35m[W3C (644c8b8f)]&amp#27;[39m Responding to client with driver.getCurrentContext() result: "NATIVE_APP"
&amp#27;[35m[HTTP]&amp#27;[39m &amp#27;[37m<-- GET /wd/hub/session/644c8b8f-f4d4-44af-83fa-05315fb4c337/context &amp#27;[39m&amp#27;[32m200&amp#27;[39m &amp#27;[90m2 ms - 22&amp#27;[39m
&amp#27;[35m[HTTP]&amp#27;[39m &amp#27;[90m&amp#27;[39m
&amp#27;[35m[HTTP]&amp#27;[39m &amp#27;[37m-->&amp#27;[39m &amp#27;[37mPOST&amp#27;[39m &amp#27;[37m/wd/hub/session/644c8b8f-f4d4-44af-83fa-05315fb4c337/elements&amp#27;[39m
&amp#27;[35m[HTTP]&amp#27;[39m &amp#27;[90m{"using":"id","value":"com.androidsample.generalstore:id/productAddCart"}&amp#27;[39m
[debug] &amp#27;[35m[W3C (644c8b8f)]&amp#27;[39m Calling AppiumDriver.findElements() with args: ["id","com.androidsample.generalstore:id/productAddCart","644c8b8f-f4d4-44af-83fa-05315fb4c337"]
[debug] &amp#27;[35m[BaseDriver]&amp#27;[39m Valid locator strategies for this request: xpath, id, class name, accessibility id, css selector, -android uiautomator
[debug] &amp#27;[35m[BaseDriver]&amp#27;[39m Waiting up to 20000 ms for condition
[debug] &amp#27;[35m[WD Proxy]&amp#27;[39m Matched '/elements' to command name 'findElements'
[debug] &amp#27;[35m[WD Proxy]&amp#27;[39m Proxying [POST /elements] to [POST http://127.0.0.1:8200/wd/hub/session/b99f2d84-67e3-4a57-a0c0-a9520c0547d2/elements] with body: {"strategy":"id","selector":"com.androidsample.generalstore:id/productAddCart","context":"","multiple":true}
[debug] &amp#27;[35m[WD Proxy]&amp#27;[39m Got response with status 200: {"sessionId":"b99f2d84-67e3-4a57-a0c0-a9520c0547d2","value":[{"ELEMENT":"e0b58b5d-2446-4245-a049-03be416641f2","element-6066-11e4-a52e-4f735466cecf":"e0b58b5d-2446-4245-a049-03be416641f2"},{"ELEMENT":"3dd5d1e0-d47c-40dc-9377-22518a0e39b0","element-6066-11e4-a52e-4f735466cecf":"3dd5d1e0-d47c-40dc-9377-22518a0e39b0"},{"ELEMENT":"7fb9d24d-9520-44d4-a6ab-666203e23756","element-6066-11e4-a52e-4f735466cecf":"7fb9d24d-9520-44d4-a6ab-666203e23756"}]}
[debug] &amp#27;[35m[W3C (644c8b8f)]&amp#27;[39m Responding to client with driver.findElements() result: [{"element-6066-11e4-a52e-4f735466cecf":"e0b58b5d-2446-4245-a049-03be416641f2","ELEMENT":"e0b58b5d-2446-4245-a049-03be416641f2"},{"element-6066-11e4-a52e-4f735466cecf":"3dd5d1e0-d47c-40dc-9377-22518a0e39b0","ELEMENT":"3dd5d1e0-d47c-40dc-9377-22518a0e39b0"},{"element-6066-11e4-a52e-4f735466cecf":"7fb9d24d-9520-44d4-a6ab-666203e23756","ELEMENT":"7fb9d24d-9520-44d4-a6ab-666203e23756"}]
&amp#27;[35m[HTTP]&amp#27;[39m &amp#27;[37m<-- POST /wd/hub/session/644c8b8f-f4d4-44af-83fa-05315fb4c337/elements &amp#27;[39m&amp#27;[32m200&amp#27;[39m &amp#27;[90m77 ms - 395&amp#27;[39m
&amp#27;[35m[HTTP]&amp#27;[39m &amp#27;[90m&amp#27;[39m
&amp#27;[35m[HTTP]&amp#27;[39m &amp#27;[37m-->&amp#27;[39m &amp#27;[37mPOST&amp#27;[39m &amp#27;[37m/wd/hub/session/644c8b8f-f4d4-44af-83fa-05315fb4c337/element/3dd5d1e0-d47c-40dc-9377-22518a0e39b0/click&amp#27;[39m
&amp#27;[35m[HTTP]&amp#27;[39m &amp#27;[90m{"id":"3dd5d1e0-d47c-40dc-9377-22518a0e39b0"}&amp#27;[39m
[debug] &amp#27;[35m[W3C (644c8b8f)]&amp#27;[39m Calling AppiumDriver.click() with args: ["3dd5d1e0-d47c-40dc-9377-22518a0e39b0","644c8b8f-f4d4-44af-83fa-05315fb4c337"]
[debug] &amp#27;[35m[WD Proxy]&amp#27;[39m Matched '/element/3dd5d1e0-d47c-40dc-9377-22518a0e39b0/click' to command name 'click'
[debug] &amp#27;[35m[WD Proxy]&amp#27;[39m Proxying [POST /element/3dd5d1e0-d47c-40dc-9377-22518a0e39b0/click] to [POST http://127.0.0.1:8200/wd/hub/session/b99f2d84-67e3-4a57-a0c0-a9520c0547d2/element/3dd5d1e0-d47c-40dc-9377-22518a0e39b0/click] with body: {"element":"3dd5d1e0-d47c-40dc-9377-22518a0e39b0"}
[debug] &amp#27;[35m[WD Proxy]&amp#27;[39m Got response with status 200: {"sessionId":"b99f2d84-67e3-4a57-a0c0-a9520c0547d2","value":null}
[debug] &amp#27;[35m[W3C (644c8b8f)]&amp#27;[39m Responding to client with driver.click() result: null
&amp#27;[35m[HTTP]&amp#27;[39m &amp#27;[37m<-- POST /wd/hub/session/644c8b8f-f4d4-44af-83fa-05315fb4c337/element/3dd5d1e0-d47c-40dc-9377-22518a0e39b0/click &amp#27;[39m&amp#27;[32m200&amp#27;[39m &amp#27;[90m605 ms - 14&amp#27;[39m
&amp#27;[35m[HTTP]&amp#27;[39m &amp#27;[90m&amp#27;[39m
&amp#27;[35m[HTTP]&amp#27;[39m &amp#27;[37m-->&amp#27;[39m &amp#27;[37mGET&amp#27;[39m &amp#27;[37m/wd/hub/session/644c8b8f-f4d4-44af-83fa-05315fb4c337/context&amp#27;[39m
&amp#27;[35m[HTTP]&amp#27;[39m &amp#27;[90m{}&amp#27;[39m
[debug] &amp#27;[35m[W3C (644c8b8f)]&amp#27;[39m Calling AppiumDriver.getCurrentContext() with args: ["644c8b8f-f4d4-44af-83fa-05315fb4c337"]
[debug] &amp#27;[35m[W3C (644c8b8f)]&amp#27;[39m Responding to client with driver.getCurrentContext() result: "NATIVE_APP"
&amp#27;[35m[HTTP]&amp#27;[39m &amp#27;[37m<-- GET /wd/hub/session/644c8b8f-f4d4-44af-83fa-05315fb4c337/context &amp#27;[39m&amp#27;[32m200&amp#27;[39m &amp#27;[90m3 ms - 22&amp#27;[39m
&amp#27;[35m[HTTP]&amp#27;[39m &amp#27;[90m&amp#27;[39m
&amp#27;[35m[HTTP]&amp#27;[39m &amp#27;[37m-->&amp#27;[39m &amp#27;[37mPOST&amp#27;[39m &amp#27;[37m/wd/hub/session/644c8b8f-f4d4-44af-83fa-05315fb4c337/element&amp#27;[39m
&amp#27;[35m[HTTP]&amp#27;[39m &amp#27;[90m{"using":"id","value":"com.androidsample.generalstore:id/appbar_btn_cart"}&amp#27;[39m
[debug] &amp#27;[35m[W3C (644c8b8f)]&amp#27;[39m Calling AppiumDriver.findElement() with args: ["id","com.androidsample.generalstore:id/appbar_btn_cart","644c8b8f-f4d4-44af-83fa-05315fb4c337"]
[debug] &amp#27;[35m[BaseDriver]&amp#27;[39m Valid locator strategies for this request: xpath, id, class name, accessibility id, css selector, -android uiautomator
[debug] &amp#27;[35m[BaseDriver]&amp#27;[39m Waiting up to 20000 ms for condition
[debug] &amp#27;[35m[WD Proxy]&amp#27;[39m Matched '/element' to command name 'findElement'
[debug] &amp#27;[35m[WD Proxy]&amp#27;[39m Proxying [POST /element] to [POST http://127.0.0.1:8200/wd/hub/session/b99f2d84-67e3-4a57-a0c0-a9520c0547d2/element] with body: {"strategy":"id","selector":"com.androidsample.generalstore:id/appbar_btn_cart","context":"","multiple":false}
[debug] &amp#27;[35m[WD Proxy]&amp#27;[39m Got response with status 200: {"sessionId":"b99f2d84-67e3-4a57-a0c0-a9520c0547d2","value":{"ELEMENT":"0929917a-8cba-4111-bee6-9a19bb79f760","element-6066-11e4-a52e-4f735466cecf":"0929917a-8cba-4111-bee6-9a19bb79f760"}}
[debug] &amp#27;[35m[W3C (644c8b8f)]&amp#27;[39m Responding to client with driver.findElement() result: {"element-6066-11e4-a52e-4f735466cecf":"0929917a-8cba-4111-bee6-9a19bb79f760","ELEMENT":"0929917a-8cba-4111-bee6-9a19bb79f760"}
&amp#27;[35m[HTTP]&amp#27;[39m &amp#27;[37m<-- POST /wd/hub/session/644c8b8f-f4d4-44af-83fa-05315fb4c337/element &amp#27;[39m&amp#27;[32m200&amp#27;[39m &amp#27;[90m79 ms - 137&amp#27;[39m
&amp#27;[35m[HTTP]&amp#27;[39m &amp#27;[90m&amp#27;[39m
&amp#27;[35m[HTTP]&amp#27;[39m &amp#27;[37m-->&amp#27;[39m &amp#27;[37mPOST&amp#27;[39m &amp#27;[37m/wd/hub/session/644c8b8f-f4d4-44af-83fa-05315fb4c337/element/0929917a-8cba-4111-bee6-9a19bb79f760/click&amp#27;[39m
&amp#27;[35m[HTTP]&amp#27;[39m &amp#27;[90m{"id":"0929917a-8cba-4111-bee6-9a19bb79f760"}&amp#27;[39m
[debug] &amp#27;[35m[W3C (644c8b8f)]&amp#27;[39m Calling AppiumDriver.click() with args: ["0929917a-8cba-4111-bee6-9a19bb79f760","644c8b8f-f4d4-44af-83fa-05315fb4c337"]
[debug] &amp#27;[35m[WD Proxy]&amp#27;[39m Matched '/element/0929917a-8cba-4111-bee6-9a19bb79f760/click' to command name 'click'
[debug] &amp#27;[35m[WD Proxy]&amp#27;[39m Proxying [POST /element/0929917a-8cba-4111-bee6-9a19bb79f760/click] to [POST http://127.0.0.1:8200/wd/hub/session/b99f2d84-67e3-4a57-a0c0-a9520c0547d2/element/0929917a-8cba-4111-bee6-9a19bb79f760/click] with body: {"element":"0929917a-8cba-4111-bee6-9a19bb79f760"}
[debug] &amp#27;[35m[WD Proxy]&amp#27;[39m Got response with status 200: {"sessionId":"b99f2d84-67e3-4a57-a0c0-a9520c0547d2","value":null}
[debug] &amp#27;[35m[W3C (644c8b8f)]&amp#27;[39m Responding to client with driver.click() result: null
&amp#27;[35m[HTTP]&amp#27;[39m &amp#27;[37m<-- POST /wd/hub/session/644c8b8f-f4d4-44af-83fa-05315fb4c337/element/0929917a-8cba-4111-bee6-9a19bb79f760/click &amp#27;[39m&amp#27;[32m200&amp#27;[39m &amp#27;[90m97 ms - 14&amp#27;[39m
&amp#27;[35m[HTTP]&amp#27;[39m &amp#27;[90m&amp#27;[39m
&amp#27;[35m[HTTP]&amp#27;[39m &amp#27;[37m-->&amp#27;[39m &amp#27;[37mGET&amp#27;[39m &amp#27;[37m/wd/hub/session/644c8b8f-f4d4-44af-83fa-05315fb4c337/context&amp#27;[39m
&amp#27;[35m[HTTP]&amp#27;[39m &amp#27;[90m{}&amp#27;[39m
[debug] &amp#27;[35m[W3C (644c8b8f)]&amp#27;[39m Calling AppiumDriver.getCurrentContext() with args: ["644c8b8f-f4d4-44af-83fa-05315fb4c337"]
[debug] &amp#27;[35m[W3C (644c8b8f)]&amp#27;[39m Responding to client with driver.getCurrentContext() result: "NATIVE_APP"
&amp#27;[35m[HTTP]&amp#27;[39m &amp#27;[37m<-- GET /wd/hub/session/644c8b8f-f4d4-44af-83fa-05315fb4c337/context &amp#27;[39m&amp#27;[32m200&amp#27;[39m &amp#27;[90m5 ms - 22&amp#27;[39m
&amp#27;[35m[HTTP]&amp#27;[39m &amp#27;[90m&amp#27;[39m
&amp#27;[35m[HTTP]&amp#27;[39m &amp#27;[37m-->&amp#27;[39m &amp#27;[37mPOST&amp#27;[39m &amp#27;[37m/wd/hub/session/644c8b8f-f4d4-44af-83fa-05315fb4c337/element&amp#27;[39m
&amp#27;[35m[HTTP]&amp#27;[39m &amp#27;[90m{"using":"id","value":"com.androidsample.generalstore:id/totalAmountLbl"}&amp#27;[39m
[debug] &amp#27;[35m[W3C (644c8b8f)]&amp#27;[39m Calling AppiumDriver.findElement() with args: ["id","com.androidsample.generalstore:id/totalAmountLbl","644c8b8f-f4d4-44af-83fa-05315fb4c337"]
[debug] &amp#27;[35m[BaseDriver]&amp#27;[39m Valid locator strategies for this request: xpath, id, class name, accessibility id, css selector, -android uiautomator
[debug] &amp#27;[35m[BaseDriver]&amp#27;[39m Waiting up to 20000 ms for condition
[debug] &amp#27;[35m[WD Proxy]&amp#27;[39m Matched '/element' to command name 'findElement'
[debug] &amp#27;[35m[WD Proxy]&amp#27;[39m Proxying [POST /element] to [POST http://127.0.0.1:8200/wd/hub/session/b99f2d84-67e3-4a57-a0c0-a9520c0547d2/element] with body: {"strategy":"id","selector":"com.androidsample.generalstore:id/totalAmountLbl","context":"","multiple":false}
[debug] &amp#27;[35m[WD Proxy]&amp#27;[39m Got response with status 200: {"sessionId":"b99f2d84-67e3-4a57-a0c0-a9520c0547d2","value":{"ELEMENT":"101a691a-b3e8-4c73-afbf-f582b33f9e7c","element-6066-11e4-a52e-4f735466cecf":"101a691a-b3e8-4c73-afbf-f582b33f9e7c"}}
[debug] &amp#27;[35m[W3C (644c8b8f)]&amp#27;[39m Responding to client with driver.findElement() result: {"element-6066-11e4-a52e-4f735466cecf":"101a691a-b3e8-4c73-afbf-f582b33f9e7c","ELEMENT":"101a691a-b3e8-4c73-afbf-f582b33f9e7c"}
&amp#27;[35m[HTTP]&amp#27;[39m &amp#27;[37m<-- POST /wd/hub/session/644c8b8f-f4d4-44af-83fa-05315fb4c337/element &amp#27;[39m&amp#27;[32m200&amp#27;[39m &amp#27;[90m729 ms - 137&amp#27;[39m
&amp#27;[35m[HTTP]&amp#27;[39m &amp#27;[90m&amp#27;[39m
&amp#27;[35m[HTTP]&amp#27;[39m &amp#27;[37m-->&amp#27;[39m &amp#27;[37mGET&amp#27;[39m &amp#27;[37m/wd/hub/session/644c8b8f-f4d4-44af-83fa-05315fb4c337/element/101a691a-b3e8-4c73-afbf-f582b33f9e7c/text&amp#27;[39m
&amp#27;[35m[HTTP]&amp#27;[39m &amp#27;[90m{}&amp#27;[39m
&amp#27;[35m[W3C (644c8b8f)]&amp#27;[39m Driver proxy active, passing request on via HTTP proxy
[debug] &amp#27;[35m[WD Proxy]&amp#27;[39m Matched '/wd/hub/session/644c8b8f-f4d4-44af-83fa-05315fb4c337/element/101a691a-b3e8-4c73-afbf-f582b33f9e7c/text' to command name 'getText'
[debug] &amp#27;[35m[WD Proxy]&amp#27;[39m Proxying [GET /wd/hub/session/644c8b8f-f4d4-44af-83fa-05315fb4c337/element/101a691a-b3e8-4c73-afbf-f582b33f9e7c/text] to [GET http://127.0.0.1:8200/wd/hub/session/b99f2d84-67e3-4a57-a0c0-a9520c0547d2/element/101a691a-b3e8-4c73-afbf-f582b33f9e7c/text] with no body
[debug] &amp#27;[35m[WD Proxy]&amp#27;[39m Got response with status 200: {"sessionId":"b99f2d84-67e3-4a57-a0c0-a9520c0547d2","value":"$ 280.0"}
&amp#27;[35m[WD Proxy]&amp#27;[39m Replacing sessionId b99f2d84-67e3-4a57-a0c0-a9520c0547d2 with 644c8b8f-f4d4-44af-83fa-05315fb4c337
&amp#27;[35m[HTTP]&amp#27;[39m &amp#27;[37m<-- GET /wd/hub/session/644c8b8f-f4d4-44af-83fa-05315fb4c337/element/101a691a-b3e8-4c73-afbf-f582b33f9e7c/text &amp#27;[39m&amp#27;[32m200&amp#27;[39m &amp#27;[90m23 ms - 70&amp#27;[39m
&amp#27;[35m[HTTP]&amp#27;[39m &amp#27;[90m&amp#27;[39m
]]></system-out>
    <system-err><![CDATA[Apr 28, 2021 1:48:22 PM io.appium.java_client.remote.AppiumCommandExecutor$1 lambda$0
INFO: Detected dialect: W3C
]]></system-err>
  </testcase>
  <testcase name="WifiSettingsTest" classname="MobileAutomation.AppiumFramework.ApiDemosTC" time="28.825">
    <system-out><![CDATA[&amp#27;[35m[Appium]&amp#27;[39m Welcome to Appium v1.20.2
&amp#27;[35m[Appium]&amp#27;[39m Appium REST http interface listener started on 0.0.0.0:4723
&amp#27;[35m[HTTP]&amp#27;[39m &amp#27;[37m-->&amp#27;[39m &amp#27;[37mGET&amp#27;[39m &amp#27;[37m/wd/hub/status&amp#27;[39m
&amp#27;[35m[HTTP]&amp#27;[39m &amp#27;[90m{}&amp#27;[39m
[debug] &amp#27;[35m[GENERIC]&amp#27;[39m Calling AppiumDriver.getStatus() with args: []
[debug] &amp#27;[35m[GENERIC]&amp#27;[39m Responding to client with driver.getStatus() result: {"build":{"version":"1.20.2"}}
&amp#27;[35m[HTTP]&amp#27;[39m &amp#27;[37m<-- GET /wd/hub/status &amp#27;[39m&amp#27;[32m200&amp#27;[39m &amp#27;[90m7 ms - 68&amp#27;[39m
&amp#27;[35m[HTTP]&amp#27;[39m &amp#27;[90m&amp#27;[39m
[debug] &amp#27;[35m[HTTP]&amp#27;[39m Request idempotency key: 3bca8543-9c87-43b5-852d-65d6dea26f4c
&amp#27;[35m[HTTP]&amp#27;[39m &amp#27;[37m-->&amp#27;[39m &amp#27;[37mPOST&amp#27;[39m &amp#27;[37m/wd/hub/session&amp#27;[39m
&amp#27;[35m[HTTP]&amp#27;[39m &amp#27;[90m{"desiredCapabilities":{"app":"C:\\Users\\ANKIT\\eclipse-workspace\\AppiumFramework\\src\\ApiDemos-debug.apk","automationName":"uiautomator2","platformName":"Android","deviceName":"Android Device"},"capabilities":{"firstMatch":[{"appium:app":"C:\\Users\\ANKIT\\eclipse-workspace\\AppiumFramework\\src\\ApiDemos-debug.apk","appium:automationName":"uiautomator2","appium:deviceName":"Android Device","platformName":"android"}]}}&amp#27;[39m
[debug] &amp#27;[35m[W3C]&amp#27;[39m Calling AppiumDriver.createSession() with args: [{"app":"C:\\Users\\ANKIT\\eclipse-workspace\\AppiumFramework\\src\\ApiDemos-debug.apk","automationName":"uiautomator2","platformName":"Android","deviceName":"Android Device"},null,{"firstMatch":[{"appium:app":"C:\\Users\\ANKIT\\eclipse-workspace\\AppiumFramework\\src\\ApiDemos-debug.apk","appium:automationName":"uiautomator2","appium:deviceName":"Android Device","platformName":"android"}]}]
[debug] &amp#27;[35m[BaseDriver]&amp#27;[39m Event 'newSessionRequested' logged at 1619597928352 (13:48:48 GMT+0530 (India Standard Time))
&amp#27;[35m[Appium]&amp#27;[39m Appium v1.20.2 creating new AndroidUiautomator2Driver (v1.61.2) session
[debug] &amp#27;[35m[BaseDriver]&amp#27;[39m W3C capabilities and MJSONWP desired capabilities were provided
[debug] &amp#27;[35m[BaseDriver]&amp#27;[39m Creating session with W3C capabilities: {
[debug] &amp#27;[35m[BaseDriver]&amp#27;[39m   "alwaysMatch": {
[debug] &amp#27;[35m[BaseDriver]&amp#27;[39m     "platformName": "android",
[debug] &amp#27;[35m[BaseDriver]&amp#27;[39m     "appium:app": "C:\\Users\\ANKIT\\eclipse-workspace\\AppiumFramework\\src\\ApiDemos-debug.apk",
[debug] &amp#27;[35m[BaseDriver]&amp#27;[39m     "appium:automationName": "uiautomator2",
[debug] &amp#27;[35m[BaseDriver]&amp#27;[39m     "appium:deviceName": "Android Device"
[debug] &amp#27;[35m[BaseDriver]&amp#27;[39m   },
[debug] &amp#27;[35m[BaseDriver]&amp#27;[39m   "firstMatch": [
[debug] &amp#27;[35m[BaseDriver]&amp#27;[39m     {}
[debug] &amp#27;[35m[BaseDriver]&amp#27;[39m   ]
[debug] &amp#27;[35m[BaseDriver]&amp#27;[39m }
&amp#27;[35m[BaseDriver]&amp#27;[39m Session created with session id: a1e60577-a24c-4944-9ea0-16ffa2d2f583
&amp#27;[35m[BaseDriver]&amp#27;[39m Using local app 'C:\Users\ANKIT\eclipse-workspace\AppiumFramework\src\ApiDemos-debug.apk'
[debug] &amp#27;[35m[UiAutomator2]&amp#27;[39m Checking whether app is actually present
&amp#27;[35m[ADB]&amp#27;[39m Found 4 'build-tools' folders under 'C:\Users\ANKIT\AppData\Local\Android\Sdk' (newest first):
&amp#27;[35m[ADB]&amp#27;[39m     C:/Users/ANKIT/AppData/Local/Android/Sdk/build-tools/29.0.2
&amp#27;[35m[ADB]&amp#27;[39m     C:/Users/ANKIT/AppData/Local/Android/Sdk/build-tools/27.0.3
&amp#27;[35m[ADB]&amp#27;[39m     C:/Users/ANKIT/AppData/Local/Android/Sdk/build-tools/26.0.2
&amp#27;[35m[ADB]&amp#27;[39m     C:/Users/ANKIT/AppData/Local/Android/Sdk/build-tools/23.0.2
&amp#27;[35m[ADB]&amp#27;[39m Using 'adb.exe' from 'C:\Users\ANKIT\AppData\Local\Android\Sdk\platform-tools\adb.exe'
[debug] &amp#27;[35m[ADB]&amp#27;[39m Running 'C:\Users\ANKIT\AppData\Local\Android\Sdk\platform-tools\adb.exe -P 5037 start-server'
&amp#27;[35m[AndroidDriver]&amp#27;[39m Retrieving device list
[debug] &amp#27;[35m[ADB]&amp#27;[39m Trying to find a connected android device
[debug] &amp#27;[35m[ADB]&amp#27;[39m Getting connected devices
[debug] &amp#27;[35m[ADB]&amp#27;[39m Connected devices: [{"udid":"0ac1d17f","state":"device"}]
&amp#27;[35m[AndroidDriver]&amp#27;[39m Using device: 0ac1d17f
&amp#27;[35m[ADB]&amp#27;[39m Using 'adb.exe' from 'C:\Users\ANKIT\AppData\Local\Android\Sdk\platform-tools\adb.exe'
[debug] &amp#27;[35m[ADB]&amp#27;[39m Running 'C:\Users\ANKIT\AppData\Local\Android\Sdk\platform-tools\adb.exe -P 5037 start-server'
[debug] &amp#27;[35m[ADB]&amp#27;[39m Setting device id to 0ac1d17f
[debug] &amp#27;[35m[ADB]&amp#27;[39m Running 'C:\Users\ANKIT\AppData\Local\Android\Sdk\platform-tools\adb.exe -P 5037 -s 0ac1d17f shell getprop ro.build.version.sdk'
[debug] &amp#27;[35m[ADB]&amp#27;[39m Current device property 'ro.build.version.sdk': 30
&amp#27;[35m[ADB]&amp#27;[39m Getting device platform version
[debug] &amp#27;[35m[ADB]&amp#27;[39m Running 'C:\Users\ANKIT\AppData\Local\Android\Sdk\platform-tools\adb.exe -P 5037 -s 0ac1d17f shell getprop ro.build.version.release'
[debug] &amp#27;[35m[ADB]&amp#27;[39m Current device property 'ro.build.version.release': 11
[debug] &amp#27;[35m[ADB]&amp#27;[39m Device API level: 30
&amp#27;[35m[UiAutomator2]&amp#27;[39m Relaxing hidden api policy
[debug] &amp#27;[35m[ADB]&amp#27;[39m Running 'C:\Users\ANKIT\AppData\Local\Android\Sdk\platform-tools\adb.exe -P 5037 -s 0ac1d17f shell 'settings put global hidden_api_policy_pre_p_apps 1;settings put global hidden_api_policy_p_apps 1;settings put global hidden_api_policy 1''
[debug] &amp#27;[35m[AndroidDriver]&amp#27;[39m Parsing package and activity from app manifest
&amp#27;[35m[ADB]&amp#27;[39m Package name: 'io.appium.android.apis'
&amp#27;[35m[ADB]&amp#27;[39m Main activity name: 'ApiDemos'
[debug] &amp#27;[35m[AndroidDriver]&amp#27;[39m Parsed package and activity are: io.appium.android.apis/ApiDemos
[debug] &amp#27;[35m[ADB]&amp#27;[39m Running 'C:\Users\ANKIT\AppData\Local\Android\Sdk\platform-tools\adb.exe -P 5037 -s 0ac1d17f wait-for-device'
[debug] &amp#27;[35m[ADB]&amp#27;[39m Running 'C:\Users\ANKIT\AppData\Local\Android\Sdk\platform-tools\adb.exe -P 5037 -s 0ac1d17f shell echo ping'
[debug] &amp#27;[35m[AndroidDriver]&amp#27;[39m Pushing settings apk to device...
[debug] &amp#27;[35m[ADB]&amp#27;[39m Getting install status for io.appium.settings
[debug] &amp#27;[35m[ADB]&amp#27;[39m Running 'C:\Users\ANKIT\AppData\Local\Android\Sdk\platform-tools\adb.exe -P 5037 -s 0ac1d17f shell dumpsys package io.appium.settings'
[debug] &amp#27;[35m[ADB]&amp#27;[39m 'io.appium.settings' is installed
[debug] &amp#27;[35m[ADB]&amp#27;[39m Getting package info for 'io.appium.settings'
[debug] &amp#27;[35m[ADB]&amp#27;[39m Running 'C:\Users\ANKIT\AppData\Local\Android\Sdk\platform-tools\adb.exe -P 5037 -s 0ac1d17f shell dumpsys package io.appium.settings'
[debug] &amp#27;[35m[ADB]&amp#27;[39m The version name of the installed 'io.appium.settings' is greater or equal to the application version name ('3.2.1' >= '3.2.1')
[debug] &amp#27;[35m[ADB]&amp#27;[39m There is no need to install/upgrade 'C:\Users\ANKIT\AppData\Roaming\npm\node_modules\appium\node_modules\io.appium.settings\apks\settings_apk-debug.apk'
[debug] &amp#27;[35m[ADB]&amp#27;[39m Getting IDs of all 'io.appium.settings' processes
[debug] &amp#27;[35m[ADB]&amp#27;[39m Running 'C:\Users\ANKIT\AppData\Local\Android\Sdk\platform-tools\adb.exe -P 5037 -s 0ac1d17f shell 'pgrep --help; echo $?''
[debug] &amp#27;[35m[ADB]&amp#27;[39m Running 'C:\Users\ANKIT\AppData\Local\Android\Sdk\platform-tools\adb.exe -P 5037 -s 0ac1d17f shell pgrep -f \(\[\[:blank:\]\]\|\^\)io\.appium\.settings\(\[\[:blank:\]\]\|\$\)'
[debug] &amp#27;[35m[AndroidDriver]&amp#27;[39m io.appium.settings is already running. There is no need to reset its permissions.
[debug] &amp#27;[35m[ADB]&amp#27;[39m Running 'C:\Users\ANKIT\AppData\Local\Android\Sdk\platform-tools\adb.exe -P 5037 -s 0ac1d17f shell appops set io.appium.settings android:mock_location allow'
[debug] &amp#27;[35m[Logcat]&amp#27;[39m Starting logs capture with command: C:\\Users\\ANKIT\\AppData\\Local\\Android\\Sdk\\platform-tools\\adb.exe -P 5037 -s 0ac1d17f logcat -v threadtime
[debug] &amp#27;[35m[UiAutomator2]&amp#27;[39m Forwarding UiAutomator2 Server port 6790 to local port 8201
[debug] &amp#27;[35m[ADB]&amp#27;[39m Forwarding system: 8201 to device: 6790
[debug] &amp#27;[35m[ADB]&amp#27;[39m Running 'C:\Users\ANKIT\AppData\Local\Android\Sdk\platform-tools\adb.exe -P 5037 -s 0ac1d17f forward tcp:8201 tcp:6790'
[debug] &amp#27;[35m[ADB]&amp#27;[39m Getting install status for io.appium.uiautomator2.server
[debug] &amp#27;[35m[ADB]&amp#27;[39m Running 'C:\Users\ANKIT\AppData\Local\Android\Sdk\platform-tools\adb.exe -P 5037 -s 0ac1d17f shell dumpsys package io.appium.uiautomator2.server'
[debug] &amp#27;[35m[ADB]&amp#27;[39m 'io.appium.uiautomator2.server' is installed
[debug] &amp#27;[35m[ADB]&amp#27;[39m Getting package info for 'io.appium.uiautomator2.server'
[debug] &amp#27;[35m[ADB]&amp#27;[39m Running 'C:\Users\ANKIT\AppData\Local\Android\Sdk\platform-tools\adb.exe -P 5037 -s 0ac1d17f shell dumpsys package io.appium.uiautomator2.server'
[debug] &amp#27;[35m[ADB]&amp#27;[39m The version name of the installed 'io.appium.uiautomator2.server' is greater or equal to the application version name ('4.17.4' >= '4.17.4')
[debug] &amp#27;[35m[UiAutomator2]&amp#27;[39m io.appium.uiautomator2.server installation state: sameVersionInstalled
[debug] &amp#27;[35m[ADB]&amp#27;[39m Checking app cert for C:\Users\ANKIT\AppData\Roaming\npm\node_modules\appium\node_modules\appium-uiautomator2-server\apks\appium-uiautomator2-server-v4.17.4.apk
&amp#27;[35m[ADB]&amp#27;[39m Using 'apksigner.jar' from 'C:\Users\ANKIT\AppData\Local\Android\Sdk\build-tools\29.0.2\lib\apksigner.jar'
[debug] &amp#27;[35m[ADB]&amp#27;[39m Starting apksigner: 'C:\\Program Files\\Java\\jdk1.8.0_161\\bin\\java.exe' -Xmx1024M -Xss1m -jar C:\\Users\\ANKIT\\AppData\\Local\\Android\\Sdk\\build-tools\\29.0.2\\lib\\apksigner.jar verify --print-certs C:\\Users\\ANKIT\\AppData\\Roaming\\npm\\node_modules\\appium\\node_modules\\appium-uiautomator2-server\\apks\\appium-uiautomator2-server-v4.17.4.apk
[debug] &amp#27;[35m[ADB]&amp#27;[39m apksigner stdout: Signer #1 certificate DN: EMAILADDRESS=android@android.com, CN=Android, OU=Android, O=Android, L=Mountain View, ST=California, C=US
[debug] &amp#27;[35m[ADB]&amp#27;[39m Signer #1 certificate SHA-256 digest: a40da80a59d170caa950cf15c18c454d47a39b26989d8b640ecd745ba71bf5dc
[debug] &amp#27;[35m[ADB]&amp#27;[39m Signer #1 certificate SHA-1 digest: 61ed377e85d386a8dfee6b864bd85b0bfaa5af81
[debug] &amp#27;[35m[ADB]&amp#27;[39m Signer #1 certificate MD5 digest: e89b158e4bcf988ebd09eb83f5378e87
[debug] &amp#27;[35m[ADB]&amp#27;[39m 
[debug] &amp#27;[35m[ADB]&amp#27;[39m sha256 hash did match for 'appium-uiautomator2-server-v4.17.4.apk'
&amp#27;[35m[ADB]&amp#27;[39m 'C:\Users\ANKIT\AppData\Roaming\npm\node_modules\appium\node_modules\appium-uiautomator2-server\apks\appium-uiautomator2-server-v4.17.4.apk' is signed with the default certificate
[debug] &amp#27;[35m[ADB]&amp#27;[39m Getting install status for io.appium.uiautomator2.server.test
[debug] &amp#27;[35m[ADB]&amp#27;[39m Running 'C:\Users\ANKIT\AppData\Local\Android\Sdk\platform-tools\adb.exe -P 5037 -s 0ac1d17f shell dumpsys package io.appium.uiautomator2.server.test'
[debug] &amp#27;[35m[ADB]&amp#27;[39m 'io.appium.uiautomator2.server.test' is installed
[debug] &amp#27;[35m[ADB]&amp#27;[39m Checking app cert for C:\Users\ANKIT\AppData\Roaming\npm\node_modules\appium\node_modules\appium-uiautomator2-server\apks\appium-uiautomator2-server-debug-androidTest.apk
[debug] &amp#27;[35m[ADB]&amp#27;[39m Starting apksigner: 'C:\\Program Files\\Java\\jdk1.8.0_161\\bin\\java.exe' -Xmx1024M -Xss1m -jar C:\\Users\\ANKIT\\AppData\\Local\\Android\\Sdk\\build-tools\\29.0.2\\lib\\apksigner.jar verify --print-certs C:\\Users\\ANKIT\\AppData\\Roaming\\npm\\node_modules\\appium\\node_modules\\appium-uiautomator2-server\\apks\\appium-uiautomator2-server-debug-androidTest.apk
[debug] &amp#27;[35m[ADB]&amp#27;[39m apksigner stdout: Signer #1 certificate DN: EMAILADDRESS=android@android.com, CN=Android, OU=Android, O=Android, L=Mountain View, ST=California, C=US
[debug] &amp#27;[35m[ADB]&amp#27;[39m Signer #1 certificate SHA-256 digest: a40da80a59d170caa950cf15c18c454d47a39b26989d8b640ecd745ba71bf5dc
[debug] &amp#27;[35m[ADB]&amp#27;[39m Signer #1 certificate SHA-1 digest: 61ed377e85d386a8dfee6b864bd85b0bfaa5af81
[debug] &amp#27;[35m[ADB]&amp#27;[39m Signer #1 certificate MD5 digest: e89b158e4bcf988ebd09eb83f5378e87
[debug] &amp#27;[35m[ADB]&amp#27;[39m 
[debug] &amp#27;[35m[ADB]&amp#27;[39m sha256 hash did match for 'appium-uiautomator2-server-debug-androidTest.apk'
&amp#27;[35m[ADB]&amp#27;[39m 'C:\Users\ANKIT\AppData\Roaming\npm\node_modules\appium\node_modules\appium-uiautomator2-server\apks\appium-uiautomator2-server-debug-androidTest.apk' is signed with the default certificate
&amp#27;[35m[UiAutomator2]&amp#27;[39m Server packages are not going to be (re)installed
[debug] &amp#27;[35m[UiAutomator2]&amp#27;[39m Waiting up to 30000ms for services to be available
[debug] &amp#27;[35m[ADB]&amp#27;[39m Running 'C:\Users\ANKIT\AppData\Local\Android\Sdk\platform-tools\adb.exe -P 5037 -s 0ac1d17f shell pm list instrumentation'
[debug] &amp#27;[35m[UiAutomator2]&amp#27;[39m Instrumentation target 'io.appium.uiautomator2.server.test/androidx.test.runner.AndroidJUnitRunner' is available
&amp#27;[35m[ADB]&amp#27;[39m Adding packages ["io.appium.settings","io.appium.uiautomator2.server","io.appium.uiautomator2.server.test"] to Doze whitelist
[debug] &amp#27;[35m[ADB]&amp#27;[39m Got the following command chunks to execute: [["dumpsys","deviceidle","whitelist","+io.appium.settings",";","dumpsys","deviceidle","whitelist","+io.appium.uiautomator2.server",";","dumpsys","deviceidle","whitelist","+io.appium.uiautomator2.server.test",";"]]
[debug] &amp#27;[35m[ADB]&amp#27;[39m Running 'C:\Users\ANKIT\AppData\Local\Android\Sdk\platform-tools\adb.exe -P 5037 -s 0ac1d17f shell dumpsys deviceidle whitelist +io.appium.settings ; dumpsys deviceidle whitelist +io.appium.uiautomator2.server ; dumpsys deviceidle whitelist +io.appium.uiautomator2.server.test ;'
[debug] &amp#27;[35m[ADB]&amp#27;[39m Checking app cert for C:\Users\ANKIT\eclipse-workspace\AppiumFramework\src\ApiDemos-debug.apk
[debug] &amp#27;[35m[ADB]&amp#27;[39m Starting apksigner: 'C:\\Program Files\\Java\\jdk1.8.0_161\\bin\\java.exe' -Xmx1024M -Xss1m -jar C:\\Users\\ANKIT\\AppData\\Local\\Android\\Sdk\\build-tools\\29.0.2\\lib\\apksigner.jar verify --print-certs C:\\Users\\ANKIT\\eclipse-workspace\\AppiumFramework\\src\\ApiDemos-debug.apk
[debug] &amp#27;[35m[ADB]&amp#27;[39m apksigner stdout: Signer #1 certificate DN: EMAILADDRESS=android@android.com, CN=Android, OU=Android, O=Android, L=Mountain View, ST=California, C=US
[debug] &amp#27;[35m[ADB]&amp#27;[39m Signer #1 certificate SHA-256 digest: a40da80a59d170caa950cf15c18c454d47a39b26989d8b640ecd745ba71bf5dc
[debug] &amp#27;[35m[ADB]&amp#27;[39m Signer #1 certificate SHA-1 digest: 61ed377e85d386a8dfee6b864bd85b0bfaa5af81
[debug] &amp#27;[35m[ADB]&amp#27;[39m Signer #1 certificate MD5 digest: e89b158e4bcf988ebd09eb83f5378e87
[debug] &amp#27;[35m[ADB]&amp#27;[39m 
[debug] &amp#27;[35m[ADB]&amp#27;[39m sha256 hash did match for 'ApiDemos-debug.apk'
&amp#27;[35m[ADB]&amp#27;[39m 'C:\Users\ANKIT\eclipse-workspace\AppiumFramework\src\ApiDemos-debug.apk' is signed with the default certificate
[debug] &amp#27;[35m[ADB]&amp#27;[39m Getting install status for io.appium.android.apis
[debug] &amp#27;[35m[ADB]&amp#27;[39m Running 'C:\Users\ANKIT\AppData\Local\Android\Sdk\platform-tools\adb.exe -P 5037 -s 0ac1d17f shell dumpsys package io.appium.android.apis'
[debug] &amp#27;[35m[ADB]&amp#27;[39m 'io.appium.android.apis' is installed
[debug] &amp#27;[35m[ADB]&amp#27;[39m Getting package info for 'io.appium.android.apis'
[debug] &amp#27;[35m[ADB]&amp#27;[39m Running 'C:\Users\ANKIT\AppData\Local\Android\Sdk\platform-tools\adb.exe -P 5037 -s 0ac1d17f shell dumpsys package io.appium.android.apis'
&amp#27;[35m[ADB]&amp#27;[39m Cannot read version codes of 'C:\Users\ANKIT\eclipse-workspace\AppiumFramework\src\ApiDemos-debug.apk' and/or 'io.appium.android.apis'
&amp#27;[35m[ADB]&amp#27;[39m Cannot read version names of 'C:\Users\ANKIT\eclipse-workspace\AppiumFramework\src\ApiDemos-debug.apk' and/or 'io.appium.android.apis'
[debug] &amp#27;[35m[ADB]&amp#27;[39m The current install state of 'C:\Users\ANKIT\eclipse-workspace\AppiumFramework\src\ApiDemos-debug.apk' is unknown. Installing anyway
[debug] &amp#27;[35m[ADB]&amp#27;[39m Running 'C:\Users\ANKIT\AppData\Local\Android\Sdk\platform-tools\adb.exe -P 5037 -s 0ac1d17f help'
[debug] &amp#27;[35m[ADB]&amp#27;[39m Running 'C:\Users\ANKIT\AppData\Local\Android\Sdk\platform-tools\adb.exe -P 5037 -s 0ac1d17f shell 'ls -t -1 /data/local/tmp/appium_cache 2>&1 || echo _ERROR_''
[debug] &amp#27;[35m[ADB]&amp#27;[39m The count of applications in the cache: 5
&amp#27;[35m[ADB]&amp#27;[39m The application at 'C:\Users\ANKIT\eclipse-workspace\AppiumFramework\src\ApiDemos-debug.apk' is already cached to '/data/local/tmp/appium_cache/a7c3d3f518bf906dfd994f6290dfc7e6c703ccae.apk'
[debug] &amp#27;[35m[ADB]&amp#27;[39m Running 'C:\Users\ANKIT\AppData\Local\Android\Sdk\platform-tools\adb.exe -P 5037 -s 0ac1d17f shell touch -am /data/local/tmp/appium_cache/a7c3d3f518bf906dfd994f6290dfc7e6c703ccae.apk'
[debug] &amp#27;[35m[ADB]&amp#27;[39m Running 'C:\Users\ANKIT\AppData\Local\Android\Sdk\platform-tools\adb.exe -P 5037 -s 0ac1d17f shell pm install -r /data/local/tmp/appium_cache/a7c3d3f518bf906dfd994f6290dfc7e6c703ccae.apk'
&amp#27;[35m[ADB]&amp#27;[39m The installation of 'ApiDemos-debug.apk' took 2275ms
[debug] &amp#27;[35m[ADB]&amp#27;[39m Install command stdout: Success
&amp#27;[35m[AndroidDriver]&amp#27;[39m Performing fast reset on 'io.appium.android.apis'
[debug] &amp#27;[35m[ADB]&amp#27;[39m Getting install status for io.appium.android.apis
[debug] &amp#27;[35m[ADB]&amp#27;[39m Running 'C:\Users\ANKIT\AppData\Local\Android\Sdk\platform-tools\adb.exe -P 5037 -s 0ac1d17f shell dumpsys package io.appium.android.apis'
[debug] &amp#27;[35m[ADB]&amp#27;[39m 'io.appium.android.apis' is installed
[debug] &amp#27;[35m[ADB]&amp#27;[39m Running 'C:\Users\ANKIT\AppData\Local\Android\Sdk\platform-tools\adb.exe -P 5037 -s 0ac1d17f shell am force-stop io.appium.android.apis'
[debug] &amp#27;[35m[ADB]&amp#27;[39m Running 'C:\Users\ANKIT\AppData\Local\Android\Sdk\platform-tools\adb.exe -P 5037 -s 0ac1d17f shell pm clear io.appium.android.apis'
[debug] &amp#27;[35m[AndroidDriver]&amp#27;[39m Performed fast reset on the installed 'io.appium.android.apis' application (stop and clear)
[debug] &amp#27;[35m[UiAutomator2]&amp#27;[39m Performing shallow cleanup of automation leftovers
[debug] &amp#27;[35m[UiAutomator2]&amp#27;[39m The following obsolete sessions are still running: [null]
[debug] &amp#27;[35m[UiAutomator2]&amp#27;[39m Cleaning up the obsolete sessions
[debug] &amp#27;[35m[ADB]&amp#27;[39m Running 'C:\Users\ANKIT\AppData\Local\Android\Sdk\platform-tools\adb.exe -P 5037 -s 0ac1d17f shell am force-stop io.appium.uiautomator2.server.test'
&amp#27;[35m[UiAutomator2]&amp#27;[39m Starting UIAutomator2 server 4.17.4
&amp#27;[35m[UiAutomator2]&amp#27;[39m Using UIAutomator2 server from 'C:\Users\ANKIT\AppData\Roaming\npm\node_modules\appium\node_modules\appium-uiautomator2-server\apks\appium-uiautomator2-server-v4.17.4.apk' and test from 'C:\Users\ANKIT\AppData\Roaming\npm\node_modules\appium\node_modules\appium-uiautomator2-server\apks\appium-uiautomator2-server-debug-androidTest.apk'
&amp#27;[35m[UiAutomator2]&amp#27;[39m Waiting up to 30000ms for UiAutomator2 to be online...
[debug] &amp#27;[35m[ADB]&amp#27;[39m Creating ADB subprocess with args: ["-P",5037,"-s","0ac1d17f","shell","am","instrument","-w","io.appium.uiautomator2.server.test/androidx.test.runner.AndroidJUnitRunner"]
[debug] &amp#27;[35m[WD Proxy]&amp#27;[39m Matched '/status' to command name 'getStatus'
[debug] &amp#27;[35m[WD Proxy]&amp#27;[39m Proxying [GET /status] to [GET http://127.0.0.1:8201/wd/hub/status] with no body
&amp#27;[35m[WD Proxy]&amp#27;[39m Error: read ECONNRESET
&amp#27;[35m[WD Proxy]&amp#27;[39m     at TCP.onStreamRead (internal/stream_base_commons.js:209:20)
[debug] &amp#27;[35m[Instrumentation]&amp#27;[39m io.appium.uiautomator2.server.test.AppiumUiAutomator2Server:
[debug] &amp#27;[35m[WD Proxy]&amp#27;[39m Matched '/status' to command name 'getStatus'
[debug] &amp#27;[35m[WD Proxy]&amp#27;[39m Proxying [GET /status] to [GET http://127.0.0.1:8201/wd/hub/status] with no body
&amp#27;[35m[WD Proxy]&amp#27;[39m Error: read ECONNRESET
&amp#27;[35m[WD Proxy]&amp#27;[39m     at TCP.onStreamRead (internal/stream_base_commons.js:209:20)
[debug] &amp#27;[35m[WD Proxy]&amp#27;[39m Matched '/status' to command name 'getStatus'
[debug] &amp#27;[35m[WD Proxy]&amp#27;[39m Proxying [GET /status] to [GET http://127.0.0.1:8201/wd/hub/status] with no body
[debug] &amp#27;[35m[WD Proxy]&amp#27;[39m Got response with status 200: {"sessionId":"None","value":{"message":"UiAutomator2 Server is ready to accept commands","ready":true}}
[debug] &amp#27;[35m[UiAutomator2]&amp#27;[39m The initialization of the instrumentation process took 2125ms
[debug] &amp#27;[35m[WD Proxy]&amp#27;[39m Matched '/session' to command name 'createSession'
[debug] &amp#27;[35m[WD Proxy]&amp#27;[39m Proxying [POST /session] to [POST http://127.0.0.1:8201/wd/hub/session] with body: {"capabilities":{"firstMatch":[{"platform":"LINUX","webStorageEnabled":false,"takesScreenshot":true,"javascriptEnabled":true,"databaseEnabled":false,"networkConnectionEnabled":true,"locationContextEnabled":false,"warnings":{},"desired":{"platformName":"android","app":"C:\\Users\\ANKIT\\eclipse-workspace\\AppiumFramework\\src\\ApiDemos-debug.apk","automationName":"uiautomator2","deviceName":"Android Device"},"platformName":"android","app":"C:\\Users\\ANKIT\\eclipse-workspace\\AppiumFramework\\src\\ApiDemos-debug.apk","automationName":"uiautomator2","deviceName":"0ac1d17f","deviceUDID":"0ac1d17f","appPackage":"io.appium.android.apis"}],"alwaysMatch":{}}}
[debug] &amp#27;[35m[WD Proxy]&amp#27;[39m Got response with status 200: {"sessionId":"693b0d6c-723b-42e2-a9d8-0c1fa7be0187","value":{"capabilities":{"firstMatch":[{"platform":"LINUX","webStorageEnabled":false,"takesScreenshot":true,"javascriptEnabled":true,"databaseEnabled":false,"networkConnectionEnabled":true,"locationContextEnabled":false,"warnings":{},"desired":{"platformName":"android","app":"C:\\Users\\ANKIT\\eclipse-workspace\\AppiumFramework\\src\\ApiDemos-debug.apk","automationName":"uiautomator2","deviceName":"Android Device"},"platformName":"android","app":"C:\\Users\\ANKIT\\eclipse-workspace\\AppiumFramework\\src\\ApiDemos-debug.apk","automationName":"uiautomator2","deviceName":"0ac1d17f","deviceUDID":"0ac1d17f","appPackage":"io.appium.android.apis"}],"alwaysMatch":{}},"sessionId":"693b0d6c-723b-42e2-a9d8-0c1fa7be0187"}}
&amp#27;[35m[WD Proxy]&amp#27;[39m Determined the downstream protocol as 'W3C'
[debug] &amp#27;[35m[WD Proxy]&amp#27;[39m Proxying [GET /appium/device/info] to [GET http://127.0.0.1:8201/wd/hub/session/693b0d6c-723b-42e2-a9d8-0c1fa7be0187/appium/device/info] with no body
[debug] &amp#27;[35m[WD Proxy]&amp#27;[39m Got response with status 200: {"sessionId":"693b0d6c-723b-42e2-a9d8-0c1fa7be0187","value":{"androidId":"f268737f93d1eeb4","apiVersion":"30","bluetooth":{"state":"OFF"},"brand":"OnePlus","carrierName":"Jio 4G","displayDensity":450,"locale":"en_IN","manufacturer":"OnePlus","model":"HD1901","networks":[{"capabilities":{"SSID":null,"linkDownBandwidthKbps":14,"linkUpstreamBandwidthKbps":14,"networkCapabilities":"NET_CAPABILITY_IMS,NET_CAPABILITY_NOT_METERED,NET_CAPABILITY_TRUSTED,NET_CAPABILITY_NOT_VPN,NET_CAPABILITY_VALIDATED,NET_CAPABILITY_NOT_ROAMING,NET_CAPABILITY_FOREGROUND,NET_CAPABILITY_NOT_CONGESTED,NET_CAPABILITY_NOT_SUSPENDED","signalStrength":-2147483648,"transportTypes":"TRANSPORT_CELLULAR"},"detailedState":"CONNECTED","extraInfo":"ims","isAvailable":true,"isConnected":true,"isFailover":false,"isRoaming":false,"state":"CONNECTED","subtype":13,"subtypeName":"LTE","type":0,"typeName":"MOBILE"},{"capabilities":{"SSID":null,"linkDownBandwidthKbps":99000,"linkUpstreamBandwidthKbps":94050,"networkCapabilities":"NET_CAPABILITY_NOT_METE...
[debug] &amp#27;[35m[ADB]&amp#27;[39m Running 'C:\Users\ANKIT\AppData\Local\Android\Sdk\platform-tools\adb.exe -P 5037 -s 0ac1d17f shell dumpsys window'
&amp#27;[35m[AndroidDriver]&amp#27;[39m Screen already unlocked, doing nothing
&amp#27;[35m[UiAutomator2]&amp#27;[39m Starting 'io.appium.android.apis/ApiDemos and waiting for 'io.appium.android.apis/ApiDemos'
[debug] &amp#27;[35m[ADB]&amp#27;[39m Running 'C:\Users\ANKIT\AppData\Local\Android\Sdk\platform-tools\adb.exe -P 5037 -s 0ac1d17f shell am start -W -n io.appium.android.apis/ApiDemos -S -a android.intent.action.MAIN -c android.intent.category.LAUNCHER -f 0x10200000'
[debug] &amp#27;[35m[ADB]&amp#27;[39m We tried to start an activity that doesn't exist, retrying with '.ApiDemos' activity name
[debug] &amp#27;[35m[ADB]&amp#27;[39m Running 'C:\Users\ANKIT\AppData\Local\Android\Sdk\platform-tools\adb.exe -P 5037 -s 0ac1d17f shell am start -W -n io.appium.android.apis/.ApiDemos -S -a android.intent.action.MAIN -c android.intent.category.LAUNCHER -f 0x10200000'
[debug] &amp#27;[35m[ADB]&amp#27;[39m Waiting up to 20000ms for activity matching pkg: 'io.appium.android.apis' and activity: 'ApiDemos' to be focused
[debug] &amp#27;[35m[ADB]&amp#27;[39m Possible activities, to be checked: 'ApiDemos', 'io.appium.android.apis.ApiDemos'
[debug] &amp#27;[35m[ADB]&amp#27;[39m Getting focused package and activity
[debug] &amp#27;[35m[ADB]&amp#27;[39m Running 'C:\Users\ANKIT\AppData\Local\Android\Sdk\platform-tools\adb.exe -P 5037 -s 0ac1d17f shell dumpsys window displays'
[debug] &amp#27;[35m[ADB]&amp#27;[39m Found package: 'com.google.android.permissioncontroller' and fully qualified activity name : 'com.android.permissioncontroller.permission.ui.ReviewPermissionsActivity'
[debug] &amp#27;[35m[ADB]&amp#27;[39m Incorrect package and activity. Retrying.
[debug] &amp#27;[35m[ADB]&amp#27;[39m Getting focused package and activity
[debug] &amp#27;[35m[ADB]&amp#27;[39m Running 'C:\Users\ANKIT\AppData\Local\Android\Sdk\platform-tools\adb.exe -P 5037 -s 0ac1d17f shell dumpsys window displays'
[debug] &amp#27;[35m[ADB]&amp#27;[39m Found package: 'com.google.android.permissioncontroller' and fully qualified activity name : 'com.android.permissioncontroller.permission.ui.ReviewPermissionsActivity'
[debug] &amp#27;[35m[ADB]&amp#27;[39m Incorrect package and activity. Retrying.
[debug] &amp#27;[35m[ADB]&amp#27;[39m Getting focused package and activity
[debug] &amp#27;[35m[ADB]&amp#27;[39m Running 'C:\Users\ANKIT\AppData\Local\Android\Sdk\platform-tools\adb.exe -P 5037 -s 0ac1d17f shell dumpsys window displays'
[debug] &amp#27;[35m[ADB]&amp#27;[39m Found package: 'com.google.android.permissioncontroller' and fully qualified activity name : 'com.android.permissioncontroller.permission.ui.ReviewPermissionsActivity'
[debug] &amp#27;[35m[ADB]&amp#27;[39m Incorrect package and activity. Retrying.
[debug] &amp#27;[35m[ADB]&amp#27;[39m Getting focused package and activity
[debug] &amp#27;[35m[ADB]&amp#27;[39m Running 'C:\Users\ANKIT\AppData\Local\Android\Sdk\platform-tools\adb.exe -P 5037 -s 0ac1d17f shell dumpsys window displays'
[debug] &amp#27;[35m[ADB]&amp#27;[39m Found package: 'com.google.android.permissioncontroller' and fully qualified activity name : 'com.android.permissioncontroller.permission.ui.ReviewPermissionsActivity'
[debug] &amp#27;[35m[ADB]&amp#27;[39m Incorrect package and activity. Retrying.
[debug] &amp#27;[35m[ADB]&amp#27;[39m Getting focused package and activity
[debug] &amp#27;[35m[ADB]&amp#27;[39m Running 'C:\Users\ANKIT\AppData\Local\Android\Sdk\platform-tools\adb.exe -P 5037 -s 0ac1d17f shell dumpsys window displays'
[debug] &amp#27;[35m[ADB]&amp#27;[39m Found package: 'com.google.android.permissioncontroller' and fully qualified activity name : 'com.android.permissioncontroller.permission.ui.ReviewPermissionsActivity'
[debug] &amp#27;[35m[ADB]&amp#27;[39m Incorrect package and activity. Retrying.
[debug] &amp#27;[35m[ADB]&amp#27;[39m Getting focused package and activity
[debug] &amp#27;[35m[ADB]&amp#27;[39m Running 'C:\Users\ANKIT\AppData\Local\Android\Sdk\platform-tools\adb.exe -P 5037 -s 0ac1d17f shell dumpsys window displays'
[debug] &amp#27;[35m[ADB]&amp#27;[39m Found package: 'io.appium.android.apis' and fully qualified activity name : 'io.appium.android.apis.ApiDemos'
[debug] &amp#27;[35m[WD Proxy]&amp#27;[39m Proxying [GET /appium/device/pixel_ratio] to [GET http://127.0.0.1:8201/wd/hub/session/693b0d6c-723b-42e2-a9d8-0c1fa7be0187/appium/device/pixel_ratio] with no body
[debug] &amp#27;[35m[WD Proxy]&amp#27;[39m Got response with status 200: {"sessionId":"693b0d6c-723b-42e2-a9d8-0c1fa7be0187","value":2.8125}
[debug] &amp#27;[35m[WD Proxy]&amp#27;[39m Matched '/appium/device/system_bars' to command name 'getSystemBars'
[debug] &amp#27;[35m[WD Proxy]&amp#27;[39m Proxying [GET /appium/device/system_bars] to [GET http://127.0.0.1:8201/wd/hub/session/693b0d6c-723b-42e2-a9d8-0c1fa7be0187/appium/device/system_bars] with no body
[debug] &amp#27;[35m[WD Proxy]&amp#27;[39m Got response with status 200: {"sessionId":"693b0d6c-723b-42e2-a9d8-0c1fa7be0187","value":{"statusBar":80}}
[debug] &amp#27;[35m[WD Proxy]&amp#27;[39m Matched '/window/current/size' to command name 'getWindowSize'
[debug] &amp#27;[35m[WD Proxy]&amp#27;[39m Proxying [GET /window/current/size] to [GET http://127.0.0.1:8201/wd/hub/session/693b0d6c-723b-42e2-a9d8-0c1fa7be0187/window/current/size] with no body
[debug] &amp#27;[35m[WD Proxy]&amp#27;[39m Got response with status 200: {"sessionId":"693b0d6c-723b-42e2-a9d8-0c1fa7be0187","value":{"height":2332,"width":1080}}
&amp#27;[35m[Appium]&amp#27;[39m New AndroidUiautomator2Driver session created successfully, session a1e60577-a24c-4944-9ea0-16ffa2d2f583 added to master session list
[debug] &amp#27;[35m[BaseDriver]&amp#27;[39m Event 'newSessionStarted' logged at 1619597945122 (13:49:05 GMT+0530 (India Standard Time))
[debug] &amp#27;[35m[W3C (a1e60577)]&amp#27;[39m Cached the protocol value 'W3C' for the new session a1e60577-a24c-4944-9ea0-16ffa2d2f583
[debug] &amp#27;[35m[W3C (a1e60577)]&amp#27;[39m Responding to client with driver.createSession() result: {"capabilities":{"platform":"LINUX","webStorageEnabled":false,"takesScreenshot":true,"javascriptEnabled":true,"databaseEnabled":false,"networkConnectionEnabled":true,"locationContextEnabled":false,"warnings":{},"desired":{"platformName":"android","app":"C:\\Users\\ANKIT\\eclipse-workspace\\AppiumFramework\\src\\ApiDemos-debug.apk","automationName":"uiautomator2","deviceName":"Android Device"},"platformName":"android","app":"C:\\Users\\ANKIT\\eclipse-workspace\\AppiumFramework\\src\\ApiDemos-debug.apk","automationName":"uiautomator2","deviceName":"0ac1d17f","deviceUDID":"0ac1d17f","appPackage":"io.appium.android.apis","deviceApiLevel":30,"platformVersion":"11","deviceScreenSize":"1080x2400","deviceScreenDensity":450,"deviceModel":"HD1901","deviceManufacturer":"OnePlus","pixelRatio":2.8125,"statBarHeight":80,"viewportRect":{"left":0,"top":80,"width":1080,"height":2252}}}
&amp#27;[35m[HTTP]&amp#27;[39m &amp#27;[37m<-- POST /wd/hub/session &amp#27;[39m&amp#27;[32m200&amp#27;[39m &amp#27;[90m16775 ms - 942&amp#27;[39m
&amp#27;[35m[HTTP]&amp#27;[39m &amp#27;[90m&amp#27;[39m
&amp#27;[35m[HTTP]&amp#27;[39m &amp#27;[37m-->&amp#27;[39m &amp#27;[37mPOST&amp#27;[39m &amp#27;[37m/wd/hub/session/a1e60577-a24c-4944-9ea0-16ffa2d2f583/timeouts&amp#27;[39m
&amp#27;[35m[HTTP]&amp#27;[39m &amp#27;[90m{"implicit":10000}&amp#27;[39m
[debug] &amp#27;[35m[W3C (a1e60577)]&amp#27;[39m Calling AppiumDriver.timeouts() with args: [null,null,null,null,10000,"a1e60577-a24c-4944-9ea0-16ffa2d2f583"]
[debug] &amp#27;[35m[BaseDriver]&amp#27;[39m W3C timeout argument: {"implicit":10000}}
[debug] &amp#27;[35m[BaseDriver]&amp#27;[39m Set implicit wait to 10000ms
[debug] &amp#27;[35m[W3C (a1e60577)]&amp#27;[39m Responding to client with driver.timeouts() result: null
&amp#27;[35m[HTTP]&amp#27;[39m &amp#27;[37m<-- POST /wd/hub/session/a1e60577-a24c-4944-9ea0-16ffa2d2f583/timeouts &amp#27;[39m&amp#27;[32m200&amp#27;[39m &amp#27;[90m12 ms - 14&amp#27;[39m
&amp#27;[35m[HTTP]&amp#27;[39m &amp#27;[90m&amp#27;[39m
&amp#27;[35m[HTTP]&amp#27;[39m &amp#27;[37m-->&amp#27;[39m &amp#27;[37mGET&amp#27;[39m &amp#27;[37m/wd/hub/session/a1e60577-a24c-4944-9ea0-16ffa2d2f583/context&amp#27;[39m
&amp#27;[35m[HTTP]&amp#27;[39m &amp#27;[90m{}&amp#27;[39m
[debug] &amp#27;[35m[W3C (a1e60577)]&amp#27;[39m Calling AppiumDriver.getCurrentContext() with args: ["a1e60577-a24c-4944-9ea0-16ffa2d2f583"]
[debug] &amp#27;[35m[W3C (a1e60577)]&amp#27;[39m Responding to client with driver.getCurrentContext() result: "NATIVE_APP"
&amp#27;[35m[HTTP]&amp#27;[39m &amp#27;[37m<-- GET /wd/hub/session/a1e60577-a24c-4944-9ea0-16ffa2d2f583/context &amp#27;[39m&amp#27;[32m200&amp#27;[39m &amp#27;[90m34 ms - 22&amp#27;[39m
&amp#27;[35m[HTTP]&amp#27;[39m &amp#27;[90m&amp#27;[39m
&amp#27;[35m[HTTP]&amp#27;[39m &amp#27;[37m-->&amp#27;[39m &amp#27;[37mPOST&amp#27;[39m &amp#27;[37m/wd/hub/session/a1e60577-a24c-4944-9ea0-16ffa2d2f583/element&amp#27;[39m
&amp#27;[35m[HTTP]&amp#27;[39m &amp#27;[90m{"using":"xpath","value":"//android.widget.TextView[@text='Preference']"}&amp#27;[39m
[debug] &amp#27;[35m[W3C (a1e60577)]&amp#27;[39m Calling AppiumDriver.findElement() with args: ["xpath","//android.widget.TextView[@text='Preference']","a1e60577-a24c-4944-9ea0-16ffa2d2f583"]
[debug] &amp#27;[35m[BaseDriver]&amp#27;[39m Valid locator strategies for this request: xpath, id, class name, accessibility id, css selector, -android uiautomator
[debug] &amp#27;[35m[BaseDriver]&amp#27;[39m Waiting up to 10000 ms for condition
[debug] &amp#27;[35m[WD Proxy]&amp#27;[39m Matched '/element' to command name 'findElement'
[debug] &amp#27;[35m[WD Proxy]&amp#27;[39m Proxying [POST /element] to [POST http://127.0.0.1:8201/wd/hub/session/693b0d6c-723b-42e2-a9d8-0c1fa7be0187/element] with body: {"strategy":"xpath","selector":"//android.widget.TextView[@text='Preference']","context":"","multiple":false}
&amp#27;[35m[WD Proxy]&amp#27;[39m Got response with status 404: {"sessionId":"693b0d6c-723b-42e2-a9d8-0c1fa7be0187","value":{"error":"no such element","message":"An element could not be located on the page using the given search parameters","stacktrace":"io.appium.uiautomator2.common.exceptions.ElementNotFoundException: An element could not be located on the page using the given search parameters\n\tat io.appium.uiautomator2.handler.FindElement.findElement(FindElement.java:91)\n\tat io.appium.uiautomator2.handler.FindElement.safeHandle(FindElement.java:68)\n\tat io.appium.uiautomator2.handler.request.SafeRequestHandler.handle(SafeRequestHandler.java:41)\n\tat io.appium.uiautomator2.server.AppiumServlet.handleRequest(AppiumServlet.java:261)\n\tat io.appium.uiautomator2.server.AppiumServlet.handleHttpRequest(AppiumServlet.java:255)\n\tat io.appium.uiautomator2.http.ServerHandler.channelRead(ServerHandler.java:68)\n\tat io.netty.channel.AbstractChannelHandlerContext.invokeChannelRead(AbstractChannelHandlerContext.java:366)\n\tat io.netty.channel.AbstractChannelHandlerCont...
[debug] &amp#27;[35m[W3C]&amp#27;[39m Matched W3C error code 'no such element' to NoSuchElementError
[debug] &amp#27;[35m[BaseDriver]&amp#27;[39m Waited for 486 ms so far
[debug] &amp#27;[35m[WD Proxy]&amp#27;[39m Matched '/element' to command name 'findElement'
[debug] &amp#27;[35m[WD Proxy]&amp#27;[39m Proxying [POST /element] to [POST http://127.0.0.1:8201/wd/hub/session/693b0d6c-723b-42e2-a9d8-0c1fa7be0187/element] with body: {"strategy":"xpath","selector":"//android.widget.TextView[@text='Preference']","context":"","multiple":false}
[debug] &amp#27;[35m[WD Proxy]&amp#27;[39m Got response with status 200: {"sessionId":"693b0d6c-723b-42e2-a9d8-0c1fa7be0187","value":{"ELEMENT":"0062a32f-d65d-4899-9ed1-8d1c2d370609","element-6066-11e4-a52e-4f735466cecf":"0062a32f-d65d-4899-9ed1-8d1c2d370609"}}
[debug] &amp#27;[35m[W3C (a1e60577)]&amp#27;[39m Responding to client with driver.findElement() result: {"element-6066-11e4-a52e-4f735466cecf":"0062a32f-d65d-4899-9ed1-8d1c2d370609","ELEMENT":"0062a32f-d65d-4899-9ed1-8d1c2d370609"}
&amp#27;[35m[HTTP]&amp#27;[39m &amp#27;[37m<-- POST /wd/hub/session/a1e60577-a24c-4944-9ea0-16ffa2d2f583/element &amp#27;[39m&amp#27;[32m200&amp#27;[39m &amp#27;[90m1445 ms - 137&amp#27;[39m
&amp#27;[35m[HTTP]&amp#27;[39m &amp#27;[90m&amp#27;[39m
&amp#27;[35m[HTTP]&amp#27;[39m &amp#27;[37m-->&amp#27;[39m &amp#27;[37mPOST&amp#27;[39m &amp#27;[37m/wd/hub/session/a1e60577-a24c-4944-9ea0-16ffa2d2f583/element/0062a32f-d65d-4899-9ed1-8d1c2d370609/click&amp#27;[39m
&amp#27;[35m[HTTP]&amp#27;[39m &amp#27;[90m{"id":"0062a32f-d65d-4899-9ed1-8d1c2d370609"}&amp#27;[39m
[debug] &amp#27;[35m[W3C (a1e60577)]&amp#27;[39m Calling AppiumDriver.click() with args: ["0062a32f-d65d-4899-9ed1-8d1c2d370609","a1e60577-a24c-4944-9ea0-16ffa2d2f583"]
[debug] &amp#27;[35m[WD Proxy]&amp#27;[39m Matched '/element/0062a32f-d65d-4899-9ed1-8d1c2d370609/click' to command name 'click'
[debug] &amp#27;[35m[WD Proxy]&amp#27;[39m Proxying [POST /element/0062a32f-d65d-4899-9ed1-8d1c2d370609/click] to [POST http://127.0.0.1:8201/wd/hub/session/693b0d6c-723b-42e2-a9d8-0c1fa7be0187/element/0062a32f-d65d-4899-9ed1-8d1c2d370609/click] with body: {"element":"0062a32f-d65d-4899-9ed1-8d1c2d370609"}
[debug] &amp#27;[35m[WD Proxy]&amp#27;[39m Got response with status 200: {"sessionId":"693b0d6c-723b-42e2-a9d8-0c1fa7be0187","value":null}
[debug] &amp#27;[35m[W3C (a1e60577)]&amp#27;[39m Responding to client with driver.click() result: null
&amp#27;[35m[HTTP]&amp#27;[39m &amp#27;[37m<-- POST /wd/hub/session/a1e60577-a24c-4944-9ea0-16ffa2d2f583/element/0062a32f-d65d-4899-9ed1-8d1c2d370609/click &amp#27;[39m&amp#27;[32m200&amp#27;[39m &amp#27;[90m760 ms - 14&amp#27;[39m
&amp#27;[35m[HTTP]&amp#27;[39m &amp#27;[90m&amp#27;[39m
&amp#27;[35m[HTTP]&amp#27;[39m &amp#27;[37m-->&amp#27;[39m &amp#27;[37mGET&amp#27;[39m &amp#27;[37m/wd/hub/session/a1e60577-a24c-4944-9ea0-16ffa2d2f583/context&amp#27;[39m
&amp#27;[35m[HTTP]&amp#27;[39m &amp#27;[90m{}&amp#27;[39m
[debug] &amp#27;[35m[W3C (a1e60577)]&amp#27;[39m Calling AppiumDriver.getCurrentContext() with args: ["a1e60577-a24c-4944-9ea0-16ffa2d2f583"]
[debug] &amp#27;[35m[W3C (a1e60577)]&amp#27;[39m Responding to client with driver.getCurrentContext() result: "NATIVE_APP"
&amp#27;[35m[HTTP]&amp#27;[39m &amp#27;[37m<-- GET /wd/hub/session/a1e60577-a24c-4944-9ea0-16ffa2d2f583/context &amp#27;[39m&amp#27;[32m200&amp#27;[39m &amp#27;[90m5 ms - 22&amp#27;[39m
&amp#27;[35m[HTTP]&amp#27;[39m &amp#27;[90m&amp#27;[39m
&amp#27;[35m[HTTP]&amp#27;[39m &amp#27;[37m-->&amp#27;[39m &amp#27;[37mPOST&amp#27;[39m &amp#27;[37m/wd/hub/session/a1e60577-a24c-4944-9ea0-16ffa2d2f583/element&amp#27;[39m
&amp#27;[35m[HTTP]&amp#27;[39m &amp#27;[90m{"using":"xpath","value":"//android.widget.TextView[@text='3. Preference dependencies']"}&amp#27;[39m
[debug] &amp#27;[35m[W3C (a1e60577)]&amp#27;[39m Calling AppiumDriver.findElement() with args: ["xpath","//android.widget.TextView[@text='3. Preference dependencies']","a1e60577-a24c-4944-9ea0-16ffa2d2f583"]
[debug] &amp#27;[35m[BaseDriver]&amp#27;[39m Valid locator strategies for this request: xpath, id, class name, accessibility id, css selector, -android uiautomator
[debug] &amp#27;[35m[BaseDriver]&amp#27;[39m Waiting up to 10000 ms for condition
[debug] &amp#27;[35m[WD Proxy]&amp#27;[39m Matched '/element' to command name 'findElement'
[debug] &amp#27;[35m[WD Proxy]&amp#27;[39m Proxying [POST /element] to [POST http://127.0.0.1:8201/wd/hub/session/693b0d6c-723b-42e2-a9d8-0c1fa7be0187/element] with body: {"strategy":"xpath","selector":"//android.widget.TextView[@text='3. Preference dependencies']","context":"","multiple":false}
[debug] &amp#27;[35m[WD Proxy]&amp#27;[39m Got response with status 200: {"sessionId":"693b0d6c-723b-42e2-a9d8-0c1fa7be0187","value":{"ELEMENT":"461f6e46-ab0b-46d6-9e46-fa15098b5b8f","element-6066-11e4-a52e-4f735466cecf":"461f6e46-ab0b-46d6-9e46-fa15098b5b8f"}}
[debug] &amp#27;[35m[W3C (a1e60577)]&amp#27;[39m Responding to client with driver.findElement() result: {"element-6066-11e4-a52e-4f735466cecf":"461f6e46-ab0b-46d6-9e46-fa15098b5b8f","ELEMENT":"461f6e46-ab0b-46d6-9e46-fa15098b5b8f"}
&amp#27;[35m[HTTP]&amp#27;[39m &amp#27;[37m<-- POST /wd/hub/session/a1e60577-a24c-4944-9ea0-16ffa2d2f583/element &amp#27;[39m&amp#27;[32m200&amp#27;[39m &amp#27;[90m92 ms - 137&amp#27;[39m
&amp#27;[35m[HTTP]&amp#27;[39m &amp#27;[90m&amp#27;[39m
&amp#27;[35m[HTTP]&amp#27;[39m &amp#27;[37m-->&amp#27;[39m &amp#27;[37mPOST&amp#27;[39m &amp#27;[37m/wd/hub/session/a1e60577-a24c-4944-9ea0-16ffa2d2f583/element/461f6e46-ab0b-46d6-9e46-fa15098b5b8f/click&amp#27;[39m
&amp#27;[35m[HTTP]&amp#27;[39m &amp#27;[90m{"id":"461f6e46-ab0b-46d6-9e46-fa15098b5b8f"}&amp#27;[39m
[debug] &amp#27;[35m[W3C (a1e60577)]&amp#27;[39m Calling AppiumDriver.click() with args: ["461f6e46-ab0b-46d6-9e46-fa15098b5b8f","a1e60577-a24c-4944-9ea0-16ffa2d2f583"]
[debug] &amp#27;[35m[WD Proxy]&amp#27;[39m Matched '/element/461f6e46-ab0b-46d6-9e46-fa15098b5b8f/click' to command name 'click'
[debug] &amp#27;[35m[WD Proxy]&amp#27;[39m Proxying [POST /element/461f6e46-ab0b-46d6-9e46-fa15098b5b8f/click] to [POST http://127.0.0.1:8201/wd/hub/session/693b0d6c-723b-42e2-a9d8-0c1fa7be0187/element/461f6e46-ab0b-46d6-9e46-fa15098b5b8f/click] with body: {"element":"461f6e46-ab0b-46d6-9e46-fa15098b5b8f"}
[debug] &amp#27;[35m[WD Proxy]&amp#27;[39m Got response with status 200: {"sessionId":"693b0d6c-723b-42e2-a9d8-0c1fa7be0187","value":null}
[debug] &amp#27;[35m[W3C (a1e60577)]&amp#27;[39m Responding to client with driver.click() result: null
&amp#27;[35m[HTTP]&amp#27;[39m &amp#27;[37m<-- POST /wd/hub/session/a1e60577-a24c-4944-9ea0-16ffa2d2f583/element/461f6e46-ab0b-46d6-9e46-fa15098b5b8f/click &amp#27;[39m&amp#27;[32m200&amp#27;[39m &amp#27;[90m812 ms - 14&amp#27;[39m
&amp#27;[35m[HTTP]&amp#27;[39m &amp#27;[90m&amp#27;[39m
&amp#27;[35m[HTTP]&amp#27;[39m &amp#27;[37m-->&amp#27;[39m &amp#27;[37mGET&amp#27;[39m &amp#27;[37m/wd/hub/session/a1e60577-a24c-4944-9ea0-16ffa2d2f583/context&amp#27;[39m
&amp#27;[35m[HTTP]&amp#27;[39m &amp#27;[90m{}&amp#27;[39m
[debug] &amp#27;[35m[W3C (a1e60577)]&amp#27;[39m Calling AppiumDriver.getCurrentContext() with args: ["a1e60577-a24c-4944-9ea0-16ffa2d2f583"]
[debug] &amp#27;[35m[W3C (a1e60577)]&amp#27;[39m Responding to client with driver.getCurrentContext() result: "NATIVE_APP"
&amp#27;[35m[HTTP]&amp#27;[39m &amp#27;[37m<-- GET /wd/hub/session/a1e60577-a24c-4944-9ea0-16ffa2d2f583/context &amp#27;[39m&amp#27;[32m200&amp#27;[39m &amp#27;[90m2 ms - 22&amp#27;[39m
&amp#27;[35m[HTTP]&amp#27;[39m &amp#27;[90m&amp#27;[39m
&amp#27;[35m[HTTP]&amp#27;[39m &amp#27;[37m-->&amp#27;[39m &amp#27;[37mPOST&amp#27;[39m &amp#27;[37m/wd/hub/session/a1e60577-a24c-4944-9ea0-16ffa2d2f583/element&amp#27;[39m
&amp#27;[35m[HTTP]&amp#27;[39m &amp#27;[90m{"using":"id","value":"android:id/checkbox"}&amp#27;[39m
[debug] &amp#27;[35m[W3C (a1e60577)]&amp#27;[39m Calling AppiumDriver.findElement() with args: ["id","android:id/checkbox","a1e60577-a24c-4944-9ea0-16ffa2d2f583"]
[debug] &amp#27;[35m[BaseDriver]&amp#27;[39m Valid locator strategies for this request: xpath, id, class name, accessibility id, css selector, -android uiautomator
[debug] &amp#27;[35m[BaseDriver]&amp#27;[39m Waiting up to 10000 ms for condition
[debug] &amp#27;[35m[WD Proxy]&amp#27;[39m Matched '/element' to command name 'findElement'
[debug] &amp#27;[35m[WD Proxy]&amp#27;[39m Proxying [POST /element] to [POST http://127.0.0.1:8201/wd/hub/session/693b0d6c-723b-42e2-a9d8-0c1fa7be0187/element] with body: {"strategy":"id","selector":"android:id/checkbox","context":"","multiple":false}
[debug] &amp#27;[35m[WD Proxy]&amp#27;[39m Got response with status 200: {"sessionId":"693b0d6c-723b-42e2-a9d8-0c1fa7be0187","value":{"ELEMENT":"05c801b9-0af5-43ac-a1ac-6efc9592527d","element-6066-11e4-a52e-4f735466cecf":"05c801b9-0af5-43ac-a1ac-6efc9592527d"}}
[debug] &amp#27;[35m[W3C (a1e60577)]&amp#27;[39m Responding to client with driver.findElement() result: {"element-6066-11e4-a52e-4f735466cecf":"05c801b9-0af5-43ac-a1ac-6efc9592527d","ELEMENT":"05c801b9-0af5-43ac-a1ac-6efc9592527d"}
&amp#27;[35m[HTTP]&amp#27;[39m &amp#27;[37m<-- POST /wd/hub/session/a1e60577-a24c-4944-9ea0-16ffa2d2f583/element &amp#27;[39m&amp#27;[32m200&amp#27;[39m &amp#27;[90m56 ms - 137&amp#27;[39m
&amp#27;[35m[HTTP]&amp#27;[39m &amp#27;[90m&amp#27;[39m
&amp#27;[35m[HTTP]&amp#27;[39m &amp#27;[37m-->&amp#27;[39m &amp#27;[37mPOST&amp#27;[39m &amp#27;[37m/wd/hub/session/a1e60577-a24c-4944-9ea0-16ffa2d2f583/element/05c801b9-0af5-43ac-a1ac-6efc9592527d/click&amp#27;[39m
&amp#27;[35m[HTTP]&amp#27;[39m &amp#27;[90m{"id":"05c801b9-0af5-43ac-a1ac-6efc9592527d"}&amp#27;[39m
[debug] &amp#27;[35m[W3C (a1e60577)]&amp#27;[39m Calling AppiumDriver.click() with args: ["05c801b9-0af5-43ac-a1ac-6efc9592527d","a1e60577-a24c-4944-9ea0-16ffa2d2f583"]
[debug] &amp#27;[35m[WD Proxy]&amp#27;[39m Matched '/element/05c801b9-0af5-43ac-a1ac-6efc9592527d/click' to command name 'click'
[debug] &amp#27;[35m[WD Proxy]&amp#27;[39m Proxying [POST /element/05c801b9-0af5-43ac-a1ac-6efc9592527d/click] to [POST http://127.0.0.1:8201/wd/hub/session/693b0d6c-723b-42e2-a9d8-0c1fa7be0187/element/05c801b9-0af5-43ac-a1ac-6efc9592527d/click] with body: {"element":"05c801b9-0af5-43ac-a1ac-6efc9592527d"}
[debug] &amp#27;[35m[WD Proxy]&amp#27;[39m Got response with status 200: {"sessionId":"693b0d6c-723b-42e2-a9d8-0c1fa7be0187","value":null}
[debug] &amp#27;[35m[W3C (a1e60577)]&amp#27;[39m Responding to client with driver.click() result: null
&amp#27;[35m[HTTP]&amp#27;[39m &amp#27;[37m<-- POST /wd/hub/session/a1e60577-a24c-4944-9ea0-16ffa2d2f583/element/05c801b9-0af5-43ac-a1ac-6efc9592527d/click &amp#27;[39m&amp#27;[32m200&amp#27;[39m &amp#27;[90m688 ms - 14&amp#27;[39m
&amp#27;[35m[HTTP]&amp#27;[39m &amp#27;[90m&amp#27;[39m
&amp#27;[35m[HTTP]&amp#27;[39m &amp#27;[37m-->&amp#27;[39m &amp#27;[37mGET&amp#27;[39m &amp#27;[37m/wd/hub/session/a1e60577-a24c-4944-9ea0-16ffa2d2f583/context&amp#27;[39m
&amp#27;[35m[HTTP]&amp#27;[39m &amp#27;[90m{}&amp#27;[39m
[debug] &amp#27;[35m[W3C (a1e60577)]&amp#27;[39m Calling AppiumDriver.getCurrentContext() with args: ["a1e60577-a24c-4944-9ea0-16ffa2d2f583"]
[debug] &amp#27;[35m[W3C (a1e60577)]&amp#27;[39m Responding to client with driver.getCurrentContext() result: "NATIVE_APP"
&amp#27;[35m[HTTP]&amp#27;[39m &amp#27;[37m<-- GET /wd/hub/session/a1e60577-a24c-4944-9ea0-16ffa2d2f583/context &amp#27;[39m&amp#27;[32m200&amp#27;[39m &amp#27;[90m3 ms - 22&amp#27;[39m
&amp#27;[35m[HTTP]&amp#27;[39m &amp#27;[90m&amp#27;[39m
&amp#27;[35m[HTTP]&amp#27;[39m &amp#27;[37m-->&amp#27;[39m &amp#27;[37mPOST&amp#27;[39m &amp#27;[37m/wd/hub/session/a1e60577-a24c-4944-9ea0-16ffa2d2f583/element&amp#27;[39m
&amp#27;[35m[HTTP]&amp#27;[39m &amp#27;[90m{"using":"xpath","value":"(//android.widget.RelativeLayout)[2]"}&amp#27;[39m
[debug] &amp#27;[35m[W3C (a1e60577)]&amp#27;[39m Calling AppiumDriver.findElement() with args: ["xpath","(//android.widget.RelativeLayout)[2]","a1e60577-a24c-4944-9ea0-16ffa2d2f583"]
[debug] &amp#27;[35m[BaseDriver]&amp#27;[39m Valid locator strategies for this request: xpath, id, class name, accessibility id, css selector, -android uiautomator
[debug] &amp#27;[35m[BaseDriver]&amp#27;[39m Waiting up to 10000 ms for condition
[debug] &amp#27;[35m[WD Proxy]&amp#27;[39m Matched '/element' to command name 'findElement'
[debug] &amp#27;[35m[WD Proxy]&amp#27;[39m Proxying [POST /element] to [POST http://127.0.0.1:8201/wd/hub/session/693b0d6c-723b-42e2-a9d8-0c1fa7be0187/element] with body: {"strategy":"xpath","selector":"(//android.widget.RelativeLayout)[2]","context":"","multiple":false}
[debug] &amp#27;[35m[WD Proxy]&amp#27;[39m Got response with status 200: {"sessionId":"693b0d6c-723b-42e2-a9d8-0c1fa7be0187","value":{"ELEMENT":"51383e5c-4681-440b-beaa-6678a51575f5","element-6066-11e4-a52e-4f735466cecf":"51383e5c-4681-440b-beaa-6678a51575f5"}}
[debug] &amp#27;[35m[W3C (a1e60577)]&amp#27;[39m Responding to client with driver.findElement() result: {"element-6066-11e4-a52e-4f735466cecf":"51383e5c-4681-440b-beaa-6678a51575f5","ELEMENT":"51383e5c-4681-440b-beaa-6678a51575f5"}
&amp#27;[35m[HTTP]&amp#27;[39m &amp#27;[37m<-- POST /wd/hub/session/a1e60577-a24c-4944-9ea0-16ffa2d2f583/element &amp#27;[39m&amp#27;[32m200&amp#27;[39m &amp#27;[90m116 ms - 137&amp#27;[39m
&amp#27;[35m[HTTP]&amp#27;[39m &amp#27;[90m&amp#27;[39m
&amp#27;[35m[HTTP]&amp#27;[39m &amp#27;[37m-->&amp#27;[39m &amp#27;[37mPOST&amp#27;[39m &amp#27;[37m/wd/hub/session/a1e60577-a24c-4944-9ea0-16ffa2d2f583/element/51383e5c-4681-440b-beaa-6678a51575f5/click&amp#27;[39m
&amp#27;[35m[HTTP]&amp#27;[39m &amp#27;[90m{"id":"51383e5c-4681-440b-beaa-6678a51575f5"}&amp#27;[39m
[debug] &amp#27;[35m[W3C (a1e60577)]&amp#27;[39m Calling AppiumDriver.click() with args: ["51383e5c-4681-440b-beaa-6678a51575f5","a1e60577-a24c-4944-9ea0-16ffa2d2f583"]
[debug] &amp#27;[35m[WD Proxy]&amp#27;[39m Matched '/element/51383e5c-4681-440b-beaa-6678a51575f5/click' to command name 'click'
[debug] &amp#27;[35m[WD Proxy]&amp#27;[39m Proxying [POST /element/51383e5c-4681-440b-beaa-6678a51575f5/click] to [POST http://127.0.0.1:8201/wd/hub/session/693b0d6c-723b-42e2-a9d8-0c1fa7be0187/element/51383e5c-4681-440b-beaa-6678a51575f5/click] with body: {"element":"51383e5c-4681-440b-beaa-6678a51575f5"}
[debug] &amp#27;[35m[WD Proxy]&amp#27;[39m Got response with status 200: {"sessionId":"693b0d6c-723b-42e2-a9d8-0c1fa7be0187","value":null}
[debug] &amp#27;[35m[W3C (a1e60577)]&amp#27;[39m Responding to client with driver.click() result: null
&amp#27;[35m[HTTP]&amp#27;[39m &amp#27;[37m<-- POST /wd/hub/session/a1e60577-a24c-4944-9ea0-16ffa2d2f583/element/51383e5c-4681-440b-beaa-6678a51575f5/click &amp#27;[39m&amp#27;[32m200&amp#27;[39m &amp#27;[90m2496 ms - 14&amp#27;[39m
&amp#27;[35m[HTTP]&amp#27;[39m &amp#27;[90m&amp#27;[39m
&amp#27;[35m[HTTP]&amp#27;[39m &amp#27;[37m-->&amp#27;[39m &amp#27;[37mGET&amp#27;[39m &amp#27;[37m/wd/hub/session/a1e60577-a24c-4944-9ea0-16ffa2d2f583/context&amp#27;[39m
&amp#27;[35m[HTTP]&amp#27;[39m &amp#27;[90m{}&amp#27;[39m
[debug] &amp#27;[35m[W3C (a1e60577)]&amp#27;[39m Calling AppiumDriver.getCurrentContext() with args: ["a1e60577-a24c-4944-9ea0-16ffa2d2f583"]
[debug] &amp#27;[35m[W3C (a1e60577)]&amp#27;[39m Responding to client with driver.getCurrentContext() result: "NATIVE_APP"
&amp#27;[35m[HTTP]&amp#27;[39m &amp#27;[37m<-- GET /wd/hub/session/a1e60577-a24c-4944-9ea0-16ffa2d2f583/context &amp#27;[39m&amp#27;[32m200&amp#27;[39m &amp#27;[90m3 ms - 22&amp#27;[39m
&amp#27;[35m[HTTP]&amp#27;[39m &amp#27;[90m&amp#27;[39m
&amp#27;[35m[HTTP]&amp#27;[39m &amp#27;[37m-->&amp#27;[39m &amp#27;[37mPOST&amp#27;[39m &amp#27;[37m/wd/hub/session/a1e60577-a24c-4944-9ea0-16ffa2d2f583/element&amp#27;[39m
&amp#27;[35m[HTTP]&amp#27;[39m &amp#27;[90m{"using":"class name","value":"android.widget.EditText"}&amp#27;[39m
[debug] &amp#27;[35m[W3C (a1e60577)]&amp#27;[39m Calling AppiumDriver.findElement() with args: ["class name","android.widget.EditText","a1e60577-a24c-4944-9ea0-16ffa2d2f583"]
[debug] &amp#27;[35m[BaseDriver]&amp#27;[39m Valid locator strategies for this request: xpath, id, class name, accessibility id, css selector, -android uiautomator
[debug] &amp#27;[35m[BaseDriver]&amp#27;[39m Waiting up to 10000 ms for condition
[debug] &amp#27;[35m[WD Proxy]&amp#27;[39m Matched '/element' to command name 'findElement'
[debug] &amp#27;[35m[WD Proxy]&amp#27;[39m Proxying [POST /element] to [POST http://127.0.0.1:8201/wd/hub/session/693b0d6c-723b-42e2-a9d8-0c1fa7be0187/element] with body: {"strategy":"class name","selector":"android.widget.EditText","context":"","multiple":false}
[debug] &amp#27;[35m[WD Proxy]&amp#27;[39m Got response with status 200: {"sessionId":"693b0d6c-723b-42e2-a9d8-0c1fa7be0187","value":{"ELEMENT":"6284c021-b0c1-4307-bfeb-4709264b9ffd","element-6066-11e4-a52e-4f735466cecf":"6284c021-b0c1-4307-bfeb-4709264b9ffd"}}
[debug] &amp#27;[35m[W3C (a1e60577)]&amp#27;[39m Responding to client with driver.findElement() result: {"element-6066-11e4-a52e-4f735466cecf":"6284c021-b0c1-4307-bfeb-4709264b9ffd","ELEMENT":"6284c021-b0c1-4307-bfeb-4709264b9ffd"}
&amp#27;[35m[HTTP]&amp#27;[39m &amp#27;[37m<-- POST /wd/hub/session/a1e60577-a24c-4944-9ea0-16ffa2d2f583/element &amp#27;[39m&amp#27;[32m200&amp#27;[39m &amp#27;[90m62 ms - 137&amp#27;[39m
&amp#27;[35m[HTTP]&amp#27;[39m &amp#27;[90m&amp#27;[39m
&amp#27;[35m[HTTP]&amp#27;[39m &amp#27;[37m-->&amp#27;[39m &amp#27;[37mPOST&amp#27;[39m &amp#27;[37m/wd/hub/session/a1e60577-a24c-4944-9ea0-16ffa2d2f583/element/6284c021-b0c1-4307-bfeb-4709264b9ffd/value&amp#27;[39m
&amp#27;[35m[HTTP]&amp#27;[39m &amp#27;[90m{"id":"6284c021-b0c1-4307-bfeb-4709264b9ffd","text":"hello","value":["h","e","l","l","o"]}&amp#27;[39m
[debug] &amp#27;[35m[W3C (a1e60577)]&amp#27;[39m Calling AppiumDriver.setValue() with args: [["h","e","l","l","o"],"6284c021-b0c1-4307-bfeb-4709264b9ffd","a1e60577-a24c-4944-9ea0-16ffa2d2f583"]
[debug] &amp#27;[35m[WD Proxy]&amp#27;[39m Matched '/element/6284c021-b0c1-4307-bfeb-4709264b9ffd/value' to command name 'setValue'
[debug] &amp#27;[35m[Protocol Converter]&amp#27;[39m Added 'value' property ["h","e","l","l","o"] to 'setValue' request body
[debug] &amp#27;[35m[WD Proxy]&amp#27;[39m Proxying [POST /element/6284c021-b0c1-4307-bfeb-4709264b9ffd/value] to [POST http://127.0.0.1:8201/wd/hub/session/693b0d6c-723b-42e2-a9d8-0c1fa7be0187/element/6284c021-b0c1-4307-bfeb-4709264b9ffd/value] with body: {"elementId":"6284c021-b0c1-4307-bfeb-4709264b9ffd","text":"hello","replace":false,"value":["h","e","l","l","o"]}
[debug] &amp#27;[35m[WD Proxy]&amp#27;[39m Got response with status 200: {"sessionId":"693b0d6c-723b-42e2-a9d8-0c1fa7be0187","value":null}
[debug] &amp#27;[35m[W3C (a1e60577)]&amp#27;[39m Responding to client with driver.setValue() result: null
&amp#27;[35m[HTTP]&amp#27;[39m &amp#27;[37m<-- POST /wd/hub/session/a1e60577-a24c-4944-9ea0-16ffa2d2f583/element/6284c021-b0c1-4307-bfeb-4709264b9ffd/value &amp#27;[39m&amp#27;[32m200&amp#27;[39m &amp#27;[90m69 ms - 14&amp#27;[39m
&amp#27;[35m[HTTP]&amp#27;[39m &amp#27;[90m&amp#27;[39m
&amp#27;[35m[HTTP]&amp#27;[39m &amp#27;[37m-->&amp#27;[39m &amp#27;[37mGET&amp#27;[39m &amp#27;[37m/wd/hub/session/a1e60577-a24c-4944-9ea0-16ffa2d2f583/context&amp#27;[39m
&amp#27;[35m[HTTP]&amp#27;[39m &amp#27;[90m{}&amp#27;[39m
[debug] &amp#27;[35m[W3C (a1e60577)]&amp#27;[39m Calling AppiumDriver.getCurrentContext() with args: ["a1e60577-a24c-4944-9ea0-16ffa2d2f583"]
[debug] &amp#27;[35m[W3C (a1e60577)]&amp#27;[39m Responding to client with driver.getCurrentContext() result: "NATIVE_APP"
&amp#27;[35m[HTTP]&amp#27;[39m &amp#27;[37m<-- GET /wd/hub/session/a1e60577-a24c-4944-9ea0-16ffa2d2f583/context &amp#27;[39m&amp#27;[32m200&amp#27;[39m &amp#27;[90m3 ms - 22&amp#27;[39m
&amp#27;[35m[HTTP]&amp#27;[39m &amp#27;[90m&amp#27;[39m
&amp#27;[35m[HTTP]&amp#27;[39m &amp#27;[37m-->&amp#27;[39m &amp#27;[37mPOST&amp#27;[39m &amp#27;[37m/wd/hub/session/a1e60577-a24c-4944-9ea0-16ffa2d2f583/elements&amp#27;[39m
&amp#27;[35m[HTTP]&amp#27;[39m &amp#27;[90m{"using":"class name","value":"android.widget.Button"}&amp#27;[39m
[debug] &amp#27;[35m[W3C (a1e60577)]&amp#27;[39m Calling AppiumDriver.findElements() with args: ["class name","android.widget.Button","a1e60577-a24c-4944-9ea0-16ffa2d2f583"]
[debug] &amp#27;[35m[BaseDriver]&amp#27;[39m Valid locator strategies for this request: xpath, id, class name, accessibility id, css selector, -android uiautomator
[debug] &amp#27;[35m[BaseDriver]&amp#27;[39m Waiting up to 10000 ms for condition
[debug] &amp#27;[35m[WD Proxy]&amp#27;[39m Matched '/elements' to command name 'findElements'
[debug] &amp#27;[35m[WD Proxy]&amp#27;[39m Proxying [POST /elements] to [POST http://127.0.0.1:8201/wd/hub/session/693b0d6c-723b-42e2-a9d8-0c1fa7be0187/elements] with body: {"strategy":"class name","selector":"android.widget.Button","context":"","multiple":true}
[debug] &amp#27;[35m[WD Proxy]&amp#27;[39m Got response with status 200: {"sessionId":"693b0d6c-723b-42e2-a9d8-0c1fa7be0187","value":[{"ELEMENT":"59869460-7937-423e-acbc-fcf2e8dcc143","element-6066-11e4-a52e-4f735466cecf":"59869460-7937-423e-acbc-fcf2e8dcc143"},{"ELEMENT":"ccbe55ae-c5bc-4821-9479-f75993345d0c","element-6066-11e4-a52e-4f735466cecf":"ccbe55ae-c5bc-4821-9479-f75993345d0c"}]}
[debug] &amp#27;[35m[W3C (a1e60577)]&amp#27;[39m Responding to client with driver.findElements() result: [{"element-6066-11e4-a52e-4f735466cecf":"59869460-7937-423e-acbc-fcf2e8dcc143","ELEMENT":"59869460-7937-423e-acbc-fcf2e8dcc143"},{"element-6066-11e4-a52e-4f735466cecf":"ccbe55ae-c5bc-4821-9479-f75993345d0c","ELEMENT":"ccbe55ae-c5bc-4821-9479-f75993345d0c"}]
&amp#27;[35m[HTTP]&amp#27;[39m &amp#27;[37m<-- POST /wd/hub/session/a1e60577-a24c-4944-9ea0-16ffa2d2f583/elements &amp#27;[39m&amp#27;[32m200&amp#27;[39m &amp#27;[90m965 ms - 267&amp#27;[39m
&amp#27;[35m[HTTP]&amp#27;[39m &amp#27;[90m&amp#27;[39m
&amp#27;[35m[HTTP]&amp#27;[39m &amp#27;[37m-->&amp#27;[39m &amp#27;[37mPOST&amp#27;[39m &amp#27;[37m/wd/hub/session/a1e60577-a24c-4944-9ea0-16ffa2d2f583/element/ccbe55ae-c5bc-4821-9479-f75993345d0c/click&amp#27;[39m
&amp#27;[35m[HTTP]&amp#27;[39m &amp#27;[90m{"id":"ccbe55ae-c5bc-4821-9479-f75993345d0c"}&amp#27;[39m
[debug] &amp#27;[35m[W3C (a1e60577)]&amp#27;[39m Calling AppiumDriver.click() with args: ["ccbe55ae-c5bc-4821-9479-f75993345d0c","a1e60577-a24c-4944-9ea0-16ffa2d2f583"]
[debug] &amp#27;[35m[WD Proxy]&amp#27;[39m Matched '/element/ccbe55ae-c5bc-4821-9479-f75993345d0c/click' to command name 'click'
[debug] &amp#27;[35m[WD Proxy]&amp#27;[39m Proxying [POST /element/ccbe55ae-c5bc-4821-9479-f75993345d0c/click] to [POST http://127.0.0.1:8201/wd/hub/session/693b0d6c-723b-42e2-a9d8-0c1fa7be0187/element/ccbe55ae-c5bc-4821-9479-f75993345d0c/click] with body: {"element":"ccbe55ae-c5bc-4821-9479-f75993345d0c"}
[debug] &amp#27;[35m[WD Proxy]&amp#27;[39m Got response with status 200: {"sessionId":"693b0d6c-723b-42e2-a9d8-0c1fa7be0187","value":null}
[debug] &amp#27;[35m[W3C (a1e60577)]&amp#27;[39m Responding to client with driver.click() result: null
&amp#27;[35m[HTTP]&amp#27;[39m &amp#27;[37m<-- POST /wd/hub/session/a1e60577-a24c-4944-9ea0-16ffa2d2f583/element/ccbe55ae-c5bc-4821-9479-f75993345d0c/click &amp#27;[39m&amp#27;[32m200&amp#27;[39m &amp#27;[90m854 ms - 14&amp#27;[39m
&amp#27;[35m[HTTP]&amp#27;[39m &amp#27;[90m&amp#27;[39m
]]></system-out>
    <system-err><![CDATA[Apr 28, 2021 1:49:05 PM io.appium.java_client.remote.AppiumCommandExecutor$1 lambda$0
INFO: Detected dialect: W3C
]]></system-err>
  </testcase>
  <testcase name="WifiSettingsTest[hello](1)" classname="MobileAutomation.AppiumFramework.ApiDemosTC" time="26.628">
    <system-out><![CDATA[&amp#27;[35m[Appium]&amp#27;[39m Welcome to Appium v1.20.2
&amp#27;[35m[Appium]&amp#27;[39m Appium REST http interface listener started on 0.0.0.0:4723
&amp#27;[35m[HTTP]&amp#27;[39m &amp#27;[37m-->&amp#27;[39m &amp#27;[37mGET&amp#27;[39m &amp#27;[37m/wd/hub/status&amp#27;[39m
&amp#27;[35m[HTTP]&amp#27;[39m &amp#27;[90m{}&amp#27;[39m
[debug] &amp#27;[35m[GENERIC]&amp#27;[39m Calling AppiumDriver.getStatus() with args: []
[debug] &amp#27;[35m[GENERIC]&amp#27;[39m Responding to client with driver.getStatus() result: {"build":{"version":"1.20.2"}}
&amp#27;[35m[HTTP]&amp#27;[39m &amp#27;[37m<-- GET /wd/hub/status &amp#27;[39m&amp#27;[32m200&amp#27;[39m &amp#27;[90m7 ms - 68&amp#27;[39m
&amp#27;[35m[HTTP]&amp#27;[39m &amp#27;[90m&amp#27;[39m
[debug] &amp#27;[35m[HTTP]&amp#27;[39m Request idempotency key: a59ca3ef-7f96-4129-9622-3d2ed24eb565
&amp#27;[35m[HTTP]&amp#27;[39m &amp#27;[37m-->&amp#27;[39m &amp#27;[37mPOST&amp#27;[39m &amp#27;[37m/wd/hub/session&amp#27;[39m
&amp#27;[35m[HTTP]&amp#27;[39m &amp#27;[90m{"desiredCapabilities":{"app":"C:\\Users\\ANKIT\\eclipse-workspace\\AppiumFramework\\src\\ApiDemos-debug.apk","automationName":"uiautomator2","platformName":"Android","deviceName":"Android Device"},"capabilities":{"firstMatch":[{"appium:app":"C:\\Users\\ANKIT\\eclipse-workspace\\AppiumFramework\\src\\ApiDemos-debug.apk","appium:automationName":"uiautomator2","appium:deviceName":"Android Device","platformName":"android"}]}}&amp#27;[39m
[debug] &amp#27;[35m[W3C]&amp#27;[39m Calling AppiumDriver.createSession() with args: [{"app":"C:\\Users\\ANKIT\\eclipse-workspace\\AppiumFramework\\src\\ApiDemos-debug.apk","automationName":"uiautomator2","platformName":"Android","deviceName":"Android Device"},null,{"firstMatch":[{"appium:app":"C:\\Users\\ANKIT\\eclipse-workspace\\AppiumFramework\\src\\ApiDemos-debug.apk","appium:automationName":"uiautomator2","appium:deviceName":"Android Device","platformName":"android"}]}]
[debug] &amp#27;[35m[BaseDriver]&amp#27;[39m Event 'newSessionRequested' logged at 1619597957138 (13:49:17 GMT+0530 (India Standard Time))
&amp#27;[35m[Appium]&amp#27;[39m Appium v1.20.2 creating new AndroidUiautomator2Driver (v1.61.2) session
[debug] &amp#27;[35m[BaseDriver]&amp#27;[39m W3C capabilities and MJSONWP desired capabilities were provided
[debug] &amp#27;[35m[BaseDriver]&amp#27;[39m Creating session with W3C capabilities: {
[debug] &amp#27;[35m[BaseDriver]&amp#27;[39m   "alwaysMatch": {
[debug] &amp#27;[35m[BaseDriver]&amp#27;[39m     "platformName": "android",
[debug] &amp#27;[35m[BaseDriver]&amp#27;[39m     "appium:app": "C:\\Users\\ANKIT\\eclipse-workspace\\AppiumFramework\\src\\ApiDemos-debug.apk",
[debug] &amp#27;[35m[BaseDriver]&amp#27;[39m     "appium:automationName": "uiautomator2",
[debug] &amp#27;[35m[BaseDriver]&amp#27;[39m     "appium:deviceName": "Android Device"
[debug] &amp#27;[35m[BaseDriver]&amp#27;[39m   },
[debug] &amp#27;[35m[BaseDriver]&amp#27;[39m   "firstMatch": [
[debug] &amp#27;[35m[BaseDriver]&amp#27;[39m     {}
[debug] &amp#27;[35m[BaseDriver]&amp#27;[39m   ]
[debug] &amp#27;[35m[BaseDriver]&amp#27;[39m }
&amp#27;[35m[BaseDriver]&amp#27;[39m Session created with session id: 664bd654-37fe-4443-85fd-7ce459e25c07
&amp#27;[35m[BaseDriver]&amp#27;[39m Using local app 'C:\Users\ANKIT\eclipse-workspace\AppiumFramework\src\ApiDemos-debug.apk'
[debug] &amp#27;[35m[UiAutomator2]&amp#27;[39m Checking whether app is actually present
&amp#27;[35m[ADB]&amp#27;[39m Found 4 'build-tools' folders under 'C:\Users\ANKIT\AppData\Local\Android\Sdk' (newest first):
&amp#27;[35m[ADB]&amp#27;[39m     C:/Users/ANKIT/AppData/Local/Android/Sdk/build-tools/29.0.2
&amp#27;[35m[ADB]&amp#27;[39m     C:/Users/ANKIT/AppData/Local/Android/Sdk/build-tools/27.0.3
&amp#27;[35m[ADB]&amp#27;[39m     C:/Users/ANKIT/AppData/Local/Android/Sdk/build-tools/26.0.2
&amp#27;[35m[ADB]&amp#27;[39m     C:/Users/ANKIT/AppData/Local/Android/Sdk/build-tools/23.0.2
&amp#27;[35m[ADB]&amp#27;[39m Using 'adb.exe' from 'C:\Users\ANKIT\AppData\Local\Android\Sdk\platform-tools\adb.exe'
[debug] &amp#27;[35m[ADB]&amp#27;[39m Running 'C:\Users\ANKIT\AppData\Local\Android\Sdk\platform-tools\adb.exe -P 5037 start-server'
&amp#27;[35m[AndroidDriver]&amp#27;[39m Retrieving device list
[debug] &amp#27;[35m[ADB]&amp#27;[39m Trying to find a connected android device
[debug] &amp#27;[35m[ADB]&amp#27;[39m Getting connected devices
[debug] &amp#27;[35m[ADB]&amp#27;[39m Connected devices: [{"udid":"0ac1d17f","state":"device"}]
&amp#27;[35m[AndroidDriver]&amp#27;[39m Using device: 0ac1d17f
&amp#27;[35m[ADB]&amp#27;[39m Using 'adb.exe' from 'C:\Users\ANKIT\AppData\Local\Android\Sdk\platform-tools\adb.exe'
[debug] &amp#27;[35m[ADB]&amp#27;[39m Running 'C:\Users\ANKIT\AppData\Local\Android\Sdk\platform-tools\adb.exe -P 5037 start-server'
[debug] &amp#27;[35m[ADB]&amp#27;[39m Setting device id to 0ac1d17f
[debug] &amp#27;[35m[ADB]&amp#27;[39m Running 'C:\Users\ANKIT\AppData\Local\Android\Sdk\platform-tools\adb.exe -P 5037 -s 0ac1d17f shell getprop ro.build.version.sdk'
[debug] &amp#27;[35m[ADB]&amp#27;[39m Current device property 'ro.build.version.sdk': 30
&amp#27;[35m[ADB]&amp#27;[39m Getting device platform version
[debug] &amp#27;[35m[ADB]&amp#27;[39m Running 'C:\Users\ANKIT\AppData\Local\Android\Sdk\platform-tools\adb.exe -P 5037 -s 0ac1d17f shell getprop ro.build.version.release'
[debug] &amp#27;[35m[ADB]&amp#27;[39m Current device property 'ro.build.version.release': 11
[debug] &amp#27;[35m[ADB]&amp#27;[39m Device API level: 30
&amp#27;[35m[UiAutomator2]&amp#27;[39m Relaxing hidden api policy
[debug] &amp#27;[35m[ADB]&amp#27;[39m Running 'C:\Users\ANKIT\AppData\Local\Android\Sdk\platform-tools\adb.exe -P 5037 -s 0ac1d17f shell 'settings put global hidden_api_policy_pre_p_apps 1;settings put global hidden_api_policy_p_apps 1;settings put global hidden_api_policy 1''
[debug] &amp#27;[35m[AndroidDriver]&amp#27;[39m Parsing package and activity from app manifest
&amp#27;[35m[ADB]&amp#27;[39m Package name: 'io.appium.android.apis'
&amp#27;[35m[ADB]&amp#27;[39m Main activity name: 'ApiDemos'
[debug] &amp#27;[35m[AndroidDriver]&amp#27;[39m Parsed package and activity are: io.appium.android.apis/ApiDemos
[debug] &amp#27;[35m[ADB]&amp#27;[39m Running 'C:\Users\ANKIT\AppData\Local\Android\Sdk\platform-tools\adb.exe -P 5037 -s 0ac1d17f wait-for-device'
[debug] &amp#27;[35m[ADB]&amp#27;[39m Running 'C:\Users\ANKIT\AppData\Local\Android\Sdk\platform-tools\adb.exe -P 5037 -s 0ac1d17f shell echo ping'
[debug] &amp#27;[35m[AndroidDriver]&amp#27;[39m Pushing settings apk to device...
[debug] &amp#27;[35m[ADB]&amp#27;[39m Getting install status for io.appium.settings
[debug] &amp#27;[35m[ADB]&amp#27;[39m Running 'C:\Users\ANKIT\AppData\Local\Android\Sdk\platform-tools\adb.exe -P 5037 -s 0ac1d17f shell dumpsys package io.appium.settings'
[debug] &amp#27;[35m[ADB]&amp#27;[39m 'io.appium.settings' is installed
[debug] &amp#27;[35m[ADB]&amp#27;[39m Getting package info for 'io.appium.settings'
[debug] &amp#27;[35m[ADB]&amp#27;[39m Running 'C:\Users\ANKIT\AppData\Local\Android\Sdk\platform-tools\adb.exe -P 5037 -s 0ac1d17f shell dumpsys package io.appium.settings'
[debug] &amp#27;[35m[ADB]&amp#27;[39m The version name of the installed 'io.appium.settings' is greater or equal to the application version name ('3.2.1' >= '3.2.1')
[debug] &amp#27;[35m[ADB]&amp#27;[39m There is no need to install/upgrade 'C:\Users\ANKIT\AppData\Roaming\npm\node_modules\appium\node_modules\io.appium.settings\apks\settings_apk-debug.apk'
[debug] &amp#27;[35m[ADB]&amp#27;[39m Getting IDs of all 'io.appium.settings' processes
[debug] &amp#27;[35m[ADB]&amp#27;[39m Running 'C:\Users\ANKIT\AppData\Local\Android\Sdk\platform-tools\adb.exe -P 5037 -s 0ac1d17f shell 'pgrep --help; echo $?''
[debug] &amp#27;[35m[ADB]&amp#27;[39m Running 'C:\Users\ANKIT\AppData\Local\Android\Sdk\platform-tools\adb.exe -P 5037 -s 0ac1d17f shell pgrep -f \(\[\[:blank:\]\]\|\^\)io\.appium\.settings\(\[\[:blank:\]\]\|\$\)'
[debug] &amp#27;[35m[AndroidDriver]&amp#27;[39m io.appium.settings is already running. There is no need to reset its permissions.
[debug] &amp#27;[35m[ADB]&amp#27;[39m Running 'C:\Users\ANKIT\AppData\Local\Android\Sdk\platform-tools\adb.exe -P 5037 -s 0ac1d17f shell appops set io.appium.settings android:mock_location allow'
[debug] &amp#27;[35m[Logcat]&amp#27;[39m Starting logs capture with command: C:\\Users\\ANKIT\\AppData\\Local\\Android\\Sdk\\platform-tools\\adb.exe -P 5037 -s 0ac1d17f logcat -v threadtime
[debug] &amp#27;[35m[UiAutomator2]&amp#27;[39m Forwarding UiAutomator2 Server port 6790 to local port 8202
[debug] &amp#27;[35m[ADB]&amp#27;[39m Forwarding system: 8202 to device: 6790
[debug] &amp#27;[35m[ADB]&amp#27;[39m Running 'C:\Users\ANKIT\AppData\Local\Android\Sdk\platform-tools\adb.exe -P 5037 -s 0ac1d17f forward tcp:8202 tcp:6790'
[debug] &amp#27;[35m[ADB]&amp#27;[39m Getting install status for io.appium.uiautomator2.server
[debug] &amp#27;[35m[ADB]&amp#27;[39m Running 'C:\Users\ANKIT\AppData\Local\Android\Sdk\platform-tools\adb.exe -P 5037 -s 0ac1d17f shell dumpsys package io.appium.uiautomator2.server'
[debug] &amp#27;[35m[ADB]&amp#27;[39m 'io.appium.uiautomator2.server' is installed
[debug] &amp#27;[35m[ADB]&amp#27;[39m Getting package info for 'io.appium.uiautomator2.server'
[debug] &amp#27;[35m[ADB]&amp#27;[39m Running 'C:\Users\ANKIT\AppData\Local\Android\Sdk\platform-tools\adb.exe -P 5037 -s 0ac1d17f shell dumpsys package io.appium.uiautomator2.server'
[debug] &amp#27;[35m[ADB]&amp#27;[39m The version name of the installed 'io.appium.uiautomator2.server' is greater or equal to the application version name ('4.17.4' >= '4.17.4')
[debug] &amp#27;[35m[UiAutomator2]&amp#27;[39m io.appium.uiautomator2.server installation state: sameVersionInstalled
[debug] &amp#27;[35m[ADB]&amp#27;[39m Checking app cert for C:\Users\ANKIT\AppData\Roaming\npm\node_modules\appium\node_modules\appium-uiautomator2-server\apks\appium-uiautomator2-server-v4.17.4.apk
&amp#27;[35m[ADB]&amp#27;[39m Using 'apksigner.jar' from 'C:\Users\ANKIT\AppData\Local\Android\Sdk\build-tools\29.0.2\lib\apksigner.jar'
[debug] &amp#27;[35m[ADB]&amp#27;[39m Starting apksigner: 'C:\\Program Files\\Java\\jdk1.8.0_161\\bin\\java.exe' -Xmx1024M -Xss1m -jar C:\\Users\\ANKIT\\AppData\\Local\\Android\\Sdk\\build-tools\\29.0.2\\lib\\apksigner.jar verify --print-certs C:\\Users\\ANKIT\\AppData\\Roaming\\npm\\node_modules\\appium\\node_modules\\appium-uiautomator2-server\\apks\\appium-uiautomator2-server-v4.17.4.apk
[debug] &amp#27;[35m[ADB]&amp#27;[39m apksigner stdout: Signer #1 certificate DN: EMAILADDRESS=android@android.com, CN=Android, OU=Android, O=Android, L=Mountain View, ST=California, C=US
[debug] &amp#27;[35m[ADB]&amp#27;[39m Signer #1 certificate SHA-256 digest: a40da80a59d170caa950cf15c18c454d47a39b26989d8b640ecd745ba71bf5dc
[debug] &amp#27;[35m[ADB]&amp#27;[39m Signer #1 certificate SHA-1 digest: 61ed377e85d386a8dfee6b864bd85b0bfaa5af81
[debug] &amp#27;[35m[ADB]&amp#27;[39m Signer #1 certificate MD5 digest: e89b158e4bcf988ebd09eb83f5378e87
[debug] &amp#27;[35m[ADB]&amp#27;[39m 
[debug] &amp#27;[35m[ADB]&amp#27;[39m sha256 hash did match for 'appium-uiautomator2-server-v4.17.4.apk'
&amp#27;[35m[ADB]&amp#27;[39m 'C:\Users\ANKIT\AppData\Roaming\npm\node_modules\appium\node_modules\appium-uiautomator2-server\apks\appium-uiautomator2-server-v4.17.4.apk' is signed with the default certificate
[debug] &amp#27;[35m[ADB]&amp#27;[39m Getting install status for io.appium.uiautomator2.server.test
[debug] &amp#27;[35m[ADB]&amp#27;[39m Running 'C:\Users\ANKIT\AppData\Local\Android\Sdk\platform-tools\adb.exe -P 5037 -s 0ac1d17f shell dumpsys package io.appium.uiautomator2.server.test'
[debug] &amp#27;[35m[ADB]&amp#27;[39m 'io.appium.uiautomator2.server.test' is installed
[debug] &amp#27;[35m[ADB]&amp#27;[39m Checking app cert for C:\Users\ANKIT\AppData\Roaming\npm\node_modules\appium\node_modules\appium-uiautomator2-server\apks\appium-uiautomator2-server-debug-androidTest.apk
[debug] &amp#27;[35m[ADB]&amp#27;[39m Starting apksigner: 'C:\\Program Files\\Java\\jdk1.8.0_161\\bin\\java.exe' -Xmx1024M -Xss1m -jar C:\\Users\\ANKIT\\AppData\\Local\\Android\\Sdk\\build-tools\\29.0.2\\lib\\apksigner.jar verify --print-certs C:\\Users\\ANKIT\\AppData\\Roaming\\npm\\node_modules\\appium\\node_modules\\appium-uiautomator2-server\\apks\\appium-uiautomator2-server-debug-androidTest.apk
[debug] &amp#27;[35m[ADB]&amp#27;[39m apksigner stdout: Signer #1 certificate DN: EMAILADDRESS=android@android.com, CN=Android, OU=Android, O=Android, L=Mountain View, ST=California, C=US
[debug] &amp#27;[35m[ADB]&amp#27;[39m Signer #1 certificate SHA-256 digest: a40da80a59d170caa950cf15c18c454d47a39b26989d8b640ecd745ba71bf5dc
[debug] &amp#27;[35m[ADB]&amp#27;[39m Signer #1 certificate SHA-1 digest: 61ed377e85d386a8dfee6b864bd85b0bfaa5af81
[debug] &amp#27;[35m[ADB]&amp#27;[39m Signer #1 certificate MD5 digest: e89b158e4bcf988ebd09eb83f5378e87
[debug] &amp#27;[35m[ADB]&amp#27;[39m 
[debug] &amp#27;[35m[ADB]&amp#27;[39m sha256 hash did match for 'appium-uiautomator2-server-debug-androidTest.apk'
&amp#27;[35m[ADB]&amp#27;[39m 'C:\Users\ANKIT\AppData\Roaming\npm\node_modules\appium\node_modules\appium-uiautomator2-server\apks\appium-uiautomator2-server-debug-androidTest.apk' is signed with the default certificate
&amp#27;[35m[UiAutomator2]&amp#27;[39m Server packages are not going to be (re)installed
[debug] &amp#27;[35m[UiAutomator2]&amp#27;[39m Waiting up to 30000ms for services to be available
[debug] &amp#27;[35m[ADB]&amp#27;[39m Running 'C:\Users\ANKIT\AppData\Local\Android\Sdk\platform-tools\adb.exe -P 5037 -s 0ac1d17f shell pm list instrumentation'
[debug] &amp#27;[35m[UiAutomator2]&amp#27;[39m Instrumentation target 'io.appium.uiautomator2.server.test/androidx.test.runner.AndroidJUnitRunner' is available
&amp#27;[35m[ADB]&amp#27;[39m Adding packages ["io.appium.settings","io.appium.uiautomator2.server","io.appium.uiautomator2.server.test"] to Doze whitelist
[debug] &amp#27;[35m[ADB]&amp#27;[39m Got the following command chunks to execute: [["dumpsys","deviceidle","whitelist","+io.appium.settings",";","dumpsys","deviceidle","whitelist","+io.appium.uiautomator2.server",";","dumpsys","deviceidle","whitelist","+io.appium.uiautomator2.server.test",";"]]
[debug] &amp#27;[35m[ADB]&amp#27;[39m Running 'C:\Users\ANKIT\AppData\Local\Android\Sdk\platform-tools\adb.exe -P 5037 -s 0ac1d17f shell dumpsys deviceidle whitelist +io.appium.settings ; dumpsys deviceidle whitelist +io.appium.uiautomator2.server ; dumpsys deviceidle whitelist +io.appium.uiautomator2.server.test ;'
[debug] &amp#27;[35m[ADB]&amp#27;[39m Checking app cert for C:\Users\ANKIT\eclipse-workspace\AppiumFramework\src\ApiDemos-debug.apk
[debug] &amp#27;[35m[ADB]&amp#27;[39m Starting apksigner: 'C:\\Program Files\\Java\\jdk1.8.0_161\\bin\\java.exe' -Xmx1024M -Xss1m -jar C:\\Users\\ANKIT\\AppData\\Local\\Android\\Sdk\\build-tools\\29.0.2\\lib\\apksigner.jar verify --print-certs C:\\Users\\ANKIT\\eclipse-workspace\\AppiumFramework\\src\\ApiDemos-debug.apk
[debug] &amp#27;[35m[ADB]&amp#27;[39m apksigner stdout: Signer #1 certificate DN: EMAILADDRESS=android@android.com, CN=Android, OU=Android, O=Android, L=Mountain View, ST=California, C=US
[debug] &amp#27;[35m[ADB]&amp#27;[39m Signer #1 certificate SHA-256 digest: a40da80a59d170caa950cf15c18c454d47a39b26989d8b640ecd745ba71bf5dc
[debug] &amp#27;[35m[ADB]&amp#27;[39m Signer #1 certificate SHA-1 digest: 61ed377e85d386a8dfee6b864bd85b0bfaa5af81
[debug] &amp#27;[35m[ADB]&amp#27;[39m Signer #1 certificate MD5 digest: e89b158e4bcf988ebd09eb83f5378e87
[debug] &amp#27;[35m[ADB]&amp#27;[39m 
[debug] &amp#27;[35m[ADB]&amp#27;[39m sha256 hash did match for 'ApiDemos-debug.apk'
&amp#27;[35m[ADB]&amp#27;[39m 'C:\Users\ANKIT\eclipse-workspace\AppiumFramework\src\ApiDemos-debug.apk' is signed with the default certificate
[debug] &amp#27;[35m[ADB]&amp#27;[39m Getting install status for io.appium.android.apis
[debug] &amp#27;[35m[ADB]&amp#27;[39m Running 'C:\Users\ANKIT\AppData\Local\Android\Sdk\platform-tools\adb.exe -P 5037 -s 0ac1d17f shell dumpsys package io.appium.android.apis'
[debug] &amp#27;[35m[ADB]&amp#27;[39m 'io.appium.android.apis' is installed
[debug] &amp#27;[35m[ADB]&amp#27;[39m Getting package info for 'io.appium.android.apis'
[debug] &amp#27;[35m[ADB]&amp#27;[39m Running 'C:\Users\ANKIT\AppData\Local\Android\Sdk\platform-tools\adb.exe -P 5037 -s 0ac1d17f shell dumpsys package io.appium.android.apis'
&amp#27;[35m[ADB]&amp#27;[39m Cannot read version codes of 'C:\Users\ANKIT\eclipse-workspace\AppiumFramework\src\ApiDemos-debug.apk' and/or 'io.appium.android.apis'
&amp#27;[35m[ADB]&amp#27;[39m Cannot read version names of 'C:\Users\ANKIT\eclipse-workspace\AppiumFramework\src\ApiDemos-debug.apk' and/or 'io.appium.android.apis'
[debug] &amp#27;[35m[ADB]&amp#27;[39m The current install state of 'C:\Users\ANKIT\eclipse-workspace\AppiumFramework\src\ApiDemos-debug.apk' is unknown. Installing anyway
[debug] &amp#27;[35m[ADB]&amp#27;[39m Running 'C:\Users\ANKIT\AppData\Local\Android\Sdk\platform-tools\adb.exe -P 5037 -s 0ac1d17f help'
[debug] &amp#27;[35m[ADB]&amp#27;[39m Running 'C:\Users\ANKIT\AppData\Local\Android\Sdk\platform-tools\adb.exe -P 5037 -s 0ac1d17f shell 'ls -t -1 /data/local/tmp/appium_cache 2>&1 || echo _ERROR_''
[debug] &amp#27;[35m[ADB]&amp#27;[39m The count of applications in the cache: 5
&amp#27;[35m[ADB]&amp#27;[39m The application at 'C:\Users\ANKIT\eclipse-workspace\AppiumFramework\src\ApiDemos-debug.apk' is already cached to '/data/local/tmp/appium_cache/a7c3d3f518bf906dfd994f6290dfc7e6c703ccae.apk'
[debug] &amp#27;[35m[ADB]&amp#27;[39m Running 'C:\Users\ANKIT\AppData\Local\Android\Sdk\platform-tools\adb.exe -P 5037 -s 0ac1d17f shell touch -am /data/local/tmp/appium_cache/a7c3d3f518bf906dfd994f6290dfc7e6c703ccae.apk'
[debug] &amp#27;[35m[ADB]&amp#27;[39m Running 'C:\Users\ANKIT\AppData\Local\Android\Sdk\platform-tools\adb.exe -P 5037 -s 0ac1d17f shell pm install -r /data/local/tmp/appium_cache/a7c3d3f518bf906dfd994f6290dfc7e6c703ccae.apk'
&amp#27;[35m[ADB]&amp#27;[39m The installation of 'ApiDemos-debug.apk' took 1694ms
[debug] &amp#27;[35m[ADB]&amp#27;[39m Install command stdout: Success
&amp#27;[35m[AndroidDriver]&amp#27;[39m Performing fast reset on 'io.appium.android.apis'
[debug] &amp#27;[35m[ADB]&amp#27;[39m Getting install status for io.appium.android.apis
[debug] &amp#27;[35m[ADB]&amp#27;[39m Running 'C:\Users\ANKIT\AppData\Local\Android\Sdk\platform-tools\adb.exe -P 5037 -s 0ac1d17f shell dumpsys package io.appium.android.apis'
[debug] &amp#27;[35m[ADB]&amp#27;[39m 'io.appium.android.apis' is installed
[debug] &amp#27;[35m[ADB]&amp#27;[39m Running 'C:\Users\ANKIT\AppData\Local\Android\Sdk\platform-tools\adb.exe -P 5037 -s 0ac1d17f shell am force-stop io.appium.android.apis'
[debug] &amp#27;[35m[ADB]&amp#27;[39m Running 'C:\Users\ANKIT\AppData\Local\Android\Sdk\platform-tools\adb.exe -P 5037 -s 0ac1d17f shell pm clear io.appium.android.apis'
[debug] &amp#27;[35m[AndroidDriver]&amp#27;[39m Performed fast reset on the installed 'io.appium.android.apis' application (stop and clear)
[debug] &amp#27;[35m[UiAutomator2]&amp#27;[39m Performing shallow cleanup of automation leftovers
[debug] &amp#27;[35m[UiAutomator2]&amp#27;[39m The following obsolete sessions are still running: [null]
[debug] &amp#27;[35m[UiAutomator2]&amp#27;[39m Cleaning up the obsolete sessions
[debug] &amp#27;[35m[ADB]&amp#27;[39m Running 'C:\Users\ANKIT\AppData\Local\Android\Sdk\platform-tools\adb.exe -P 5037 -s 0ac1d17f shell am force-stop io.appium.uiautomator2.server.test'
&amp#27;[35m[UiAutomator2]&amp#27;[39m Starting UIAutomator2 server 4.17.4
&amp#27;[35m[UiAutomator2]&amp#27;[39m Using UIAutomator2 server from 'C:\Users\ANKIT\AppData\Roaming\npm\node_modules\appium\node_modules\appium-uiautomator2-server\apks\appium-uiautomator2-server-v4.17.4.apk' and test from 'C:\Users\ANKIT\AppData\Roaming\npm\node_modules\appium\node_modules\appium-uiautomator2-server\apks\appium-uiautomator2-server-debug-androidTest.apk'
&amp#27;[35m[UiAutomator2]&amp#27;[39m Waiting up to 30000ms for UiAutomator2 to be online...
[debug] &amp#27;[35m[ADB]&amp#27;[39m Creating ADB subprocess with args: ["-P",5037,"-s","0ac1d17f","shell","am","instrument","-w","io.appium.uiautomator2.server.test/androidx.test.runner.AndroidJUnitRunner"]
[debug] &amp#27;[35m[WD Proxy]&amp#27;[39m Matched '/status' to command name 'getStatus'
[debug] &amp#27;[35m[WD Proxy]&amp#27;[39m Proxying [GET /status] to [GET http://127.0.0.1:8202/wd/hub/status] with no body
&amp#27;[35m[WD Proxy]&amp#27;[39m Error: read ECONNRESET
&amp#27;[35m[WD Proxy]&amp#27;[39m     at TCP.onStreamRead (internal/stream_base_commons.js:209:20)
[debug] &amp#27;[35m[Instrumentation]&amp#27;[39m io.appium.uiautomator2.server.test.AppiumUiAutomator2Server:
[debug] &amp#27;[35m[WD Proxy]&amp#27;[39m Matched '/status' to command name 'getStatus'
[debug] &amp#27;[35m[WD Proxy]&amp#27;[39m Proxying [GET /status] to [GET http://127.0.0.1:8202/wd/hub/status] with no body
&amp#27;[35m[WD Proxy]&amp#27;[39m Error: read ECONNRESET
&amp#27;[35m[WD Proxy]&amp#27;[39m     at TCP.onStreamRead (internal/stream_base_commons.js:209:20)
[debug] &amp#27;[35m[WD Proxy]&amp#27;[39m Matched '/status' to command name 'getStatus'
[debug] &amp#27;[35m[WD Proxy]&amp#27;[39m Proxying [GET /status] to [GET http://127.0.0.1:8202/wd/hub/status] with no body
[debug] &amp#27;[35m[WD Proxy]&amp#27;[39m Got response with status 200: {"sessionId":"None","value":{"message":"UiAutomator2 Server is ready to accept commands","ready":true}}
[debug] &amp#27;[35m[UiAutomator2]&amp#27;[39m The initialization of the instrumentation process took 2100ms
[debug] &amp#27;[35m[WD Proxy]&amp#27;[39m Matched '/session' to command name 'createSession'
[debug] &amp#27;[35m[WD Proxy]&amp#27;[39m Proxying [POST /session] to [POST http://127.0.0.1:8202/wd/hub/session] with body: {"capabilities":{"firstMatch":[{"platform":"LINUX","webStorageEnabled":false,"takesScreenshot":true,"javascriptEnabled":true,"databaseEnabled":false,"networkConnectionEnabled":true,"locationContextEnabled":false,"warnings":{},"desired":{"platformName":"android","app":"C:\\Users\\ANKIT\\eclipse-workspace\\AppiumFramework\\src\\ApiDemos-debug.apk","automationName":"uiautomator2","deviceName":"Android Device"},"platformName":"android","app":"C:\\Users\\ANKIT\\eclipse-workspace\\AppiumFramework\\src\\ApiDemos-debug.apk","automationName":"uiautomator2","deviceName":"0ac1d17f","deviceUDID":"0ac1d17f","appPackage":"io.appium.android.apis"}],"alwaysMatch":{}}}
[debug] &amp#27;[35m[WD Proxy]&amp#27;[39m Got response with status 200: {"sessionId":"f9bfbfa3-9069-45eb-aeb9-2af0fa2d8b6d","value":{"capabilities":{"firstMatch":[{"platform":"LINUX","webStorageEnabled":false,"takesScreenshot":true,"javascriptEnabled":true,"databaseEnabled":false,"networkConnectionEnabled":true,"locationContextEnabled":false,"warnings":{},"desired":{"platformName":"android","app":"C:\\Users\\ANKIT\\eclipse-workspace\\AppiumFramework\\src\\ApiDemos-debug.apk","automationName":"uiautomator2","deviceName":"Android Device"},"platformName":"android","app":"C:\\Users\\ANKIT\\eclipse-workspace\\AppiumFramework\\src\\ApiDemos-debug.apk","automationName":"uiautomator2","deviceName":"0ac1d17f","deviceUDID":"0ac1d17f","appPackage":"io.appium.android.apis"}],"alwaysMatch":{}},"sessionId":"f9bfbfa3-9069-45eb-aeb9-2af0fa2d8b6d"}}
&amp#27;[35m[WD Proxy]&amp#27;[39m Determined the downstream protocol as 'W3C'
[debug] &amp#27;[35m[WD Proxy]&amp#27;[39m Proxying [GET /appium/device/info] to [GET http://127.0.0.1:8202/wd/hub/session/f9bfbfa3-9069-45eb-aeb9-2af0fa2d8b6d/appium/device/info] with no body
[debug] &amp#27;[35m[WD Proxy]&amp#27;[39m Got response with status 200: {"sessionId":"f9bfbfa3-9069-45eb-aeb9-2af0fa2d8b6d","value":{"androidId":"f268737f93d1eeb4","apiVersion":"30","bluetooth":{"state":"OFF"},"brand":"OnePlus","carrierName":"Jio 4G","displayDensity":450,"locale":"en_IN","manufacturer":"OnePlus","model":"HD1901","networks":[{"capabilities":{"SSID":null,"linkDownBandwidthKbps":14,"linkUpstreamBandwidthKbps":14,"networkCapabilities":"NET_CAPABILITY_IMS,NET_CAPABILITY_NOT_METERED,NET_CAPABILITY_TRUSTED,NET_CAPABILITY_NOT_VPN,NET_CAPABILITY_VALIDATED,NET_CAPABILITY_NOT_ROAMING,NET_CAPABILITY_FOREGROUND,NET_CAPABILITY_NOT_CONGESTED,NET_CAPABILITY_NOT_SUSPENDED","signalStrength":-2147483648,"transportTypes":"TRANSPORT_CELLULAR"},"detailedState":"CONNECTED","extraInfo":"ims","isAvailable":true,"isConnected":true,"isFailover":false,"isRoaming":false,"state":"CONNECTED","subtype":13,"subtypeName":"LTE","type":0,"typeName":"MOBILE"},{"capabilities":{"SSID":null,"linkDownBandwidthKbps":99000,"linkUpstreamBandwidthKbps":94050,"networkCapabilities":"NET_CAPABILITY_NOT_METE...
[debug] &amp#27;[35m[ADB]&amp#27;[39m Running 'C:\Users\ANKIT\AppData\Local\Android\Sdk\platform-tools\adb.exe -P 5037 -s 0ac1d17f shell dumpsys window'
&amp#27;[35m[AndroidDriver]&amp#27;[39m Screen already unlocked, doing nothing
&amp#27;[35m[UiAutomator2]&amp#27;[39m Starting 'io.appium.android.apis/ApiDemos and waiting for 'io.appium.android.apis/ApiDemos'
[debug] &amp#27;[35m[ADB]&amp#27;[39m Running 'C:\Users\ANKIT\AppData\Local\Android\Sdk\platform-tools\adb.exe -P 5037 -s 0ac1d17f shell am start -W -n io.appium.android.apis/ApiDemos -S -a android.intent.action.MAIN -c android.intent.category.LAUNCHER -f 0x10200000'
[debug] &amp#27;[35m[ADB]&amp#27;[39m We tried to start an activity that doesn't exist, retrying with '.ApiDemos' activity name
[debug] &amp#27;[35m[ADB]&amp#27;[39m Running 'C:\Users\ANKIT\AppData\Local\Android\Sdk\platform-tools\adb.exe -P 5037 -s 0ac1d17f shell am start -W -n io.appium.android.apis/.ApiDemos -S -a android.intent.action.MAIN -c android.intent.category.LAUNCHER -f 0x10200000'
[debug] &amp#27;[35m[ADB]&amp#27;[39m Waiting up to 20000ms for activity matching pkg: 'io.appium.android.apis' and activity: 'ApiDemos' to be focused
[debug] &amp#27;[35m[ADB]&amp#27;[39m Possible activities, to be checked: 'ApiDemos', 'io.appium.android.apis.ApiDemos'
[debug] &amp#27;[35m[ADB]&amp#27;[39m Getting focused package and activity
[debug] &amp#27;[35m[ADB]&amp#27;[39m Running 'C:\Users\ANKIT\AppData\Local\Android\Sdk\platform-tools\adb.exe -P 5037 -s 0ac1d17f shell dumpsys window displays'
[debug] &amp#27;[35m[ADB]&amp#27;[39m Found package: 'com.google.android.permissioncontroller' and fully qualified activity name : 'com.android.permissioncontroller.permission.ui.ReviewPermissionsActivity'
[debug] &amp#27;[35m[ADB]&amp#27;[39m Incorrect package and activity. Retrying.
[debug] &amp#27;[35m[ADB]&amp#27;[39m Getting focused package and activity
[debug] &amp#27;[35m[ADB]&amp#27;[39m Running 'C:\Users\ANKIT\AppData\Local\Android\Sdk\platform-tools\adb.exe -P 5037 -s 0ac1d17f shell dumpsys window displays'
[debug] &amp#27;[35m[ADB]&amp#27;[39m Found package: 'com.google.android.permissioncontroller' and fully qualified activity name : 'com.android.permissioncontroller.permission.ui.ReviewPermissionsActivity'
[debug] &amp#27;[35m[ADB]&amp#27;[39m Incorrect package and activity. Retrying.
[debug] &amp#27;[35m[ADB]&amp#27;[39m Getting focused package and activity
[debug] &amp#27;[35m[ADB]&amp#27;[39m Running 'C:\Users\ANKIT\AppData\Local\Android\Sdk\platform-tools\adb.exe -P 5037 -s 0ac1d17f shell dumpsys window displays'
[debug] &amp#27;[35m[ADB]&amp#27;[39m Found package: 'com.google.android.permissioncontroller' and fully qualified activity name : 'com.android.permissioncontroller.permission.ui.ReviewPermissionsActivity'
[debug] &amp#27;[35m[ADB]&amp#27;[39m Incorrect package and activity. Retrying.
[debug] &amp#27;[35m[ADB]&amp#27;[39m Getting focused package and activity
[debug] &amp#27;[35m[ADB]&amp#27;[39m Running 'C:\Users\ANKIT\AppData\Local\Android\Sdk\platform-tools\adb.exe -P 5037 -s 0ac1d17f shell dumpsys window displays'
[debug] &amp#27;[35m[ADB]&amp#27;[39m Found package: 'io.appium.android.apis' and fully qualified activity name : 'io.appium.android.apis.ApiDemos'
[debug] &amp#27;[35m[WD Proxy]&amp#27;[39m Proxying [GET /appium/device/pixel_ratio] to [GET http://127.0.0.1:8202/wd/hub/session/f9bfbfa3-9069-45eb-aeb9-2af0fa2d8b6d/appium/device/pixel_ratio] with no body
[debug] &amp#27;[35m[WD Proxy]&amp#27;[39m Got response with status 200: {"sessionId":"f9bfbfa3-9069-45eb-aeb9-2af0fa2d8b6d","value":2.8125}
[debug] &amp#27;[35m[WD Proxy]&amp#27;[39m Matched '/appium/device/system_bars' to command name 'getSystemBars'
[debug] &amp#27;[35m[WD Proxy]&amp#27;[39m Proxying [GET /appium/device/system_bars] to [GET http://127.0.0.1:8202/wd/hub/session/f9bfbfa3-9069-45eb-aeb9-2af0fa2d8b6d/appium/device/system_bars] with no body
[debug] &amp#27;[35m[WD Proxy]&amp#27;[39m Got response with status 200: {"sessionId":"f9bfbfa3-9069-45eb-aeb9-2af0fa2d8b6d","value":{"statusBar":80}}
[debug] &amp#27;[35m[WD Proxy]&amp#27;[39m Matched '/window/current/size' to command name 'getWindowSize'
[debug] &amp#27;[35m[WD Proxy]&amp#27;[39m Proxying [GET /window/current/size] to [GET http://127.0.0.1:8202/wd/hub/session/f9bfbfa3-9069-45eb-aeb9-2af0fa2d8b6d/window/current/size] with no body
[debug] &amp#27;[35m[WD Proxy]&amp#27;[39m Got response with status 200: {"sessionId":"f9bfbfa3-9069-45eb-aeb9-2af0fa2d8b6d","value":{"height":2332,"width":1080}}
&amp#27;[35m[Appium]&amp#27;[39m New AndroidUiautomator2Driver session created successfully, session 664bd654-37fe-4443-85fd-7ce459e25c07 added to master session list
[debug] &amp#27;[35m[BaseDriver]&amp#27;[39m Event 'newSessionStarted' logged at 1619597971657 (13:49:31 GMT+0530 (India Standard Time))
[debug] &amp#27;[35m[W3C (664bd654)]&amp#27;[39m Cached the protocol value 'W3C' for the new session 664bd654-37fe-4443-85fd-7ce459e25c07
[debug] &amp#27;[35m[W3C (664bd654)]&amp#27;[39m Responding to client with driver.createSession() result: {"capabilities":{"platform":"LINUX","webStorageEnabled":false,"takesScreenshot":true,"javascriptEnabled":true,"databaseEnabled":false,"networkConnectionEnabled":true,"locationContextEnabled":false,"warnings":{},"desired":{"platformName":"android","app":"C:\\Users\\ANKIT\\eclipse-workspace\\AppiumFramework\\src\\ApiDemos-debug.apk","automationName":"uiautomator2","deviceName":"Android Device"},"platformName":"android","app":"C:\\Users\\ANKIT\\eclipse-workspace\\AppiumFramework\\src\\ApiDemos-debug.apk","automationName":"uiautomator2","deviceName":"0ac1d17f","deviceUDID":"0ac1d17f","appPackage":"io.appium.android.apis","deviceApiLevel":30,"platformVersion":"11","deviceScreenSize":"1080x2400","deviceScreenDensity":450,"deviceModel":"HD1901","deviceManufacturer":"OnePlus","pixelRatio":2.8125,"statBarHeight":80,"viewportRect":{"left":0,"top":80,"width":1080,"height":2252}}}
&amp#27;[35m[HTTP]&amp#27;[39m &amp#27;[37m<-- POST /wd/hub/session &amp#27;[39m&amp#27;[32m200&amp#27;[39m &amp#27;[90m14524 ms - 942&amp#27;[39m
&amp#27;[35m[HTTP]&amp#27;[39m &amp#27;[90m&amp#27;[39m
&amp#27;[35m[HTTP]&amp#27;[39m &amp#27;[37m-->&amp#27;[39m &amp#27;[37mPOST&amp#27;[39m &amp#27;[37m/wd/hub/session/664bd654-37fe-4443-85fd-7ce459e25c07/timeouts&amp#27;[39m
&amp#27;[35m[HTTP]&amp#27;[39m &amp#27;[90m{"implicit":10000}&amp#27;[39m
[debug] &amp#27;[35m[W3C (664bd654)]&amp#27;[39m Calling AppiumDriver.timeouts() with args: [null,null,null,null,10000,"664bd654-37fe-4443-85fd-7ce459e25c07"]
[debug] &amp#27;[35m[BaseDriver]&amp#27;[39m W3C timeout argument: {"implicit":10000}}
[debug] &amp#27;[35m[BaseDriver]&amp#27;[39m Set implicit wait to 10000ms
[debug] &amp#27;[35m[W3C (664bd654)]&amp#27;[39m Responding to client with driver.timeouts() result: null
&amp#27;[35m[HTTP]&amp#27;[39m &amp#27;[37m<-- POST /wd/hub/session/664bd654-37fe-4443-85fd-7ce459e25c07/timeouts &amp#27;[39m&amp#27;[32m200&amp#27;[39m &amp#27;[90m10 ms - 14&amp#27;[39m
&amp#27;[35m[HTTP]&amp#27;[39m &amp#27;[90m&amp#27;[39m
&amp#27;[35m[HTTP]&amp#27;[39m &amp#27;[37m-->&amp#27;[39m &amp#27;[37mGET&amp#27;[39m &amp#27;[37m/wd/hub/session/664bd654-37fe-4443-85fd-7ce459e25c07/context&amp#27;[39m
&amp#27;[35m[HTTP]&amp#27;[39m &amp#27;[90m{}&amp#27;[39m
[debug] &amp#27;[35m[W3C (664bd654)]&amp#27;[39m Calling AppiumDriver.getCurrentContext() with args: ["664bd654-37fe-4443-85fd-7ce459e25c07"]
[debug] &amp#27;[35m[W3C (664bd654)]&amp#27;[39m Responding to client with driver.getCurrentContext() result: "NATIVE_APP"
&amp#27;[35m[HTTP]&amp#27;[39m &amp#27;[37m<-- GET /wd/hub/session/664bd654-37fe-4443-85fd-7ce459e25c07/context &amp#27;[39m&amp#27;[32m200&amp#27;[39m &amp#27;[90m16 ms - 22&amp#27;[39m
&amp#27;[35m[HTTP]&amp#27;[39m &amp#27;[90m&amp#27;[39m
&amp#27;[35m[HTTP]&amp#27;[39m &amp#27;[37m-->&amp#27;[39m &amp#27;[37mPOST&amp#27;[39m &amp#27;[37m/wd/hub/session/664bd654-37fe-4443-85fd-7ce459e25c07/element&amp#27;[39m
&amp#27;[35m[HTTP]&amp#27;[39m &amp#27;[90m{"using":"xpath","value":"//android.widget.TextView[@text='Preference']"}&amp#27;[39m
[debug] &amp#27;[35m[W3C (664bd654)]&amp#27;[39m Calling AppiumDriver.findElement() with args: ["xpath","//android.widget.TextView[@text='Preference']","664bd654-37fe-4443-85fd-7ce459e25c07"]
[debug] &amp#27;[35m[BaseDriver]&amp#27;[39m Valid locator strategies for this request: xpath, id, class name, accessibility id, css selector, -android uiautomator
[debug] &amp#27;[35m[BaseDriver]&amp#27;[39m Waiting up to 10000 ms for condition
[debug] &amp#27;[35m[WD Proxy]&amp#27;[39m Matched '/element' to command name 'findElement'
[debug] &amp#27;[35m[WD Proxy]&amp#27;[39m Proxying [POST /element] to [POST http://127.0.0.1:8202/wd/hub/session/f9bfbfa3-9069-45eb-aeb9-2af0fa2d8b6d/element] with body: {"strategy":"xpath","selector":"//android.widget.TextView[@text='Preference']","context":"","multiple":false}
&amp#27;[35m[WD Proxy]&amp#27;[39m Got response with status 404: {"sessionId":"f9bfbfa3-9069-45eb-aeb9-2af0fa2d8b6d","value":{"error":"no such element","message":"An element could not be located on the page using the given search parameters","stacktrace":"io.appium.uiautomator2.common.exceptions.ElementNotFoundException: An element could not be located on the page using the given search parameters\n\tat io.appium.uiautomator2.handler.FindElement.findElement(FindElement.java:91)\n\tat io.appium.uiautomator2.handler.FindElement.safeHandle(FindElement.java:68)\n\tat io.appium.uiautomator2.handler.request.SafeRequestHandler.handle(SafeRequestHandler.java:41)\n\tat io.appium.uiautomator2.server.AppiumServlet.handleRequest(AppiumServlet.java:261)\n\tat io.appium.uiautomator2.server.AppiumServlet.handleHttpRequest(AppiumServlet.java:255)\n\tat io.appium.uiautomator2.http.ServerHandler.channelRead(ServerHandler.java:68)\n\tat io.netty.channel.AbstractChannelHandlerContext.invokeChannelRead(AbstractChannelHandlerContext.java:366)\n\tat io.netty.channel.AbstractChannelHandlerCont...
[debug] &amp#27;[35m[W3C]&amp#27;[39m Matched W3C error code 'no such element' to NoSuchElementError
[debug] &amp#27;[35m[BaseDriver]&amp#27;[39m Waited for 932 ms so far
[debug] &amp#27;[35m[WD Proxy]&amp#27;[39m Matched '/element' to command name 'findElement'
[debug] &amp#27;[35m[WD Proxy]&amp#27;[39m Proxying [POST /element] to [POST http://127.0.0.1:8202/wd/hub/session/f9bfbfa3-9069-45eb-aeb9-2af0fa2d8b6d/element] with body: {"strategy":"xpath","selector":"//android.widget.TextView[@text='Preference']","context":"","multiple":false}
[debug] &amp#27;[35m[WD Proxy]&amp#27;[39m Got response with status 200: {"sessionId":"f9bfbfa3-9069-45eb-aeb9-2af0fa2d8b6d","value":{"ELEMENT":"918a8a05-983c-4698-a043-4b20723b8947","element-6066-11e4-a52e-4f735466cecf":"918a8a05-983c-4698-a043-4b20723b8947"}}
[debug] &amp#27;[35m[W3C (664bd654)]&amp#27;[39m Responding to client with driver.findElement() result: {"element-6066-11e4-a52e-4f735466cecf":"918a8a05-983c-4698-a043-4b20723b8947","ELEMENT":"918a8a05-983c-4698-a043-4b20723b8947"}
&amp#27;[35m[HTTP]&amp#27;[39m &amp#27;[37m<-- POST /wd/hub/session/664bd654-37fe-4443-85fd-7ce459e25c07/element &amp#27;[39m&amp#27;[32m200&amp#27;[39m &amp#27;[90m1772 ms - 137&amp#27;[39m
&amp#27;[35m[HTTP]&amp#27;[39m &amp#27;[90m&amp#27;[39m
&amp#27;[35m[HTTP]&amp#27;[39m &amp#27;[37m-->&amp#27;[39m &amp#27;[37mPOST&amp#27;[39m &amp#27;[37m/wd/hub/session/664bd654-37fe-4443-85fd-7ce459e25c07/element/918a8a05-983c-4698-a043-4b20723b8947/click&amp#27;[39m
&amp#27;[35m[HTTP]&amp#27;[39m &amp#27;[90m{"id":"918a8a05-983c-4698-a043-4b20723b8947"}&amp#27;[39m
[debug] &amp#27;[35m[W3C (664bd654)]&amp#27;[39m Calling AppiumDriver.click() with args: ["918a8a05-983c-4698-a043-4b20723b8947","664bd654-37fe-4443-85fd-7ce459e25c07"]
[debug] &amp#27;[35m[WD Proxy]&amp#27;[39m Matched '/element/918a8a05-983c-4698-a043-4b20723b8947/click' to command name 'click'
[debug] &amp#27;[35m[WD Proxy]&amp#27;[39m Proxying [POST /element/918a8a05-983c-4698-a043-4b20723b8947/click] to [POST http://127.0.0.1:8202/wd/hub/session/f9bfbfa3-9069-45eb-aeb9-2af0fa2d8b6d/element/918a8a05-983c-4698-a043-4b20723b8947/click] with body: {"element":"918a8a05-983c-4698-a043-4b20723b8947"}
[debug] &amp#27;[35m[WD Proxy]&amp#27;[39m Got response with status 200: {"sessionId":"f9bfbfa3-9069-45eb-aeb9-2af0fa2d8b6d","value":null}
[debug] &amp#27;[35m[W3C (664bd654)]&amp#27;[39m Responding to client with driver.click() result: null
&amp#27;[35m[HTTP]&amp#27;[39m &amp#27;[37m<-- POST /wd/hub/session/664bd654-37fe-4443-85fd-7ce459e25c07/element/918a8a05-983c-4698-a043-4b20723b8947/click &amp#27;[39m&amp#27;[32m200&amp#27;[39m &amp#27;[90m840 ms - 14&amp#27;[39m
&amp#27;[35m[HTTP]&amp#27;[39m &amp#27;[90m&amp#27;[39m
&amp#27;[35m[HTTP]&amp#27;[39m &amp#27;[37m-->&amp#27;[39m &amp#27;[37mGET&amp#27;[39m &amp#27;[37m/wd/hub/session/664bd654-37fe-4443-85fd-7ce459e25c07/context&amp#27;[39m
&amp#27;[35m[HTTP]&amp#27;[39m &amp#27;[90m{}&amp#27;[39m
[debug] &amp#27;[35m[W3C (664bd654)]&amp#27;[39m Calling AppiumDriver.getCurrentContext() with args: ["664bd654-37fe-4443-85fd-7ce459e25c07"]
[debug] &amp#27;[35m[W3C (664bd654)]&amp#27;[39m Responding to client with driver.getCurrentContext() result: "NATIVE_APP"
&amp#27;[35m[HTTP]&amp#27;[39m &amp#27;[37m<-- GET /wd/hub/session/664bd654-37fe-4443-85fd-7ce459e25c07/context &amp#27;[39m&amp#27;[32m200&amp#27;[39m &amp#27;[90m8 ms - 22&amp#27;[39m
&amp#27;[35m[HTTP]&amp#27;[39m &amp#27;[90m&amp#27;[39m
&amp#27;[35m[HTTP]&amp#27;[39m &amp#27;[37m-->&amp#27;[39m &amp#27;[37mPOST&amp#27;[39m &amp#27;[37m/wd/hub/session/664bd654-37fe-4443-85fd-7ce459e25c07/element&amp#27;[39m
&amp#27;[35m[HTTP]&amp#27;[39m &amp#27;[90m{"using":"xpath","value":"//android.widget.TextView[@text='3. Preference dependencies']"}&amp#27;[39m
[debug] &amp#27;[35m[W3C (664bd654)]&amp#27;[39m Calling AppiumDriver.findElement() with args: ["xpath","//android.widget.TextView[@text='3. Preference dependencies']","664bd654-37fe-4443-85fd-7ce459e25c07"]
[debug] &amp#27;[35m[BaseDriver]&amp#27;[39m Valid locator strategies for this request: xpath, id, class name, accessibility id, css selector, -android uiautomator
[debug] &amp#27;[35m[BaseDriver]&amp#27;[39m Waiting up to 10000 ms for condition
[debug] &amp#27;[35m[WD Proxy]&amp#27;[39m Matched '/element' to command name 'findElement'
[debug] &amp#27;[35m[WD Proxy]&amp#27;[39m Proxying [POST /element] to [POST http://127.0.0.1:8202/wd/hub/session/f9bfbfa3-9069-45eb-aeb9-2af0fa2d8b6d/element] with body: {"strategy":"xpath","selector":"//android.widget.TextView[@text='3. Preference dependencies']","context":"","multiple":false}
[debug] &amp#27;[35m[WD Proxy]&amp#27;[39m Got response with status 200: {"sessionId":"f9bfbfa3-9069-45eb-aeb9-2af0fa2d8b6d","value":{"ELEMENT":"c4e81003-5dac-4111-b860-fce38f001082","element-6066-11e4-a52e-4f735466cecf":"c4e81003-5dac-4111-b860-fce38f001082"}}
[debug] &amp#27;[35m[W3C (664bd654)]&amp#27;[39m Responding to client with driver.findElement() result: {"element-6066-11e4-a52e-4f735466cecf":"c4e81003-5dac-4111-b860-fce38f001082","ELEMENT":"c4e81003-5dac-4111-b860-fce38f001082"}
&amp#27;[35m[HTTP]&amp#27;[39m &amp#27;[37m<-- POST /wd/hub/session/664bd654-37fe-4443-85fd-7ce459e25c07/element &amp#27;[39m&amp#27;[32m200&amp#27;[39m &amp#27;[90m116 ms - 137&amp#27;[39m
&amp#27;[35m[HTTP]&amp#27;[39m &amp#27;[90m&amp#27;[39m
&amp#27;[35m[HTTP]&amp#27;[39m &amp#27;[37m-->&amp#27;[39m &amp#27;[37mPOST&amp#27;[39m &amp#27;[37m/wd/hub/session/664bd654-37fe-4443-85fd-7ce459e25c07/element/c4e81003-5dac-4111-b860-fce38f001082/click&amp#27;[39m
&amp#27;[35m[HTTP]&amp#27;[39m &amp#27;[90m{"id":"c4e81003-5dac-4111-b860-fce38f001082"}&amp#27;[39m
[debug] &amp#27;[35m[W3C (664bd654)]&amp#27;[39m Calling AppiumDriver.click() with args: ["c4e81003-5dac-4111-b860-fce38f001082","664bd654-37fe-4443-85fd-7ce459e25c07"]
[debug] &amp#27;[35m[WD Proxy]&amp#27;[39m Matched '/element/c4e81003-5dac-4111-b860-fce38f001082/click' to command name 'click'
[debug] &amp#27;[35m[WD Proxy]&amp#27;[39m Proxying [POST /element/c4e81003-5dac-4111-b860-fce38f001082/click] to [POST http://127.0.0.1:8202/wd/hub/session/f9bfbfa3-9069-45eb-aeb9-2af0fa2d8b6d/element/c4e81003-5dac-4111-b860-fce38f001082/click] with body: {"element":"c4e81003-5dac-4111-b860-fce38f001082"}
[debug] &amp#27;[35m[WD Proxy]&amp#27;[39m Got response with status 200: {"sessionId":"f9bfbfa3-9069-45eb-aeb9-2af0fa2d8b6d","value":null}
[debug] &amp#27;[35m[W3C (664bd654)]&amp#27;[39m Responding to client with driver.click() result: null
&amp#27;[35m[HTTP]&amp#27;[39m &amp#27;[37m<-- POST /wd/hub/session/664bd654-37fe-4443-85fd-7ce459e25c07/element/c4e81003-5dac-4111-b860-fce38f001082/click &amp#27;[39m&amp#27;[32m200&amp#27;[39m &amp#27;[90m803 ms - 14&amp#27;[39m
&amp#27;[35m[HTTP]&amp#27;[39m &amp#27;[90m&amp#27;[39m
&amp#27;[35m[HTTP]&amp#27;[39m &amp#27;[37m-->&amp#27;[39m &amp#27;[37mGET&amp#27;[39m &amp#27;[37m/wd/hub/session/664bd654-37fe-4443-85fd-7ce459e25c07/context&amp#27;[39m
&amp#27;[35m[HTTP]&amp#27;[39m &amp#27;[90m{}&amp#27;[39m
[debug] &amp#27;[35m[W3C (664bd654)]&amp#27;[39m Calling AppiumDriver.getCurrentContext() with args: ["664bd654-37fe-4443-85fd-7ce459e25c07"]
[debug] &amp#27;[35m[W3C (664bd654)]&amp#27;[39m Responding to client with driver.getCurrentContext() result: "NATIVE_APP"
&amp#27;[35m[HTTP]&amp#27;[39m &amp#27;[37m<-- GET /wd/hub/session/664bd654-37fe-4443-85fd-7ce459e25c07/context &amp#27;[39m&amp#27;[32m200&amp#27;[39m &amp#27;[90m3 ms - 22&amp#27;[39m
&amp#27;[35m[HTTP]&amp#27;[39m &amp#27;[90m&amp#27;[39m
&amp#27;[35m[HTTP]&amp#27;[39m &amp#27;[37m-->&amp#27;[39m &amp#27;[37mPOST&amp#27;[39m &amp#27;[37m/wd/hub/session/664bd654-37fe-4443-85fd-7ce459e25c07/element&amp#27;[39m
&amp#27;[35m[HTTP]&amp#27;[39m &amp#27;[90m{"using":"id","value":"android:id/checkbox"}&amp#27;[39m
[debug] &amp#27;[35m[W3C (664bd654)]&amp#27;[39m Calling AppiumDriver.findElement() with args: ["id","android:id/checkbox","664bd654-37fe-4443-85fd-7ce459e25c07"]
[debug] &amp#27;[35m[BaseDriver]&amp#27;[39m Valid locator strategies for this request: xpath, id, class name, accessibility id, css selector, -android uiautomator
[debug] &amp#27;[35m[BaseDriver]&amp#27;[39m Waiting up to 10000 ms for condition
[debug] &amp#27;[35m[WD Proxy]&amp#27;[39m Matched '/element' to command name 'findElement'
[debug] &amp#27;[35m[WD Proxy]&amp#27;[39m Proxying [POST /element] to [POST http://127.0.0.1:8202/wd/hub/session/f9bfbfa3-9069-45eb-aeb9-2af0fa2d8b6d/element] with body: {"strategy":"id","selector":"android:id/checkbox","context":"","multiple":false}
[debug] &amp#27;[35m[WD Proxy]&amp#27;[39m Got response with status 200: {"sessionId":"f9bfbfa3-9069-45eb-aeb9-2af0fa2d8b6d","value":{"ELEMENT":"1adb0d97-6e85-485a-b089-3910ef99c940","element-6066-11e4-a52e-4f735466cecf":"1adb0d97-6e85-485a-b089-3910ef99c940"}}
[debug] &amp#27;[35m[W3C (664bd654)]&amp#27;[39m Responding to client with driver.findElement() result: {"element-6066-11e4-a52e-4f735466cecf":"1adb0d97-6e85-485a-b089-3910ef99c940","ELEMENT":"1adb0d97-6e85-485a-b089-3910ef99c940"}
&amp#27;[35m[HTTP]&amp#27;[39m &amp#27;[37m<-- POST /wd/hub/session/664bd654-37fe-4443-85fd-7ce459e25c07/element &amp#27;[39m&amp#27;[32m200&amp#27;[39m &amp#27;[90m82 ms - 137&amp#27;[39m
&amp#27;[35m[HTTP]&amp#27;[39m &amp#27;[90m&amp#27;[39m
&amp#27;[35m[HTTP]&amp#27;[39m &amp#27;[37m-->&amp#27;[39m &amp#27;[37mPOST&amp#27;[39m &amp#27;[37m/wd/hub/session/664bd654-37fe-4443-85fd-7ce459e25c07/element/1adb0d97-6e85-485a-b089-3910ef99c940/click&amp#27;[39m
&amp#27;[35m[HTTP]&amp#27;[39m &amp#27;[90m{"id":"1adb0d97-6e85-485a-b089-3910ef99c940"}&amp#27;[39m
[debug] &amp#27;[35m[W3C (664bd654)]&amp#27;[39m Calling AppiumDriver.click() with args: ["1adb0d97-6e85-485a-b089-3910ef99c940","664bd654-37fe-4443-85fd-7ce459e25c07"]
[debug] &amp#27;[35m[WD Proxy]&amp#27;[39m Matched '/element/1adb0d97-6e85-485a-b089-3910ef99c940/click' to command name 'click'
[debug] &amp#27;[35m[WD Proxy]&amp#27;[39m Proxying [POST /element/1adb0d97-6e85-485a-b089-3910ef99c940/click] to [POST http://127.0.0.1:8202/wd/hub/session/f9bfbfa3-9069-45eb-aeb9-2af0fa2d8b6d/element/1adb0d97-6e85-485a-b089-3910ef99c940/click] with body: {"element":"1adb0d97-6e85-485a-b089-3910ef99c940"}
[debug] &amp#27;[35m[WD Proxy]&amp#27;[39m Got response with status 200: {"sessionId":"f9bfbfa3-9069-45eb-aeb9-2af0fa2d8b6d","value":null}
[debug] &amp#27;[35m[W3C (664bd654)]&amp#27;[39m Responding to client with driver.click() result: null
&amp#27;[35m[HTTP]&amp#27;[39m &amp#27;[37m<-- POST /wd/hub/session/664bd654-37fe-4443-85fd-7ce459e25c07/element/1adb0d97-6e85-485a-b089-3910ef99c940/click &amp#27;[39m&amp#27;[32m200&amp#27;[39m &amp#27;[90m693 ms - 14&amp#27;[39m
&amp#27;[35m[HTTP]&amp#27;[39m &amp#27;[90m&amp#27;[39m
&amp#27;[35m[HTTP]&amp#27;[39m &amp#27;[37m-->&amp#27;[39m &amp#27;[37mGET&amp#27;[39m &amp#27;[37m/wd/hub/session/664bd654-37fe-4443-85fd-7ce459e25c07/context&amp#27;[39m
&amp#27;[35m[HTTP]&amp#27;[39m &amp#27;[90m{}&amp#27;[39m
[debug] &amp#27;[35m[W3C (664bd654)]&amp#27;[39m Calling AppiumDriver.getCurrentContext() with args: ["664bd654-37fe-4443-85fd-7ce459e25c07"]
[debug] &amp#27;[35m[W3C (664bd654)]&amp#27;[39m Responding to client with driver.getCurrentContext() result: "NATIVE_APP"
&amp#27;[35m[HTTP]&amp#27;[39m &amp#27;[37m<-- GET /wd/hub/session/664bd654-37fe-4443-85fd-7ce459e25c07/context &amp#27;[39m&amp#27;[32m200&amp#27;[39m &amp#27;[90m3 ms - 22&amp#27;[39m
&amp#27;[35m[HTTP]&amp#27;[39m &amp#27;[90m&amp#27;[39m
&amp#27;[35m[HTTP]&amp#27;[39m &amp#27;[37m-->&amp#27;[39m &amp#27;[37mPOST&amp#27;[39m &amp#27;[37m/wd/hub/session/664bd654-37fe-4443-85fd-7ce459e25c07/element&amp#27;[39m
&amp#27;[35m[HTTP]&amp#27;[39m &amp#27;[90m{"using":"xpath","value":"(//android.widget.RelativeLayout)[2]"}&amp#27;[39m
[debug] &amp#27;[35m[W3C (664bd654)]&amp#27;[39m Calling AppiumDriver.findElement() with args: ["xpath","(//android.widget.RelativeLayout)[2]","664bd654-37fe-4443-85fd-7ce459e25c07"]
[debug] &amp#27;[35m[BaseDriver]&amp#27;[39m Valid locator strategies for this request: xpath, id, class name, accessibility id, css selector, -android uiautomator
[debug] &amp#27;[35m[BaseDriver]&amp#27;[39m Waiting up to 10000 ms for condition
[debug] &amp#27;[35m[WD Proxy]&amp#27;[39m Matched '/element' to command name 'findElement'
[debug] &amp#27;[35m[WD Proxy]&amp#27;[39m Proxying [POST /element] to [POST http://127.0.0.1:8202/wd/hub/session/f9bfbfa3-9069-45eb-aeb9-2af0fa2d8b6d/element] with body: {"strategy":"xpath","selector":"(//android.widget.RelativeLayout)[2]","context":"","multiple":false}
[debug] &amp#27;[35m[WD Proxy]&amp#27;[39m Got response with status 200: {"sessionId":"f9bfbfa3-9069-45eb-aeb9-2af0fa2d8b6d","value":{"ELEMENT":"3616e571-491c-4796-800c-fe5ff4aa08b8","element-6066-11e4-a52e-4f735466cecf":"3616e571-491c-4796-800c-fe5ff4aa08b8"}}
[debug] &amp#27;[35m[W3C (664bd654)]&amp#27;[39m Responding to client with driver.findElement() result: {"element-6066-11e4-a52e-4f735466cecf":"3616e571-491c-4796-800c-fe5ff4aa08b8","ELEMENT":"3616e571-491c-4796-800c-fe5ff4aa08b8"}
&amp#27;[35m[HTTP]&amp#27;[39m &amp#27;[37m<-- POST /wd/hub/session/664bd654-37fe-4443-85fd-7ce459e25c07/element &amp#27;[39m&amp#27;[32m200&amp#27;[39m &amp#27;[90m126 ms - 137&amp#27;[39m
&amp#27;[35m[HTTP]&amp#27;[39m &amp#27;[90m&amp#27;[39m
&amp#27;[35m[HTTP]&amp#27;[39m &amp#27;[37m-->&amp#27;[39m &amp#27;[37mPOST&amp#27;[39m &amp#27;[37m/wd/hub/session/664bd654-37fe-4443-85fd-7ce459e25c07/element/3616e571-491c-4796-800c-fe5ff4aa08b8/click&amp#27;[39m
&amp#27;[35m[HTTP]&amp#27;[39m &amp#27;[90m{"id":"3616e571-491c-4796-800c-fe5ff4aa08b8"}&amp#27;[39m
[debug] &amp#27;[35m[W3C (664bd654)]&amp#27;[39m Calling AppiumDriver.click() with args: ["3616e571-491c-4796-800c-fe5ff4aa08b8","664bd654-37fe-4443-85fd-7ce459e25c07"]
[debug] &amp#27;[35m[WD Proxy]&amp#27;[39m Matched '/element/3616e571-491c-4796-800c-fe5ff4aa08b8/click' to command name 'click'
[debug] &amp#27;[35m[WD Proxy]&amp#27;[39m Proxying [POST /element/3616e571-491c-4796-800c-fe5ff4aa08b8/click] to [POST http://127.0.0.1:8202/wd/hub/session/f9bfbfa3-9069-45eb-aeb9-2af0fa2d8b6d/element/3616e571-491c-4796-800c-fe5ff4aa08b8/click] with body: {"element":"3616e571-491c-4796-800c-fe5ff4aa08b8"}
[debug] &amp#27;[35m[WD Proxy]&amp#27;[39m Got response with status 200: {"sessionId":"f9bfbfa3-9069-45eb-aeb9-2af0fa2d8b6d","value":null}
[debug] &amp#27;[35m[W3C (664bd654)]&amp#27;[39m Responding to client with driver.click() result: null
&amp#27;[35m[HTTP]&amp#27;[39m &amp#27;[37m<-- POST /wd/hub/session/664bd654-37fe-4443-85fd-7ce459e25c07/element/3616e571-491c-4796-800c-fe5ff4aa08b8/click &amp#27;[39m&amp#27;[32m200&amp#27;[39m &amp#27;[90m1957 ms - 14&amp#27;[39m
&amp#27;[35m[HTTP]&amp#27;[39m &amp#27;[90m&amp#27;[39m
&amp#27;[35m[HTTP]&amp#27;[39m &amp#27;[37m-->&amp#27;[39m &amp#27;[37mGET&amp#27;[39m &amp#27;[37m/wd/hub/session/664bd654-37fe-4443-85fd-7ce459e25c07/context&amp#27;[39m
&amp#27;[35m[HTTP]&amp#27;[39m &amp#27;[90m{}&amp#27;[39m
[debug] &amp#27;[35m[W3C (664bd654)]&amp#27;[39m Calling AppiumDriver.getCurrentContext() with args: ["664bd654-37fe-4443-85fd-7ce459e25c07"]
[debug] &amp#27;[35m[W3C (664bd654)]&amp#27;[39m Responding to client with driver.getCurrentContext() result: "NATIVE_APP"
&amp#27;[35m[HTTP]&amp#27;[39m &amp#27;[37m<-- GET /wd/hub/session/664bd654-37fe-4443-85fd-7ce459e25c07/context &amp#27;[39m&amp#27;[32m200&amp#27;[39m &amp#27;[90m3 ms - 22&amp#27;[39m
&amp#27;[35m[HTTP]&amp#27;[39m &amp#27;[90m&amp#27;[39m
&amp#27;[35m[HTTP]&amp#27;[39m &amp#27;[37m-->&amp#27;[39m &amp#27;[37mPOST&amp#27;[39m &amp#27;[37m/wd/hub/session/664bd654-37fe-4443-85fd-7ce459e25c07/element&amp#27;[39m
&amp#27;[35m[HTTP]&amp#27;[39m &amp#27;[90m{"using":"class name","value":"android.widget.EditText"}&amp#27;[39m
[debug] &amp#27;[35m[W3C (664bd654)]&amp#27;[39m Calling AppiumDriver.findElement() with args: ["class name","android.widget.EditText","664bd654-37fe-4443-85fd-7ce459e25c07"]
[debug] &amp#27;[35m[BaseDriver]&amp#27;[39m Valid locator strategies for this request: xpath, id, class name, accessibility id, css selector, -android uiautomator
[debug] &amp#27;[35m[BaseDriver]&amp#27;[39m Waiting up to 10000 ms for condition
[debug] &amp#27;[35m[WD Proxy]&amp#27;[39m Matched '/element' to command name 'findElement'
[debug] &amp#27;[35m[WD Proxy]&amp#27;[39m Proxying [POST /element] to [POST http://127.0.0.1:8202/wd/hub/session/f9bfbfa3-9069-45eb-aeb9-2af0fa2d8b6d/element] with body: {"strategy":"class name","selector":"android.widget.EditText","context":"","multiple":false}
[debug] &amp#27;[35m[WD Proxy]&amp#27;[39m Got response with status 200: {"sessionId":"f9bfbfa3-9069-45eb-aeb9-2af0fa2d8b6d","value":{"ELEMENT":"53f37e6d-90a4-4fa3-8851-bd04eab03d1f","element-6066-11e4-a52e-4f735466cecf":"53f37e6d-90a4-4fa3-8851-bd04eab03d1f"}}
[debug] &amp#27;[35m[W3C (664bd654)]&amp#27;[39m Responding to client with driver.findElement() result: {"element-6066-11e4-a52e-4f735466cecf":"53f37e6d-90a4-4fa3-8851-bd04eab03d1f","ELEMENT":"53f37e6d-90a4-4fa3-8851-bd04eab03d1f"}
&amp#27;[35m[HTTP]&amp#27;[39m &amp#27;[37m<-- POST /wd/hub/session/664bd654-37fe-4443-85fd-7ce459e25c07/element &amp#27;[39m&amp#27;[32m200&amp#27;[39m &amp#27;[90m921 ms - 137&amp#27;[39m
&amp#27;[35m[HTTP]&amp#27;[39m &amp#27;[90m&amp#27;[39m
&amp#27;[35m[HTTP]&amp#27;[39m &amp#27;[37m-->&amp#27;[39m &amp#27;[37mPOST&amp#27;[39m &amp#27;[37m/wd/hub/session/664bd654-37fe-4443-85fd-7ce459e25c07/element/53f37e6d-90a4-4fa3-8851-bd04eab03d1f/value&amp#27;[39m
&amp#27;[35m[HTTP]&amp#27;[39m &amp#27;[90m{"id":"53f37e6d-90a4-4fa3-8851-bd04eab03d1f","text":"hello","value":["h","e","l","l","o"]}&amp#27;[39m
[debug] &amp#27;[35m[W3C (664bd654)]&amp#27;[39m Calling AppiumDriver.setValue() with args: [["h","e","l","l","o"],"53f37e6d-90a4-4fa3-8851-bd04eab03d1f","664bd654-37fe-4443-85fd-7ce459e25c07"]
[debug] &amp#27;[35m[WD Proxy]&amp#27;[39m Matched '/element/53f37e6d-90a4-4fa3-8851-bd04eab03d1f/value' to command name 'setValue'
[debug] &amp#27;[35m[Protocol Converter]&amp#27;[39m Added 'value' property ["h","e","l","l","o"] to 'setValue' request body
[debug] &amp#27;[35m[WD Proxy]&amp#27;[39m Proxying [POST /element/53f37e6d-90a4-4fa3-8851-bd04eab03d1f/value] to [POST http://127.0.0.1:8202/wd/hub/session/f9bfbfa3-9069-45eb-aeb9-2af0fa2d8b6d/element/53f37e6d-90a4-4fa3-8851-bd04eab03d1f/value] with body: {"elementId":"53f37e6d-90a4-4fa3-8851-bd04eab03d1f","text":"hello","replace":false,"value":["h","e","l","l","o"]}
[debug] &amp#27;[35m[WD Proxy]&amp#27;[39m Got response with status 200: {"sessionId":"f9bfbfa3-9069-45eb-aeb9-2af0fa2d8b6d","value":null}
[debug] &amp#27;[35m[W3C (664bd654)]&amp#27;[39m Responding to client with driver.setValue() result: null
&amp#27;[35m[HTTP]&amp#27;[39m &amp#27;[37m<-- POST /wd/hub/session/664bd654-37fe-4443-85fd-7ce459e25c07/element/53f37e6d-90a4-4fa3-8851-bd04eab03d1f/value &amp#27;[39m&amp#27;[32m200&amp#27;[39m &amp#27;[90m98 ms - 14&amp#27;[39m
&amp#27;[35m[HTTP]&amp#27;[39m &amp#27;[90m&amp#27;[39m
&amp#27;[35m[HTTP]&amp#27;[39m &amp#27;[37m-->&amp#27;[39m &amp#27;[37mGET&amp#27;[39m &amp#27;[37m/wd/hub/session/664bd654-37fe-4443-85fd-7ce459e25c07/context&amp#27;[39m
&amp#27;[35m[HTTP]&amp#27;[39m &amp#27;[90m{}&amp#27;[39m
[debug] &amp#27;[35m[W3C (664bd654)]&amp#27;[39m Calling AppiumDriver.getCurrentContext() with args: ["664bd654-37fe-4443-85fd-7ce459e25c07"]
[debug] &amp#27;[35m[W3C (664bd654)]&amp#27;[39m Responding to client with driver.getCurrentContext() result: "NATIVE_APP"
&amp#27;[35m[HTTP]&amp#27;[39m &amp#27;[37m<-- GET /wd/hub/session/664bd654-37fe-4443-85fd-7ce459e25c07/context &amp#27;[39m&amp#27;[32m200&amp#27;[39m &amp#27;[90m2 ms - 22&amp#27;[39m
&amp#27;[35m[HTTP]&amp#27;[39m &amp#27;[90m&amp#27;[39m
&amp#27;[35m[HTTP]&amp#27;[39m &amp#27;[37m-->&amp#27;[39m &amp#27;[37mPOST&amp#27;[39m &amp#27;[37m/wd/hub/session/664bd654-37fe-4443-85fd-7ce459e25c07/elements&amp#27;[39m
&amp#27;[35m[HTTP]&amp#27;[39m &amp#27;[90m{"using":"class name","value":"android.widget.Button"}&amp#27;[39m
[debug] &amp#27;[35m[W3C (664bd654)]&amp#27;[39m Calling AppiumDriver.findElements() with args: ["class name","android.widget.Button","664bd654-37fe-4443-85fd-7ce459e25c07"]
[debug] &amp#27;[35m[BaseDriver]&amp#27;[39m Valid locator strategies for this request: xpath, id, class name, accessibility id, css selector, -android uiautomator
[debug] &amp#27;[35m[BaseDriver]&amp#27;[39m Waiting up to 10000 ms for condition
[debug] &amp#27;[35m[WD Proxy]&amp#27;[39m Matched '/elements' to command name 'findElements'
[debug] &amp#27;[35m[WD Proxy]&amp#27;[39m Proxying [POST /elements] to [POST http://127.0.0.1:8202/wd/hub/session/f9bfbfa3-9069-45eb-aeb9-2af0fa2d8b6d/elements] with body: {"strategy":"class name","selector":"android.widget.Button","context":"","multiple":true}
[debug] &amp#27;[35m[WD Proxy]&amp#27;[39m Got response with status 200: {"sessionId":"f9bfbfa3-9069-45eb-aeb9-2af0fa2d8b6d","value":[{"ELEMENT":"2087d109-98ef-4323-b7a2-6b294c1f6cae","element-6066-11e4-a52e-4f735466cecf":"2087d109-98ef-4323-b7a2-6b294c1f6cae"},{"ELEMENT":"b6c0bf61-2ee7-4f0a-9307-b1e48a6a30d8","element-6066-11e4-a52e-4f735466cecf":"b6c0bf61-2ee7-4f0a-9307-b1e48a6a30d8"}]}
[debug] &amp#27;[35m[W3C (664bd654)]&amp#27;[39m Responding to client with driver.findElements() result: [{"element-6066-11e4-a52e-4f735466cecf":"2087d109-98ef-4323-b7a2-6b294c1f6cae","ELEMENT":"2087d109-98ef-4323-b7a2-6b294c1f6cae"},{"element-6066-11e4-a52e-4f735466cecf":"b6c0bf61-2ee7-4f0a-9307-b1e48a6a30d8","ELEMENT":"b6c0bf61-2ee7-4f0a-9307-b1e48a6a30d8"}]
&amp#27;[35m[HTTP]&amp#27;[39m &amp#27;[37m<-- POST /wd/hub/session/664bd654-37fe-4443-85fd-7ce459e25c07/elements &amp#27;[39m&amp#27;[32m200&amp#27;[39m &amp#27;[90m1004 ms - 267&amp#27;[39m
&amp#27;[35m[HTTP]&amp#27;[39m &amp#27;[90m&amp#27;[39m
&amp#27;[35m[HTTP]&amp#27;[39m &amp#27;[37m-->&amp#27;[39m &amp#27;[37mPOST&amp#27;[39m &amp#27;[37m/wd/hub/session/664bd654-37fe-4443-85fd-7ce459e25c07/element/b6c0bf61-2ee7-4f0a-9307-b1e48a6a30d8/click&amp#27;[39m
&amp#27;[35m[HTTP]&amp#27;[39m &amp#27;[90m{"id":"b6c0bf61-2ee7-4f0a-9307-b1e48a6a30d8"}&amp#27;[39m
[debug] &amp#27;[35m[W3C (664bd654)]&amp#27;[39m Calling AppiumDriver.click() with args: ["b6c0bf61-2ee7-4f0a-9307-b1e48a6a30d8","664bd654-37fe-4443-85fd-7ce459e25c07"]
[debug] &amp#27;[35m[WD Proxy]&amp#27;[39m Matched '/element/b6c0bf61-2ee7-4f0a-9307-b1e48a6a30d8/click' to command name 'click'
[debug] &amp#27;[35m[WD Proxy]&amp#27;[39m Proxying [POST /element/b6c0bf61-2ee7-4f0a-9307-b1e48a6a30d8/click] to [POST http://127.0.0.1:8202/wd/hub/session/f9bfbfa3-9069-45eb-aeb9-2af0fa2d8b6d/element/b6c0bf61-2ee7-4f0a-9307-b1e48a6a30d8/click] with body: {"element":"b6c0bf61-2ee7-4f0a-9307-b1e48a6a30d8"}
[debug] &amp#27;[35m[WD Proxy]&amp#27;[39m Got response with status 200: {"sessionId":"f9bfbfa3-9069-45eb-aeb9-2af0fa2d8b6d","value":null}
[debug] &amp#27;[35m[W3C (664bd654)]&amp#27;[39m Responding to client with driver.click() result: null
&amp#27;[35m[HTTP]&amp#27;[39m &amp#27;[37m<-- POST /wd/hub/session/664bd654-37fe-4443-85fd-7ce459e25c07/element/b6c0bf61-2ee7-4f0a-9307-b1e48a6a30d8/click &amp#27;[39m&amp#27;[32m200&amp#27;[39m &amp#27;[90m101 ms - 14&amp#27;[39m
&amp#27;[35m[HTTP]&amp#27;[39m &amp#27;[90m&amp#27;[39m
]]></system-out>
    <system-err><![CDATA[Apr 28, 2021 1:49:31 PM io.appium.java_client.remote.AppiumCommandExecutor$1 lambda$0
INFO: Detected dialect: W3C
]]></system-err>
  </testcase>
  <testcase name="WifiSettingsTest[@#@SD](2)" classname="MobileAutomation.AppiumFramework.ApiDemosTC" time="26.418">
    <system-out><![CDATA[&amp#27;[35m[Appium]&amp#27;[39m Welcome to Appium v1.20.2
&amp#27;[35m[Appium]&amp#27;[39m Appium REST http interface listener started on 0.0.0.0:4723
&amp#27;[35m[HTTP]&amp#27;[39m &amp#27;[37m-->&amp#27;[39m &amp#27;[37mGET&amp#27;[39m &amp#27;[37m/wd/hub/status&amp#27;[39m
&amp#27;[35m[HTTP]&amp#27;[39m &amp#27;[90m{}&amp#27;[39m
[debug] &amp#27;[35m[GENERIC]&amp#27;[39m Calling AppiumDriver.getStatus() with args: []
[debug] &amp#27;[35m[GENERIC]&amp#27;[39m Responding to client with driver.getStatus() result: {"build":{"version":"1.20.2"}}
&amp#27;[35m[HTTP]&amp#27;[39m &amp#27;[37m<-- GET /wd/hub/status &amp#27;[39m&amp#27;[32m200&amp#27;[39m &amp#27;[90m8 ms - 68&amp#27;[39m
&amp#27;[35m[HTTP]&amp#27;[39m &amp#27;[90m&amp#27;[39m
[debug] &amp#27;[35m[HTTP]&amp#27;[39m Request idempotency key: 37ab9a77-a04e-4188-9a4b-37d1b7724370
&amp#27;[35m[HTTP]&amp#27;[39m &amp#27;[37m-->&amp#27;[39m &amp#27;[37mPOST&amp#27;[39m &amp#27;[37m/wd/hub/session&amp#27;[39m
&amp#27;[35m[HTTP]&amp#27;[39m &amp#27;[90m{"desiredCapabilities":{"app":"C:\\Users\\ANKIT\\eclipse-workspace\\AppiumFramework\\src\\ApiDemos-debug.apk","automationName":"uiautomator2","platformName":"Android","deviceName":"Android Device"},"capabilities":{"firstMatch":[{"appium:app":"C:\\Users\\ANKIT\\eclipse-workspace\\AppiumFramework\\src\\ApiDemos-debug.apk","appium:automationName":"uiautomator2","appium:deviceName":"Android Device","platformName":"android"}]}}&amp#27;[39m
[debug] &amp#27;[35m[W3C]&amp#27;[39m Calling AppiumDriver.createSession() with args: [{"app":"C:\\Users\\ANKIT\\eclipse-workspace\\AppiumFramework\\src\\ApiDemos-debug.apk","automationName":"uiautomator2","platformName":"Android","deviceName":"Android Device"},null,{"firstMatch":[{"appium:app":"C:\\Users\\ANKIT\\eclipse-workspace\\AppiumFramework\\src\\ApiDemos-debug.apk","appium:automationName":"uiautomator2","appium:deviceName":"Android Device","platformName":"android"}]}]
[debug] &amp#27;[35m[BaseDriver]&amp#27;[39m Event 'newSessionRequested' logged at 1619597983715 (13:49:43 GMT+0530 (India Standard Time))
&amp#27;[35m[Appium]&amp#27;[39m Appium v1.20.2 creating new AndroidUiautomator2Driver (v1.61.2) session
[debug] &amp#27;[35m[BaseDriver]&amp#27;[39m W3C capabilities and MJSONWP desired capabilities were provided
[debug] &amp#27;[35m[BaseDriver]&amp#27;[39m Creating session with W3C capabilities: {
[debug] &amp#27;[35m[BaseDriver]&amp#27;[39m   "alwaysMatch": {
[debug] &amp#27;[35m[BaseDriver]&amp#27;[39m     "platformName": "android",
[debug] &amp#27;[35m[BaseDriver]&amp#27;[39m     "appium:app": "C:\\Users\\ANKIT\\eclipse-workspace\\AppiumFramework\\src\\ApiDemos-debug.apk",
[debug] &amp#27;[35m[BaseDriver]&amp#27;[39m     "appium:automationName": "uiautomator2",
[debug] &amp#27;[35m[BaseDriver]&amp#27;[39m     "appium:deviceName": "Android Device"
[debug] &amp#27;[35m[BaseDriver]&amp#27;[39m   },
[debug] &amp#27;[35m[BaseDriver]&amp#27;[39m   "firstMatch": [
[debug] &amp#27;[35m[BaseDriver]&amp#27;[39m     {}
[debug] &amp#27;[35m[BaseDriver]&amp#27;[39m   ]
[debug] &amp#27;[35m[BaseDriver]&amp#27;[39m }
&amp#27;[35m[BaseDriver]&amp#27;[39m Session created with session id: dfcaa88a-a675-4806-95be-4b8521c84af2
&amp#27;[35m[BaseDriver]&amp#27;[39m Using local app 'C:\Users\ANKIT\eclipse-workspace\AppiumFramework\src\ApiDemos-debug.apk'
[debug] &amp#27;[35m[UiAutomator2]&amp#27;[39m Checking whether app is actually present
&amp#27;[35m[ADB]&amp#27;[39m Found 4 'build-tools' folders under 'C:\Users\ANKIT\AppData\Local\Android\Sdk' (newest first):
&amp#27;[35m[ADB]&amp#27;[39m     C:/Users/ANKIT/AppData/Local/Android/Sdk/build-tools/29.0.2
&amp#27;[35m[ADB]&amp#27;[39m     C:/Users/ANKIT/AppData/Local/Android/Sdk/build-tools/27.0.3
&amp#27;[35m[ADB]&amp#27;[39m     C:/Users/ANKIT/AppData/Local/Android/Sdk/build-tools/26.0.2
&amp#27;[35m[ADB]&amp#27;[39m     C:/Users/ANKIT/AppData/Local/Android/Sdk/build-tools/23.0.2
&amp#27;[35m[ADB]&amp#27;[39m Using 'adb.exe' from 'C:\Users\ANKIT\AppData\Local\Android\Sdk\platform-tools\adb.exe'
[debug] &amp#27;[35m[ADB]&amp#27;[39m Running 'C:\Users\ANKIT\AppData\Local\Android\Sdk\platform-tools\adb.exe -P 5037 start-server'
&amp#27;[35m[AndroidDriver]&amp#27;[39m Retrieving device list
[debug] &amp#27;[35m[ADB]&amp#27;[39m Trying to find a connected android device
[debug] &amp#27;[35m[ADB]&amp#27;[39m Getting connected devices
[debug] &amp#27;[35m[ADB]&amp#27;[39m Connected devices: [{"udid":"0ac1d17f","state":"device"}]
&amp#27;[35m[AndroidDriver]&amp#27;[39m Using device: 0ac1d17f
&amp#27;[35m[ADB]&amp#27;[39m Using 'adb.exe' from 'C:\Users\ANKIT\AppData\Local\Android\Sdk\platform-tools\adb.exe'
[debug] &amp#27;[35m[ADB]&amp#27;[39m Running 'C:\Users\ANKIT\AppData\Local\Android\Sdk\platform-tools\adb.exe -P 5037 start-server'
[debug] &amp#27;[35m[ADB]&amp#27;[39m Setting device id to 0ac1d17f
[debug] &amp#27;[35m[ADB]&amp#27;[39m Running 'C:\Users\ANKIT\AppData\Local\Android\Sdk\platform-tools\adb.exe -P 5037 -s 0ac1d17f shell getprop ro.build.version.sdk'
[debug] &amp#27;[35m[ADB]&amp#27;[39m Current device property 'ro.build.version.sdk': 30
&amp#27;[35m[ADB]&amp#27;[39m Getting device platform version
[debug] &amp#27;[35m[ADB]&amp#27;[39m Running 'C:\Users\ANKIT\AppData\Local\Android\Sdk\platform-tools\adb.exe -P 5037 -s 0ac1d17f shell getprop ro.build.version.release'
[debug] &amp#27;[35m[ADB]&amp#27;[39m Current device property 'ro.build.version.release': 11
[debug] &amp#27;[35m[ADB]&amp#27;[39m Device API level: 30
&amp#27;[35m[UiAutomator2]&amp#27;[39m Relaxing hidden api policy
[debug] &amp#27;[35m[ADB]&amp#27;[39m Running 'C:\Users\ANKIT\AppData\Local\Android\Sdk\platform-tools\adb.exe -P 5037 -s 0ac1d17f shell 'settings put global hidden_api_policy_pre_p_apps 1;settings put global hidden_api_policy_p_apps 1;settings put global hidden_api_policy 1''
[debug] &amp#27;[35m[AndroidDriver]&amp#27;[39m Parsing package and activity from app manifest
&amp#27;[35m[ADB]&amp#27;[39m Package name: 'io.appium.android.apis'
&amp#27;[35m[ADB]&amp#27;[39m Main activity name: 'ApiDemos'
[debug] &amp#27;[35m[AndroidDriver]&amp#27;[39m Parsed package and activity are: io.appium.android.apis/ApiDemos
[debug] &amp#27;[35m[ADB]&amp#27;[39m Running 'C:\Users\ANKIT\AppData\Local\Android\Sdk\platform-tools\adb.exe -P 5037 -s 0ac1d17f wait-for-device'
[debug] &amp#27;[35m[ADB]&amp#27;[39m Running 'C:\Users\ANKIT\AppData\Local\Android\Sdk\platform-tools\adb.exe -P 5037 -s 0ac1d17f shell echo ping'
[debug] &amp#27;[35m[AndroidDriver]&amp#27;[39m Pushing settings apk to device...
[debug] &amp#27;[35m[ADB]&amp#27;[39m Getting install status for io.appium.settings
[debug] &amp#27;[35m[ADB]&amp#27;[39m Running 'C:\Users\ANKIT\AppData\Local\Android\Sdk\platform-tools\adb.exe -P 5037 -s 0ac1d17f shell dumpsys package io.appium.settings'
[debug] &amp#27;[35m[ADB]&amp#27;[39m 'io.appium.settings' is installed
[debug] &amp#27;[35m[ADB]&amp#27;[39m Getting package info for 'io.appium.settings'
[debug] &amp#27;[35m[ADB]&amp#27;[39m Running 'C:\Users\ANKIT\AppData\Local\Android\Sdk\platform-tools\adb.exe -P 5037 -s 0ac1d17f shell dumpsys package io.appium.settings'
[debug] &amp#27;[35m[ADB]&amp#27;[39m The version name of the installed 'io.appium.settings' is greater or equal to the application version name ('3.2.1' >= '3.2.1')
[debug] &amp#27;[35m[ADB]&amp#27;[39m There is no need to install/upgrade 'C:\Users\ANKIT\AppData\Roaming\npm\node_modules\appium\node_modules\io.appium.settings\apks\settings_apk-debug.apk'
[debug] &amp#27;[35m[ADB]&amp#27;[39m Getting IDs of all 'io.appium.settings' processes
[debug] &amp#27;[35m[ADB]&amp#27;[39m Running 'C:\Users\ANKIT\AppData\Local\Android\Sdk\platform-tools\adb.exe -P 5037 -s 0ac1d17f shell 'pgrep --help; echo $?''
[debug] &amp#27;[35m[ADB]&amp#27;[39m Running 'C:\Users\ANKIT\AppData\Local\Android\Sdk\platform-tools\adb.exe -P 5037 -s 0ac1d17f shell pgrep -f \(\[\[:blank:\]\]\|\^\)io\.appium\.settings\(\[\[:blank:\]\]\|\$\)'
[debug] &amp#27;[35m[AndroidDriver]&amp#27;[39m io.appium.settings is already running. There is no need to reset its permissions.
[debug] &amp#27;[35m[ADB]&amp#27;[39m Running 'C:\Users\ANKIT\AppData\Local\Android\Sdk\platform-tools\adb.exe -P 5037 -s 0ac1d17f shell appops set io.appium.settings android:mock_location allow'
[debug] &amp#27;[35m[Logcat]&amp#27;[39m Starting logs capture with command: C:\\Users\\ANKIT\\AppData\\Local\\Android\\Sdk\\platform-tools\\adb.exe -P 5037 -s 0ac1d17f logcat -v threadtime
[debug] &amp#27;[35m[UiAutomator2]&amp#27;[39m Forwarding UiAutomator2 Server port 6790 to local port 8203
[debug] &amp#27;[35m[ADB]&amp#27;[39m Forwarding system: 8203 to device: 6790
[debug] &amp#27;[35m[ADB]&amp#27;[39m Running 'C:\Users\ANKIT\AppData\Local\Android\Sdk\platform-tools\adb.exe -P 5037 -s 0ac1d17f forward tcp:8203 tcp:6790'
[debug] &amp#27;[35m[ADB]&amp#27;[39m Getting install status for io.appium.uiautomator2.server
[debug] &amp#27;[35m[ADB]&amp#27;[39m Running 'C:\Users\ANKIT\AppData\Local\Android\Sdk\platform-tools\adb.exe -P 5037 -s 0ac1d17f shell dumpsys package io.appium.uiautomator2.server'
[debug] &amp#27;[35m[ADB]&amp#27;[39m 'io.appium.uiautomator2.server' is installed
[debug] &amp#27;[35m[ADB]&amp#27;[39m Getting package info for 'io.appium.uiautomator2.server'
[debug] &amp#27;[35m[ADB]&amp#27;[39m Running 'C:\Users\ANKIT\AppData\Local\Android\Sdk\platform-tools\adb.exe -P 5037 -s 0ac1d17f shell dumpsys package io.appium.uiautomator2.server'
[debug] &amp#27;[35m[ADB]&amp#27;[39m The version name of the installed 'io.appium.uiautomator2.server' is greater or equal to the application version name ('4.17.4' >= '4.17.4')
[debug] &amp#27;[35m[UiAutomator2]&amp#27;[39m io.appium.uiautomator2.server installation state: sameVersionInstalled
[debug] &amp#27;[35m[ADB]&amp#27;[39m Checking app cert for C:\Users\ANKIT\AppData\Roaming\npm\node_modules\appium\node_modules\appium-uiautomator2-server\apks\appium-uiautomator2-server-v4.17.4.apk
&amp#27;[35m[ADB]&amp#27;[39m Using 'apksigner.jar' from 'C:\Users\ANKIT\AppData\Local\Android\Sdk\build-tools\29.0.2\lib\apksigner.jar'
[debug] &amp#27;[35m[ADB]&amp#27;[39m Starting apksigner: 'C:\\Program Files\\Java\\jdk1.8.0_161\\bin\\java.exe' -Xmx1024M -Xss1m -jar C:\\Users\\ANKIT\\AppData\\Local\\Android\\Sdk\\build-tools\\29.0.2\\lib\\apksigner.jar verify --print-certs C:\\Users\\ANKIT\\AppData\\Roaming\\npm\\node_modules\\appium\\node_modules\\appium-uiautomator2-server\\apks\\appium-uiautomator2-server-v4.17.4.apk
[debug] &amp#27;[35m[ADB]&amp#27;[39m apksigner stdout: Signer #1 certificate DN: EMAILADDRESS=android@android.com, CN=Android, OU=Android, O=Android, L=Mountain View, ST=California, C=US
[debug] &amp#27;[35m[ADB]&amp#27;[39m Signer #1 certificate SHA-256 digest: a40da80a59d170caa950cf15c18c454d47a39b26989d8b640ecd745ba71bf5dc
[debug] &amp#27;[35m[ADB]&amp#27;[39m Signer #1 certificate SHA-1 digest: 61ed377e85d386a8dfee6b864bd85b0bfaa5af81
[debug] &amp#27;[35m[ADB]&amp#27;[39m Signer #1 certificate MD5 digest: e89b158e4bcf988ebd09eb83f5378e87
[debug] &amp#27;[35m[ADB]&amp#27;[39m 
[debug] &amp#27;[35m[ADB]&amp#27;[39m sha256 hash did match for 'appium-uiautomator2-server-v4.17.4.apk'
&amp#27;[35m[ADB]&amp#27;[39m 'C:\Users\ANKIT\AppData\Roaming\npm\node_modules\appium\node_modules\appium-uiautomator2-server\apks\appium-uiautomator2-server-v4.17.4.apk' is signed with the default certificate
[debug] &amp#27;[35m[ADB]&amp#27;[39m Getting install status for io.appium.uiautomator2.server.test
[debug] &amp#27;[35m[ADB]&amp#27;[39m Running 'C:\Users\ANKIT\AppData\Local\Android\Sdk\platform-tools\adb.exe -P 5037 -s 0ac1d17f shell dumpsys package io.appium.uiautomator2.server.test'
[debug] &amp#27;[35m[ADB]&amp#27;[39m 'io.appium.uiautomator2.server.test' is installed
[debug] &amp#27;[35m[ADB]&amp#27;[39m Checking app cert for C:\Users\ANKIT\AppData\Roaming\npm\node_modules\appium\node_modules\appium-uiautomator2-server\apks\appium-uiautomator2-server-debug-androidTest.apk
[debug] &amp#27;[35m[ADB]&amp#27;[39m Starting apksigner: 'C:\\Program Files\\Java\\jdk1.8.0_161\\bin\\java.exe' -Xmx1024M -Xss1m -jar C:\\Users\\ANKIT\\AppData\\Local\\Android\\Sdk\\build-tools\\29.0.2\\lib\\apksigner.jar verify --print-certs C:\\Users\\ANKIT\\AppData\\Roaming\\npm\\node_modules\\appium\\node_modules\\appium-uiautomator2-server\\apks\\appium-uiautomator2-server-debug-androidTest.apk
[debug] &amp#27;[35m[ADB]&amp#27;[39m apksigner stdout: Signer #1 certificate DN: EMAILADDRESS=android@android.com, CN=Android, OU=Android, O=Android, L=Mountain View, ST=California, C=US
[debug] &amp#27;[35m[ADB]&amp#27;[39m Signer #1 certificate SHA-256 digest: a40da80a59d170caa950cf15c18c454d47a39b26989d8b640ecd745ba71bf5dc
[debug] &amp#27;[35m[ADB]&amp#27;[39m Signer #1 certificate SHA-1 digest: 61ed377e85d386a8dfee6b864bd85b0bfaa5af81
[debug] &amp#27;[35m[ADB]&amp#27;[39m Signer #1 certificate MD5 digest: e89b158e4bcf988ebd09eb83f5378e87
[debug] &amp#27;[35m[ADB]&amp#27;[39m 
[debug] &amp#27;[35m[ADB]&amp#27;[39m sha256 hash did match for 'appium-uiautomator2-server-debug-androidTest.apk'
&amp#27;[35m[ADB]&amp#27;[39m 'C:\Users\ANKIT\AppData\Roaming\npm\node_modules\appium\node_modules\appium-uiautomator2-server\apks\appium-uiautomator2-server-debug-androidTest.apk' is signed with the default certificate
&amp#27;[35m[UiAutomator2]&amp#27;[39m Server packages are not going to be (re)installed
[debug] &amp#27;[35m[UiAutomator2]&amp#27;[39m Waiting up to 30000ms for services to be available
[debug] &amp#27;[35m[ADB]&amp#27;[39m Running 'C:\Users\ANKIT\AppData\Local\Android\Sdk\platform-tools\adb.exe -P 5037 -s 0ac1d17f shell pm list instrumentation'
[debug] &amp#27;[35m[UiAutomator2]&amp#27;[39m Instrumentation target 'io.appium.uiautomator2.server.test/androidx.test.runner.AndroidJUnitRunner' is available
&amp#27;[35m[ADB]&amp#27;[39m Adding packages ["io.appium.settings","io.appium.uiautomator2.server","io.appium.uiautomator2.server.test"] to Doze whitelist
[debug] &amp#27;[35m[ADB]&amp#27;[39m Got the following command chunks to execute: [["dumpsys","deviceidle","whitelist","+io.appium.settings",";","dumpsys","deviceidle","whitelist","+io.appium.uiautomator2.server",";","dumpsys","deviceidle","whitelist","+io.appium.uiautomator2.server.test",";"]]
[debug] &amp#27;[35m[ADB]&amp#27;[39m Running 'C:\Users\ANKIT\AppData\Local\Android\Sdk\platform-tools\adb.exe -P 5037 -s 0ac1d17f shell dumpsys deviceidle whitelist +io.appium.settings ; dumpsys deviceidle whitelist +io.appium.uiautomator2.server ; dumpsys deviceidle whitelist +io.appium.uiautomator2.server.test ;'
[debug] &amp#27;[35m[ADB]&amp#27;[39m Checking app cert for C:\Users\ANKIT\eclipse-workspace\AppiumFramework\src\ApiDemos-debug.apk
[debug] &amp#27;[35m[ADB]&amp#27;[39m Starting apksigner: 'C:\\Program Files\\Java\\jdk1.8.0_161\\bin\\java.exe' -Xmx1024M -Xss1m -jar C:\\Users\\ANKIT\\AppData\\Local\\Android\\Sdk\\build-tools\\29.0.2\\lib\\apksigner.jar verify --print-certs C:\\Users\\ANKIT\\eclipse-workspace\\AppiumFramework\\src\\ApiDemos-debug.apk
[debug] &amp#27;[35m[ADB]&amp#27;[39m apksigner stdout: Signer #1 certificate DN: EMAILADDRESS=android@android.com, CN=Android, OU=Android, O=Android, L=Mountain View, ST=California, C=US
[debug] &amp#27;[35m[ADB]&amp#27;[39m Signer #1 certificate SHA-256 digest: a40da80a59d170caa950cf15c18c454d47a39b26989d8b640ecd745ba71bf5dc
[debug] &amp#27;[35m[ADB]&amp#27;[39m Signer #1 certificate SHA-1 digest: 61ed377e85d386a8dfee6b864bd85b0bfaa5af81
[debug] &amp#27;[35m[ADB]&amp#27;[39m Signer #1 certificate MD5 digest: e89b158e4bcf988ebd09eb83f5378e87
[debug] &amp#27;[35m[ADB]&amp#27;[39m 
[debug] &amp#27;[35m[ADB]&amp#27;[39m sha256 hash did match for 'ApiDemos-debug.apk'
&amp#27;[35m[ADB]&amp#27;[39m 'C:\Users\ANKIT\eclipse-workspace\AppiumFramework\src\ApiDemos-debug.apk' is signed with the default certificate
[debug] &amp#27;[35m[ADB]&amp#27;[39m Getting install status for io.appium.android.apis
[debug] &amp#27;[35m[ADB]&amp#27;[39m Running 'C:\Users\ANKIT\AppData\Local\Android\Sdk\platform-tools\adb.exe -P 5037 -s 0ac1d17f shell dumpsys package io.appium.android.apis'
[debug] &amp#27;[35m[ADB]&amp#27;[39m 'io.appium.android.apis' is installed
[debug] &amp#27;[35m[ADB]&amp#27;[39m Getting package info for 'io.appium.android.apis'
[debug] &amp#27;[35m[ADB]&amp#27;[39m Running 'C:\Users\ANKIT\AppData\Local\Android\Sdk\platform-tools\adb.exe -P 5037 -s 0ac1d17f shell dumpsys package io.appium.android.apis'
&amp#27;[35m[ADB]&amp#27;[39m Cannot read version codes of 'C:\Users\ANKIT\eclipse-workspace\AppiumFramework\src\ApiDemos-debug.apk' and/or 'io.appium.android.apis'
&amp#27;[35m[ADB]&amp#27;[39m Cannot read version names of 'C:\Users\ANKIT\eclipse-workspace\AppiumFramework\src\ApiDemos-debug.apk' and/or 'io.appium.android.apis'
[debug] &amp#27;[35m[ADB]&amp#27;[39m The current install state of 'C:\Users\ANKIT\eclipse-workspace\AppiumFramework\src\ApiDemos-debug.apk' is unknown. Installing anyway
[debug] &amp#27;[35m[ADB]&amp#27;[39m Running 'C:\Users\ANKIT\AppData\Local\Android\Sdk\platform-tools\adb.exe -P 5037 -s 0ac1d17f help'
[debug] &amp#27;[35m[ADB]&amp#27;[39m Running 'C:\Users\ANKIT\AppData\Local\Android\Sdk\platform-tools\adb.exe -P 5037 -s 0ac1d17f shell 'ls -t -1 /data/local/tmp/appium_cache 2>&1 || echo _ERROR_''
[debug] &amp#27;[35m[ADB]&amp#27;[39m The count of applications in the cache: 5
&amp#27;[35m[ADB]&amp#27;[39m The application at 'C:\Users\ANKIT\eclipse-workspace\AppiumFramework\src\ApiDemos-debug.apk' is already cached to '/data/local/tmp/appium_cache/a7c3d3f518bf906dfd994f6290dfc7e6c703ccae.apk'
[debug] &amp#27;[35m[ADB]&amp#27;[39m Running 'C:\Users\ANKIT\AppData\Local\Android\Sdk\platform-tools\adb.exe -P 5037 -s 0ac1d17f shell touch -am /data/local/tmp/appium_cache/a7c3d3f518bf906dfd994f6290dfc7e6c703ccae.apk'
[debug] &amp#27;[35m[ADB]&amp#27;[39m Running 'C:\Users\ANKIT\AppData\Local\Android\Sdk\platform-tools\adb.exe -P 5037 -s 0ac1d17f shell pm install -r /data/local/tmp/appium_cache/a7c3d3f518bf906dfd994f6290dfc7e6c703ccae.apk'
&amp#27;[35m[ADB]&amp#27;[39m The installation of 'ApiDemos-debug.apk' took 1553ms
[debug] &amp#27;[35m[ADB]&amp#27;[39m Install command stdout: Success
&amp#27;[35m[AndroidDriver]&amp#27;[39m Performing fast reset on 'io.appium.android.apis'
[debug] &amp#27;[35m[ADB]&amp#27;[39m Getting install status for io.appium.android.apis
[debug] &amp#27;[35m[ADB]&amp#27;[39m Running 'C:\Users\ANKIT\AppData\Local\Android\Sdk\platform-tools\adb.exe -P 5037 -s 0ac1d17f shell dumpsys package io.appium.android.apis'
[debug] &amp#27;[35m[ADB]&amp#27;[39m 'io.appium.android.apis' is installed
[debug] &amp#27;[35m[ADB]&amp#27;[39m Running 'C:\Users\ANKIT\AppData\Local\Android\Sdk\platform-tools\adb.exe -P 5037 -s 0ac1d17f shell am force-stop io.appium.android.apis'
[debug] &amp#27;[35m[ADB]&amp#27;[39m Running 'C:\Users\ANKIT\AppData\Local\Android\Sdk\platform-tools\adb.exe -P 5037 -s 0ac1d17f shell pm clear io.appium.android.apis'
[debug] &amp#27;[35m[AndroidDriver]&amp#27;[39m Performed fast reset on the installed 'io.appium.android.apis' application (stop and clear)
[debug] &amp#27;[35m[UiAutomator2]&amp#27;[39m Performing shallow cleanup of automation leftovers
[debug] &amp#27;[35m[UiAutomator2]&amp#27;[39m The following obsolete sessions are still running: [null]
[debug] &amp#27;[35m[UiAutomator2]&amp#27;[39m Cleaning up the obsolete sessions
[debug] &amp#27;[35m[ADB]&amp#27;[39m Running 'C:\Users\ANKIT\AppData\Local\Android\Sdk\platform-tools\adb.exe -P 5037 -s 0ac1d17f shell am force-stop io.appium.uiautomator2.server.test'
&amp#27;[35m[UiAutomator2]&amp#27;[39m Starting UIAutomator2 server 4.17.4
&amp#27;[35m[UiAutomator2]&amp#27;[39m Using UIAutomator2 server from 'C:\Users\ANKIT\AppData\Roaming\npm\node_modules\appium\node_modules\appium-uiautomator2-server\apks\appium-uiautomator2-server-v4.17.4.apk' and test from 'C:\Users\ANKIT\AppData\Roaming\npm\node_modules\appium\node_modules\appium-uiautomator2-server\apks\appium-uiautomator2-server-debug-androidTest.apk'
&amp#27;[35m[UiAutomator2]&amp#27;[39m Waiting up to 30000ms for UiAutomator2 to be online...
[debug] &amp#27;[35m[ADB]&amp#27;[39m Creating ADB subprocess with args: ["-P",5037,"-s","0ac1d17f","shell","am","instrument","-w","io.appium.uiautomator2.server.test/androidx.test.runner.AndroidJUnitRunner"]
[debug] &amp#27;[35m[WD Proxy]&amp#27;[39m Matched '/status' to command name 'getStatus'
[debug] &amp#27;[35m[WD Proxy]&amp#27;[39m Proxying [GET /status] to [GET http://127.0.0.1:8203/wd/hub/status] with no body
&amp#27;[35m[WD Proxy]&amp#27;[39m Error: read ECONNRESET
&amp#27;[35m[WD Proxy]&amp#27;[39m     at TCP.onStreamRead (internal/stream_base_commons.js:209:20)
[debug] &amp#27;[35m[Instrumentation]&amp#27;[39m io.appium.uiautomator2.server.test.AppiumUiAutomator2Server:
[debug] &amp#27;[35m[WD Proxy]&amp#27;[39m Matched '/status' to command name 'getStatus'
[debug] &amp#27;[35m[WD Proxy]&amp#27;[39m Proxying [GET /status] to [GET http://127.0.0.1:8203/wd/hub/status] with no body
&amp#27;[35m[WD Proxy]&amp#27;[39m Error: read ECONNRESET
&amp#27;[35m[WD Proxy]&amp#27;[39m     at TCP.onStreamRead (internal/stream_base_commons.js:209:20)
[debug] &amp#27;[35m[WD Proxy]&amp#27;[39m Matched '/status' to command name 'getStatus'
[debug] &amp#27;[35m[WD Proxy]&amp#27;[39m Proxying [GET /status] to [GET http://127.0.0.1:8203/wd/hub/status] with no body
[debug] &amp#27;[35m[WD Proxy]&amp#27;[39m Got response with status 200: {"sessionId":"None","value":{"message":"UiAutomator2 Server is ready to accept commands","ready":true}}
[debug] &amp#27;[35m[UiAutomator2]&amp#27;[39m The initialization of the instrumentation process took 2112ms
[debug] &amp#27;[35m[WD Proxy]&amp#27;[39m Matched '/session' to command name 'createSession'
[debug] &amp#27;[35m[WD Proxy]&amp#27;[39m Proxying [POST /session] to [POST http://127.0.0.1:8203/wd/hub/session] with body: {"capabilities":{"firstMatch":[{"platform":"LINUX","webStorageEnabled":false,"takesScreenshot":true,"javascriptEnabled":true,"databaseEnabled":false,"networkConnectionEnabled":true,"locationContextEnabled":false,"warnings":{},"desired":{"platformName":"android","app":"C:\\Users\\ANKIT\\eclipse-workspace\\AppiumFramework\\src\\ApiDemos-debug.apk","automationName":"uiautomator2","deviceName":"Android Device"},"platformName":"android","app":"C:\\Users\\ANKIT\\eclipse-workspace\\AppiumFramework\\src\\ApiDemos-debug.apk","automationName":"uiautomator2","deviceName":"0ac1d17f","deviceUDID":"0ac1d17f","appPackage":"io.appium.android.apis"}],"alwaysMatch":{}}}
[debug] &amp#27;[35m[WD Proxy]&amp#27;[39m Got response with status 200: {"sessionId":"294a6233-e707-4fcd-b539-a67e72ffb195","value":{"capabilities":{"firstMatch":[{"platform":"LINUX","webStorageEnabled":false,"takesScreenshot":true,"javascriptEnabled":true,"databaseEnabled":false,"networkConnectionEnabled":true,"locationContextEnabled":false,"warnings":{},"desired":{"platformName":"android","app":"C:\\Users\\ANKIT\\eclipse-workspace\\AppiumFramework\\src\\ApiDemos-debug.apk","automationName":"uiautomator2","deviceName":"Android Device"},"platformName":"android","app":"C:\\Users\\ANKIT\\eclipse-workspace\\AppiumFramework\\src\\ApiDemos-debug.apk","automationName":"uiautomator2","deviceName":"0ac1d17f","deviceUDID":"0ac1d17f","appPackage":"io.appium.android.apis"}],"alwaysMatch":{}},"sessionId":"294a6233-e707-4fcd-b539-a67e72ffb195"}}
&amp#27;[35m[WD Proxy]&amp#27;[39m Determined the downstream protocol as 'W3C'
[debug] &amp#27;[35m[WD Proxy]&amp#27;[39m Proxying [GET /appium/device/info] to [GET http://127.0.0.1:8203/wd/hub/session/294a6233-e707-4fcd-b539-a67e72ffb195/appium/device/info] with no body
[debug] &amp#27;[35m[WD Proxy]&amp#27;[39m Got response with status 200: {"sessionId":"294a6233-e707-4fcd-b539-a67e72ffb195","value":{"androidId":"f268737f93d1eeb4","apiVersion":"30","bluetooth":{"state":"OFF"},"brand":"OnePlus","carrierName":"Jio 4G","displayDensity":450,"locale":"en_IN","manufacturer":"OnePlus","model":"HD1901","networks":[{"capabilities":{"SSID":null,"linkDownBandwidthKbps":14,"linkUpstreamBandwidthKbps":14,"networkCapabilities":"NET_CAPABILITY_IMS,NET_CAPABILITY_NOT_METERED,NET_CAPABILITY_TRUSTED,NET_CAPABILITY_NOT_VPN,NET_CAPABILITY_VALIDATED,NET_CAPABILITY_NOT_ROAMING,NET_CAPABILITY_FOREGROUND,NET_CAPABILITY_NOT_CONGESTED,NET_CAPABILITY_NOT_SUSPENDED","signalStrength":-2147483648,"transportTypes":"TRANSPORT_CELLULAR"},"detailedState":"CONNECTED","extraInfo":"ims","isAvailable":true,"isConnected":true,"isFailover":false,"isRoaming":false,"state":"CONNECTED","subtype":13,"subtypeName":"LTE","type":0,"typeName":"MOBILE"},{"capabilities":{"SSID":null,"linkDownBandwidthKbps":99000,"linkUpstreamBandwidthKbps":94050,"networkCapabilities":"NET_CAPABILITY_NOT_METE...
[debug] &amp#27;[35m[ADB]&amp#27;[39m Running 'C:\Users\ANKIT\AppData\Local\Android\Sdk\platform-tools\adb.exe -P 5037 -s 0ac1d17f shell dumpsys window'
&amp#27;[35m[AndroidDriver]&amp#27;[39m Screen already unlocked, doing nothing
&amp#27;[35m[UiAutomator2]&amp#27;[39m Starting 'io.appium.android.apis/ApiDemos and waiting for 'io.appium.android.apis/ApiDemos'
[debug] &amp#27;[35m[ADB]&amp#27;[39m Running 'C:\Users\ANKIT\AppData\Local\Android\Sdk\platform-tools\adb.exe -P 5037 -s 0ac1d17f shell am start -W -n io.appium.android.apis/ApiDemos -S -a android.intent.action.MAIN -c android.intent.category.LAUNCHER -f 0x10200000'
[debug] &amp#27;[35m[ADB]&amp#27;[39m We tried to start an activity that doesn't exist, retrying with '.ApiDemos' activity name
[debug] &amp#27;[35m[ADB]&amp#27;[39m Running 'C:\Users\ANKIT\AppData\Local\Android\Sdk\platform-tools\adb.exe -P 5037 -s 0ac1d17f shell am start -W -n io.appium.android.apis/.ApiDemos -S -a android.intent.action.MAIN -c android.intent.category.LAUNCHER -f 0x10200000'
[debug] &amp#27;[35m[ADB]&amp#27;[39m Waiting up to 20000ms for activity matching pkg: 'io.appium.android.apis' and activity: 'ApiDemos' to be focused
[debug] &amp#27;[35m[ADB]&amp#27;[39m Possible activities, to be checked: 'ApiDemos', 'io.appium.android.apis.ApiDemos'
[debug] &amp#27;[35m[ADB]&amp#27;[39m Getting focused package and activity
[debug] &amp#27;[35m[ADB]&amp#27;[39m Running 'C:\Users\ANKIT\AppData\Local\Android\Sdk\platform-tools\adb.exe -P 5037 -s 0ac1d17f shell dumpsys window displays'
[debug] &amp#27;[35m[ADB]&amp#27;[39m Found package: 'com.google.android.permissioncontroller' and fully qualified activity name : 'com.android.permissioncontroller.permission.ui.ReviewPermissionsActivity'
[debug] &amp#27;[35m[ADB]&amp#27;[39m Incorrect package and activity. Retrying.
[debug] &amp#27;[35m[ADB]&amp#27;[39m Getting focused package and activity
[debug] &amp#27;[35m[ADB]&amp#27;[39m Running 'C:\Users\ANKIT\AppData\Local\Android\Sdk\platform-tools\adb.exe -P 5037 -s 0ac1d17f shell dumpsys window displays'
[debug] &amp#27;[35m[ADB]&amp#27;[39m Found package: 'com.google.android.permissioncontroller' and fully qualified activity name : 'com.android.permissioncontroller.permission.ui.ReviewPermissionsActivity'
[debug] &amp#27;[35m[ADB]&amp#27;[39m Incorrect package and activity. Retrying.
[debug] &amp#27;[35m[ADB]&amp#27;[39m Getting focused package and activity
[debug] &amp#27;[35m[ADB]&amp#27;[39m Running 'C:\Users\ANKIT\AppData\Local\Android\Sdk\platform-tools\adb.exe -P 5037 -s 0ac1d17f shell dumpsys window displays'
[debug] &amp#27;[35m[ADB]&amp#27;[39m Found package: 'com.google.android.permissioncontroller' and fully qualified activity name : 'com.android.permissioncontroller.permission.ui.ReviewPermissionsActivity'
[debug] &amp#27;[35m[ADB]&amp#27;[39m Incorrect package and activity. Retrying.
[debug] &amp#27;[35m[ADB]&amp#27;[39m Getting focused package and activity
[debug] &amp#27;[35m[ADB]&amp#27;[39m Running 'C:\Users\ANKIT\AppData\Local\Android\Sdk\platform-tools\adb.exe -P 5037 -s 0ac1d17f shell dumpsys window displays'
[debug] &amp#27;[35m[ADB]&amp#27;[39m Found package: 'io.appium.android.apis' and fully qualified activity name : 'io.appium.android.apis.ApiDemos'
[debug] &amp#27;[35m[WD Proxy]&amp#27;[39m Proxying [GET /appium/device/pixel_ratio] to [GET http://127.0.0.1:8203/wd/hub/session/294a6233-e707-4fcd-b539-a67e72ffb195/appium/device/pixel_ratio] with no body
[debug] &amp#27;[35m[WD Proxy]&amp#27;[39m Got response with status 200: {"sessionId":"294a6233-e707-4fcd-b539-a67e72ffb195","value":2.8125}
[debug] &amp#27;[35m[WD Proxy]&amp#27;[39m Matched '/appium/device/system_bars' to command name 'getSystemBars'
[debug] &amp#27;[35m[WD Proxy]&amp#27;[39m Proxying [GET /appium/device/system_bars] to [GET http://127.0.0.1:8203/wd/hub/session/294a6233-e707-4fcd-b539-a67e72ffb195/appium/device/system_bars] with no body
[debug] &amp#27;[35m[WD Proxy]&amp#27;[39m Got response with status 200: {"sessionId":"294a6233-e707-4fcd-b539-a67e72ffb195","value":{"statusBar":80}}
[debug] &amp#27;[35m[WD Proxy]&amp#27;[39m Matched '/window/current/size' to command name 'getWindowSize'
[debug] &amp#27;[35m[WD Proxy]&amp#27;[39m Proxying [GET /window/current/size] to [GET http://127.0.0.1:8203/wd/hub/session/294a6233-e707-4fcd-b539-a67e72ffb195/window/current/size] with no body
[debug] &amp#27;[35m[WD Proxy]&amp#27;[39m Got response with status 200: {"sessionId":"294a6233-e707-4fcd-b539-a67e72ffb195","value":{"height":2332,"width":1080}}
&amp#27;[35m[Appium]&amp#27;[39m New AndroidUiautomator2Driver session created successfully, session dfcaa88a-a675-4806-95be-4b8521c84af2 added to master session list
[debug] &amp#27;[35m[BaseDriver]&amp#27;[39m Event 'newSessionStarted' logged at 1619597998139 (13:49:58 GMT+0530 (India Standard Time))
[debug] &amp#27;[35m[W3C (dfcaa88a)]&amp#27;[39m Cached the protocol value 'W3C' for the new session dfcaa88a-a675-4806-95be-4b8521c84af2
[debug] &amp#27;[35m[W3C (dfcaa88a)]&amp#27;[39m Responding to client with driver.createSession() result: {"capabilities":{"platform":"LINUX","webStorageEnabled":false,"takesScreenshot":true,"javascriptEnabled":true,"databaseEnabled":false,"networkConnectionEnabled":true,"locationContextEnabled":false,"warnings":{},"desired":{"platformName":"android","app":"C:\\Users\\ANKIT\\eclipse-workspace\\AppiumFramework\\src\\ApiDemos-debug.apk","automationName":"uiautomator2","deviceName":"Android Device"},"platformName":"android","app":"C:\\Users\\ANKIT\\eclipse-workspace\\AppiumFramework\\src\\ApiDemos-debug.apk","automationName":"uiautomator2","deviceName":"0ac1d17f","deviceUDID":"0ac1d17f","appPackage":"io.appium.android.apis","deviceApiLevel":30,"platformVersion":"11","deviceScreenSize":"1080x2400","deviceScreenDensity":450,"deviceModel":"HD1901","deviceManufacturer":"OnePlus","pixelRatio":2.8125,"statBarHeight":80,"viewportRect":{"left":0,"top":80,"width":1080,"height":2252}}}
&amp#27;[35m[HTTP]&amp#27;[39m &amp#27;[37m<-- POST /wd/hub/session &amp#27;[39m&amp#27;[32m200&amp#27;[39m &amp#27;[90m14430 ms - 942&amp#27;[39m
&amp#27;[35m[HTTP]&amp#27;[39m &amp#27;[90m&amp#27;[39m
&amp#27;[35m[HTTP]&amp#27;[39m &amp#27;[37m-->&amp#27;[39m &amp#27;[37mPOST&amp#27;[39m &amp#27;[37m/wd/hub/session/dfcaa88a-a675-4806-95be-4b8521c84af2/timeouts&amp#27;[39m
&amp#27;[35m[HTTP]&amp#27;[39m &amp#27;[90m{"implicit":10000}&amp#27;[39m
[debug] &amp#27;[35m[W3C (dfcaa88a)]&amp#27;[39m Calling AppiumDriver.timeouts() with args: [null,null,null,null,10000,"dfcaa88a-a675-4806-95be-4b8521c84af2"]
[debug] &amp#27;[35m[BaseDriver]&amp#27;[39m W3C timeout argument: {"implicit":10000}}
[debug] &amp#27;[35m[BaseDriver]&amp#27;[39m Set implicit wait to 10000ms
[debug] &amp#27;[35m[W3C (dfcaa88a)]&amp#27;[39m Responding to client with driver.timeouts() result: null
&amp#27;[35m[HTTP]&amp#27;[39m &amp#27;[37m<-- POST /wd/hub/session/dfcaa88a-a675-4806-95be-4b8521c84af2/timeouts &amp#27;[39m&amp#27;[32m200&amp#27;[39m &amp#27;[90m8 ms - 14&amp#27;[39m
&amp#27;[35m[HTTP]&amp#27;[39m &amp#27;[90m&amp#27;[39m
&amp#27;[35m[HTTP]&amp#27;[39m &amp#27;[37m-->&amp#27;[39m &amp#27;[37mGET&amp#27;[39m &amp#27;[37m/wd/hub/session/dfcaa88a-a675-4806-95be-4b8521c84af2/context&amp#27;[39m
&amp#27;[35m[HTTP]&amp#27;[39m &amp#27;[90m{}&amp#27;[39m
[debug] &amp#27;[35m[W3C (dfcaa88a)]&amp#27;[39m Calling AppiumDriver.getCurrentContext() with args: ["dfcaa88a-a675-4806-95be-4b8521c84af2"]
[debug] &amp#27;[35m[W3C (dfcaa88a)]&amp#27;[39m Responding to client with driver.getCurrentContext() result: "NATIVE_APP"
&amp#27;[35m[HTTP]&amp#27;[39m &amp#27;[37m<-- GET /wd/hub/session/dfcaa88a-a675-4806-95be-4b8521c84af2/context &amp#27;[39m&amp#27;[32m200&amp#27;[39m &amp#27;[90m13 ms - 22&amp#27;[39m
&amp#27;[35m[HTTP]&amp#27;[39m &amp#27;[90m&amp#27;[39m
&amp#27;[35m[HTTP]&amp#27;[39m &amp#27;[37m-->&amp#27;[39m &amp#27;[37mPOST&amp#27;[39m &amp#27;[37m/wd/hub/session/dfcaa88a-a675-4806-95be-4b8521c84af2/element&amp#27;[39m
&amp#27;[35m[HTTP]&amp#27;[39m &amp#27;[90m{"using":"xpath","value":"//android.widget.TextView[@text='Preference']"}&amp#27;[39m
[debug] &amp#27;[35m[W3C (dfcaa88a)]&amp#27;[39m Calling AppiumDriver.findElement() with args: ["xpath","//android.widget.TextView[@text='Preference']","dfcaa88a-a675-4806-95be-4b8521c84af2"]
[debug] &amp#27;[35m[BaseDriver]&amp#27;[39m Valid locator strategies for this request: xpath, id, class name, accessibility id, css selector, -android uiautomator
[debug] &amp#27;[35m[BaseDriver]&amp#27;[39m Waiting up to 10000 ms for condition
[debug] &amp#27;[35m[WD Proxy]&amp#27;[39m Matched '/element' to command name 'findElement'
[debug] &amp#27;[35m[WD Proxy]&amp#27;[39m Proxying [POST /element] to [POST http://127.0.0.1:8203/wd/hub/session/294a6233-e707-4fcd-b539-a67e72ffb195/element] with body: {"strategy":"xpath","selector":"//android.widget.TextView[@text='Preference']","context":"","multiple":false}
&amp#27;[35m[WD Proxy]&amp#27;[39m Got response with status 404: {"sessionId":"294a6233-e707-4fcd-b539-a67e72ffb195","value":{"error":"no such element","message":"An element could not be located on the page using the given search parameters","stacktrace":"io.appium.uiautomator2.common.exceptions.ElementNotFoundException: An element could not be located on the page using the given search parameters\n\tat io.appium.uiautomator2.handler.FindElement.findElement(FindElement.java:91)\n\tat io.appium.uiautomator2.handler.FindElement.safeHandle(FindElement.java:68)\n\tat io.appium.uiautomator2.handler.request.SafeRequestHandler.handle(SafeRequestHandler.java:41)\n\tat io.appium.uiautomator2.server.AppiumServlet.handleRequest(AppiumServlet.java:261)\n\tat io.appium.uiautomator2.server.AppiumServlet.handleHttpRequest(AppiumServlet.java:255)\n\tat io.appium.uiautomator2.http.ServerHandler.channelRead(ServerHandler.java:68)\n\tat io.netty.channel.AbstractChannelHandlerContext.invokeChannelRead(AbstractChannelHandlerContext.java:366)\n\tat io.netty.channel.AbstractChannelHandlerCont...
[debug] &amp#27;[35m[W3C]&amp#27;[39m Matched W3C error code 'no such element' to NoSuchElementError
[debug] &amp#27;[35m[BaseDriver]&amp#27;[39m Waited for 426 ms so far
[debug] &amp#27;[35m[WD Proxy]&amp#27;[39m Matched '/element' to command name 'findElement'
[debug] &amp#27;[35m[WD Proxy]&amp#27;[39m Proxying [POST /element] to [POST http://127.0.0.1:8203/wd/hub/session/294a6233-e707-4fcd-b539-a67e72ffb195/element] with body: {"strategy":"xpath","selector":"//android.widget.TextView[@text='Preference']","context":"","multiple":false}
[debug] &amp#27;[35m[WD Proxy]&amp#27;[39m Got response with status 200: {"sessionId":"294a6233-e707-4fcd-b539-a67e72ffb195","value":{"ELEMENT":"b84d2c8e-52d2-4b39-ac7c-9368a3d31397","element-6066-11e4-a52e-4f735466cecf":"b84d2c8e-52d2-4b39-ac7c-9368a3d31397"}}
[debug] &amp#27;[35m[W3C (dfcaa88a)]&amp#27;[39m Responding to client with driver.findElement() result: {"element-6066-11e4-a52e-4f735466cecf":"b84d2c8e-52d2-4b39-ac7c-9368a3d31397","ELEMENT":"b84d2c8e-52d2-4b39-ac7c-9368a3d31397"}
&amp#27;[35m[HTTP]&amp#27;[39m &amp#27;[37m<-- POST /wd/hub/session/dfcaa88a-a675-4806-95be-4b8521c84af2/element &amp#27;[39m&amp#27;[32m200&amp#27;[39m &amp#27;[90m1339 ms - 137&amp#27;[39m
&amp#27;[35m[HTTP]&amp#27;[39m &amp#27;[90m&amp#27;[39m
&amp#27;[35m[HTTP]&amp#27;[39m &amp#27;[37m-->&amp#27;[39m &amp#27;[37mPOST&amp#27;[39m &amp#27;[37m/wd/hub/session/dfcaa88a-a675-4806-95be-4b8521c84af2/element/b84d2c8e-52d2-4b39-ac7c-9368a3d31397/click&amp#27;[39m
&amp#27;[35m[HTTP]&amp#27;[39m &amp#27;[90m{"id":"b84d2c8e-52d2-4b39-ac7c-9368a3d31397"}&amp#27;[39m
[debug] &amp#27;[35m[W3C (dfcaa88a)]&amp#27;[39m Calling AppiumDriver.click() with args: ["b84d2c8e-52d2-4b39-ac7c-9368a3d31397","dfcaa88a-a675-4806-95be-4b8521c84af2"]
[debug] &amp#27;[35m[WD Proxy]&amp#27;[39m Matched '/element/b84d2c8e-52d2-4b39-ac7c-9368a3d31397/click' to command name 'click'
[debug] &amp#27;[35m[WD Proxy]&amp#27;[39m Proxying [POST /element/b84d2c8e-52d2-4b39-ac7c-9368a3d31397/click] to [POST http://127.0.0.1:8203/wd/hub/session/294a6233-e707-4fcd-b539-a67e72ffb195/element/b84d2c8e-52d2-4b39-ac7c-9368a3d31397/click] with body: {"element":"b84d2c8e-52d2-4b39-ac7c-9368a3d31397"}
[debug] &amp#27;[35m[WD Proxy]&amp#27;[39m Got response with status 200: {"sessionId":"294a6233-e707-4fcd-b539-a67e72ffb195","value":null}
[debug] &amp#27;[35m[W3C (dfcaa88a)]&amp#27;[39m Responding to client with driver.click() result: null
&amp#27;[35m[HTTP]&amp#27;[39m &amp#27;[37m<-- POST /wd/hub/session/dfcaa88a-a675-4806-95be-4b8521c84af2/element/b84d2c8e-52d2-4b39-ac7c-9368a3d31397/click &amp#27;[39m&amp#27;[32m200&amp#27;[39m &amp#27;[90m1094 ms - 14&amp#27;[39m
&amp#27;[35m[HTTP]&amp#27;[39m &amp#27;[90m&amp#27;[39m
&amp#27;[35m[HTTP]&amp#27;[39m &amp#27;[37m-->&amp#27;[39m &amp#27;[37mGET&amp#27;[39m &amp#27;[37m/wd/hub/session/dfcaa88a-a675-4806-95be-4b8521c84af2/context&amp#27;[39m
&amp#27;[35m[HTTP]&amp#27;[39m &amp#27;[90m{}&amp#27;[39m
[debug] &amp#27;[35m[W3C (dfcaa88a)]&amp#27;[39m Calling AppiumDriver.getCurrentContext() with args: ["dfcaa88a-a675-4806-95be-4b8521c84af2"]
[debug] &amp#27;[35m[W3C (dfcaa88a)]&amp#27;[39m Responding to client with driver.getCurrentContext() result: "NATIVE_APP"
&amp#27;[35m[HTTP]&amp#27;[39m &amp#27;[37m<-- GET /wd/hub/session/dfcaa88a-a675-4806-95be-4b8521c84af2/context &amp#27;[39m&amp#27;[32m200&amp#27;[39m &amp#27;[90m8 ms - 22&amp#27;[39m
&amp#27;[35m[HTTP]&amp#27;[39m &amp#27;[90m&amp#27;[39m
&amp#27;[35m[HTTP]&amp#27;[39m &amp#27;[37m-->&amp#27;[39m &amp#27;[37mPOST&amp#27;[39m &amp#27;[37m/wd/hub/session/dfcaa88a-a675-4806-95be-4b8521c84af2/element&amp#27;[39m
&amp#27;[35m[HTTP]&amp#27;[39m &amp#27;[90m{"using":"xpath","value":"//android.widget.TextView[@text='3. Preference dependencies']"}&amp#27;[39m
[debug] &amp#27;[35m[W3C (dfcaa88a)]&amp#27;[39m Calling AppiumDriver.findElement() with args: ["xpath","//android.widget.TextView[@text='3. Preference dependencies']","dfcaa88a-a675-4806-95be-4b8521c84af2"]
[debug] &amp#27;[35m[BaseDriver]&amp#27;[39m Valid locator strategies for this request: xpath, id, class name, accessibility id, css selector, -android uiautomator
[debug] &amp#27;[35m[BaseDriver]&amp#27;[39m Waiting up to 10000 ms for condition
[debug] &amp#27;[35m[WD Proxy]&amp#27;[39m Matched '/element' to command name 'findElement'
[debug] &amp#27;[35m[WD Proxy]&amp#27;[39m Proxying [POST /element] to [POST http://127.0.0.1:8203/wd/hub/session/294a6233-e707-4fcd-b539-a67e72ffb195/element] with body: {"strategy":"xpath","selector":"//android.widget.TextView[@text='3. Preference dependencies']","context":"","multiple":false}
[debug] &amp#27;[35m[WD Proxy]&amp#27;[39m Got response with status 200: {"sessionId":"294a6233-e707-4fcd-b539-a67e72ffb195","value":{"ELEMENT":"a956d572-862c-4dcd-8a11-8234968422b8","element-6066-11e4-a52e-4f735466cecf":"a956d572-862c-4dcd-8a11-8234968422b8"}}
[debug] &amp#27;[35m[W3C (dfcaa88a)]&amp#27;[39m Responding to client with driver.findElement() result: {"element-6066-11e4-a52e-4f735466cecf":"a956d572-862c-4dcd-8a11-8234968422b8","ELEMENT":"a956d572-862c-4dcd-8a11-8234968422b8"}
&amp#27;[35m[HTTP]&amp#27;[39m &amp#27;[37m<-- POST /wd/hub/session/dfcaa88a-a675-4806-95be-4b8521c84af2/element &amp#27;[39m&amp#27;[32m200&amp#27;[39m &amp#27;[90m538 ms - 137&amp#27;[39m
&amp#27;[35m[HTTP]&amp#27;[39m &amp#27;[90m&amp#27;[39m
&amp#27;[35m[HTTP]&amp#27;[39m &amp#27;[37m-->&amp#27;[39m &amp#27;[37mPOST&amp#27;[39m &amp#27;[37m/wd/hub/session/dfcaa88a-a675-4806-95be-4b8521c84af2/element/a956d572-862c-4dcd-8a11-8234968422b8/click&amp#27;[39m
&amp#27;[35m[HTTP]&amp#27;[39m &amp#27;[90m{"id":"a956d572-862c-4dcd-8a11-8234968422b8"}&amp#27;[39m
[debug] &amp#27;[35m[W3C (dfcaa88a)]&amp#27;[39m Calling AppiumDriver.click() with args: ["a956d572-862c-4dcd-8a11-8234968422b8","dfcaa88a-a675-4806-95be-4b8521c84af2"]
[debug] &amp#27;[35m[WD Proxy]&amp#27;[39m Matched '/element/a956d572-862c-4dcd-8a11-8234968422b8/click' to command name 'click'
[debug] &amp#27;[35m[WD Proxy]&amp#27;[39m Proxying [POST /element/a956d572-862c-4dcd-8a11-8234968422b8/click] to [POST http://127.0.0.1:8203/wd/hub/session/294a6233-e707-4fcd-b539-a67e72ffb195/element/a956d572-862c-4dcd-8a11-8234968422b8/click] with body: {"element":"a956d572-862c-4dcd-8a11-8234968422b8"}
[debug] &amp#27;[35m[WD Proxy]&amp#27;[39m Got response with status 200: {"sessionId":"294a6233-e707-4fcd-b539-a67e72ffb195","value":null}
[debug] &amp#27;[35m[W3C (dfcaa88a)]&amp#27;[39m Responding to client with driver.click() result: null
&amp#27;[35m[HTTP]&amp#27;[39m &amp#27;[37m<-- POST /wd/hub/session/dfcaa88a-a675-4806-95be-4b8521c84af2/element/a956d572-862c-4dcd-8a11-8234968422b8/click &amp#27;[39m&amp#27;[32m200&amp#27;[39m &amp#27;[90m830 ms - 14&amp#27;[39m
&amp#27;[35m[HTTP]&amp#27;[39m &amp#27;[90m&amp#27;[39m
&amp#27;[35m[HTTP]&amp#27;[39m &amp#27;[37m-->&amp#27;[39m &amp#27;[37mGET&amp#27;[39m &amp#27;[37m/wd/hub/session/dfcaa88a-a675-4806-95be-4b8521c84af2/context&amp#27;[39m
&amp#27;[35m[HTTP]&amp#27;[39m &amp#27;[90m{}&amp#27;[39m
[debug] &amp#27;[35m[W3C (dfcaa88a)]&amp#27;[39m Calling AppiumDriver.getCurrentContext() with args: ["dfcaa88a-a675-4806-95be-4b8521c84af2"]
[debug] &amp#27;[35m[W3C (dfcaa88a)]&amp#27;[39m Responding to client with driver.getCurrentContext() result: "NATIVE_APP"
&amp#27;[35m[HTTP]&amp#27;[39m &amp#27;[37m<-- GET /wd/hub/session/dfcaa88a-a675-4806-95be-4b8521c84af2/context &amp#27;[39m&amp#27;[32m200&amp#27;[39m &amp#27;[90m3 ms - 22&amp#27;[39m
&amp#27;[35m[HTTP]&amp#27;[39m &amp#27;[90m&amp#27;[39m
&amp#27;[35m[HTTP]&amp#27;[39m &amp#27;[37m-->&amp#27;[39m &amp#27;[37mPOST&amp#27;[39m &amp#27;[37m/wd/hub/session/dfcaa88a-a675-4806-95be-4b8521c84af2/element&amp#27;[39m
&amp#27;[35m[HTTP]&amp#27;[39m &amp#27;[90m{"using":"id","value":"android:id/checkbox"}&amp#27;[39m
[debug] &amp#27;[35m[W3C (dfcaa88a)]&amp#27;[39m Calling AppiumDriver.findElement() with args: ["id","android:id/checkbox","dfcaa88a-a675-4806-95be-4b8521c84af2"]
[debug] &amp#27;[35m[BaseDriver]&amp#27;[39m Valid locator strategies for this request: xpath, id, class name, accessibility id, css selector, -android uiautomator
[debug] &amp#27;[35m[BaseDriver]&amp#27;[39m Waiting up to 10000 ms for condition
[debug] &amp#27;[35m[WD Proxy]&amp#27;[39m Matched '/element' to command name 'findElement'
[debug] &amp#27;[35m[WD Proxy]&amp#27;[39m Proxying [POST /element] to [POST http://127.0.0.1:8203/wd/hub/session/294a6233-e707-4fcd-b539-a67e72ffb195/element] with body: {"strategy":"id","selector":"android:id/checkbox","context":"","multiple":false}
[debug] &amp#27;[35m[WD Proxy]&amp#27;[39m Got response with status 200: {"sessionId":"294a6233-e707-4fcd-b539-a67e72ffb195","value":{"ELEMENT":"13afe538-32f3-4b0b-b9dd-d1c65fd00aae","element-6066-11e4-a52e-4f735466cecf":"13afe538-32f3-4b0b-b9dd-d1c65fd00aae"}}
[debug] &amp#27;[35m[W3C (dfcaa88a)]&amp#27;[39m Responding to client with driver.findElement() result: {"element-6066-11e4-a52e-4f735466cecf":"13afe538-32f3-4b0b-b9dd-d1c65fd00aae","ELEMENT":"13afe538-32f3-4b0b-b9dd-d1c65fd00aae"}
&amp#27;[35m[HTTP]&amp#27;[39m &amp#27;[37m<-- POST /wd/hub/session/dfcaa88a-a675-4806-95be-4b8521c84af2/element &amp#27;[39m&amp#27;[32m200&amp#27;[39m &amp#27;[90m94 ms - 137&amp#27;[39m
&amp#27;[35m[HTTP]&amp#27;[39m &amp#27;[90m&amp#27;[39m
&amp#27;[35m[HTTP]&amp#27;[39m &amp#27;[37m-->&amp#27;[39m &amp#27;[37mPOST&amp#27;[39m &amp#27;[37m/wd/hub/session/dfcaa88a-a675-4806-95be-4b8521c84af2/element/13afe538-32f3-4b0b-b9dd-d1c65fd00aae/click&amp#27;[39m
&amp#27;[35m[HTTP]&amp#27;[39m &amp#27;[90m{"id":"13afe538-32f3-4b0b-b9dd-d1c65fd00aae"}&amp#27;[39m
[debug] &amp#27;[35m[W3C (dfcaa88a)]&amp#27;[39m Calling AppiumDriver.click() with args: ["13afe538-32f3-4b0b-b9dd-d1c65fd00aae","dfcaa88a-a675-4806-95be-4b8521c84af2"]
[debug] &amp#27;[35m[WD Proxy]&amp#27;[39m Matched '/element/13afe538-32f3-4b0b-b9dd-d1c65fd00aae/click' to command name 'click'
[debug] &amp#27;[35m[WD Proxy]&amp#27;[39m Proxying [POST /element/13afe538-32f3-4b0b-b9dd-d1c65fd00aae/click] to [POST http://127.0.0.1:8203/wd/hub/session/294a6233-e707-4fcd-b539-a67e72ffb195/element/13afe538-32f3-4b0b-b9dd-d1c65fd00aae/click] with body: {"element":"13afe538-32f3-4b0b-b9dd-d1c65fd00aae"}
[debug] &amp#27;[35m[WD Proxy]&amp#27;[39m Got response with status 200: {"sessionId":"294a6233-e707-4fcd-b539-a67e72ffb195","value":null}
[debug] &amp#27;[35m[W3C (dfcaa88a)]&amp#27;[39m Responding to client with driver.click() result: null
&amp#27;[35m[HTTP]&amp#27;[39m &amp#27;[37m<-- POST /wd/hub/session/dfcaa88a-a675-4806-95be-4b8521c84af2/element/13afe538-32f3-4b0b-b9dd-d1c65fd00aae/click &amp#27;[39m&amp#27;[32m200&amp#27;[39m &amp#27;[90m703 ms - 14&amp#27;[39m
&amp#27;[35m[HTTP]&amp#27;[39m &amp#27;[90m&amp#27;[39m
&amp#27;[35m[HTTP]&amp#27;[39m &amp#27;[37m-->&amp#27;[39m &amp#27;[37mGET&amp#27;[39m &amp#27;[37m/wd/hub/session/dfcaa88a-a675-4806-95be-4b8521c84af2/context&amp#27;[39m
&amp#27;[35m[HTTP]&amp#27;[39m &amp#27;[90m{}&amp#27;[39m
[debug] &amp#27;[35m[W3C (dfcaa88a)]&amp#27;[39m Calling AppiumDriver.getCurrentContext() with args: ["dfcaa88a-a675-4806-95be-4b8521c84af2"]
[debug] &amp#27;[35m[W3C (dfcaa88a)]&amp#27;[39m Responding to client with driver.getCurrentContext() result: "NATIVE_APP"
&amp#27;[35m[HTTP]&amp#27;[39m &amp#27;[37m<-- GET /wd/hub/session/dfcaa88a-a675-4806-95be-4b8521c84af2/context &amp#27;[39m&amp#27;[32m200&amp#27;[39m &amp#27;[90m3 ms - 22&amp#27;[39m
&amp#27;[35m[HTTP]&amp#27;[39m &amp#27;[90m&amp#27;[39m
&amp#27;[35m[HTTP]&amp#27;[39m &amp#27;[37m-->&amp#27;[39m &amp#27;[37mPOST&amp#27;[39m &amp#27;[37m/wd/hub/session/dfcaa88a-a675-4806-95be-4b8521c84af2/element&amp#27;[39m
&amp#27;[35m[HTTP]&amp#27;[39m &amp#27;[90m{"using":"xpath","value":"(//android.widget.RelativeLayout)[2]"}&amp#27;[39m
[debug] &amp#27;[35m[W3C (dfcaa88a)]&amp#27;[39m Calling AppiumDriver.findElement() with args: ["xpath","(//android.widget.RelativeLayout)[2]","dfcaa88a-a675-4806-95be-4b8521c84af2"]
[debug] &amp#27;[35m[BaseDriver]&amp#27;[39m Valid locator strategies for this request: xpath, id, class name, accessibility id, css selector, -android uiautomator
[debug] &amp#27;[35m[BaseDriver]&amp#27;[39m Waiting up to 10000 ms for condition
[debug] &amp#27;[35m[WD Proxy]&amp#27;[39m Matched '/element' to command name 'findElement'
[debug] &amp#27;[35m[WD Proxy]&amp#27;[39m Proxying [POST /element] to [POST http://127.0.0.1:8203/wd/hub/session/294a6233-e707-4fcd-b539-a67e72ffb195/element] with body: {"strategy":"xpath","selector":"(//android.widget.RelativeLayout)[2]","context":"","multiple":false}
[debug] &amp#27;[35m[WD Proxy]&amp#27;[39m Got response with status 200: {"sessionId":"294a6233-e707-4fcd-b539-a67e72ffb195","value":{"ELEMENT":"2cab32b2-f1cf-4942-8f7d-16654f5b93e5","element-6066-11e4-a52e-4f735466cecf":"2cab32b2-f1cf-4942-8f7d-16654f5b93e5"}}
[debug] &amp#27;[35m[W3C (dfcaa88a)]&amp#27;[39m Responding to client with driver.findElement() result: {"element-6066-11e4-a52e-4f735466cecf":"2cab32b2-f1cf-4942-8f7d-16654f5b93e5","ELEMENT":"2cab32b2-f1cf-4942-8f7d-16654f5b93e5"}
&amp#27;[35m[HTTP]&amp#27;[39m &amp#27;[37m<-- POST /wd/hub/session/dfcaa88a-a675-4806-95be-4b8521c84af2/element &amp#27;[39m&amp#27;[32m200&amp#27;[39m &amp#27;[90m128 ms - 137&amp#27;[39m
&amp#27;[35m[HTTP]&amp#27;[39m &amp#27;[90m&amp#27;[39m
&amp#27;[35m[HTTP]&amp#27;[39m &amp#27;[37m-->&amp#27;[39m &amp#27;[37mPOST&amp#27;[39m &amp#27;[37m/wd/hub/session/dfcaa88a-a675-4806-95be-4b8521c84af2/element/2cab32b2-f1cf-4942-8f7d-16654f5b93e5/click&amp#27;[39m
&amp#27;[35m[HTTP]&amp#27;[39m &amp#27;[90m{"id":"2cab32b2-f1cf-4942-8f7d-16654f5b93e5"}&amp#27;[39m
[debug] &amp#27;[35m[W3C (dfcaa88a)]&amp#27;[39m Calling AppiumDriver.click() with args: ["2cab32b2-f1cf-4942-8f7d-16654f5b93e5","dfcaa88a-a675-4806-95be-4b8521c84af2"]
[debug] &amp#27;[35m[WD Proxy]&amp#27;[39m Matched '/element/2cab32b2-f1cf-4942-8f7d-16654f5b93e5/click' to command name 'click'
[debug] &amp#27;[35m[WD Proxy]&amp#27;[39m Proxying [POST /element/2cab32b2-f1cf-4942-8f7d-16654f5b93e5/click] to [POST http://127.0.0.1:8203/wd/hub/session/294a6233-e707-4fcd-b539-a67e72ffb195/element/2cab32b2-f1cf-4942-8f7d-16654f5b93e5/click] with body: {"element":"2cab32b2-f1cf-4942-8f7d-16654f5b93e5"}
[debug] &amp#27;[35m[WD Proxy]&amp#27;[39m Got response with status 200: {"sessionId":"294a6233-e707-4fcd-b539-a67e72ffb195","value":null}
[debug] &amp#27;[35m[W3C (dfcaa88a)]&amp#27;[39m Responding to client with driver.click() result: null
&amp#27;[35m[HTTP]&amp#27;[39m &amp#27;[37m<-- POST /wd/hub/session/dfcaa88a-a675-4806-95be-4b8521c84af2/element/2cab32b2-f1cf-4942-8f7d-16654f5b93e5/click &amp#27;[39m&amp#27;[32m200&amp#27;[39m &amp#27;[90m1898 ms - 14&amp#27;[39m
&amp#27;[35m[HTTP]&amp#27;[39m &amp#27;[90m&amp#27;[39m
&amp#27;[35m[HTTP]&amp#27;[39m &amp#27;[37m-->&amp#27;[39m &amp#27;[37mGET&amp#27;[39m &amp#27;[37m/wd/hub/session/dfcaa88a-a675-4806-95be-4b8521c84af2/context&amp#27;[39m
&amp#27;[35m[HTTP]&amp#27;[39m &amp#27;[90m{}&amp#27;[39m
[debug] &amp#27;[35m[W3C (dfcaa88a)]&amp#27;[39m Calling AppiumDriver.getCurrentContext() with args: ["dfcaa88a-a675-4806-95be-4b8521c84af2"]
[debug] &amp#27;[35m[W3C (dfcaa88a)]&amp#27;[39m Responding to client with driver.getCurrentContext() result: "NATIVE_APP"
&amp#27;[35m[HTTP]&amp#27;[39m &amp#27;[37m<-- GET /wd/hub/session/dfcaa88a-a675-4806-95be-4b8521c84af2/context &amp#27;[39m&amp#27;[32m200&amp#27;[39m &amp#27;[90m3 ms - 22&amp#27;[39m
&amp#27;[35m[HTTP]&amp#27;[39m &amp#27;[90m&amp#27;[39m
&amp#27;[35m[HTTP]&amp#27;[39m &amp#27;[37m-->&amp#27;[39m &amp#27;[37mPOST&amp#27;[39m &amp#27;[37m/wd/hub/session/dfcaa88a-a675-4806-95be-4b8521c84af2/element&amp#27;[39m
&amp#27;[35m[HTTP]&amp#27;[39m &amp#27;[90m{"using":"class name","value":"android.widget.EditText"}&amp#27;[39m
[debug] &amp#27;[35m[W3C (dfcaa88a)]&amp#27;[39m Calling AppiumDriver.findElement() with args: ["class name","android.widget.EditText","dfcaa88a-a675-4806-95be-4b8521c84af2"]
[debug] &amp#27;[35m[BaseDriver]&amp#27;[39m Valid locator strategies for this request: xpath, id, class name, accessibility id, css selector, -android uiautomator
[debug] &amp#27;[35m[BaseDriver]&amp#27;[39m Waiting up to 10000 ms for condition
[debug] &amp#27;[35m[WD Proxy]&amp#27;[39m Matched '/element' to command name 'findElement'
[debug] &amp#27;[35m[WD Proxy]&amp#27;[39m Proxying [POST /element] to [POST http://127.0.0.1:8203/wd/hub/session/294a6233-e707-4fcd-b539-a67e72ffb195/element] with body: {"strategy":"class name","selector":"android.widget.EditText","context":"","multiple":false}
[debug] &amp#27;[35m[WD Proxy]&amp#27;[39m Got response with status 200: {"sessionId":"294a6233-e707-4fcd-b539-a67e72ffb195","value":{"ELEMENT":"13a39e85-8007-41bc-a21b-0e99f26d8cce","element-6066-11e4-a52e-4f735466cecf":"13a39e85-8007-41bc-a21b-0e99f26d8cce"}}
[debug] &amp#27;[35m[W3C (dfcaa88a)]&amp#27;[39m Responding to client with driver.findElement() result: {"element-6066-11e4-a52e-4f735466cecf":"13a39e85-8007-41bc-a21b-0e99f26d8cce","ELEMENT":"13a39e85-8007-41bc-a21b-0e99f26d8cce"}
&amp#27;[35m[HTTP]&amp#27;[39m &amp#27;[37m<-- POST /wd/hub/session/dfcaa88a-a675-4806-95be-4b8521c84af2/element &amp#27;[39m&amp#27;[32m200&amp#27;[39m &amp#27;[90m522 ms - 137&amp#27;[39m
&amp#27;[35m[HTTP]&amp#27;[39m &amp#27;[90m&amp#27;[39m
&amp#27;[35m[HTTP]&amp#27;[39m &amp#27;[37m-->&amp#27;[39m &amp#27;[37mPOST&amp#27;[39m &amp#27;[37m/wd/hub/session/dfcaa88a-a675-4806-95be-4b8521c84af2/element/13a39e85-8007-41bc-a21b-0e99f26d8cce/value&amp#27;[39m
&amp#27;[35m[HTTP]&amp#27;[39m &amp#27;[90m{"id":"13a39e85-8007-41bc-a21b-0e99f26d8cce","text":"@#@SD","value":["@","#","@","S","D"]}&amp#27;[39m
[debug] &amp#27;[35m[W3C (dfcaa88a)]&amp#27;[39m Calling AppiumDriver.setValue() with args: [["@","#","@","S","D"],"13a39e85-8007-41bc-a21b-0e99f26d8cce","dfcaa88a-a675-4806-95be-4b8521c84af2"]
[debug] &amp#27;[35m[WD Proxy]&amp#27;[39m Matched '/element/13a39e85-8007-41bc-a21b-0e99f26d8cce/value' to command name 'setValue'
[debug] &amp#27;[35m[Protocol Converter]&amp#27;[39m Added 'value' property ["@","#","@","S","D"] to 'setValue' request body
[debug] &amp#27;[35m[WD Proxy]&amp#27;[39m Proxying [POST /element/13a39e85-8007-41bc-a21b-0e99f26d8cce/value] to [POST http://127.0.0.1:8203/wd/hub/session/294a6233-e707-4fcd-b539-a67e72ffb195/element/13a39e85-8007-41bc-a21b-0e99f26d8cce/value] with body: {"elementId":"13a39e85-8007-41bc-a21b-0e99f26d8cce","text":"@#@SD","replace":false,"value":["@","#","@","S","D"]}
[debug] &amp#27;[35m[WD Proxy]&amp#27;[39m Got response with status 200: {"sessionId":"294a6233-e707-4fcd-b539-a67e72ffb195","value":null}
[debug] &amp#27;[35m[W3C (dfcaa88a)]&amp#27;[39m Responding to client with driver.setValue() result: null
&amp#27;[35m[HTTP]&amp#27;[39m &amp#27;[37m<-- POST /wd/hub/session/dfcaa88a-a675-4806-95be-4b8521c84af2/element/13a39e85-8007-41bc-a21b-0e99f26d8cce/value &amp#27;[39m&amp#27;[32m200&amp#27;[39m &amp#27;[90m87 ms - 14&amp#27;[39m
&amp#27;[35m[HTTP]&amp#27;[39m &amp#27;[90m&amp#27;[39m
&amp#27;[35m[HTTP]&amp#27;[39m &amp#27;[37m-->&amp#27;[39m &amp#27;[37mGET&amp#27;[39m &amp#27;[37m/wd/hub/session/dfcaa88a-a675-4806-95be-4b8521c84af2/context&amp#27;[39m
&amp#27;[35m[HTTP]&amp#27;[39m &amp#27;[90m{}&amp#27;[39m
[debug] &amp#27;[35m[W3C (dfcaa88a)]&amp#27;[39m Calling AppiumDriver.getCurrentContext() with args: ["dfcaa88a-a675-4806-95be-4b8521c84af2"]
[debug] &amp#27;[35m[W3C (dfcaa88a)]&amp#27;[39m Responding to client with driver.getCurrentContext() result: "NATIVE_APP"
&amp#27;[35m[HTTP]&amp#27;[39m &amp#27;[37m<-- GET /wd/hub/session/dfcaa88a-a675-4806-95be-4b8521c84af2/context &amp#27;[39m&amp#27;[32m200&amp#27;[39m &amp#27;[90m2 ms - 22&amp#27;[39m
&amp#27;[35m[HTTP]&amp#27;[39m &amp#27;[90m&amp#27;[39m
&amp#27;[35m[HTTP]&amp#27;[39m &amp#27;[37m-->&amp#27;[39m &amp#27;[37mPOST&amp#27;[39m &amp#27;[37m/wd/hub/session/dfcaa88a-a675-4806-95be-4b8521c84af2/elements&amp#27;[39m
&amp#27;[35m[HTTP]&amp#27;[39m &amp#27;[90m{"using":"class name","value":"android.widget.Button"}&amp#27;[39m
[debug] &amp#27;[35m[W3C (dfcaa88a)]&amp#27;[39m Calling AppiumDriver.findElements() with args: ["class name","android.widget.Button","dfcaa88a-a675-4806-95be-4b8521c84af2"]
[debug] &amp#27;[35m[BaseDriver]&amp#27;[39m Valid locator strategies for this request: xpath, id, class name, accessibility id, css selector, -android uiautomator
[debug] &amp#27;[35m[BaseDriver]&amp#27;[39m Waiting up to 10000 ms for condition
[debug] &amp#27;[35m[WD Proxy]&amp#27;[39m Matched '/elements' to command name 'findElements'
[debug] &amp#27;[35m[WD Proxy]&amp#27;[39m Proxying [POST /elements] to [POST http://127.0.0.1:8203/wd/hub/session/294a6233-e707-4fcd-b539-a67e72ffb195/elements] with body: {"strategy":"class name","selector":"android.widget.Button","context":"","multiple":true}
[debug] &amp#27;[35m[WD Proxy]&amp#27;[39m Got response with status 200: {"sessionId":"294a6233-e707-4fcd-b539-a67e72ffb195","value":[{"ELEMENT":"bbda676a-fd6b-4b4d-a76a-32b255aa1480","element-6066-11e4-a52e-4f735466cecf":"bbda676a-fd6b-4b4d-a76a-32b255aa1480"},{"ELEMENT":"e94f75db-cfd7-4ea9-9d80-916f329baeb3","element-6066-11e4-a52e-4f735466cecf":"e94f75db-cfd7-4ea9-9d80-916f329baeb3"}]}
[debug] &amp#27;[35m[W3C (dfcaa88a)]&amp#27;[39m Responding to client with driver.findElements() result: [{"element-6066-11e4-a52e-4f735466cecf":"bbda676a-fd6b-4b4d-a76a-32b255aa1480","ELEMENT":"bbda676a-fd6b-4b4d-a76a-32b255aa1480"},{"element-6066-11e4-a52e-4f735466cecf":"e94f75db-cfd7-4ea9-9d80-916f329baeb3","ELEMENT":"e94f75db-cfd7-4ea9-9d80-916f329baeb3"}]
&amp#27;[35m[HTTP]&amp#27;[39m &amp#27;[37m<-- POST /wd/hub/session/dfcaa88a-a675-4806-95be-4b8521c84af2/elements &amp#27;[39m&amp#27;[32m200&amp#27;[39m &amp#27;[90m1128 ms - 267&amp#27;[39m
&amp#27;[35m[HTTP]&amp#27;[39m &amp#27;[90m&amp#27;[39m
&amp#27;[35m[HTTP]&amp#27;[39m &amp#27;[37m-->&amp#27;[39m &amp#27;[37mPOST&amp#27;[39m &amp#27;[37m/wd/hub/session/dfcaa88a-a675-4806-95be-4b8521c84af2/element/e94f75db-cfd7-4ea9-9d80-916f329baeb3/click&amp#27;[39m
&amp#27;[35m[HTTP]&amp#27;[39m &amp#27;[90m{"id":"e94f75db-cfd7-4ea9-9d80-916f329baeb3"}&amp#27;[39m
[debug] &amp#27;[35m[W3C (dfcaa88a)]&amp#27;[39m Calling AppiumDriver.click() with args: ["e94f75db-cfd7-4ea9-9d80-916f329baeb3","dfcaa88a-a675-4806-95be-4b8521c84af2"]
[debug] &amp#27;[35m[WD Proxy]&amp#27;[39m Matched '/element/e94f75db-cfd7-4ea9-9d80-916f329baeb3/click' to command name 'click'
[debug] &amp#27;[35m[WD Proxy]&amp#27;[39m Proxying [POST /element/e94f75db-cfd7-4ea9-9d80-916f329baeb3/click] to [POST http://127.0.0.1:8203/wd/hub/session/294a6233-e707-4fcd-b539-a67e72ffb195/element/e94f75db-cfd7-4ea9-9d80-916f329baeb3/click] with body: {"element":"e94f75db-cfd7-4ea9-9d80-916f329baeb3"}
[debug] &amp#27;[35m[WD Proxy]&amp#27;[39m Got response with status 200: {"sessionId":"294a6233-e707-4fcd-b539-a67e72ffb195","value":null}
[debug] &amp#27;[35m[W3C (dfcaa88a)]&amp#27;[39m Responding to client with driver.click() result: null
&amp#27;[35m[HTTP]&amp#27;[39m &amp#27;[37m<-- POST /wd/hub/session/dfcaa88a-a675-4806-95be-4b8521c84af2/element/e94f75db-cfd7-4ea9-9d80-916f329baeb3/click &amp#27;[39m&amp#27;[32m200&amp#27;[39m &amp#27;[90m105 ms - 14&amp#27;[39m
]]></system-out>
    <system-err><![CDATA[Apr 28, 2021 1:49:58 PM io.appium.java_client.remote.AppiumCommandExecutor$1 lambda$0
INFO: Detected dialect: W3C
]]></system-err>
  </testcase>
</testsuite>