<?xml version="1.0" encoding="UTF-8"?>
<!-- Generated by org.testng.reporters.JUnitReportReporter -->
<testsuite skipped="0" hostname="DESKTOP-2P87BAU" name="MobileAutomation.AppiumFramework.Ecommerce_TC" tests="1" failures="0" timestamp="2021-04-28T13:50:07 IST" time="49.203" errors="0">
  <testcase name="VerifyCartTotal" time="49.203" classname="MobileAutomation.AppiumFramework.Ecommerce_TC"/>
  <system-out/>
</testsuite> <!-- MobileAutomation.AppiumFramework.Ecommerce_TC -->
