<?xml version="1.0" encoding="UTF-8"?>
<!-- Generated by org.testng.reporters.JUnitReportReporter -->
<testsuite skipped="0" hostname="DESKTOP-2P87BAU" name="MobileAutomation.AppiumFramework.ApiDemosTC" tests="3" failures="0" timestamp="2021-04-28T13:50:07 IST" time="81.782" errors="0">
  <testcase name="WifiSettingsTest" time="26.424" classname="MobileAutomation.AppiumFramework.ApiDemosTC"/>
  <system-out/>
  <testcase name="WifiSettingsTest" time="28.778" classname="MobileAutomation.AppiumFramework.ApiDemosTC"/>
  <system-out/>
  <testcase name="WifiSettingsTest" time="26.580" classname="MobileAutomation.AppiumFramework.ApiDemosTC"/>
  <system-out/>
</testsuite> <!-- MobileAutomation.AppiumFramework.ApiDemosTC -->
